[0.143s] Invoking command in '/userdata/dev_ws/build/serial': CMAKE_PREFIX_PATH=${CMAKE_PREFIX_PATH}:/opt/tros/humble:/opt/ros/humble /usr/bin/cmake --build /userdata/dev_ws/build/serial -- -j8 -l8
[0.497s] [100%] Built target serial
[0.610s] Invoked command in '/userdata/dev_ws/build/serial' returned '0': CMAKE_PREFIX_PATH=${CMAKE_PREFIX_PATH}:/opt/tros/humble:/opt/ros/humble /usr/bin/cmake --build /userdata/dev_ws/build/serial -- -j8 -l8
[0.636s] Invoking command in '/userdata/dev_ws/build/serial': CMAKE_PREFIX_PATH=${CMAKE_PREFIX_PATH}:/opt/tros/humble:/opt/ros/humble /usr/bin/cmake --install /userdata/dev_ws/build/serial
[0.673s] -- Install configuration: ""
[0.688s] -- Execute custom install script
[0.689s] -- Up-to-date symlink: /userdata/dev_ws/install/serial/lib/libserial.a
[0.690s] -- Up-to-date symlink: /userdata/dev_ws/install/serial/share/serial/environment/library_path.sh
[0.691s] -- Up-to-date symlink: /userdata/dev_ws/install/serial/share/serial/environment/library_path.dsv
[0.706s] -- Up-to-date symlink: /userdata/dev_ws/install/serial/include/serial/impl/unix.h
[0.707s] -- Up-to-date symlink: /userdata/dev_ws/install/serial/include/serial/impl/win.h
[0.723s] -- Up-to-date symlink: /userdata/dev_ws/install/serial/include/serial/serial.h
[0.724s] -- Up-to-date symlink: /userdata/dev_ws/install/serial/include/serial/v8stdint.h
[0.725s] -- Up-to-date symlink: /userdata/dev_ws/install/serial/share/ament_index/resource_index/package_run_dependencies/serial
[0.725s] -- Up-to-date symlink: /userdata/dev_ws/install/serial/share/ament_index/resource_index/parent_prefix_path/serial
[0.726s] -- Up-to-date symlink: /userdata/dev_ws/install/serial/share/serial/environment/ament_prefix_path.sh
[0.727s] -- Up-to-date symlink: /userdata/dev_ws/install/serial/share/serial/environment/ament_prefix_path.dsv
[0.727s] -- Up-to-date symlink: /userdata/dev_ws/install/serial/share/serial/environment/path.sh
[0.729s] -- Up-to-date symlink: /userdata/dev_ws/install/serial/share/serial/environment/path.dsv
[0.729s] -- Up-to-date symlink: /userdata/dev_ws/install/serial/share/serial/local_setup.bash
[0.736s] -- Up-to-date symlink: /userdata/dev_ws/install/serial/share/serial/local_setup.sh
[0.737s] -- Up-to-date symlink: /userdata/dev_ws/install/serial/share/serial/local_setup.zsh
[0.738s] -- Up-to-date symlink: /userdata/dev_ws/install/serial/share/serial/local_setup.dsv
[0.739s] -- Symlinking: /userdata/dev_ws/install/serial/share/serial/package.dsv
[0.787s] -- Up-to-date symlink: /userdata/dev_ws/install/serial/share/ament_index/resource_index/packages/serial
[0.789s] -- Up-to-date symlink: /userdata/dev_ws/install/serial/share/serial/cmake/ament_cmake_export_include_directories-extras.cmake
[0.790s] -- Up-to-date symlink: /userdata/dev_ws/install/serial/share/serial/cmake/ament_cmake_export_libraries-extras.cmake
[0.791s] -- Up-to-date symlink: /userdata/dev_ws/install/serial/share/serial/cmake/ament_cmake_export_dependencies-extras.cmake
[0.797s] -- Up-to-date symlink: /userdata/dev_ws/install/serial/share/serial/cmake/serialConfig.cmake
[0.799s] -- Up-to-date symlink: /userdata/dev_ws/install/serial/share/serial/cmake/serialConfig-version.cmake
[0.803s] -- Up-to-date symlink: /userdata/dev_ws/install/serial/share/serial/package.xml
[0.971s] Invoked command in '/userdata/dev_ws/build/serial' returned '0': CMAKE_PREFIX_PATH=${CMAKE_PREFIX_PATH}:/opt/tros/humble:/opt/ros/humble /usr/bin/cmake --install /userdata/dev_ws/build/serial
