[0.138s] Invoking command in '/userdata/dev_ws/build/utils': CMAKE_PREFIX_PATH=${CMAKE_PREFIX_PATH}:/opt/tros/humble:/opt/ros/humble /usr/bin/cmake --build /userdata/dev_ws/build/utils -- -j8 -l8
[0.862s] [100%] Built target image_transport_node
[1.067s] Invoked command in '/userdata/dev_ws/build/utils' returned '0': CMAKE_PREFIX_PATH=${CMAKE_PREFIX_PATH}:/opt/tros/humble:/opt/ros/humble /usr/bin/cmake --build /userdata/dev_ws/build/utils -- -j8 -l8
[1.095s] Invoking command in '/userdata/dev_ws/build/utils': CMAKE_PREFIX_PATH=${CMAKE_PREFIX_PATH}:/opt/tros/humble:/opt/ros/humble /usr/bin/cmake --install /userdata/dev_ws/build/utils
[1.115s] -- Install configuration: ""
[1.120s] -- Execute custom install script
[1.122s] -- Up-to-date symlink: /userdata/dev_ws/install/utils/lib/utils/image_transport_node
[1.123s] -- Up-to-date symlink: /userdata/dev_ws/install/utils/share/ament_index/resource_index/package_run_dependencies/utils
[1.125s] -- Up-to-date symlink: /userdata/dev_ws/install/utils/share/ament_index/resource_index/parent_prefix_path/utils
[1.127s] -- Up-to-date symlink: /userdata/dev_ws/install/utils/share/utils/environment/ament_prefix_path.sh
[1.129s] -- Up-to-date symlink: /userdata/dev_ws/install/utils/share/utils/environment/ament_prefix_path.dsv
[1.132s] -- Up-to-date symlink: /userdata/dev_ws/install/utils/share/utils/environment/path.sh
[1.133s] -- Up-to-date symlink: /userdata/dev_ws/install/utils/share/utils/environment/path.dsv
[1.135s] -- Up-to-date symlink: /userdata/dev_ws/install/utils/share/utils/local_setup.bash
[1.137s] -- Up-to-date symlink: /userdata/dev_ws/install/utils/share/utils/local_setup.sh
[1.139s] -- Up-to-date symlink: /userdata/dev_ws/install/utils/share/utils/local_setup.zsh
[1.144s] -- Up-to-date symlink: /userdata/dev_ws/install/utils/share/utils/local_setup.dsv
[1.147s] -- Symlinking: /userdata/dev_ws/install/utils/share/utils/package.dsv
[1.188s] -- Up-to-date symlink: /userdata/dev_ws/install/utils/share/ament_index/resource_index/packages/utils
[1.193s] -- Up-to-date symlink: /userdata/dev_ws/install/utils/share/utils/cmake/utilsConfig.cmake
[1.197s] -- Up-to-date symlink: /userdata/dev_ws/install/utils/share/utils/cmake/utilsConfig-version.cmake
[1.200s] -- Up-to-date symlink: /userdata/dev_ws/install/utils/share/utils/package.xml
[1.226s] Invoked command in '/userdata/dev_ws/build/utils' returned '0': CMAKE_PREFIX_PATH=${CMAKE_PREFIX_PATH}:/opt/tros/humble:/opt/ros/humble /usr/bin/cmake --install /userdata/dev_ws/build/utils
