[0.173s] Invoking command in '/userdata/dev_ws/build/origincar_msg': CMAKE_PREFIX_PATH=${CMAKE_PREFIX_PATH}:/opt/tros/humble:/opt/ros/humble /usr/bin/cmake --build /userdata/dev_ws/build/origincar_msg -- -j8 -l8
[0.629s] [  2%] Built target origincar_msg__cpp
[0.670s] [ 12%] Built target origincar_msg__rosidl_generator_c
[0.672s] [ 12%] Built target ament_cmake_python_symlink_origincar_msg
[0.879s] [ 23%] Built target origincar_msg__rosidl_typesupport_introspection_c
[0.906s] [ 33%] Built target origincar_msg__rosidl_typesupport_cpp
[0.919s] [ 43%] Built target origincar_msg__rosidl_typesupport_c
[0.926s] [ 53%] Built target origincar_msg__rosidl_typesupport_fastrtps_cpp
[0.940s] [ 64%] Built target origincar_msg__rosidl_typesupport_fastrtps_c
[0.949s] [ 74%] Built target origincar_msg__rosidl_typesupport_introspection_cpp
[1.049s] [ 74%] Built target origincar_msg
[1.152s] [ 76%] Built target origincar_msg__py
[1.291s] [ 84%] Built target origincar_msg__rosidl_generator_py
[1.405s] [ 89%] Built target origincar_msg__rosidl_typesupport_fastrtps_c__pyext
[1.411s] [ 94%] Built target origincar_msg__rosidl_typesupport_introspection_c__pyext
[1.425s] [100%] Built target origincar_msg__rosidl_typesupport_c__pyext
[2.391s] running egg_info
[2.395s] writing origincar_msg.egg-info/PKG-INFO
[2.396s] writing dependency_links to origincar_msg.egg-info/dependency_links.txt
[2.397s] writing top-level names to origincar_msg.egg-info/top_level.txt
[2.411s] reading manifest file 'origincar_msg.egg-info/SOURCES.txt'
[2.415s] writing manifest file 'origincar_msg.egg-info/SOURCES.txt'
[2.620s] [100%] Built target ament_cmake_python_build_origincar_msg_egg
[2.675s] Invoked command in '/userdata/dev_ws/build/origincar_msg' returned '0': CMAKE_PREFIX_PATH=${CMAKE_PREFIX_PATH}:/opt/tros/humble:/opt/ros/humble /usr/bin/cmake --build /userdata/dev_ws/build/origincar_msg -- -j8 -l8
[2.684s] Invoking command in '/userdata/dev_ws/build/origincar_msg': CMAKE_PREFIX_PATH=${CMAKE_PREFIX_PATH}:/opt/tros/humble:/opt/ros/humble /usr/bin/cmake --install /userdata/dev_ws/build/origincar_msg
[2.721s] -- Install configuration: ""
[2.724s] -- Execute custom install script
[2.726s] -- Up-to-date symlink: /userdata/dev_ws/install/origincar_msg/share/ament_index/resource_index/rosidl_interfaces/origincar_msg
[2.730s] -- Up-to-date symlink: /userdata/dev_ws/install/origincar_msg/include/origincar_msg/origincar_msg/msg/data.h
[2.731s] -- Up-to-date symlink: /userdata/dev_ws/install/origincar_msg/include/origincar_msg/origincar_msg/msg/detail/data__functions.h
[2.732s] -- Up-to-date symlink: /userdata/dev_ws/install/origincar_msg/include/origincar_msg/origincar_msg/msg/detail/data__struct.h
[2.733s] -- Up-to-date symlink: /userdata/dev_ws/install/origincar_msg/include/origincar_msg/origincar_msg/msg/detail/data__type_support.h
[2.735s] -- Up-to-date symlink: /userdata/dev_ws/install/origincar_msg/include/origincar_msg/origincar_msg/msg/detail/sign__functions.h
[2.736s] -- Up-to-date symlink: /userdata/dev_ws/install/origincar_msg/include/origincar_msg/origincar_msg/msg/detail/sign__struct.h
[2.737s] -- Up-to-date symlink: /userdata/dev_ws/install/origincar_msg/include/origincar_msg/origincar_msg/msg/detail/sign__type_support.h
[2.738s] -- Up-to-date symlink: /userdata/dev_ws/install/origincar_msg/include/origincar_msg/origincar_msg/msg/rosidl_generator_c__visibility_control.h
[2.739s] -- Up-to-date symlink: /userdata/dev_ws/install/origincar_msg/include/origincar_msg/origincar_msg/msg/sign.h
[2.740s] -- Up-to-date symlink: /userdata/dev_ws/install/origincar_msg/share/origincar_msg/environment/library_path.sh
[2.741s] -- Up-to-date symlink: /userdata/dev_ws/install/origincar_msg/share/origincar_msg/environment/library_path.dsv
[2.743s] -- Up-to-date symlink: /userdata/dev_ws/install/origincar_msg/include/origincar_msg/origincar_msg/msg/detail/data__rosidl_typesupport_fastrtps_c.h
[2.744s] -- Up-to-date symlink: /userdata/dev_ws/install/origincar_msg/include/origincar_msg/origincar_msg/msg/detail/sign__rosidl_typesupport_fastrtps_c.h
[2.745s] -- Up-to-date symlink: /userdata/dev_ws/install/origincar_msg/include/origincar_msg/origincar_msg/msg/rosidl_typesupport_fastrtps_c__visibility_control.h
[2.747s] -- Up-to-date symlink: /userdata/dev_ws/install/origincar_msg/include/origincar_msg/origincar_msg/msg/detail/data__rosidl_typesupport_introspection_c.h
[2.748s] -- Up-to-date symlink: /userdata/dev_ws/install/origincar_msg/include/origincar_msg/origincar_msg/msg/detail/sign__rosidl_typesupport_introspection_c.h
[2.749s] -- Up-to-date symlink: /userdata/dev_ws/install/origincar_msg/include/origincar_msg/origincar_msg/msg/rosidl_typesupport_introspection_c__visibility_control.h
[2.751s] -- Up-to-date symlink: /userdata/dev_ws/install/origincar_msg/include/origincar_msg/origincar_msg/msg/data.hpp
[2.752s] -- Up-to-date symlink: /userdata/dev_ws/install/origincar_msg/include/origincar_msg/origincar_msg/msg/detail/data__builder.hpp
[2.753s] -- Up-to-date symlink: /userdata/dev_ws/install/origincar_msg/include/origincar_msg/origincar_msg/msg/detail/data__struct.hpp
[2.754s] -- Up-to-date symlink: /userdata/dev_ws/install/origincar_msg/include/origincar_msg/origincar_msg/msg/detail/data__traits.hpp
[2.755s] -- Up-to-date symlink: /userdata/dev_ws/install/origincar_msg/include/origincar_msg/origincar_msg/msg/detail/data__type_support.hpp
[2.756s] -- Up-to-date symlink: /userdata/dev_ws/install/origincar_msg/include/origincar_msg/origincar_msg/msg/detail/sign__builder.hpp
[2.757s] -- Up-to-date symlink: /userdata/dev_ws/install/origincar_msg/include/origincar_msg/origincar_msg/msg/detail/sign__struct.hpp
[2.758s] -- Up-to-date symlink: /userdata/dev_ws/install/origincar_msg/include/origincar_msg/origincar_msg/msg/detail/sign__traits.hpp
[2.759s] -- Up-to-date symlink: /userdata/dev_ws/install/origincar_msg/include/origincar_msg/origincar_msg/msg/detail/sign__type_support.hpp
[2.760s] -- Up-to-date symlink: /userdata/dev_ws/install/origincar_msg/include/origincar_msg/origincar_msg/msg/rosidl_generator_cpp__visibility_control.hpp
[2.761s] -- Up-to-date symlink: /userdata/dev_ws/install/origincar_msg/include/origincar_msg/origincar_msg/msg/sign.hpp
[2.763s] -- Up-to-date symlink: /userdata/dev_ws/install/origincar_msg/include/origincar_msg/origincar_msg/msg/detail/data__rosidl_typesupport_fastrtps_cpp.hpp
[2.764s] -- Up-to-date symlink: /userdata/dev_ws/install/origincar_msg/include/origincar_msg/origincar_msg/msg/detail/sign__rosidl_typesupport_fastrtps_cpp.hpp
[2.765s] -- Up-to-date symlink: /userdata/dev_ws/install/origincar_msg/include/origincar_msg/origincar_msg/msg/rosidl_typesupport_fastrtps_cpp__visibility_control.h
[2.767s] -- Up-to-date symlink: /userdata/dev_ws/install/origincar_msg/include/origincar_msg/origincar_msg/msg/detail/data__rosidl_typesupport_introspection_cpp.hpp
[2.768s] -- Up-to-date symlink: /userdata/dev_ws/install/origincar_msg/include/origincar_msg/origincar_msg/msg/detail/sign__rosidl_typesupport_introspection_cpp.hpp
[2.770s] -- Up-to-date symlink: /userdata/dev_ws/install/origincar_msg/share/origincar_msg/environment/pythonpath.sh
[2.771s] -- Up-to-date symlink: /userdata/dev_ws/install/origincar_msg/share/origincar_msg/environment/pythonpath.dsv
[2.772s] -- Up-to-date symlink: /userdata/dev_ws/install/origincar_msg/local/lib/python3.10/dist-packages/origincar_msg-0.0.0-py3.10.egg-info/PKG-INFO
[2.773s] -- Up-to-date symlink: /userdata/dev_ws/install/origincar_msg/local/lib/python3.10/dist-packages/origincar_msg-0.0.0-py3.10.egg-info/SOURCES.txt
[2.774s] -- Up-to-date symlink: /userdata/dev_ws/install/origincar_msg/local/lib/python3.10/dist-packages/origincar_msg-0.0.0-py3.10.egg-info/dependency_links.txt
[2.775s] -- Up-to-date symlink: /userdata/dev_ws/install/origincar_msg/local/lib/python3.10/dist-packages/origincar_msg-0.0.0-py3.10.egg-info/top_level.txt
[2.778s] -- Up-to-date symlink: /userdata/dev_ws/install/origincar_msg/local/lib/python3.10/dist-packages/origincar_msg/__init__.py
[2.779s] -- Up-to-date symlink: /userdata/dev_ws/install/origincar_msg/local/lib/python3.10/dist-packages/origincar_msg/_origincar_msg_s.ep.rosidl_typesupport_c.c
[2.780s] -- Up-to-date symlink: /userdata/dev_ws/install/origincar_msg/local/lib/python3.10/dist-packages/origincar_msg/_origincar_msg_s.ep.rosidl_typesupport_fastrtps_c.c
[2.781s] -- Up-to-date symlink: /userdata/dev_ws/install/origincar_msg/local/lib/python3.10/dist-packages/origincar_msg/_origincar_msg_s.ep.rosidl_typesupport_introspection_c.c
[2.782s] -- Up-to-date symlink: /userdata/dev_ws/install/origincar_msg/local/lib/python3.10/dist-packages/origincar_msg/liborigincar_msg__rosidl_generator_py.so
[2.783s] -- Up-to-date symlink: /userdata/dev_ws/install/origincar_msg/local/lib/python3.10/dist-packages/origincar_msg/msg/__init__.py
[2.785s] -- Up-to-date symlink: /userdata/dev_ws/install/origincar_msg/local/lib/python3.10/dist-packages/origincar_msg/msg/_data.py
[2.785s] -- Up-to-date symlink: /userdata/dev_ws/install/origincar_msg/local/lib/python3.10/dist-packages/origincar_msg/msg/_data_s.c
[2.786s] -- Up-to-date symlink: /userdata/dev_ws/install/origincar_msg/local/lib/python3.10/dist-packages/origincar_msg/msg/_sign.py
[2.787s] -- Up-to-date symlink: /userdata/dev_ws/install/origincar_msg/local/lib/python3.10/dist-packages/origincar_msg/msg/_sign_s.c
[2.788s] -- Up-to-date symlink: /userdata/dev_ws/install/origincar_msg/local/lib/python3.10/dist-packages/origincar_msg/origincar_msg_s__rosidl_typesupport_c.cpython-310-aarch64-linux-gnu.so
[2.789s] -- Up-to-date symlink: /userdata/dev_ws/install/origincar_msg/local/lib/python3.10/dist-packages/origincar_msg/origincar_msg_s__rosidl_typesupport_fastrtps_c.cpython-310-aarch64-linux-gnu.so
[2.790s] -- Up-to-date symlink: /userdata/dev_ws/install/origincar_msg/local/lib/python3.10/dist-packages/origincar_msg/origincar_msg_s__rosidl_typesupport_introspection_c.cpython-310-aarch64-linux-gnu.so
[2.792s] -- Up-to-date symlink: /userdata/dev_ws/install/origincar_msg/local/lib/python3.10/dist-packages/origincar_msg/origincar_msg_s__rosidl_typesupport_fastrtps_c.cpython-310-aarch64-linux-gnu.so
[2.793s] -- Up-to-date symlink: /userdata/dev_ws/install/origincar_msg/local/lib/python3.10/dist-packages/origincar_msg/origincar_msg_s__rosidl_typesupport_introspection_c.cpython-310-aarch64-linux-gnu.so
[2.796s] -- Up-to-date symlink: /userdata/dev_ws/install/origincar_msg/local/lib/python3.10/dist-packages/origincar_msg/origincar_msg_s__rosidl_typesupport_c.cpython-310-aarch64-linux-gnu.so
[2.798s] -- Up-to-date symlink: /userdata/dev_ws/install/origincar_msg/share/origincar_msg/msg/Data.idl
[2.799s] -- Up-to-date symlink: /userdata/dev_ws/install/origincar_msg/share/origincar_msg/msg/Sign.idl
[2.800s] -- Up-to-date symlink: /userdata/dev_ws/install/origincar_msg/share/origincar_msg/msg/Data.msg
[2.801s] -- Up-to-date symlink: /userdata/dev_ws/install/origincar_msg/share/origincar_msg/msg/Sign.msg
[2.801s] -- Up-to-date symlink: /userdata/dev_ws/install/origincar_msg/share/ament_index/resource_index/package_run_dependencies/origincar_msg
[2.803s] -- Up-to-date symlink: /userdata/dev_ws/install/origincar_msg/share/ament_index/resource_index/parent_prefix_path/origincar_msg
[2.804s] -- Up-to-date symlink: /userdata/dev_ws/install/origincar_msg/share/origincar_msg/environment/ament_prefix_path.sh
[2.805s] -- Up-to-date symlink: /userdata/dev_ws/install/origincar_msg/share/origincar_msg/environment/ament_prefix_path.dsv
[2.806s] -- Up-to-date symlink: /userdata/dev_ws/install/origincar_msg/share/origincar_msg/environment/path.sh
[2.807s] -- Up-to-date symlink: /userdata/dev_ws/install/origincar_msg/share/origincar_msg/environment/path.dsv
[2.808s] -- Up-to-date symlink: /userdata/dev_ws/install/origincar_msg/share/origincar_msg/local_setup.bash
[2.809s] -- Up-to-date symlink: /userdata/dev_ws/install/origincar_msg/share/origincar_msg/local_setup.sh
[2.810s] -- Up-to-date symlink: /userdata/dev_ws/install/origincar_msg/share/origincar_msg/local_setup.zsh
[2.811s] -- Up-to-date symlink: /userdata/dev_ws/install/origincar_msg/share/origincar_msg/local_setup.dsv
[2.812s] -- Symlinking: /userdata/dev_ws/install/origincar_msg/share/origincar_msg/package.dsv
[2.851s] -- Up-to-date symlink: /userdata/dev_ws/install/origincar_msg/share/ament_index/resource_index/packages/origincar_msg
[2.853s] -- Up-to-date symlink: /userdata/dev_ws/install/origincar_msg/share/origincar_msg/cmake/rosidl_cmake-extras.cmake
[2.854s] -- Up-to-date symlink: /userdata/dev_ws/install/origincar_msg/share/origincar_msg/cmake/ament_cmake_export_dependencies-extras.cmake
[2.855s] -- Up-to-date symlink: /userdata/dev_ws/install/origincar_msg/share/origincar_msg/cmake/ament_cmake_export_include_directories-extras.cmake
[2.857s] -- Up-to-date symlink: /userdata/dev_ws/install/origincar_msg/share/origincar_msg/cmake/ament_cmake_export_libraries-extras.cmake
[2.858s] -- Up-to-date symlink: /userdata/dev_ws/install/origincar_msg/share/origincar_msg/cmake/ament_cmake_export_targets-extras.cmake
[2.859s] -- Up-to-date symlink: /userdata/dev_ws/install/origincar_msg/share/origincar_msg/cmake/rosidl_cmake_export_typesupport_targets-extras.cmake
[2.861s] -- Up-to-date symlink: /userdata/dev_ws/install/origincar_msg/share/origincar_msg/cmake/rosidl_cmake_export_typesupport_libraries-extras.cmake
[2.863s] -- Up-to-date symlink: /userdata/dev_ws/install/origincar_msg/share/origincar_msg/cmake/origincar_msgConfig.cmake
[2.864s] -- Up-to-date symlink: /userdata/dev_ws/install/origincar_msg/share/origincar_msg/cmake/origincar_msgConfig-version.cmake
[2.864s] -- Up-to-date symlink: /userdata/dev_ws/install/origincar_msg/share/origincar_msg/package.xml
[2.866s] -- Up-to-date: /userdata/dev_ws/install/origincar_msg/lib/liborigincar_msg__rosidl_generator_c.so
[2.869s] -- Up-to-date: /userdata/dev_ws/install/origincar_msg/lib/liborigincar_msg__rosidl_typesupport_fastrtps_c.so
[2.870s] -- Up-to-date: /userdata/dev_ws/install/origincar_msg/lib/liborigincar_msg__rosidl_typesupport_introspection_c.so
[2.872s] -- Up-to-date: /userdata/dev_ws/install/origincar_msg/lib/liborigincar_msg__rosidl_typesupport_c.so
[2.875s] -- Up-to-date: /userdata/dev_ws/install/origincar_msg/lib/liborigincar_msg__rosidl_typesupport_fastrtps_cpp.so
[2.877s] -- Up-to-date: /userdata/dev_ws/install/origincar_msg/lib/liborigincar_msg__rosidl_typesupport_introspection_cpp.so
[2.879s] -- Up-to-date: /userdata/dev_ws/install/origincar_msg/lib/liborigincar_msg__rosidl_typesupport_cpp.so
[3.089s] Listing '/userdata/dev_ws/install/origincar_msg/local/lib/python3.10/dist-packages/origincar_msg'...
[3.090s] Listing '/userdata/dev_ws/install/origincar_msg/local/lib/python3.10/dist-packages/origincar_msg/msg'...
[3.133s] -- Up-to-date: /userdata/dev_ws/install/origincar_msg/lib/liborigincar_msg__rosidl_generator_py.so
[3.142s] -- Up-to-date: /userdata/dev_ws/install/origincar_msg/share/origincar_msg/cmake/export_origincar_msg__rosidl_generator_cExport.cmake
[3.147s] -- Up-to-date: /userdata/dev_ws/install/origincar_msg/share/origincar_msg/cmake/export_origincar_msg__rosidl_generator_cExport-noconfig.cmake
[3.153s] -- Up-to-date: /userdata/dev_ws/install/origincar_msg/share/origincar_msg/cmake/export_origincar_msg__rosidl_typesupport_fastrtps_cExport.cmake
[3.157s] -- Up-to-date: /userdata/dev_ws/install/origincar_msg/share/origincar_msg/cmake/export_origincar_msg__rosidl_typesupport_fastrtps_cExport-noconfig.cmake
[3.162s] -- Up-to-date: /userdata/dev_ws/install/origincar_msg/share/origincar_msg/cmake/origincar_msg__rosidl_typesupport_introspection_cExport.cmake
[3.168s] -- Up-to-date: /userdata/dev_ws/install/origincar_msg/share/origincar_msg/cmake/origincar_msg__rosidl_typesupport_introspection_cExport-noconfig.cmake
[3.173s] -- Up-to-date: /userdata/dev_ws/install/origincar_msg/share/origincar_msg/cmake/origincar_msg__rosidl_typesupport_cExport.cmake
[3.177s] -- Up-to-date: /userdata/dev_ws/install/origincar_msg/share/origincar_msg/cmake/origincar_msg__rosidl_typesupport_cExport-noconfig.cmake
[3.181s] -- Up-to-date: /userdata/dev_ws/install/origincar_msg/share/origincar_msg/cmake/export_origincar_msg__rosidl_generator_cppExport.cmake
[3.184s] -- Up-to-date: /userdata/dev_ws/install/origincar_msg/share/origincar_msg/cmake/export_origincar_msg__rosidl_typesupport_fastrtps_cppExport.cmake
[3.188s] -- Up-to-date: /userdata/dev_ws/install/origincar_msg/share/origincar_msg/cmake/export_origincar_msg__rosidl_typesupport_fastrtps_cppExport-noconfig.cmake
[3.192s] -- Up-to-date: /userdata/dev_ws/install/origincar_msg/share/origincar_msg/cmake/origincar_msg__rosidl_typesupport_introspection_cppExport.cmake
[3.196s] -- Up-to-date: /userdata/dev_ws/install/origincar_msg/share/origincar_msg/cmake/origincar_msg__rosidl_typesupport_introspection_cppExport-noconfig.cmake
[3.211s] -- Up-to-date: /userdata/dev_ws/install/origincar_msg/share/origincar_msg/cmake/origincar_msg__rosidl_typesupport_cppExport.cmake
[3.217s] -- Up-to-date: /userdata/dev_ws/install/origincar_msg/share/origincar_msg/cmake/origincar_msg__rosidl_typesupport_cppExport-noconfig.cmake
[3.223s] -- Up-to-date: /userdata/dev_ws/install/origincar_msg/share/origincar_msg/cmake/export_origincar_msg__rosidl_generator_pyExport.cmake
[3.229s] -- Up-to-date: /userdata/dev_ws/install/origincar_msg/share/origincar_msg/cmake/export_origincar_msg__rosidl_generator_pyExport-noconfig.cmake
[3.371s] Invoked command in '/userdata/dev_ws/build/origincar_msg' returned '0': CMAKE_PREFIX_PATH=${CMAKE_PREFIX_PATH}:/opt/tros/humble:/opt/ros/humble /usr/bin/cmake --install /userdata/dev_ws/build/origincar_msg
