[0.088s] Invoking command in '/userdata/dev_ws/build/origincar_base': CMAKE_PREFIX_PATH=/userdata/dev_ws/install/serial:/userdata/dev_ws/install/origincar_msg:/userdata/dev_ws/install/origincar_description:/userdata/dev_ws/install/ackermann_msgs:/userdata/dev_ws/install/utils:/userdata/dev_ws/install/origincar_base:/userdata/dev_ws/install/qr_decoder:/userdata/dev_ws/install/origincar_bringup:/opt/tros/humble:/opt/ros/humble LD_LIBRARY_PATH=/userdata/dev_ws/install/origincar_msg/lib:/userdata/dev_ws/install/ackermann_msgs/lib:/userdata/dev_ws/install/origincar_base/lib:/userdata/dev_ws/install/serial/lib:/opt/tros/humble/lib/aarch64-linux-gnu:/opt/tros/humble/lib:/opt/ros/humble/lib/aarch64-linux-gnu:/opt/ros/humble/lib:/usr/hobot/lib:/app/lib:/app/pub/lib:/middleware/lib:/middleware/pub/lib:/usr/hobot/lib/sensor:/system/lib:/system/usr/lib:/lib /usr/bin/cmake --build /userdata/dev_ws/build/origincar_base -- -j8 -l8
[0.376s] [  2%] Built target origincar_base__cpp
[0.394s] [ 11%] Built target origincar_base__rosidl_generator_c
[0.418s] [ 11%] Built target ament_cmake_python_symlink_origincar_base
[0.516s] [ 20%] Built target origincar_base_node
[0.520s] [ 29%] Built target origincar_base__rosidl_typesupport_fastrtps_cpp
[0.521s] [ 38%] Built target origincar_base__rosidl_typesupport_introspection_c
[0.531s] [ 47%] Built target origincar_base__rosidl_typesupport_cpp
[0.544s] [ 55%] Built target origincar_base__rosidl_typesupport_introspection_cpp
[0.548s] [ 64%] Built target origincar_base__rosidl_typesupport_c
[0.551s] [ 73%] Built target origincar_base__rosidl_typesupport_fastrtps_c
[0.665s] [ 73%] Built target origincar_base
[0.782s] [ 76%] Built target origincar_base__py
[0.885s] [ 82%] Built target origincar_base__rosidl_generator_py
[0.994s] [ 94%] Built target origincar_base__rosidl_typesupport_c__pyext
[0.995s] [ 94%] Built target origincar_base__rosidl_typesupport_fastrtps_c__pyext
[0.996s] [100%] Built target origincar_base__rosidl_typesupport_introspection_c__pyext
[2.095s] running egg_info
[2.100s] writing origincar_base.egg-info/PKG-INFO
[2.101s] writing dependency_links to origincar_base.egg-info/dependency_links.txt
[2.103s] writing top-level names to origincar_base.egg-info/top_level.txt
[2.117s] reading manifest file 'origincar_base.egg-info/SOURCES.txt'
[2.122s] writing manifest file 'origincar_base.egg-info/SOURCES.txt'
[2.338s] [100%] Built target ament_cmake_python_build_origincar_base_egg
[2.391s] Invoked command in '/userdata/dev_ws/build/origincar_base' returned '0': CMAKE_PREFIX_PATH=/userdata/dev_ws/install/serial:/userdata/dev_ws/install/origincar_msg:/userdata/dev_ws/install/origincar_description:/userdata/dev_ws/install/ackermann_msgs:/userdata/dev_ws/install/utils:/userdata/dev_ws/install/origincar_base:/userdata/dev_ws/install/qr_decoder:/userdata/dev_ws/install/origincar_bringup:/opt/tros/humble:/opt/ros/humble LD_LIBRARY_PATH=/userdata/dev_ws/install/origincar_msg/lib:/userdata/dev_ws/install/ackermann_msgs/lib:/userdata/dev_ws/install/origincar_base/lib:/userdata/dev_ws/install/serial/lib:/opt/tros/humble/lib/aarch64-linux-gnu:/opt/tros/humble/lib:/opt/ros/humble/lib/aarch64-linux-gnu:/opt/ros/humble/lib:/usr/hobot/lib:/app/lib:/app/pub/lib:/middleware/lib:/middleware/pub/lib:/usr/hobot/lib/sensor:/system/lib:/system/usr/lib:/lib /usr/bin/cmake --build /userdata/dev_ws/build/origincar_base -- -j8 -l8
[2.401s] Invoking command in '/userdata/dev_ws/build/origincar_base': CMAKE_PREFIX_PATH=/userdata/dev_ws/install/serial:/userdata/dev_ws/install/origincar_msg:/userdata/dev_ws/install/origincar_description:/userdata/dev_ws/install/ackermann_msgs:/userdata/dev_ws/install/utils:/userdata/dev_ws/install/origincar_base:/userdata/dev_ws/install/qr_decoder:/userdata/dev_ws/install/origincar_bringup:/opt/tros/humble:/opt/ros/humble LD_LIBRARY_PATH=/userdata/dev_ws/install/origincar_msg/lib:/userdata/dev_ws/install/ackermann_msgs/lib:/userdata/dev_ws/install/origincar_base/lib:/userdata/dev_ws/install/serial/lib:/opt/tros/humble/lib/aarch64-linux-gnu:/opt/tros/humble/lib:/opt/ros/humble/lib/aarch64-linux-gnu:/opt/ros/humble/lib:/usr/hobot/lib:/app/lib:/app/pub/lib:/middleware/lib:/middleware/pub/lib:/usr/hobot/lib/sensor:/system/lib:/system/usr/lib:/lib /usr/bin/cmake --install /userdata/dev_ws/build/origincar_base
[2.436s] -- Install configuration: ""
[2.440s] -- Execute custom install script
[2.443s] -- Up-to-date symlink: /userdata/dev_ws/install/origincar_base/share/ament_index/resource_index/rosidl_interfaces/origincar_base
[2.450s] -- Up-to-date symlink: /userdata/dev_ws/install/origincar_base/include/origincar_base/origincar_base/msg/detail/position__functions.h
[2.451s] -- Up-to-date symlink: /userdata/dev_ws/install/origincar_base/include/origincar_base/origincar_base/msg/detail/position__struct.h
[2.452s] -- Up-to-date symlink: /userdata/dev_ws/install/origincar_base/include/origincar_base/origincar_base/msg/detail/position__type_support.h
[2.453s] -- Up-to-date symlink: /userdata/dev_ws/install/origincar_base/include/origincar_base/origincar_base/msg/position.h
[2.454s] -- Up-to-date symlink: /userdata/dev_ws/install/origincar_base/include/origincar_base/origincar_base/msg/rosidl_generator_c__visibility_control.h
[2.456s] -- Up-to-date symlink: /userdata/dev_ws/install/origincar_base/share/origincar_base/environment/library_path.sh
[2.457s] -- Up-to-date symlink: /userdata/dev_ws/install/origincar_base/share/origincar_base/environment/library_path.dsv
[2.460s] -- Up-to-date symlink: /userdata/dev_ws/install/origincar_base/include/origincar_base/origincar_base/msg/detail/position__rosidl_typesupport_fastrtps_c.h
[2.461s] -- Up-to-date symlink: /userdata/dev_ws/install/origincar_base/include/origincar_base/origincar_base/msg/rosidl_typesupport_fastrtps_c__visibility_control.h
[2.463s] -- Up-to-date symlink: /userdata/dev_ws/install/origincar_base/include/origincar_base/origincar_base/msg/detail/position__builder.hpp
[2.465s] -- Up-to-date symlink: /userdata/dev_ws/install/origincar_base/include/origincar_base/origincar_base/msg/detail/position__struct.hpp
[2.466s] -- Up-to-date symlink: /userdata/dev_ws/install/origincar_base/include/origincar_base/origincar_base/msg/detail/position__traits.hpp
[2.468s] -- Up-to-date symlink: /userdata/dev_ws/install/origincar_base/include/origincar_base/origincar_base/msg/detail/position__type_support.hpp
[2.469s] -- Up-to-date symlink: /userdata/dev_ws/install/origincar_base/include/origincar_base/origincar_base/msg/position.hpp
[2.470s] -- Up-to-date symlink: /userdata/dev_ws/install/origincar_base/include/origincar_base/origincar_base/msg/rosidl_generator_cpp__visibility_control.hpp
[2.473s] -- Up-to-date symlink: /userdata/dev_ws/install/origincar_base/include/origincar_base/origincar_base/msg/detail/position__rosidl_typesupport_fastrtps_cpp.hpp
[2.474s] -- Up-to-date symlink: /userdata/dev_ws/install/origincar_base/include/origincar_base/origincar_base/msg/rosidl_typesupport_fastrtps_cpp__visibility_control.h
[2.477s] -- Up-to-date symlink: /userdata/dev_ws/install/origincar_base/include/origincar_base/origincar_base/msg/detail/position__rosidl_typesupport_introspection_c.h
[2.478s] -- Up-to-date symlink: /userdata/dev_ws/install/origincar_base/include/origincar_base/origincar_base/msg/rosidl_typesupport_introspection_c__visibility_control.h
[2.480s] -- Up-to-date symlink: /userdata/dev_ws/install/origincar_base/include/origincar_base/origincar_base/msg/detail/position__rosidl_typesupport_introspection_cpp.hpp
[2.483s] -- Up-to-date symlink: /userdata/dev_ws/install/origincar_base/share/origincar_base/environment/pythonpath.sh
[2.484s] -- Up-to-date symlink: /userdata/dev_ws/install/origincar_base/share/origincar_base/environment/pythonpath.dsv
[2.486s] -- Up-to-date symlink: /userdata/dev_ws/install/origincar_base/local/lib/python3.10/dist-packages/origincar_base-0.0.0-py3.10.egg-info/PKG-INFO
[2.487s] -- Up-to-date symlink: /userdata/dev_ws/install/origincar_base/local/lib/python3.10/dist-packages/origincar_base-0.0.0-py3.10.egg-info/SOURCES.txt
[2.489s] -- Up-to-date symlink: /userdata/dev_ws/install/origincar_base/local/lib/python3.10/dist-packages/origincar_base-0.0.0-py3.10.egg-info/dependency_links.txt
[2.490s] -- Up-to-date symlink: /userdata/dev_ws/install/origincar_base/local/lib/python3.10/dist-packages/origincar_base-0.0.0-py3.10.egg-info/top_level.txt
[2.493s] -- Up-to-date symlink: /userdata/dev_ws/install/origincar_base/local/lib/python3.10/dist-packages/origincar_base/__init__.py
[2.494s] -- Up-to-date symlink: /userdata/dev_ws/install/origincar_base/local/lib/python3.10/dist-packages/origincar_base/_origincar_base_s.ep.rosidl_typesupport_c.c
[2.495s] -- Up-to-date symlink: /userdata/dev_ws/install/origincar_base/local/lib/python3.10/dist-packages/origincar_base/_origincar_base_s.ep.rosidl_typesupport_fastrtps_c.c
[2.497s] -- Up-to-date symlink: /userdata/dev_ws/install/origincar_base/local/lib/python3.10/dist-packages/origincar_base/_origincar_base_s.ep.rosidl_typesupport_introspection_c.c
[2.498s] -- Up-to-date symlink: /userdata/dev_ws/install/origincar_base/local/lib/python3.10/dist-packages/origincar_base/liborigincar_base__rosidl_generator_py.so
[2.500s] -- Up-to-date symlink: /userdata/dev_ws/install/origincar_base/local/lib/python3.10/dist-packages/origincar_base/msg/__init__.py
[2.501s] -- Up-to-date symlink: /userdata/dev_ws/install/origincar_base/local/lib/python3.10/dist-packages/origincar_base/msg/_position.py
[2.502s] -- Up-to-date symlink: /userdata/dev_ws/install/origincar_base/local/lib/python3.10/dist-packages/origincar_base/msg/_position_s.c
[2.504s] -- Up-to-date symlink: /userdata/dev_ws/install/origincar_base/local/lib/python3.10/dist-packages/origincar_base/origincar_base_s__rosidl_typesupport_c.cpython-310-aarch64-linux-gnu.so
[2.505s] -- Up-to-date symlink: /userdata/dev_ws/install/origincar_base/local/lib/python3.10/dist-packages/origincar_base/origincar_base_s__rosidl_typesupport_fastrtps_c.cpython-310-aarch64-linux-gnu.so
[2.506s] -- Up-to-date symlink: /userdata/dev_ws/install/origincar_base/local/lib/python3.10/dist-packages/origincar_base/origincar_base_s__rosidl_typesupport_introspection_c.cpython-310-aarch64-linux-gnu.so
[2.508s] -- Up-to-date symlink: /userdata/dev_ws/install/origincar_base/local/lib/python3.10/dist-packages/origincar_base/origincar_base_s__rosidl_typesupport_fastrtps_c.cpython-310-aarch64-linux-gnu.so
[2.510s] -- Up-to-date symlink: /userdata/dev_ws/install/origincar_base/local/lib/python3.10/dist-packages/origincar_base/origincar_base_s__rosidl_typesupport_introspection_c.cpython-310-aarch64-linux-gnu.so
[2.512s] -- Up-to-date symlink: /userdata/dev_ws/install/origincar_base/local/lib/python3.10/dist-packages/origincar_base/origincar_base_s__rosidl_typesupport_c.cpython-310-aarch64-linux-gnu.so
[2.515s] -- Up-to-date symlink: /userdata/dev_ws/install/origincar_base/share/origincar_base/msg/Position.idl
[2.516s] -- Up-to-date symlink: /userdata/dev_ws/install/origincar_base/share/origincar_base/msg/Position.msg
[2.519s] -- Up-to-date symlink: /userdata/dev_ws/install/origincar_base/lib/origincar_base/cmd_vel_to_ackermann_drive.py
[2.521s] -- Up-to-date symlink: /userdata/dev_ws/install/origincar_base/lib/origincar_base/origincar_base_node
[2.528s] -- Up-to-date symlink: /userdata/dev_ws/install/origincar_base/share/origincar_base/launch/__pycache__/testtwo.launch.cpython-38.pyc
[2.529s] -- Up-to-date symlink: /userdata/dev_ws/install/origincar_base/share/origincar_base/launch/base_serial.launch.py
[2.530s] -- Up-to-date symlink: /userdata/dev_ws/install/origincar_base/share/origincar_base/launch/ekf.launch.py
[2.531s] -- Up-to-date symlink: /userdata/dev_ws/install/origincar_base/share/origincar_base/launch/origincar_bringup.launch.py
[2.532s] -- Up-to-date symlink: /userdata/dev_ws/install/origincar_base/share/origincar_base/launch/robot_mode_description.launch.py
[2.536s] -- Up-to-date symlink: /userdata/dev_ws/install/origincar_base/share/origincar_base/config/ekf.yaml
[2.537s] -- Up-to-date symlink: /userdata/dev_ws/install/origincar_base/share/origincar_base/config/imu.yaml
[2.538s] -- Up-to-date symlink: /userdata/dev_ws/install/origincar_base/share/ament_index/resource_index/package_run_dependencies/origincar_base
[2.541s] -- Up-to-date symlink: /userdata/dev_ws/install/origincar_base/share/ament_index/resource_index/parent_prefix_path/origincar_base
[2.542s] -- Up-to-date symlink: /userdata/dev_ws/install/origincar_base/share/origincar_base/environment/ament_prefix_path.sh
[2.543s] -- Up-to-date symlink: /userdata/dev_ws/install/origincar_base/share/origincar_base/environment/ament_prefix_path.dsv
[2.545s] -- Up-to-date symlink: /userdata/dev_ws/install/origincar_base/share/origincar_base/environment/path.sh
[2.546s] -- Up-to-date symlink: /userdata/dev_ws/install/origincar_base/share/origincar_base/environment/path.dsv
[2.547s] -- Up-to-date symlink: /userdata/dev_ws/install/origincar_base/share/origincar_base/local_setup.bash
[2.549s] -- Up-to-date symlink: /userdata/dev_ws/install/origincar_base/share/origincar_base/local_setup.sh
[2.551s] -- Up-to-date symlink: /userdata/dev_ws/install/origincar_base/share/origincar_base/local_setup.zsh
[2.552s] -- Up-to-date symlink: /userdata/dev_ws/install/origincar_base/share/origincar_base/local_setup.dsv
[2.552s] -- Symlinking: /userdata/dev_ws/install/origincar_base/share/origincar_base/package.dsv
[2.594s] -- Up-to-date symlink: /userdata/dev_ws/install/origincar_base/share/ament_index/resource_index/packages/origincar_base
[2.595s] -- Up-to-date symlink: /userdata/dev_ws/install/origincar_base/share/origincar_base/cmake/rosidl_cmake-extras.cmake
[2.597s] -- Up-to-date symlink: /userdata/dev_ws/install/origincar_base/share/origincar_base/cmake/ament_cmake_export_include_directories-extras.cmake
[2.598s] -- Up-to-date symlink: /userdata/dev_ws/install/origincar_base/share/origincar_base/cmake/ament_cmake_export_libraries-extras.cmake
[2.600s] -- Up-to-date symlink: /userdata/dev_ws/install/origincar_base/share/origincar_base/cmake/ament_cmake_export_targets-extras.cmake
[2.602s] -- Up-to-date symlink: /userdata/dev_ws/install/origincar_base/share/origincar_base/cmake/rosidl_cmake_export_typesupport_targets-extras.cmake
[2.603s] -- Up-to-date symlink: /userdata/dev_ws/install/origincar_base/share/origincar_base/cmake/ament_cmake_export_dependencies-extras.cmake
[2.605s] -- Up-to-date symlink: /userdata/dev_ws/install/origincar_base/share/origincar_base/cmake/rosidl_cmake_export_typesupport_libraries-extras.cmake
[2.606s] -- Up-to-date symlink: /userdata/dev_ws/install/origincar_base/share/origincar_base/cmake/origincar_baseConfig.cmake
[2.607s] -- Up-to-date symlink: /userdata/dev_ws/install/origincar_base/share/origincar_base/cmake/origincar_baseConfig-version.cmake
[2.608s] -- Up-to-date symlink: /userdata/dev_ws/install/origincar_base/share/origincar_base/package.xml
[2.611s] -- Up-to-date: /userdata/dev_ws/install/origincar_base/lib/liborigincar_base__rosidl_generator_c.so
[2.614s] -- Up-to-date: /userdata/dev_ws/install/origincar_base/lib/liborigincar_base__rosidl_typesupport_fastrtps_c.so
[2.617s] -- Up-to-date: /userdata/dev_ws/install/origincar_base/lib/liborigincar_base__rosidl_typesupport_fastrtps_cpp.so
[2.619s] -- Up-to-date: /userdata/dev_ws/install/origincar_base/lib/liborigincar_base__rosidl_typesupport_introspection_c.so
[2.621s] -- Up-to-date: /userdata/dev_ws/install/origincar_base/lib/liborigincar_base__rosidl_typesupport_c.so
[2.623s] -- Up-to-date: /userdata/dev_ws/install/origincar_base/lib/liborigincar_base__rosidl_typesupport_introspection_cpp.so
[2.625s] -- Up-to-date: /userdata/dev_ws/install/origincar_base/lib/liborigincar_base__rosidl_typesupport_cpp.so
[2.845s] Listing '/userdata/dev_ws/install/origincar_base/local/lib/python3.10/dist-packages/origincar_base'...
[2.846s] Listing '/userdata/dev_ws/install/origincar_base/local/lib/python3.10/dist-packages/origincar_base/msg'...
[2.893s] -- Up-to-date: /userdata/dev_ws/install/origincar_base/lib/liborigincar_base__rosidl_generator_py.so
[2.897s] -- Up-to-date: /userdata/dev_ws/install/origincar_base/share/origincar_base/cmake/export_origincar_base__rosidl_generator_cExport.cmake
[2.898s] -- Up-to-date: /userdata/dev_ws/install/origincar_base/share/origincar_base/cmake/export_origincar_base__rosidl_generator_cExport-noconfig.cmake
[2.899s] -- Up-to-date: /userdata/dev_ws/install/origincar_base/share/origincar_base/cmake/export_origincar_base__rosidl_typesupport_fastrtps_cExport.cmake
[2.899s] -- Up-to-date: /userdata/dev_ws/install/origincar_base/share/origincar_base/cmake/export_origincar_base__rosidl_typesupport_fastrtps_cExport-noconfig.cmake
[2.901s] -- Up-to-date: /userdata/dev_ws/install/origincar_base/share/origincar_base/cmake/export_origincar_base__rosidl_generator_cppExport.cmake
[2.903s] -- Up-to-date: /userdata/dev_ws/install/origincar_base/share/origincar_base/cmake/export_origincar_base__rosidl_typesupport_fastrtps_cppExport.cmake
[2.903s] -- Up-to-date: /userdata/dev_ws/install/origincar_base/share/origincar_base/cmake/export_origincar_base__rosidl_typesupport_fastrtps_cppExport-noconfig.cmake
[2.905s] -- Up-to-date: /userdata/dev_ws/install/origincar_base/share/origincar_base/cmake/origincar_base__rosidl_typesupport_introspection_cExport.cmake
[2.905s] -- Up-to-date: /userdata/dev_ws/install/origincar_base/share/origincar_base/cmake/origincar_base__rosidl_typesupport_introspection_cExport-noconfig.cmake
[2.907s] -- Up-to-date: /userdata/dev_ws/install/origincar_base/share/origincar_base/cmake/origincar_base__rosidl_typesupport_cExport.cmake
[2.907s] -- Up-to-date: /userdata/dev_ws/install/origincar_base/share/origincar_base/cmake/origincar_base__rosidl_typesupport_cExport-noconfig.cmake
[2.909s] -- Up-to-date: /userdata/dev_ws/install/origincar_base/share/origincar_base/cmake/origincar_base__rosidl_typesupport_introspection_cppExport.cmake
[2.910s] -- Up-to-date: /userdata/dev_ws/install/origincar_base/share/origincar_base/cmake/origincar_base__rosidl_typesupport_introspection_cppExport-noconfig.cmake
[2.911s] -- Up-to-date: /userdata/dev_ws/install/origincar_base/share/origincar_base/cmake/origincar_base__rosidl_typesupport_cppExport.cmake
[2.912s] -- Up-to-date: /userdata/dev_ws/install/origincar_base/share/origincar_base/cmake/origincar_base__rosidl_typesupport_cppExport-noconfig.cmake
[2.914s] -- Up-to-date: /userdata/dev_ws/install/origincar_base/share/origincar_base/cmake/export_origincar_base__rosidl_generator_pyExport.cmake
[2.915s] -- Up-to-date: /userdata/dev_ws/install/origincar_base/share/origincar_base/cmake/export_origincar_base__rosidl_generator_pyExport-noconfig.cmake
[2.927s] Invoked command in '/userdata/dev_ws/build/origincar_base' returned '0': CMAKE_PREFIX_PATH=/userdata/dev_ws/install/serial:/userdata/dev_ws/install/origincar_msg:/userdata/dev_ws/install/origincar_description:/userdata/dev_ws/install/ackermann_msgs:/userdata/dev_ws/install/utils:/userdata/dev_ws/install/origincar_base:/userdata/dev_ws/install/qr_decoder:/userdata/dev_ws/install/origincar_bringup:/opt/tros/humble:/opt/ros/humble LD_LIBRARY_PATH=/userdata/dev_ws/install/origincar_msg/lib:/userdata/dev_ws/install/ackermann_msgs/lib:/userdata/dev_ws/install/origincar_base/lib:/userdata/dev_ws/install/serial/lib:/opt/tros/humble/lib/aarch64-linux-gnu:/opt/tros/humble/lib:/opt/ros/humble/lib/aarch64-linux-gnu:/opt/ros/humble/lib:/usr/hobot/lib:/app/lib:/app/pub/lib:/middleware/lib:/middleware/pub/lib:/usr/hobot/lib/sensor:/system/lib:/system/usr/lib:/lib /usr/bin/cmake --install /userdata/dev_ws/build/origincar_base
