[0.136s] Invoking command in '/userdata/dev_ws/build/serial': CMAKE_PREFIX_PATH=${CMAKE_PREFIX_PATH}:/opt/tros/humble:/opt/ros/humble /usr/bin/cmake --build /userdata/dev_ws/build/serial -- -j8 -l8
[0.412s] [100%] Built target serial
[0.541s] Invoked command in '/userdata/dev_ws/build/serial' returned '0': CMAKE_PREFIX_PATH=${CMAKE_PREFIX_PATH}:/opt/tros/humble:/opt/ros/humble /usr/bin/cmake --build /userdata/dev_ws/build/serial -- -j8 -l8
[0.547s] Invoking command in '/userdata/dev_ws/build/serial': CMAKE_PREFIX_PATH=${CMAKE_PREFIX_PATH}:/opt/tros/humble:/opt/ros/humble /usr/bin/cmake --install /userdata/dev_ws/build/serial
[0.608s] -- Install configuration: ""
[0.612s] -- Execute custom install script
[0.618s] -- Up-to-date symlink: /userdata/dev_ws/install/serial/lib/libserial.a
[0.619s] -- Up-to-date symlink: /userdata/dev_ws/install/serial/share/serial/environment/library_path.sh
[0.630s] -- Up-to-date symlink: /userdata/dev_ws/install/serial/share/serial/environment/library_path.dsv
[0.630s] -- Up-to-date symlink: /userdata/dev_ws/install/serial/include/serial/impl/unix.h
[0.631s] -- Up-to-date symlink: /userdata/dev_ws/install/serial/include/serial/impl/win.h
[0.632s] -- Up-to-date symlink: /userdata/dev_ws/install/serial/include/serial/serial.h
[0.632s] -- Up-to-date symlink: /userdata/dev_ws/install/serial/include/serial/v8stdint.h
[0.638s] -- Up-to-date symlink: /userdata/dev_ws/install/serial/share/ament_index/resource_index/package_run_dependencies/serial
[0.639s] -- Up-to-date symlink: /userdata/dev_ws/install/serial/share/ament_index/resource_index/parent_prefix_path/serial
[0.643s] -- Up-to-date symlink: /userdata/dev_ws/install/serial/share/serial/environment/ament_prefix_path.sh
[0.661s] -- Up-to-date symlink: /userdata/dev_ws/install/serial/share/serial/environment/ament_prefix_path.dsv
[0.662s] -- Up-to-date symlink: /userdata/dev_ws/install/serial/share/serial/environment/path.sh
[0.662s] -- Up-to-date symlink: /userdata/dev_ws/install/serial/share/serial/environment/path.dsv
[0.663s] -- Up-to-date symlink: /userdata/dev_ws/install/serial/share/serial/local_setup.bash
[0.664s] -- Up-to-date symlink: /userdata/dev_ws/install/serial/share/serial/local_setup.sh
[0.665s] -- Up-to-date symlink: /userdata/dev_ws/install/serial/share/serial/local_setup.zsh
[0.666s] -- Up-to-date symlink: /userdata/dev_ws/install/serial/share/serial/local_setup.dsv
[0.666s] -- Symlinking: /userdata/dev_ws/install/serial/share/serial/package.dsv
[0.703s] -- Up-to-date symlink: /userdata/dev_ws/install/serial/share/ament_index/resource_index/packages/serial
[0.705s] -- Up-to-date symlink: /userdata/dev_ws/install/serial/share/serial/cmake/ament_cmake_export_include_directories-extras.cmake
[0.707s] -- Up-to-date symlink: /userdata/dev_ws/install/serial/share/serial/cmake/ament_cmake_export_libraries-extras.cmake
[0.710s] -- Up-to-date symlink: /userdata/dev_ws/install/serial/share/serial/cmake/ament_cmake_export_dependencies-extras.cmake
[0.711s] -- Up-to-date symlink: /userdata/dev_ws/install/serial/share/serial/cmake/serialConfig.cmake
[0.713s] -- Up-to-date symlink: /userdata/dev_ws/install/serial/share/serial/cmake/serialConfig-version.cmake
[0.717s] -- Up-to-date symlink: /userdata/dev_ws/install/serial/share/serial/package.xml
[0.893s] Invoked command in '/userdata/dev_ws/build/serial' returned '0': CMAKE_PREFIX_PATH=${CMAKE_PREFIX_PATH}:/opt/tros/humble:/opt/ros/humble /usr/bin/cmake --install /userdata/dev_ws/build/serial
