[0.148s] Invoking command in '/userdata/dev_ws/build/serial': CMAKE_PREFIX_PATH=${CMAKE_PREFIX_PATH}:/opt/tros/humble:/opt/ros/humble /usr/bin/cmake --build /userdata/dev_ws/build/serial -- -j8 -l8
[0.768s] [100%] Built target serial
[1.022s] Invoked command in '/userdata/dev_ws/build/serial' returned '0': CMAKE_PREFIX_PATH=${CMAKE_PREFIX_PATH}:/opt/tros/humble:/opt/ros/humble /usr/bin/cmake --build /userdata/dev_ws/build/serial -- -j8 -l8
[1.031s] Invoking command in '/userdata/dev_ws/build/serial': CMAKE_PREFIX_PATH=${CMAKE_PREFIX_PATH}:/opt/tros/humble:/opt/ros/humble /usr/bin/cmake --install /userdata/dev_ws/build/serial
[1.134s] -- Install configuration: ""
[1.136s] -- Execute custom install script
[1.140s] -- Up-to-date symlink: /userdata/dev_ws/install/serial/lib/libserial.a
[1.142s] -- Up-to-date symlink: /userdata/dev_ws/install/serial/share/serial/environment/library_path.sh
[1.146s] -- Up-to-date symlink: /userdata/dev_ws/install/serial/share/serial/environment/library_path.dsv
[1.147s] -- Up-to-date symlink: /userdata/dev_ws/install/serial/include/serial/impl/unix.h
[1.148s] -- Up-to-date symlink: /userdata/dev_ws/install/serial/include/serial/impl/win.h
[1.148s] -- Up-to-date symlink: /userdata/dev_ws/install/serial/include/serial/serial.h
[1.149s] -- Up-to-date symlink: /userdata/dev_ws/install/serial/include/serial/v8stdint.h
[1.150s] -- Up-to-date symlink: /userdata/dev_ws/install/serial/share/ament_index/resource_index/package_run_dependencies/serial
[1.150s] -- Up-to-date symlink: /userdata/dev_ws/install/serial/share/ament_index/resource_index/parent_prefix_path/serial
[1.151s] -- Up-to-date symlink: /userdata/dev_ws/install/serial/share/serial/environment/ament_prefix_path.sh
[1.152s] -- Up-to-date symlink: /userdata/dev_ws/install/serial/share/serial/environment/ament_prefix_path.dsv
[1.153s] -- Up-to-date symlink: /userdata/dev_ws/install/serial/share/serial/environment/path.sh
[1.154s] -- Up-to-date symlink: /userdata/dev_ws/install/serial/share/serial/environment/path.dsv
[1.154s] -- Up-to-date symlink: /userdata/dev_ws/install/serial/share/serial/local_setup.bash
[1.155s] -- Up-to-date symlink: /userdata/dev_ws/install/serial/share/serial/local_setup.sh
[1.156s] -- Up-to-date symlink: /userdata/dev_ws/install/serial/share/serial/local_setup.zsh
[1.157s] -- Up-to-date symlink: /userdata/dev_ws/install/serial/share/serial/local_setup.dsv
[1.157s] -- Symlinking: /userdata/dev_ws/install/serial/share/serial/package.dsv
[1.161s] -- Up-to-date symlink: /userdata/dev_ws/install/serial/share/ament_index/resource_index/packages/serial
[1.163s] -- Up-to-date symlink: /userdata/dev_ws/install/serial/share/serial/cmake/ament_cmake_export_include_directories-extras.cmake
[1.163s] -- Up-to-date symlink: /userdata/dev_ws/install/serial/share/serial/cmake/ament_cmake_export_libraries-extras.cmake
[1.164s] -- Up-to-date symlink: /userdata/dev_ws/install/serial/share/serial/cmake/ament_cmake_export_dependencies-extras.cmake
[1.165s] -- Up-to-date symlink: /userdata/dev_ws/install/serial/share/serial/cmake/serialConfig.cmake
[1.165s] -- Up-to-date symlink: /userdata/dev_ws/install/serial/share/serial/cmake/serialConfig-version.cmake
[1.166s] -- Up-to-date symlink: /userdata/dev_ws/install/serial/share/serial/package.xml
[1.174s] Invoked command in '/userdata/dev_ws/build/serial' returned '0': CMAKE_PREFIX_PATH=${CMAKE_PREFIX_PATH}:/opt/tros/humble:/opt/ros/humble /usr/bin/cmake --install /userdata/dev_ws/build/serial
