[0.122s] Invoking command in '/userdata/dev_ws/build/origincar_bringup': CMAKE_PREFIX_PATH=${CMAKE_PREFIX_PATH}:/opt/tros/humble:/opt/ros/humble /usr/bin/cmake --build /userdata/dev_ws/build/origincar_bringup -- -j8 -l8
[0.414s] Invoked command in '/userdata/dev_ws/build/origincar_bringup' returned '0': CMAKE_PREFIX_PATH=${CMAKE_PREFIX_PATH}:/opt/tros/humble:/opt/ros/humble /usr/bin/cmake --build /userdata/dev_ws/build/origincar_bringup -- -j8 -l8
[0.420s] Invoking command in '/userdata/dev_ws/build/origincar_bringup': CMAKE_PREFIX_PATH=${CMAKE_PREFIX_PATH}:/opt/tros/humble:/opt/ros/humble /usr/bin/cmake --install /userdata/dev_ws/build/origincar_bringup
[0.480s] -- Install configuration: ""
[0.486s] -- Up-to-date: /userdata/dev_ws/install/origincar_bringup/share/origincar_bringup/launch
[0.488s] -- Up-to-date: /userdata/dev_ws/install/origincar_bringup/share/origincar_bringup/launch/usb_websocket_display.launch.py
[0.489s] -- Execute custom install script
[0.504s] -- Up-to-date symlink: /userdata/dev_ws/install/origincar_bringup/share/ament_index/resource_index/package_run_dependencies/origincar_bringup
[0.507s] -- Up-to-date symlink: /userdata/dev_ws/install/origincar_bringup/share/ament_index/resource_index/parent_prefix_path/origincar_bringup
[0.507s] -- Up-to-date symlink: /userdata/dev_ws/install/origincar_bringup/share/origincar_bringup/environment/ament_prefix_path.sh
[0.509s] -- Up-to-date symlink: /userdata/dev_ws/install/origincar_bringup/share/origincar_bringup/environment/ament_prefix_path.dsv
[0.509s] -- Up-to-date symlink: /userdata/dev_ws/install/origincar_bringup/share/origincar_bringup/environment/path.sh
[0.510s] -- Up-to-date symlink: /userdata/dev_ws/install/origincar_bringup/share/origincar_bringup/environment/path.dsv
[0.510s] -- Up-to-date symlink: /userdata/dev_ws/install/origincar_bringup/share/origincar_bringup/local_setup.bash
[0.511s] -- Up-to-date symlink: /userdata/dev_ws/install/origincar_bringup/share/origincar_bringup/local_setup.sh
[0.527s] -- Up-to-date symlink: /userdata/dev_ws/install/origincar_bringup/share/origincar_bringup/local_setup.zsh
[0.530s] -- Up-to-date symlink: /userdata/dev_ws/install/origincar_bringup/share/origincar_bringup/local_setup.dsv
[0.532s] -- Symlinking: /userdata/dev_ws/install/origincar_bringup/share/origincar_bringup/package.dsv
[0.651s] -- Up-to-date symlink: /userdata/dev_ws/install/origincar_bringup/share/ament_index/resource_index/packages/origincar_bringup
[0.658s] -- Up-to-date symlink: /userdata/dev_ws/install/origincar_bringup/share/origincar_bringup/cmake/origincar_bringupConfig.cmake
[0.662s] -- Up-to-date symlink: /userdata/dev_ws/install/origincar_bringup/share/origincar_bringup/cmake/origincar_bringupConfig-version.cmake
[0.675s] -- Up-to-date symlink: /userdata/dev_ws/install/origincar_bringup/share/origincar_bringup/package.xml
[0.818s] Invoked command in '/userdata/dev_ws/build/origincar_bringup' returned '0': CMAKE_PREFIX_PATH=${CMAKE_PREFIX_PATH}:/opt/tros/humble:/opt/ros/humble /usr/bin/cmake --install /userdata/dev_ws/build/origincar_bringup
