[0.086s] Invoking command in '/userdata/dev_ws/build/origincar_base': CMAKE_PREFIX_PATH=/userdata/dev_ws/install/serial:/userdata/dev_ws/install/origincar_msg:/userdata/dev_ws/install/origincar_description:/userdata/dev_ws/install/ackermann_msgs:/userdata/dev_ws/install/utils:/userdata/dev_ws/install/origincar_base:/userdata/dev_ws/install/origincar_bringup:/opt/tros/humble:/opt/ros/humble LD_LIBRARY_PATH=/userdata/dev_ws/install/origincar_msg/lib:/userdata/dev_ws/install/ackermann_msgs/lib:/userdata/dev_ws/install/origincar_base/lib:/userdata/dev_ws/install/serial/lib:/opt/tros/humble/lib/aarch64-linux-gnu:/opt/tros/humble/lib:/opt/ros/humble/lib/aarch64-linux-gnu:/opt/ros/humble/lib:/usr/hobot/lib:/app/lib:/app/pub/lib:/middleware/lib:/middleware/pub/lib:/usr/hobot/lib/sensor:/system/lib:/system/usr/lib:/lib /usr/bin/cmake --build /userdata/dev_ws/build/origincar_base -- -j8 -l8
[0.321s] [  8%] Built target origincar_base__cpp
[0.322s] [ 11%] Built target origincar_base__rosidl_generator_c
[0.368s] [ 11%] Built target ament_cmake_python_symlink_origincar_base
[0.386s] [ 20%] Built target origincar_base_node
[0.436s] [ 29%] Built target origincar_base__rosidl_typesupport_cpp
[0.438s] [ 38%] Built target origincar_base__rosidl_typesupport_introspection_c
[0.441s] [ 47%] Built target origincar_base__rosidl_typesupport_fastrtps_c
[0.443s] [ 55%] Built target origincar_base__rosidl_typesupport_c
[0.461s] [ 64%] Built target origincar_base__rosidl_typesupport_fastrtps_cpp
[0.465s] [ 73%] Built target origincar_base__rosidl_typesupport_introspection_cpp
[0.560s] [ 73%] Built target origincar_base
[0.649s] [ 76%] Built target origincar_base__py
[0.746s] [ 82%] Built target origincar_base__rosidl_generator_py
[0.844s] [100%] Built target origincar_base__rosidl_typesupport_introspection_c__pyext
[0.845s] [100%] Built target origincar_base__rosidl_typesupport_fastrtps_c__pyext
[0.845s] [100%] Built target origincar_base__rosidl_typesupport_c__pyext
[1.990s] running egg_info
[1.994s] writing origincar_base.egg-info/PKG-INFO
[1.995s] writing dependency_links to origincar_base.egg-info/dependency_links.txt
[1.996s] writing top-level names to origincar_base.egg-info/top_level.txt
[2.012s] reading manifest file 'origincar_base.egg-info/SOURCES.txt'
[2.016s] writing manifest file 'origincar_base.egg-info/SOURCES.txt'
[2.233s] [100%] Built target ament_cmake_python_build_origincar_base_egg
[2.285s] Invoked command in '/userdata/dev_ws/build/origincar_base' returned '0': CMAKE_PREFIX_PATH=/userdata/dev_ws/install/serial:/userdata/dev_ws/install/origincar_msg:/userdata/dev_ws/install/origincar_description:/userdata/dev_ws/install/ackermann_msgs:/userdata/dev_ws/install/utils:/userdata/dev_ws/install/origincar_base:/userdata/dev_ws/install/origincar_bringup:/opt/tros/humble:/opt/ros/humble LD_LIBRARY_PATH=/userdata/dev_ws/install/origincar_msg/lib:/userdata/dev_ws/install/ackermann_msgs/lib:/userdata/dev_ws/install/origincar_base/lib:/userdata/dev_ws/install/serial/lib:/opt/tros/humble/lib/aarch64-linux-gnu:/opt/tros/humble/lib:/opt/ros/humble/lib/aarch64-linux-gnu:/opt/ros/humble/lib:/usr/hobot/lib:/app/lib:/app/pub/lib:/middleware/lib:/middleware/pub/lib:/usr/hobot/lib/sensor:/system/lib:/system/usr/lib:/lib /usr/bin/cmake --build /userdata/dev_ws/build/origincar_base -- -j8 -l8
[2.292s] Invoking command in '/userdata/dev_ws/build/origincar_base': CMAKE_PREFIX_PATH=/userdata/dev_ws/install/serial:/userdata/dev_ws/install/origincar_msg:/userdata/dev_ws/install/origincar_description:/userdata/dev_ws/install/ackermann_msgs:/userdata/dev_ws/install/utils:/userdata/dev_ws/install/origincar_base:/userdata/dev_ws/install/origincar_bringup:/opt/tros/humble:/opt/ros/humble LD_LIBRARY_PATH=/userdata/dev_ws/install/origincar_msg/lib:/userdata/dev_ws/install/ackermann_msgs/lib:/userdata/dev_ws/install/origincar_base/lib:/userdata/dev_ws/install/serial/lib:/opt/tros/humble/lib/aarch64-linux-gnu:/opt/tros/humble/lib:/opt/ros/humble/lib/aarch64-linux-gnu:/opt/ros/humble/lib:/usr/hobot/lib:/app/lib:/app/pub/lib:/middleware/lib:/middleware/pub/lib:/usr/hobot/lib/sensor:/system/lib:/system/usr/lib:/lib /usr/bin/cmake --install /userdata/dev_ws/build/origincar_base
[2.327s] -- Install configuration: ""
[2.330s] -- Execute custom install script
[2.331s] -- Up-to-date symlink: /userdata/dev_ws/install/origincar_base/share/ament_index/resource_index/rosidl_interfaces/origincar_base
[2.333s] -- Up-to-date symlink: /userdata/dev_ws/install/origincar_base/include/origincar_base/origincar_base/msg/detail/position__functions.h
[2.334s] -- Up-to-date symlink: /userdata/dev_ws/install/origincar_base/include/origincar_base/origincar_base/msg/detail/position__struct.h
[2.334s] -- Up-to-date symlink: /userdata/dev_ws/install/origincar_base/include/origincar_base/origincar_base/msg/detail/position__type_support.h
[2.335s] -- Up-to-date symlink: /userdata/dev_ws/install/origincar_base/include/origincar_base/origincar_base/msg/position.h
[2.336s] -- Up-to-date symlink: /userdata/dev_ws/install/origincar_base/include/origincar_base/origincar_base/msg/rosidl_generator_c__visibility_control.h
[2.336s] -- Up-to-date symlink: /userdata/dev_ws/install/origincar_base/share/origincar_base/environment/library_path.sh
[2.337s] -- Up-to-date symlink: /userdata/dev_ws/install/origincar_base/share/origincar_base/environment/library_path.dsv
[2.339s] -- Up-to-date symlink: /userdata/dev_ws/install/origincar_base/include/origincar_base/origincar_base/msg/detail/position__rosidl_typesupport_fastrtps_c.h
[2.340s] -- Up-to-date symlink: /userdata/dev_ws/install/origincar_base/include/origincar_base/origincar_base/msg/rosidl_typesupport_fastrtps_c__visibility_control.h
[2.342s] -- Up-to-date symlink: /userdata/dev_ws/install/origincar_base/include/origincar_base/origincar_base/msg/detail/position__builder.hpp
[2.343s] -- Up-to-date symlink: /userdata/dev_ws/install/origincar_base/include/origincar_base/origincar_base/msg/detail/position__struct.hpp
[2.344s] -- Up-to-date symlink: /userdata/dev_ws/install/origincar_base/include/origincar_base/origincar_base/msg/detail/position__traits.hpp
[2.344s] -- Up-to-date symlink: /userdata/dev_ws/install/origincar_base/include/origincar_base/origincar_base/msg/detail/position__type_support.hpp
[2.345s] -- Up-to-date symlink: /userdata/dev_ws/install/origincar_base/include/origincar_base/origincar_base/msg/position.hpp
[2.345s] -- Up-to-date symlink: /userdata/dev_ws/install/origincar_base/include/origincar_base/origincar_base/msg/rosidl_generator_cpp__visibility_control.hpp
[2.347s] -- Up-to-date symlink: /userdata/dev_ws/install/origincar_base/include/origincar_base/origincar_base/msg/detail/position__rosidl_typesupport_fastrtps_cpp.hpp
[2.347s] -- Up-to-date symlink: /userdata/dev_ws/install/origincar_base/include/origincar_base/origincar_base/msg/rosidl_typesupport_fastrtps_cpp__visibility_control.h
[2.349s] -- Up-to-date symlink: /userdata/dev_ws/install/origincar_base/include/origincar_base/origincar_base/msg/detail/position__rosidl_typesupport_introspection_c.h
[2.350s] -- Up-to-date symlink: /userdata/dev_ws/install/origincar_base/include/origincar_base/origincar_base/msg/rosidl_typesupport_introspection_c__visibility_control.h
[2.351s] -- Up-to-date symlink: /userdata/dev_ws/install/origincar_base/include/origincar_base/origincar_base/msg/detail/position__rosidl_typesupport_introspection_cpp.hpp
[2.352s] -- Up-to-date symlink: /userdata/dev_ws/install/origincar_base/share/origincar_base/environment/pythonpath.sh
[2.353s] -- Up-to-date symlink: /userdata/dev_ws/install/origincar_base/share/origincar_base/environment/pythonpath.dsv
[2.354s] -- Up-to-date symlink: /userdata/dev_ws/install/origincar_base/local/lib/python3.10/dist-packages/origincar_base-0.0.0-py3.10.egg-info/PKG-INFO
[2.355s] -- Up-to-date symlink: /userdata/dev_ws/install/origincar_base/local/lib/python3.10/dist-packages/origincar_base-0.0.0-py3.10.egg-info/SOURCES.txt
[2.356s] -- Up-to-date symlink: /userdata/dev_ws/install/origincar_base/local/lib/python3.10/dist-packages/origincar_base-0.0.0-py3.10.egg-info/dependency_links.txt
[2.356s] -- Up-to-date symlink: /userdata/dev_ws/install/origincar_base/local/lib/python3.10/dist-packages/origincar_base-0.0.0-py3.10.egg-info/top_level.txt
[2.359s] -- Up-to-date symlink: /userdata/dev_ws/install/origincar_base/local/lib/python3.10/dist-packages/origincar_base/__init__.py
[2.359s] -- Up-to-date symlink: /userdata/dev_ws/install/origincar_base/local/lib/python3.10/dist-packages/origincar_base/_origincar_base_s.ep.rosidl_typesupport_c.c
[2.360s] -- Up-to-date symlink: /userdata/dev_ws/install/origincar_base/local/lib/python3.10/dist-packages/origincar_base/_origincar_base_s.ep.rosidl_typesupport_fastrtps_c.c
[2.361s] -- Up-to-date symlink: /userdata/dev_ws/install/origincar_base/local/lib/python3.10/dist-packages/origincar_base/_origincar_base_s.ep.rosidl_typesupport_introspection_c.c
[2.362s] -- Up-to-date symlink: /userdata/dev_ws/install/origincar_base/local/lib/python3.10/dist-packages/origincar_base/liborigincar_base__rosidl_generator_py.so
[2.363s] -- Up-to-date symlink: /userdata/dev_ws/install/origincar_base/local/lib/python3.10/dist-packages/origincar_base/msg/__init__.py
[2.364s] -- Up-to-date symlink: /userdata/dev_ws/install/origincar_base/local/lib/python3.10/dist-packages/origincar_base/msg/_position.py
[2.364s] -- Up-to-date symlink: /userdata/dev_ws/install/origincar_base/local/lib/python3.10/dist-packages/origincar_base/msg/_position_s.c
[2.365s] -- Up-to-date symlink: /userdata/dev_ws/install/origincar_base/local/lib/python3.10/dist-packages/origincar_base/origincar_base_s__rosidl_typesupport_c.cpython-310-aarch64-linux-gnu.so
[2.366s] -- Up-to-date symlink: /userdata/dev_ws/install/origincar_base/local/lib/python3.10/dist-packages/origincar_base/origincar_base_s__rosidl_typesupport_fastrtps_c.cpython-310-aarch64-linux-gnu.so
[2.367s] -- Up-to-date symlink: /userdata/dev_ws/install/origincar_base/local/lib/python3.10/dist-packages/origincar_base/origincar_base_s__rosidl_typesupport_introspection_c.cpython-310-aarch64-linux-gnu.so
[2.367s] -- Up-to-date symlink: /userdata/dev_ws/install/origincar_base/local/lib/python3.10/dist-packages/origincar_base/origincar_base_s__rosidl_typesupport_fastrtps_c.cpython-310-aarch64-linux-gnu.so
[2.368s] -- Up-to-date symlink: /userdata/dev_ws/install/origincar_base/local/lib/python3.10/dist-packages/origincar_base/origincar_base_s__rosidl_typesupport_introspection_c.cpython-310-aarch64-linux-gnu.so
[2.369s] -- Up-to-date symlink: /userdata/dev_ws/install/origincar_base/local/lib/python3.10/dist-packages/origincar_base/origincar_base_s__rosidl_typesupport_c.cpython-310-aarch64-linux-gnu.so
[2.370s] -- Up-to-date symlink: /userdata/dev_ws/install/origincar_base/share/origincar_base/msg/Position.idl
[2.371s] -- Up-to-date symlink: /userdata/dev_ws/install/origincar_base/share/origincar_base/msg/Position.msg
[2.371s] -- Up-to-date symlink: /userdata/dev_ws/install/origincar_base/lib/origincar_base/cmd_vel_to_ackermann_drive.py
[2.373s] -- Up-to-date symlink: /userdata/dev_ws/install/origincar_base/lib/origincar_base/origincar_base_node
[2.375s] -- Up-to-date symlink: /userdata/dev_ws/install/origincar_base/share/origincar_base/launch/__pycache__/testtwo.launch.cpython-38.pyc
[2.375s] -- Up-to-date symlink: /userdata/dev_ws/install/origincar_base/share/origincar_base/launch/base_serial.launch.py
[2.376s] -- Up-to-date symlink: /userdata/dev_ws/install/origincar_base/share/origincar_base/launch/ekf.launch.py
[2.377s] -- Up-to-date symlink: /userdata/dev_ws/install/origincar_base/share/origincar_base/launch/origincar_bringup.launch.py
[2.377s] -- Up-to-date symlink: /userdata/dev_ws/install/origincar_base/share/origincar_base/launch/robot_mode_description.launch.py
[2.378s] -- Up-to-date symlink: /userdata/dev_ws/install/origincar_base/share/origincar_base/config/ekf.yaml
[2.378s] -- Up-to-date symlink: /userdata/dev_ws/install/origincar_base/share/origincar_base/config/imu.yaml
[2.379s] -- Up-to-date symlink: /userdata/dev_ws/install/origincar_base/share/ament_index/resource_index/package_run_dependencies/origincar_base
[2.380s] -- Up-to-date symlink: /userdata/dev_ws/install/origincar_base/share/ament_index/resource_index/parent_prefix_path/origincar_base
[2.381s] -- Up-to-date symlink: /userdata/dev_ws/install/origincar_base/share/origincar_base/environment/ament_prefix_path.sh
[2.382s] -- Up-to-date symlink: /userdata/dev_ws/install/origincar_base/share/origincar_base/environment/ament_prefix_path.dsv
[2.383s] -- Up-to-date symlink: /userdata/dev_ws/install/origincar_base/share/origincar_base/environment/path.sh
[2.384s] -- Up-to-date symlink: /userdata/dev_ws/install/origincar_base/share/origincar_base/environment/path.dsv
[2.384s] -- Up-to-date symlink: /userdata/dev_ws/install/origincar_base/share/origincar_base/local_setup.bash
[2.385s] -- Up-to-date symlink: /userdata/dev_ws/install/origincar_base/share/origincar_base/local_setup.sh
[2.386s] -- Up-to-date symlink: /userdata/dev_ws/install/origincar_base/share/origincar_base/local_setup.zsh
[2.387s] -- Up-to-date symlink: /userdata/dev_ws/install/origincar_base/share/origincar_base/local_setup.dsv
[2.388s] -- Symlinking: /userdata/dev_ws/install/origincar_base/share/origincar_base/package.dsv
[2.427s] -- Up-to-date symlink: /userdata/dev_ws/install/origincar_base/share/ament_index/resource_index/packages/origincar_base
[2.428s] -- Up-to-date symlink: /userdata/dev_ws/install/origincar_base/share/origincar_base/cmake/rosidl_cmake-extras.cmake
[2.429s] -- Up-to-date symlink: /userdata/dev_ws/install/origincar_base/share/origincar_base/cmake/ament_cmake_export_include_directories-extras.cmake
[2.430s] -- Up-to-date symlink: /userdata/dev_ws/install/origincar_base/share/origincar_base/cmake/ament_cmake_export_libraries-extras.cmake
[2.431s] -- Up-to-date symlink: /userdata/dev_ws/install/origincar_base/share/origincar_base/cmake/ament_cmake_export_targets-extras.cmake
[2.432s] -- Up-to-date symlink: /userdata/dev_ws/install/origincar_base/share/origincar_base/cmake/rosidl_cmake_export_typesupport_targets-extras.cmake
[2.433s] -- Up-to-date symlink: /userdata/dev_ws/install/origincar_base/share/origincar_base/cmake/ament_cmake_export_dependencies-extras.cmake
[2.434s] -- Up-to-date symlink: /userdata/dev_ws/install/origincar_base/share/origincar_base/cmake/rosidl_cmake_export_typesupport_libraries-extras.cmake
[2.434s] -- Up-to-date symlink: /userdata/dev_ws/install/origincar_base/share/origincar_base/cmake/origincar_baseConfig.cmake
[2.435s] -- Up-to-date symlink: /userdata/dev_ws/install/origincar_base/share/origincar_base/cmake/origincar_baseConfig-version.cmake
[2.436s] -- Up-to-date symlink: /userdata/dev_ws/install/origincar_base/share/origincar_base/package.xml
[2.437s] -- Up-to-date: /userdata/dev_ws/install/origincar_base/lib/liborigincar_base__rosidl_generator_c.so
[2.438s] -- Up-to-date: /userdata/dev_ws/install/origincar_base/lib/liborigincar_base__rosidl_typesupport_fastrtps_c.so
[2.439s] -- Up-to-date: /userdata/dev_ws/install/origincar_base/lib/liborigincar_base__rosidl_typesupport_fastrtps_cpp.so
[2.440s] -- Up-to-date: /userdata/dev_ws/install/origincar_base/lib/liborigincar_base__rosidl_typesupport_introspection_c.so
[2.441s] -- Up-to-date: /userdata/dev_ws/install/origincar_base/lib/liborigincar_base__rosidl_typesupport_c.so
[2.442s] -- Up-to-date: /userdata/dev_ws/install/origincar_base/lib/liborigincar_base__rosidl_typesupport_introspection_cpp.so
[2.443s] -- Up-to-date: /userdata/dev_ws/install/origincar_base/lib/liborigincar_base__rosidl_typesupport_cpp.so
[2.661s] Listing '/userdata/dev_ws/install/origincar_base/local/lib/python3.10/dist-packages/origincar_base'...
[2.662s] Listing '/userdata/dev_ws/install/origincar_base/local/lib/python3.10/dist-packages/origincar_base/msg'...
[2.706s] -- Up-to-date: /userdata/dev_ws/install/origincar_base/lib/liborigincar_base__rosidl_generator_py.so
[2.707s] -- Up-to-date: /userdata/dev_ws/install/origincar_base/share/origincar_base/cmake/export_origincar_base__rosidl_generator_cExport.cmake
[2.708s] -- Up-to-date: /userdata/dev_ws/install/origincar_base/share/origincar_base/cmake/export_origincar_base__rosidl_generator_cExport-noconfig.cmake
[2.709s] -- Up-to-date: /userdata/dev_ws/install/origincar_base/share/origincar_base/cmake/export_origincar_base__rosidl_typesupport_fastrtps_cExport.cmake
[2.709s] -- Up-to-date: /userdata/dev_ws/install/origincar_base/share/origincar_base/cmake/export_origincar_base__rosidl_typesupport_fastrtps_cExport-noconfig.cmake
[2.710s] -- Up-to-date: /userdata/dev_ws/install/origincar_base/share/origincar_base/cmake/export_origincar_base__rosidl_generator_cppExport.cmake
[2.711s] -- Up-to-date: /userdata/dev_ws/install/origincar_base/share/origincar_base/cmake/export_origincar_base__rosidl_typesupport_fastrtps_cppExport.cmake
[2.712s] -- Up-to-date: /userdata/dev_ws/install/origincar_base/share/origincar_base/cmake/export_origincar_base__rosidl_typesupport_fastrtps_cppExport-noconfig.cmake
[2.712s] -- Up-to-date: /userdata/dev_ws/install/origincar_base/share/origincar_base/cmake/origincar_base__rosidl_typesupport_introspection_cExport.cmake
[2.713s] -- Up-to-date: /userdata/dev_ws/install/origincar_base/share/origincar_base/cmake/origincar_base__rosidl_typesupport_introspection_cExport-noconfig.cmake
[2.714s] -- Up-to-date: /userdata/dev_ws/install/origincar_base/share/origincar_base/cmake/origincar_base__rosidl_typesupport_cExport.cmake
[2.714s] -- Up-to-date: /userdata/dev_ws/install/origincar_base/share/origincar_base/cmake/origincar_base__rosidl_typesupport_cExport-noconfig.cmake
[2.715s] -- Up-to-date: /userdata/dev_ws/install/origincar_base/share/origincar_base/cmake/origincar_base__rosidl_typesupport_introspection_cppExport.cmake
[2.716s] -- Up-to-date: /userdata/dev_ws/install/origincar_base/share/origincar_base/cmake/origincar_base__rosidl_typesupport_introspection_cppExport-noconfig.cmake
[2.716s] -- Up-to-date: /userdata/dev_ws/install/origincar_base/share/origincar_base/cmake/origincar_base__rosidl_typesupport_cppExport.cmake
[2.717s] -- Up-to-date: /userdata/dev_ws/install/origincar_base/share/origincar_base/cmake/origincar_base__rosidl_typesupport_cppExport-noconfig.cmake
[2.717s] -- Up-to-date: /userdata/dev_ws/install/origincar_base/share/origincar_base/cmake/export_origincar_base__rosidl_generator_pyExport.cmake
[2.718s] -- Up-to-date: /userdata/dev_ws/install/origincar_base/share/origincar_base/cmake/export_origincar_base__rosidl_generator_pyExport-noconfig.cmake
[2.725s] Invoked command in '/userdata/dev_ws/build/origincar_base' returned '0': CMAKE_PREFIX_PATH=/userdata/dev_ws/install/serial:/userdata/dev_ws/install/origincar_msg:/userdata/dev_ws/install/origincar_description:/userdata/dev_ws/install/ackermann_msgs:/userdata/dev_ws/install/utils:/userdata/dev_ws/install/origincar_base:/userdata/dev_ws/install/origincar_bringup:/opt/tros/humble:/opt/ros/humble LD_LIBRARY_PATH=/userdata/dev_ws/install/origincar_msg/lib:/userdata/dev_ws/install/ackermann_msgs/lib:/userdata/dev_ws/install/origincar_base/lib:/userdata/dev_ws/install/serial/lib:/opt/tros/humble/lib/aarch64-linux-gnu:/opt/tros/humble/lib:/opt/ros/humble/lib/aarch64-linux-gnu:/opt/ros/humble/lib:/usr/hobot/lib:/app/lib:/app/pub/lib:/middleware/lib:/middleware/pub/lib:/usr/hobot/lib/sensor:/system/lib:/system/usr/lib:/lib /usr/bin/cmake --install /userdata/dev_ws/build/origincar_base
