[0.170s] Invoking command in '/userdata/dev_ws/build/ackermann_msgs': CMAKE_PREFIX_PATH=${CMAKE_PREFIX_PATH}:/opt/tros/humble:/opt/ros/humble /usr/bin/cmake /userdata/dev_ws/src/origincar/3rdparty/ackermann_msgs-ros2 -DCMAKE_INSTALL_PREFIX=/userdata/dev_ws/install/ackermann_msgs
[0.360s] -- Found ament_cmake: 1.3.11 (/opt/ros/humble/share/ament_cmake/cmake)
[1.382s] -- Override CMake install command with custom implementation using symlinks instead of copying resources
[1.455s] -- Found rosidl_default_generators: 1.2.0 (/opt/ros/humble/share/rosidl_default_generators/cmake)
[1.471s] -- Using all available rosidl_typesupport_c: rosidl_typesupport_fastrtps_c;rosidl_typesupport_introspection_c
[1.487s] -- Found rosidl_adapter: 3.1.6 (/opt/ros/humble/share/rosidl_adapter/cmake)
[1.668s] -- Using all available rosidl_typesupport_cpp: rosidl_typesupport_fastrtps_cpp;rosidl_typesupport_introspection_cpp
[1.845s] -- Found std_msgs: 4.8.0 (/opt/ros/humble/share/std_msgs/cmake)
[4.095s] -- Found ament_cmake_cppcheck: 0.12.12 (/opt/ros/humble/share/ament_cmake_cppcheck/cmake)
[4.099s] -- Found ament_cmake_cpplint: 0.12.12 (/opt/ros/humble/share/ament_cmake_cpplint/cmake)
[4.103s] -- Found ament_cmake_uncrustify: 0.12.12 (/opt/ros/humble/share/ament_cmake_uncrustify/cmake)
[4.108s] -- Found ament_cmake_ros: 0.10.0 (/opt/ros/humble/share/ament_cmake_ros/cmake)
[5.746s] -- Using all available rosidl_typesupport_c: rosidl_typesupport_fastrtps_c;rosidl_typesupport_introspection_c
[7.687s] -- Using all available rosidl_typesupport_cpp: rosidl_typesupport_fastrtps_cpp;rosidl_typesupport_introspection_cpp
[7.841s] -- Found python_cmake_module: 0.10.0 (/opt/ros/humble/share/python_cmake_module/cmake)
[7.999s] -- Using PYTHON_EXECUTABLE: /usr/bin/python3
[8.000s] -- Using PYTHON_INCLUDE_DIRS: /usr/include/python3.10
[8.000s] -- Using PYTHON_LIBRARIES: /usr/lib/aarch64-linux-gnu/libpython3.10.so
[8.203s] -- Found ament_cmake_flake8: 0.12.12 (/opt/ros/humble/share/ament_cmake_flake8/cmake)
[8.206s] -- Found ament_cmake_pep257: 0.12.12 (/opt/ros/humble/share/ament_cmake_pep257/cmake)
[8.275s] -- Configuring done
[8.612s] -- Generating done
[8.687s] -- Build files have been written to: /userdata/dev_ws/build/ackermann_msgs
[8.747s] Invoked command in '/userdata/dev_ws/build/ackermann_msgs' returned '0': CMAKE_PREFIX_PATH=${CMAKE_PREFIX_PATH}:/opt/tros/humble:/opt/ros/humble /usr/bin/cmake /userdata/dev_ws/src/origincar/3rdparty/ackermann_msgs-ros2 -DCMAKE_INSTALL_PREFIX=/userdata/dev_ws/install/ackermann_msgs
[8.753s] Invoking command in '/userdata/dev_ws/build/ackermann_msgs': CMAKE_PREFIX_PATH=${CMAKE_PREFIX_PATH}:/opt/tros/humble:/opt/ros/humble /usr/bin/cmake --build /userdata/dev_ws/build/ackermann_msgs -- -j8 -l8
[8.939s] [  2%] [34m[1mGenerating C code for ROS interfaces[0m
[8.991s] [  5%] [34m[1mGenerating C++ code for ROS interfaces[0m
[9.029s] [  5%] Built target ament_cmake_python_symlink_ackermann_msgs
[10.764s] running egg_info
[10.768s] writing ackermann_msgs.egg-info/PKG-INFO
[10.769s] writing dependency_links to ackermann_msgs.egg-info/dependency_links.txt
[10.771s] writing top-level names to ackermann_msgs.egg-info/top_level.txt
[10.786s] reading manifest file 'ackermann_msgs.egg-info/SOURCES.txt'
[10.791s] writing manifest file 'ackermann_msgs.egg-info/SOURCES.txt'
[11.056s] [  5%] Built target ament_cmake_python_build_ackermann_msgs_egg
[11.996s] [  5%] Built target ackermann_msgs__cpp
[12.074s] [  7%] [34m[1mGenerating C++ type support for eProsima Fast-RTPS[0m
[12.086s] [ 10%] [34m[1mGenerating C++ type support dispatch for ROS interfaces[0m
[12.141s] [ 12%] [34m[1mGenerating C++ introspection for ROS interfaces[0m
[12.168s] [35m[1mConsolidate compiler generated dependencies of target ackermann_msgs__rosidl_generator_c[0m
[12.288s] [ 15%] [32mBuilding C object CMakeFiles/ackermann_msgs__rosidl_generator_c.dir/rosidl_generator_c/ackermann_msgs/msg/detail/ackermann_drive__functions.c.o[0m
[12.305s] [ 17%] [32mBuilding C object CMakeFiles/ackermann_msgs__rosidl_generator_c.dir/rosidl_generator_c/ackermann_msgs/msg/detail/ackermann_drive_stamped__functions.c.o[0m
[13.193s] [ 20%] [32m[1mLinking C shared library libackermann_msgs__rosidl_generator_c.so[0m
[13.533s] [ 20%] Built target ackermann_msgs__rosidl_generator_c
[13.645s] [ 23%] [34m[1mGenerating C type support for eProsima Fast-RTPS[0m
[13.690s] [ 28%] [34m[1mGenerating C introspection for ROS interfaces[0m
[13.702s] [ 28%] [34m[1mGenerating C type support dispatch for ROS interfaces[0m
[15.918s] [35m[1mConsolidate compiler generated dependencies of target ackermann_msgs__rosidl_typesupport_cpp[0m
[16.089s] [ 30%] [32mBuilding CXX object CMakeFiles/ackermann_msgs__rosidl_typesupport_cpp.dir/rosidl_typesupport_cpp/ackermann_msgs/msg/ackermann_drive__type_support.cpp.o[0m
[16.096s] [ 33%] [32mBuilding CXX object CMakeFiles/ackermann_msgs__rosidl_typesupport_cpp.dir/rosidl_typesupport_cpp/ackermann_msgs/msg/ackermann_drive_stamped__type_support.cpp.o[0m
[16.515s] [35m[1mConsolidate compiler generated dependencies of target ackermann_msgs__rosidl_typesupport_introspection_cpp[0m
[16.606s] [ 35%] [32mBuilding CXX object CMakeFiles/ackermann_msgs__rosidl_typesupport_introspection_cpp.dir/rosidl_typesupport_introspection_cpp/ackermann_msgs/msg/detail/ackermann_drive__type_support.cpp.o[0m
[16.696s] [ 38%] [32mBuilding CXX object CMakeFiles/ackermann_msgs__rosidl_typesupport_introspection_cpp.dir/rosidl_typesupport_introspection_cpp/ackermann_msgs/msg/detail/ackermann_drive_stamped__type_support.cpp.o[0m
[18.255s] [35m[1mConsolidate compiler generated dependencies of target ackermann_msgs__rosidl_typesupport_fastrtps_cpp[0m
[18.410s] [ 41%] [32mBuilding CXX object CMakeFiles/ackermann_msgs__rosidl_typesupport_fastrtps_cpp.dir/rosidl_typesupport_fastrtps_cpp/ackermann_msgs/msg/detail/dds_fastrtps/ackermann_drive__type_support.cpp.o[0m
[18.731s] [35m[1mConsolidate compiler generated dependencies of target ackermann_msgs__rosidl_typesupport_introspection_c[0m
[18.939s] [ 43%] [32mBuilding C object CMakeFiles/ackermann_msgs__rosidl_typesupport_introspection_c.dir/rosidl_typesupport_introspection_c/ackermann_msgs/msg/detail/ackermann_drive__type_support.c.o[0m
[19.323s] [35m[1mConsolidate compiler generated dependencies of target ackermann_msgs__rosidl_typesupport_c[0m
[19.366s] [ 46%] [32mBuilding C object CMakeFiles/ackermann_msgs__rosidl_typesupport_introspection_c.dir/rosidl_typesupport_introspection_c/ackermann_msgs/msg/detail/ackermann_drive_stamped__type_support.c.o[0m
[19.478s] [ 48%] [32mBuilding CXX object CMakeFiles/ackermann_msgs__rosidl_typesupport_c.dir/rosidl_typesupport_c/ackermann_msgs/msg/ackermann_drive__type_support.cpp.o[0m
[19.730s] [ 51%] [32m[1mLinking C shared library libackermann_msgs__rosidl_typesupport_introspection_c.so[0m
[19.800s] [35m[1mConsolidate compiler generated dependencies of target ackermann_msgs__rosidl_typesupport_fastrtps_c[0m
[19.846s] [ 53%] [32mBuilding CXX object CMakeFiles/ackermann_msgs__rosidl_typesupport_c.dir/rosidl_typesupport_c/ackermann_msgs/msg/ackermann_drive_stamped__type_support.cpp.o[0m
[19.885s] [ 56%] [32mBuilding CXX object CMakeFiles/ackermann_msgs__rosidl_typesupport_fastrtps_cpp.dir/rosidl_typesupport_fastrtps_cpp/ackermann_msgs/msg/detail/dds_fastrtps/ackermann_drive_stamped__type_support.cpp.o[0m
[19.957s] [ 58%] [32m[1mLinking CXX shared library libackermann_msgs__rosidl_typesupport_cpp.so[0m
[19.969s] [ 61%] [32mBuilding CXX object CMakeFiles/ackermann_msgs__rosidl_typesupport_fastrtps_c.dir/rosidl_typesupport_fastrtps_c/ackermann_msgs/msg/detail/ackermann_drive__type_support_c.cpp.o[0m
[20.024s] [ 61%] Built target ackermann_msgs__rosidl_typesupport_introspection_c
[20.074s] [ 64%] [32mBuilding CXX object CMakeFiles/ackermann_msgs__rosidl_typesupport_fastrtps_c.dir/rosidl_typesupport_fastrtps_c/ackermann_msgs/msg/detail/ackermann_drive_stamped__type_support_c.cpp.o[0m
[20.128s] [ 66%] [32m[1mLinking CXX shared library libackermann_msgs__rosidl_typesupport_c.so[0m
[20.254s] [ 66%] Built target ackermann_msgs__rosidl_typesupport_cpp
[20.532s] [ 66%] Built target ackermann_msgs__rosidl_typesupport_c
[21.085s] [ 69%] [32m[1mLinking CXX shared library libackermann_msgs__rosidl_typesupport_introspection_cpp.so[0m
[21.534s] [ 69%] Built target ackermann_msgs__rosidl_typesupport_introspection_cpp
[22.516s] [ 71%] [32m[1mLinking CXX shared library libackermann_msgs__rosidl_typesupport_fastrtps_c.so[0m
[22.641s] [ 74%] [32m[1mLinking CXX shared library libackermann_msgs__rosidl_typesupport_fastrtps_cpp.so[0m
[23.012s] [ 74%] Built target ackermann_msgs__rosidl_typesupport_fastrtps_c
[23.127s] [ 74%] Built target ackermann_msgs__rosidl_typesupport_fastrtps_cpp
[23.215s] [ 74%] Built target ackermann_msgs
[23.304s] [ 76%] [34m[1mGenerating Python code for ROS interfaces[0m
[27.529s] [ 76%] Built target ackermann_msgs__py
[27.585s] [35m[1mConsolidate compiler generated dependencies of target ackermann_msgs__rosidl_generator_py[0m
[27.643s] [ 79%] [32mBuilding C object CMakeFiles/ackermann_msgs__rosidl_generator_py.dir/rosidl_generator_py/ackermann_msgs/msg/_ackermann_drive_s.c.o[0m
[27.644s] [ 82%] [32mBuilding C object CMakeFiles/ackermann_msgs__rosidl_generator_py.dir/rosidl_generator_py/ackermann_msgs/msg/_ackermann_drive_stamped_s.c.o[0m
[28.252s] [ 84%] [32m[1mLinking C shared library rosidl_generator_py/ackermann_msgs/libackermann_msgs__rosidl_generator_py.so[0m
[28.480s] [ 84%] Built target ackermann_msgs__rosidl_generator_py
[28.529s] [35m[1mConsolidate compiler generated dependencies of target ackermann_msgs__rosidl_typesupport_c__pyext[0m
[28.529s] [35m[1mConsolidate compiler generated dependencies of target ackermann_msgs__rosidl_typesupport_fastrtps_c__pyext[0m
[28.530s] [35m[1mConsolidate compiler generated dependencies of target ackermann_msgs__rosidl_typesupport_introspection_c__pyext[0m
[28.588s] [ 92%] [32mBuilding C object CMakeFiles/ackermann_msgs__rosidl_typesupport_fastrtps_c__pyext.dir/rosidl_generator_py/ackermann_msgs/_ackermann_msgs_s.ep.rosidl_typesupport_fastrtps_c.c.o[0m
[28.589s] [ 92%] [32mBuilding C object CMakeFiles/ackermann_msgs__rosidl_typesupport_c__pyext.dir/rosidl_generator_py/ackermann_msgs/_ackermann_msgs_s.ep.rosidl_typesupport_c.c.o[0m
[28.589s] [ 92%] [32mBuilding C object CMakeFiles/ackermann_msgs__rosidl_typesupport_introspection_c__pyext.dir/rosidl_generator_py/ackermann_msgs/_ackermann_msgs_s.ep.rosidl_typesupport_introspection_c.c.o[0m
[29.162s] [100%] [32m[1mLinking C shared library rosidl_generator_py/ackermann_msgs/ackermann_msgs_s__rosidl_typesupport_introspection_c.cpython-310-aarch64-linux-gnu.so[0m
[29.163s] [100%] [32m[1mLinking C shared library rosidl_generator_py/ackermann_msgs/ackermann_msgs_s__rosidl_typesupport_c.cpython-310-aarch64-linux-gnu.so[0m
[29.164s] [100%] [32m[1mLinking C shared library rosidl_generator_py/ackermann_msgs/ackermann_msgs_s__rosidl_typesupport_fastrtps_c.cpython-310-aarch64-linux-gnu.so[0m
[29.395s] [100%] Built target ackermann_msgs__rosidl_typesupport_c__pyext
[29.399s] [100%] Built target ackermann_msgs__rosidl_typesupport_fastrtps_c__pyext
[29.400s] [100%] Built target ackermann_msgs__rosidl_typesupport_introspection_c__pyext
[29.452s] Invoked command in '/userdata/dev_ws/build/ackermann_msgs' returned '0': CMAKE_PREFIX_PATH=${CMAKE_PREFIX_PATH}:/opt/tros/humble:/opt/ros/humble /usr/bin/cmake --build /userdata/dev_ws/build/ackermann_msgs -- -j8 -l8
[29.459s] Invoking command in '/userdata/dev_ws/build/ackermann_msgs': CMAKE_PREFIX_PATH=${CMAKE_PREFIX_PATH}:/opt/tros/humble:/opt/ros/humble /usr/bin/cmake --install /userdata/dev_ws/build/ackermann_msgs
[29.494s] -- Install configuration: ""
[29.497s] -- Execute custom install script
[29.499s] -- Up-to-date symlink: /userdata/dev_ws/install/ackermann_msgs/share/ament_index/resource_index/rosidl_interfaces/ackermann_msgs
[29.503s] -- Up-to-date symlink: /userdata/dev_ws/install/ackermann_msgs/include/ackermann_msgs/ackermann_msgs/msg/ackermann_drive.h
[29.504s] -- Up-to-date symlink: /userdata/dev_ws/install/ackermann_msgs/include/ackermann_msgs/ackermann_msgs/msg/ackermann_drive_stamped.h
[29.505s] -- Up-to-date symlink: /userdata/dev_ws/install/ackermann_msgs/include/ackermann_msgs/ackermann_msgs/msg/detail/ackermann_drive__functions.h
[29.506s] -- Up-to-date symlink: /userdata/dev_ws/install/ackermann_msgs/include/ackermann_msgs/ackermann_msgs/msg/detail/ackermann_drive__struct.h
[29.507s] -- Up-to-date symlink: /userdata/dev_ws/install/ackermann_msgs/include/ackermann_msgs/ackermann_msgs/msg/detail/ackermann_drive__type_support.h
[29.508s] -- Up-to-date symlink: /userdata/dev_ws/install/ackermann_msgs/include/ackermann_msgs/ackermann_msgs/msg/detail/ackermann_drive_stamped__functions.h
[29.509s] -- Up-to-date symlink: /userdata/dev_ws/install/ackermann_msgs/include/ackermann_msgs/ackermann_msgs/msg/detail/ackermann_drive_stamped__struct.h
[29.510s] -- Up-to-date symlink: /userdata/dev_ws/install/ackermann_msgs/include/ackermann_msgs/ackermann_msgs/msg/detail/ackermann_drive_stamped__type_support.h
[29.511s] -- Up-to-date symlink: /userdata/dev_ws/install/ackermann_msgs/include/ackermann_msgs/ackermann_msgs/msg/rosidl_generator_c__visibility_control.h
[29.514s] -- Up-to-date symlink: /userdata/dev_ws/install/ackermann_msgs/share/ackermann_msgs/environment/library_path.sh
[29.514s] -- Up-to-date symlink: /userdata/dev_ws/install/ackermann_msgs/share/ackermann_msgs/environment/library_path.dsv
[29.517s] -- Up-to-date symlink: /userdata/dev_ws/install/ackermann_msgs/include/ackermann_msgs/ackermann_msgs/msg/detail/ackermann_drive__rosidl_typesupport_fastrtps_c.h
[29.518s] -- Up-to-date symlink: /userdata/dev_ws/install/ackermann_msgs/include/ackermann_msgs/ackermann_msgs/msg/detail/ackermann_drive_stamped__rosidl_typesupport_fastrtps_c.h
[29.519s] -- Up-to-date symlink: /userdata/dev_ws/install/ackermann_msgs/include/ackermann_msgs/ackermann_msgs/msg/rosidl_typesupport_fastrtps_c__visibility_control.h
[29.521s] -- Up-to-date symlink: /userdata/dev_ws/install/ackermann_msgs/include/ackermann_msgs/ackermann_msgs/msg/detail/ackermann_drive__rosidl_typesupport_introspection_c.h
[29.522s] -- Up-to-date symlink: /userdata/dev_ws/install/ackermann_msgs/include/ackermann_msgs/ackermann_msgs/msg/detail/ackermann_drive_stamped__rosidl_typesupport_introspection_c.h
[29.523s] -- Up-to-date symlink: /userdata/dev_ws/install/ackermann_msgs/include/ackermann_msgs/ackermann_msgs/msg/rosidl_typesupport_introspection_c__visibility_control.h
[29.526s] -- Up-to-date symlink: /userdata/dev_ws/install/ackermann_msgs/include/ackermann_msgs/ackermann_msgs/msg/ackermann_drive.hpp
[29.527s] -- Up-to-date symlink: /userdata/dev_ws/install/ackermann_msgs/include/ackermann_msgs/ackermann_msgs/msg/ackermann_drive_stamped.hpp
[29.528s] -- Up-to-date symlink: /userdata/dev_ws/install/ackermann_msgs/include/ackermann_msgs/ackermann_msgs/msg/detail/ackermann_drive__builder.hpp
[29.529s] -- Up-to-date symlink: /userdata/dev_ws/install/ackermann_msgs/include/ackermann_msgs/ackermann_msgs/msg/detail/ackermann_drive__struct.hpp
[29.530s] -- Up-to-date symlink: /userdata/dev_ws/install/ackermann_msgs/include/ackermann_msgs/ackermann_msgs/msg/detail/ackermann_drive__traits.hpp
[29.530s] -- Symlinking: /userdata/dev_ws/install/ackermann_msgs/include/ackermann_msgs/ackermann_msgs/msg/detail/ackermann_drive__type_support.hpp
[29.570s] -- Up-to-date symlink: /userdata/dev_ws/install/ackermann_msgs/include/ackermann_msgs/ackermann_msgs/msg/detail/ackermann_drive_stamped__builder.hpp
[29.571s] -- Up-to-date symlink: /userdata/dev_ws/install/ackermann_msgs/include/ackermann_msgs/ackermann_msgs/msg/detail/ackermann_drive_stamped__struct.hpp
[29.572s] -- Up-to-date symlink: /userdata/dev_ws/install/ackermann_msgs/include/ackermann_msgs/ackermann_msgs/msg/detail/ackermann_drive_stamped__traits.hpp
[29.572s] -- Symlinking: /userdata/dev_ws/install/ackermann_msgs/include/ackermann_msgs/ackermann_msgs/msg/detail/ackermann_drive_stamped__type_support.hpp
[29.610s] -- Symlinking: /userdata/dev_ws/install/ackermann_msgs/include/ackermann_msgs/ackermann_msgs/msg/rosidl_generator_cpp__visibility_control.hpp
[29.652s] -- Up-to-date symlink: /userdata/dev_ws/install/ackermann_msgs/include/ackermann_msgs/ackermann_msgs/msg/detail/ackermann_drive__rosidl_typesupport_fastrtps_cpp.hpp
[29.652s] -- Up-to-date symlink: /userdata/dev_ws/install/ackermann_msgs/include/ackermann_msgs/ackermann_msgs/msg/detail/ackermann_drive_stamped__rosidl_typesupport_fastrtps_cpp.hpp
[29.654s] -- Up-to-date symlink: /userdata/dev_ws/install/ackermann_msgs/include/ackermann_msgs/ackermann_msgs/msg/rosidl_typesupport_fastrtps_cpp__visibility_control.h
[29.656s] -- Up-to-date symlink: /userdata/dev_ws/install/ackermann_msgs/include/ackermann_msgs/ackermann_msgs/msg/detail/ackermann_drive__rosidl_typesupport_introspection_cpp.hpp
[29.657s] -- Up-to-date symlink: /userdata/dev_ws/install/ackermann_msgs/include/ackermann_msgs/ackermann_msgs/msg/detail/ackermann_drive_stamped__rosidl_typesupport_introspection_cpp.hpp
[29.658s] -- Up-to-date symlink: /userdata/dev_ws/install/ackermann_msgs/share/ackermann_msgs/environment/pythonpath.sh
[29.659s] -- Up-to-date symlink: /userdata/dev_ws/install/ackermann_msgs/share/ackermann_msgs/environment/pythonpath.dsv
[29.660s] -- Up-to-date symlink: /userdata/dev_ws/install/ackermann_msgs/local/lib/python3.10/dist-packages/ackermann_msgs-2.0.2-py3.10.egg-info/PKG-INFO
[29.661s] -- Up-to-date symlink: /userdata/dev_ws/install/ackermann_msgs/local/lib/python3.10/dist-packages/ackermann_msgs-2.0.2-py3.10.egg-info/SOURCES.txt
[29.662s] -- Up-to-date symlink: /userdata/dev_ws/install/ackermann_msgs/local/lib/python3.10/dist-packages/ackermann_msgs-2.0.2-py3.10.egg-info/dependency_links.txt
[29.663s] -- Up-to-date symlink: /userdata/dev_ws/install/ackermann_msgs/local/lib/python3.10/dist-packages/ackermann_msgs-2.0.2-py3.10.egg-info/top_level.txt
[29.667s] -- Up-to-date symlink: /userdata/dev_ws/install/ackermann_msgs/local/lib/python3.10/dist-packages/ackermann_msgs/__init__.py
[29.668s] -- Up-to-date symlink: /userdata/dev_ws/install/ackermann_msgs/local/lib/python3.10/dist-packages/ackermann_msgs/_ackermann_msgs_s.ep.rosidl_typesupport_c.c
[29.668s] -- Up-to-date symlink: /userdata/dev_ws/install/ackermann_msgs/local/lib/python3.10/dist-packages/ackermann_msgs/_ackermann_msgs_s.ep.rosidl_typesupport_fastrtps_c.c
[29.669s] -- Up-to-date symlink: /userdata/dev_ws/install/ackermann_msgs/local/lib/python3.10/dist-packages/ackermann_msgs/_ackermann_msgs_s.ep.rosidl_typesupport_introspection_c.c
[29.670s] -- Up-to-date symlink: /userdata/dev_ws/install/ackermann_msgs/local/lib/python3.10/dist-packages/ackermann_msgs/ackermann_msgs_s__rosidl_typesupport_c.cpython-310-aarch64-linux-gnu.so
[29.671s] -- Up-to-date symlink: /userdata/dev_ws/install/ackermann_msgs/local/lib/python3.10/dist-packages/ackermann_msgs/ackermann_msgs_s__rosidl_typesupport_fastrtps_c.cpython-310-aarch64-linux-gnu.so
[29.672s] -- Up-to-date symlink: /userdata/dev_ws/install/ackermann_msgs/local/lib/python3.10/dist-packages/ackermann_msgs/ackermann_msgs_s__rosidl_typesupport_introspection_c.cpython-310-aarch64-linux-gnu.so
[29.673s] -- Up-to-date symlink: /userdata/dev_ws/install/ackermann_msgs/local/lib/python3.10/dist-packages/ackermann_msgs/libackermann_msgs__rosidl_generator_py.so
[29.675s] -- Up-to-date symlink: /userdata/dev_ws/install/ackermann_msgs/local/lib/python3.10/dist-packages/ackermann_msgs/msg/__init__.py
[29.676s] -- Up-to-date symlink: /userdata/dev_ws/install/ackermann_msgs/local/lib/python3.10/dist-packages/ackermann_msgs/msg/_ackermann_drive.py
[29.676s] -- Up-to-date symlink: /userdata/dev_ws/install/ackermann_msgs/local/lib/python3.10/dist-packages/ackermann_msgs/msg/_ackermann_drive_s.c
[29.677s] -- Up-to-date symlink: /userdata/dev_ws/install/ackermann_msgs/local/lib/python3.10/dist-packages/ackermann_msgs/msg/_ackermann_drive_stamped.py
[29.678s] -- Up-to-date symlink: /userdata/dev_ws/install/ackermann_msgs/local/lib/python3.10/dist-packages/ackermann_msgs/msg/_ackermann_drive_stamped_s.c
[29.680s] -- Up-to-date symlink: /userdata/dev_ws/install/ackermann_msgs/local/lib/python3.10/dist-packages/ackermann_msgs/ackermann_msgs_s__rosidl_typesupport_fastrtps_c.cpython-310-aarch64-linux-gnu.so
[29.681s] -- Up-to-date symlink: /userdata/dev_ws/install/ackermann_msgs/local/lib/python3.10/dist-packages/ackermann_msgs/ackermann_msgs_s__rosidl_typesupport_introspection_c.cpython-310-aarch64-linux-gnu.so
[29.682s] -- Up-to-date symlink: /userdata/dev_ws/install/ackermann_msgs/local/lib/python3.10/dist-packages/ackermann_msgs/ackermann_msgs_s__rosidl_typesupport_c.cpython-310-aarch64-linux-gnu.so
[29.684s] -- Up-to-date symlink: /userdata/dev_ws/install/ackermann_msgs/share/ackermann_msgs/msg/AckermannDrive.idl
[29.685s] -- Up-to-date symlink: /userdata/dev_ws/install/ackermann_msgs/share/ackermann_msgs/msg/AckermannDriveStamped.idl
[29.686s] -- Up-to-date symlink: /userdata/dev_ws/install/ackermann_msgs/share/ackermann_msgs/msg/AckermannDrive.msg
[29.688s] -- Up-to-date symlink: /userdata/dev_ws/install/ackermann_msgs/share/ackermann_msgs/msg/AckermannDriveStamped.msg
[29.688s] -- Up-to-date symlink: /userdata/dev_ws/install/ackermann_msgs/share/ament_index/resource_index/package_run_dependencies/ackermann_msgs
[29.690s] -- Up-to-date symlink: /userdata/dev_ws/install/ackermann_msgs/share/ament_index/resource_index/parent_prefix_path/ackermann_msgs
[29.692s] -- Up-to-date symlink: /userdata/dev_ws/install/ackermann_msgs/share/ackermann_msgs/environment/ament_prefix_path.sh
[29.692s] -- Up-to-date symlink: /userdata/dev_ws/install/ackermann_msgs/share/ackermann_msgs/environment/ament_prefix_path.dsv
[29.694s] -- Up-to-date symlink: /userdata/dev_ws/install/ackermann_msgs/share/ackermann_msgs/environment/path.sh
[29.694s] -- Up-to-date symlink: /userdata/dev_ws/install/ackermann_msgs/share/ackermann_msgs/environment/path.dsv
[29.696s] -- Up-to-date symlink: /userdata/dev_ws/install/ackermann_msgs/share/ackermann_msgs/local_setup.bash
[29.697s] -- Up-to-date symlink: /userdata/dev_ws/install/ackermann_msgs/share/ackermann_msgs/local_setup.sh
[29.698s] -- Up-to-date symlink: /userdata/dev_ws/install/ackermann_msgs/share/ackermann_msgs/local_setup.zsh
[29.699s] -- Up-to-date symlink: /userdata/dev_ws/install/ackermann_msgs/share/ackermann_msgs/local_setup.dsv
[29.700s] -- Symlinking: /userdata/dev_ws/install/ackermann_msgs/share/ackermann_msgs/package.dsv
[29.740s] -- Up-to-date symlink: /userdata/dev_ws/install/ackermann_msgs/share/ament_index/resource_index/packages/ackermann_msgs
[29.741s] -- Up-to-date symlink: /userdata/dev_ws/install/ackermann_msgs/share/ackermann_msgs/cmake/rosidl_cmake-extras.cmake
[29.742s] -- Up-to-date symlink: /userdata/dev_ws/install/ackermann_msgs/share/ackermann_msgs/cmake/ament_cmake_export_dependencies-extras.cmake
[29.744s] -- Up-to-date symlink: /userdata/dev_ws/install/ackermann_msgs/share/ackermann_msgs/cmake/ament_cmake_export_include_directories-extras.cmake
[29.745s] -- Up-to-date symlink: /userdata/dev_ws/install/ackermann_msgs/share/ackermann_msgs/cmake/ament_cmake_export_libraries-extras.cmake
[29.746s] -- Up-to-date symlink: /userdata/dev_ws/install/ackermann_msgs/share/ackermann_msgs/cmake/ament_cmake_export_targets-extras.cmake
[29.747s] -- Up-to-date symlink: /userdata/dev_ws/install/ackermann_msgs/share/ackermann_msgs/cmake/rosidl_cmake_export_typesupport_targets-extras.cmake
[29.749s] -- Up-to-date symlink: /userdata/dev_ws/install/ackermann_msgs/share/ackermann_msgs/cmake/rosidl_cmake_export_typesupport_libraries-extras.cmake
[29.750s] -- Up-to-date symlink: /userdata/dev_ws/install/ackermann_msgs/share/ackermann_msgs/cmake/ackermann_msgsConfig.cmake
[29.751s] -- Up-to-date symlink: /userdata/dev_ws/install/ackermann_msgs/share/ackermann_msgs/cmake/ackermann_msgsConfig-version.cmake
[29.752s] -- Up-to-date symlink: /userdata/dev_ws/install/ackermann_msgs/share/ackermann_msgs/package.xml
[29.755s] -- Installing: /userdata/dev_ws/install/ackermann_msgs/lib/libackermann_msgs__rosidl_generator_c.so
[29.756s] -- Set runtime path of "/userdata/dev_ws/install/ackermann_msgs/lib/libackermann_msgs__rosidl_generator_c.so" to ""
[29.758s] -- Installing: /userdata/dev_ws/install/ackermann_msgs/lib/libackermann_msgs__rosidl_typesupport_fastrtps_c.so
[29.759s] -- Set runtime path of "/userdata/dev_ws/install/ackermann_msgs/lib/libackermann_msgs__rosidl_typesupport_fastrtps_c.so" to ""
[29.761s] -- Installing: /userdata/dev_ws/install/ackermann_msgs/lib/libackermann_msgs__rosidl_typesupport_introspection_c.so
[29.762s] -- Set runtime path of "/userdata/dev_ws/install/ackermann_msgs/lib/libackermann_msgs__rosidl_typesupport_introspection_c.so" to ""
[29.763s] -- Installing: /userdata/dev_ws/install/ackermann_msgs/lib/libackermann_msgs__rosidl_typesupport_c.so
[29.765s] -- Set runtime path of "/userdata/dev_ws/install/ackermann_msgs/lib/libackermann_msgs__rosidl_typesupport_c.so" to ""
[29.766s] -- Installing: /userdata/dev_ws/install/ackermann_msgs/lib/libackermann_msgs__rosidl_typesupport_fastrtps_cpp.so
[29.768s] -- Set runtime path of "/userdata/dev_ws/install/ackermann_msgs/lib/libackermann_msgs__rosidl_typesupport_fastrtps_cpp.so" to ""
[29.770s] -- Installing: /userdata/dev_ws/install/ackermann_msgs/lib/libackermann_msgs__rosidl_typesupport_introspection_cpp.so
[29.771s] -- Set runtime path of "/userdata/dev_ws/install/ackermann_msgs/lib/libackermann_msgs__rosidl_typesupport_introspection_cpp.so" to ""
[29.773s] -- Installing: /userdata/dev_ws/install/ackermann_msgs/lib/libackermann_msgs__rosidl_typesupport_cpp.so
[29.774s] -- Set runtime path of "/userdata/dev_ws/install/ackermann_msgs/lib/libackermann_msgs__rosidl_typesupport_cpp.so" to ""
[29.995s] Listing '/userdata/dev_ws/install/ackermann_msgs/local/lib/python3.10/dist-packages/ackermann_msgs'...
[29.996s] Compiling '/userdata/dev_ws/install/ackermann_msgs/local/lib/python3.10/dist-packages/ackermann_msgs/__init__.py'...
[29.996s] Listing '/userdata/dev_ws/install/ackermann_msgs/local/lib/python3.10/dist-packages/ackermann_msgs/msg'...
[29.997s] Compiling '/userdata/dev_ws/install/ackermann_msgs/local/lib/python3.10/dist-packages/ackermann_msgs/msg/__init__.py'...
[29.997s] Compiling '/userdata/dev_ws/install/ackermann_msgs/local/lib/python3.10/dist-packages/ackermann_msgs/msg/_ackermann_drive.py'...
[29.998s] Compiling '/userdata/dev_ws/install/ackermann_msgs/local/lib/python3.10/dist-packages/ackermann_msgs/msg/_ackermann_drive_stamped.py'...
[30.041s] -- Installing: /userdata/dev_ws/install/ackermann_msgs/lib/libackermann_msgs__rosidl_generator_py.so
[30.042s] -- Set runtime path of "/userdata/dev_ws/install/ackermann_msgs/lib/libackermann_msgs__rosidl_generator_py.so" to ""
[30.043s] -- Up-to-date: /userdata/dev_ws/install/ackermann_msgs/share/ackermann_msgs/cmake/export_ackermann_msgs__rosidl_generator_cExport.cmake
[30.044s] -- Up-to-date: /userdata/dev_ws/install/ackermann_msgs/share/ackermann_msgs/cmake/export_ackermann_msgs__rosidl_generator_cExport-noconfig.cmake
[30.045s] -- Up-to-date: /userdata/dev_ws/install/ackermann_msgs/share/ackermann_msgs/cmake/export_ackermann_msgs__rosidl_typesupport_fastrtps_cExport.cmake
[30.045s] -- Up-to-date: /userdata/dev_ws/install/ackermann_msgs/share/ackermann_msgs/cmake/export_ackermann_msgs__rosidl_typesupport_fastrtps_cExport-noconfig.cmake
[30.046s] -- Up-to-date: /userdata/dev_ws/install/ackermann_msgs/share/ackermann_msgs/cmake/ackermann_msgs__rosidl_typesupport_introspection_cExport.cmake
[30.047s] -- Up-to-date: /userdata/dev_ws/install/ackermann_msgs/share/ackermann_msgs/cmake/ackermann_msgs__rosidl_typesupport_introspection_cExport-noconfig.cmake
[30.047s] -- Up-to-date: /userdata/dev_ws/install/ackermann_msgs/share/ackermann_msgs/cmake/ackermann_msgs__rosidl_typesupport_cExport.cmake
[30.048s] -- Up-to-date: /userdata/dev_ws/install/ackermann_msgs/share/ackermann_msgs/cmake/ackermann_msgs__rosidl_typesupport_cExport-noconfig.cmake
[30.048s] -- Up-to-date: /userdata/dev_ws/install/ackermann_msgs/share/ackermann_msgs/cmake/export_ackermann_msgs__rosidl_generator_cppExport.cmake
[30.049s] -- Up-to-date: /userdata/dev_ws/install/ackermann_msgs/share/ackermann_msgs/cmake/export_ackermann_msgs__rosidl_typesupport_fastrtps_cppExport.cmake
[30.050s] -- Up-to-date: /userdata/dev_ws/install/ackermann_msgs/share/ackermann_msgs/cmake/export_ackermann_msgs__rosidl_typesupport_fastrtps_cppExport-noconfig.cmake
[30.050s] -- Up-to-date: /userdata/dev_ws/install/ackermann_msgs/share/ackermann_msgs/cmake/ackermann_msgs__rosidl_typesupport_introspection_cppExport.cmake
[30.051s] -- Up-to-date: /userdata/dev_ws/install/ackermann_msgs/share/ackermann_msgs/cmake/ackermann_msgs__rosidl_typesupport_introspection_cppExport-noconfig.cmake
[30.052s] -- Up-to-date: /userdata/dev_ws/install/ackermann_msgs/share/ackermann_msgs/cmake/ackermann_msgs__rosidl_typesupport_cppExport.cmake
[30.052s] -- Up-to-date: /userdata/dev_ws/install/ackermann_msgs/share/ackermann_msgs/cmake/ackermann_msgs__rosidl_typesupport_cppExport-noconfig.cmake
[30.053s] -- Up-to-date: /userdata/dev_ws/install/ackermann_msgs/share/ackermann_msgs/cmake/export_ackermann_msgs__rosidl_generator_pyExport.cmake
[30.053s] -- Up-to-date: /userdata/dev_ws/install/ackermann_msgs/share/ackermann_msgs/cmake/export_ackermann_msgs__rosidl_generator_pyExport-noconfig.cmake
[30.065s] Invoked command in '/userdata/dev_ws/build/ackermann_msgs' returned '0': CMAKE_PREFIX_PATH=${CMAKE_PREFIX_PATH}:/opt/tros/humble:/opt/ros/humble /usr/bin/cmake --install /userdata/dev_ws/build/ackermann_msgs
