[0.137s] Invoking command in '/userdata/dev_ws/build/origincar_bringup': CMAKE_PREFIX_PATH=${CMAKE_PREFIX_PATH}:/opt/tros/humble:/opt/ros/humble /usr/bin/cmake --build /userdata/dev_ws/build/origincar_bringup -- -j8 -l8
[0.479s] Invoked command in '/userdata/dev_ws/build/origincar_bringup' returned '0': CMAKE_PREFIX_PATH=${CMAKE_PREFIX_PATH}:/opt/tros/humble:/opt/ros/humble /usr/bin/cmake --build /userdata/dev_ws/build/origincar_bringup -- -j8 -l8
[0.535s] Invoking command in '/userdata/dev_ws/build/origincar_bringup': CMAKE_PREFIX_PATH=${CMAKE_PREFIX_PATH}:/opt/tros/humble:/opt/ros/humble /usr/bin/cmake --install /userdata/dev_ws/build/origincar_bringup
[0.585s] -- Install configuration: ""
[0.591s] -- Up-to-date: /userdata/dev_ws/install/origincar_bringup/share/origincar_bringup/launch
[0.600s] -- Up-to-date: /userdata/dev_ws/install/origincar_bringup/share/origincar_bringup/launch/usb_websocket_display.launch.py
[0.612s] -- Execute custom install script
[0.613s] -- Up-to-date symlink: /userdata/dev_ws/install/origincar_bringup/share/ament_index/resource_index/package_run_dependencies/origincar_bringup
[0.622s] -- Up-to-date symlink: /userdata/dev_ws/install/origincar_bringup/share/ament_index/resource_index/parent_prefix_path/origincar_bringup
[0.632s] -- Up-to-date symlink: /userdata/dev_ws/install/origincar_bringup/share/origincar_bringup/environment/ament_prefix_path.sh
[0.633s] -- Up-to-date symlink: /userdata/dev_ws/install/origincar_bringup/share/origincar_bringup/environment/ament_prefix_path.dsv
[0.641s] -- Up-to-date symlink: /userdata/dev_ws/install/origincar_bringup/share/origincar_bringup/environment/path.sh
[0.643s] -- Up-to-date symlink: /userdata/dev_ws/install/origincar_bringup/share/origincar_bringup/environment/path.dsv
[0.653s] -- Up-to-date symlink: /userdata/dev_ws/install/origincar_bringup/share/origincar_bringup/local_setup.bash
[0.657s] -- Up-to-date symlink: /userdata/dev_ws/install/origincar_bringup/share/origincar_bringup/local_setup.sh
[0.662s] -- Up-to-date symlink: /userdata/dev_ws/install/origincar_bringup/share/origincar_bringup/local_setup.zsh
[0.663s] -- Up-to-date symlink: /userdata/dev_ws/install/origincar_bringup/share/origincar_bringup/local_setup.dsv
[0.665s] -- Symlinking: /userdata/dev_ws/install/origincar_bringup/share/origincar_bringup/package.dsv
[0.724s] -- Up-to-date symlink: /userdata/dev_ws/install/origincar_bringup/share/ament_index/resource_index/packages/origincar_bringup
[0.726s] -- Up-to-date symlink: /userdata/dev_ws/install/origincar_bringup/share/origincar_bringup/cmake/origincar_bringupConfig.cmake
[0.727s] -- Up-to-date symlink: /userdata/dev_ws/install/origincar_bringup/share/origincar_bringup/cmake/origincar_bringupConfig-version.cmake
[0.735s] -- Up-to-date symlink: /userdata/dev_ws/install/origincar_bringup/share/origincar_bringup/package.xml
[0.739s] Invoked command in '/userdata/dev_ws/build/origincar_bringup' returned '0': CMAKE_PREFIX_PATH=${CMAKE_PREFIX_PATH}:/opt/tros/humble:/opt/ros/humble /usr/bin/cmake --install /userdata/dev_ws/build/origincar_bringup
