[0.168s] Invoking command in '/userdata/dev_ws/build/origincar_msg': CMAKE_PREFIX_PATH=${CMAKE_PREFIX_PATH}:/opt/tros/humble:/opt/ros/humble /usr/bin/cmake --build /userdata/dev_ws/build/origincar_msg -- -j8 -l8
[0.567s] [35m[1mConsolidate compiler generated dependencies of target origincar_msg__rosidl_generator_c[0m
[0.589s] [  2%] Built target origincar_msg__cpp
[0.633s] [  2%] Built target ament_cmake_python_symlink_origincar_msg
[0.644s] [ 12%] Built target origincar_msg__rosidl_generator_c
[0.701s] [35m[1mConsolidate compiler generated dependencies of target origincar_msg__rosidl_typesupport_fastrtps_cpp[0m
[0.732s] [35m[1mConsolidate compiler generated dependencies of target origincar_msg__rosidl_typesupport_cpp[0m
[0.770s] [35m[1mConsolidate compiler generated dependencies of target origincar_msg__rosidl_typesupport_introspection_cpp[0m
[0.801s] [35m[1mConsolidate compiler generated dependencies of target origincar_msg__rosidl_typesupport_c[0m
[0.801s] [35m[1mConsolidate compiler generated dependencies of target origincar_msg__rosidl_typesupport_fastrtps_c[0m
[0.821s] [35m[1mConsolidate compiler generated dependencies of target origincar_msg__rosidl_typesupport_introspection_c[0m
[0.835s] [ 23%] Built target origincar_msg__rosidl_typesupport_fastrtps_cpp
[0.915s] [ 33%] Built target origincar_msg__rosidl_typesupport_c
[0.917s] [ 43%] Built target origincar_msg__rosidl_typesupport_cpp
[0.954s] [ 53%] Built target origincar_msg__rosidl_typesupport_introspection_cpp
[0.957s] [ 64%] Built target origincar_msg__rosidl_typesupport_introspection_c
[0.964s] [ 74%] Built target origincar_msg__rosidl_typesupport_fastrtps_c
[1.063s] [ 74%] Built target origincar_msg
[1.167s] [ 76%] Built target origincar_msg__py
[1.238s] [35m[1mConsolidate compiler generated dependencies of target origincar_msg__rosidl_generator_py[0m
[1.319s] [ 84%] Built target origincar_msg__rosidl_generator_py
[1.382s] [35m[1mConsolidate compiler generated dependencies of target origincar_msg__rosidl_typesupport_introspection_c__pyext[0m
[1.389s] [35m[1mConsolidate compiler generated dependencies of target origincar_msg__rosidl_typesupport_c__pyext[0m
[1.402s] [35m[1mConsolidate compiler generated dependencies of target origincar_msg__rosidl_typesupport_fastrtps_c__pyext[0m
[1.456s] [ 89%] Built target origincar_msg__rosidl_typesupport_c__pyext
[1.458s] [ 94%] Built target origincar_msg__rosidl_typesupport_introspection_c__pyext
[1.469s] [100%] Built target origincar_msg__rosidl_typesupport_fastrtps_c__pyext
[2.353s] running egg_info
[2.357s] writing origincar_msg.egg-info/PKG-INFO
[2.359s] writing dependency_links to origincar_msg.egg-info/dependency_links.txt
[2.359s] writing top-level names to origincar_msg.egg-info/top_level.txt
[2.374s] reading manifest file 'origincar_msg.egg-info/SOURCES.txt'
[2.379s] writing manifest file 'origincar_msg.egg-info/SOURCES.txt'
[2.595s] [100%] Built target ament_cmake_python_build_origincar_msg_egg
[2.699s] Invoked command in '/userdata/dev_ws/build/origincar_msg' returned '0': CMAKE_PREFIX_PATH=${CMAKE_PREFIX_PATH}:/opt/tros/humble:/opt/ros/humble /usr/bin/cmake --build /userdata/dev_ws/build/origincar_msg -- -j8 -l8
[2.707s] Invoking command in '/userdata/dev_ws/build/origincar_msg': CMAKE_PREFIX_PATH=${CMAKE_PREFIX_PATH}:/opt/tros/humble:/opt/ros/humble /usr/bin/cmake --install /userdata/dev_ws/build/origincar_msg
[2.743s] -- Install configuration: ""
[2.746s] -- Execute custom install script
[2.748s] -- Up-to-date symlink: /userdata/dev_ws/install/origincar_msg/share/ament_index/resource_index/rosidl_interfaces/origincar_msg
[2.751s] -- Up-to-date symlink: /userdata/dev_ws/install/origincar_msg/include/origincar_msg/origincar_msg/msg/data.h
[2.753s] -- Up-to-date symlink: /userdata/dev_ws/install/origincar_msg/include/origincar_msg/origincar_msg/msg/detail/data__functions.h
[2.754s] -- Up-to-date symlink: /userdata/dev_ws/install/origincar_msg/include/origincar_msg/origincar_msg/msg/detail/data__struct.h
[2.755s] -- Up-to-date symlink: /userdata/dev_ws/install/origincar_msg/include/origincar_msg/origincar_msg/msg/detail/data__type_support.h
[2.756s] -- Up-to-date symlink: /userdata/dev_ws/install/origincar_msg/include/origincar_msg/origincar_msg/msg/detail/sign__functions.h
[2.756s] -- Up-to-date symlink: /userdata/dev_ws/install/origincar_msg/include/origincar_msg/origincar_msg/msg/detail/sign__struct.h
[2.758s] -- Up-to-date symlink: /userdata/dev_ws/install/origincar_msg/include/origincar_msg/origincar_msg/msg/detail/sign__type_support.h
[2.759s] -- Up-to-date symlink: /userdata/dev_ws/install/origincar_msg/include/origincar_msg/origincar_msg/msg/rosidl_generator_c__visibility_control.h
[2.760s] -- Up-to-date symlink: /userdata/dev_ws/install/origincar_msg/include/origincar_msg/origincar_msg/msg/sign.h
[2.760s] -- Up-to-date symlink: /userdata/dev_ws/install/origincar_msg/share/origincar_msg/environment/library_path.sh
[2.761s] -- Up-to-date symlink: /userdata/dev_ws/install/origincar_msg/share/origincar_msg/environment/library_path.dsv
[2.763s] -- Up-to-date symlink: /userdata/dev_ws/install/origincar_msg/include/origincar_msg/origincar_msg/msg/detail/data__rosidl_typesupport_fastrtps_c.h
[2.765s] -- Up-to-date symlink: /userdata/dev_ws/install/origincar_msg/include/origincar_msg/origincar_msg/msg/detail/sign__rosidl_typesupport_fastrtps_c.h
[2.766s] -- Up-to-date symlink: /userdata/dev_ws/install/origincar_msg/include/origincar_msg/origincar_msg/msg/rosidl_typesupport_fastrtps_c__visibility_control.h
[2.768s] -- Up-to-date symlink: /userdata/dev_ws/install/origincar_msg/include/origincar_msg/origincar_msg/msg/detail/data__rosidl_typesupport_introspection_c.h
[2.769s] -- Up-to-date symlink: /userdata/dev_ws/install/origincar_msg/include/origincar_msg/origincar_msg/msg/detail/sign__rosidl_typesupport_introspection_c.h
[2.770s] -- Up-to-date symlink: /userdata/dev_ws/install/origincar_msg/include/origincar_msg/origincar_msg/msg/rosidl_typesupport_introspection_c__visibility_control.h
[2.772s] -- Up-to-date symlink: /userdata/dev_ws/install/origincar_msg/include/origincar_msg/origincar_msg/msg/data.hpp
[2.773s] -- Up-to-date symlink: /userdata/dev_ws/install/origincar_msg/include/origincar_msg/origincar_msg/msg/detail/data__builder.hpp
[2.774s] -- Up-to-date symlink: /userdata/dev_ws/install/origincar_msg/include/origincar_msg/origincar_msg/msg/detail/data__struct.hpp
[2.776s] -- Up-to-date symlink: /userdata/dev_ws/install/origincar_msg/include/origincar_msg/origincar_msg/msg/detail/data__traits.hpp
[2.776s] -- Up-to-date symlink: /userdata/dev_ws/install/origincar_msg/include/origincar_msg/origincar_msg/msg/detail/data__type_support.hpp
[2.778s] -- Up-to-date symlink: /userdata/dev_ws/install/origincar_msg/include/origincar_msg/origincar_msg/msg/detail/sign__builder.hpp
[2.779s] -- Up-to-date symlink: /userdata/dev_ws/install/origincar_msg/include/origincar_msg/origincar_msg/msg/detail/sign__struct.hpp
[2.780s] -- Up-to-date symlink: /userdata/dev_ws/install/origincar_msg/include/origincar_msg/origincar_msg/msg/detail/sign__traits.hpp
[2.781s] -- Up-to-date symlink: /userdata/dev_ws/install/origincar_msg/include/origincar_msg/origincar_msg/msg/detail/sign__type_support.hpp
[2.781s] -- Up-to-date symlink: /userdata/dev_ws/install/origincar_msg/include/origincar_msg/origincar_msg/msg/rosidl_generator_cpp__visibility_control.hpp
[2.782s] -- Up-to-date symlink: /userdata/dev_ws/install/origincar_msg/include/origincar_msg/origincar_msg/msg/sign.hpp
[2.785s] -- Up-to-date symlink: /userdata/dev_ws/install/origincar_msg/include/origincar_msg/origincar_msg/msg/detail/data__rosidl_typesupport_fastrtps_cpp.hpp
[2.785s] -- Up-to-date symlink: /userdata/dev_ws/install/origincar_msg/include/origincar_msg/origincar_msg/msg/detail/sign__rosidl_typesupport_fastrtps_cpp.hpp
[2.786s] -- Up-to-date symlink: /userdata/dev_ws/install/origincar_msg/include/origincar_msg/origincar_msg/msg/rosidl_typesupport_fastrtps_cpp__visibility_control.h
[2.789s] -- Up-to-date symlink: /userdata/dev_ws/install/origincar_msg/include/origincar_msg/origincar_msg/msg/detail/data__rosidl_typesupport_introspection_cpp.hpp
[2.790s] -- Up-to-date symlink: /userdata/dev_ws/install/origincar_msg/include/origincar_msg/origincar_msg/msg/detail/sign__rosidl_typesupport_introspection_cpp.hpp
[2.791s] -- Up-to-date symlink: /userdata/dev_ws/install/origincar_msg/share/origincar_msg/environment/pythonpath.sh
[2.792s] -- Up-to-date symlink: /userdata/dev_ws/install/origincar_msg/share/origincar_msg/environment/pythonpath.dsv
[2.793s] -- Up-to-date symlink: /userdata/dev_ws/install/origincar_msg/local/lib/python3.10/dist-packages/origincar_msg-0.0.0-py3.10.egg-info/PKG-INFO
[2.795s] -- Up-to-date symlink: /userdata/dev_ws/install/origincar_msg/local/lib/python3.10/dist-packages/origincar_msg-0.0.0-py3.10.egg-info/SOURCES.txt
[2.796s] -- Up-to-date symlink: /userdata/dev_ws/install/origincar_msg/local/lib/python3.10/dist-packages/origincar_msg-0.0.0-py3.10.egg-info/dependency_links.txt
[2.797s] -- Up-to-date symlink: /userdata/dev_ws/install/origincar_msg/local/lib/python3.10/dist-packages/origincar_msg-0.0.0-py3.10.egg-info/top_level.txt
[2.800s] -- Up-to-date symlink: /userdata/dev_ws/install/origincar_msg/local/lib/python3.10/dist-packages/origincar_msg/__init__.py
[2.802s] -- Up-to-date symlink: /userdata/dev_ws/install/origincar_msg/local/lib/python3.10/dist-packages/origincar_msg/_origincar_msg_s.ep.rosidl_typesupport_c.c
[2.803s] -- Up-to-date symlink: /userdata/dev_ws/install/origincar_msg/local/lib/python3.10/dist-packages/origincar_msg/_origincar_msg_s.ep.rosidl_typesupport_fastrtps_c.c
[2.804s] -- Up-to-date symlink: /userdata/dev_ws/install/origincar_msg/local/lib/python3.10/dist-packages/origincar_msg/_origincar_msg_s.ep.rosidl_typesupport_introspection_c.c
[2.805s] -- Up-to-date symlink: /userdata/dev_ws/install/origincar_msg/local/lib/python3.10/dist-packages/origincar_msg/liborigincar_msg__rosidl_generator_py.so
[2.807s] -- Up-to-date symlink: /userdata/dev_ws/install/origincar_msg/local/lib/python3.10/dist-packages/origincar_msg/msg/__init__.py
[2.808s] -- Up-to-date symlink: /userdata/dev_ws/install/origincar_msg/local/lib/python3.10/dist-packages/origincar_msg/msg/_data.py
[2.809s] -- Up-to-date symlink: /userdata/dev_ws/install/origincar_msg/local/lib/python3.10/dist-packages/origincar_msg/msg/_data_s.c
[2.810s] -- Up-to-date symlink: /userdata/dev_ws/install/origincar_msg/local/lib/python3.10/dist-packages/origincar_msg/msg/_sign.py
[2.811s] -- Up-to-date symlink: /userdata/dev_ws/install/origincar_msg/local/lib/python3.10/dist-packages/origincar_msg/msg/_sign_s.c
[2.813s] -- Up-to-date symlink: /userdata/dev_ws/install/origincar_msg/local/lib/python3.10/dist-packages/origincar_msg/origincar_msg_s__rosidl_typesupport_c.cpython-310-aarch64-linux-gnu.so
[2.813s] -- Up-to-date symlink: /userdata/dev_ws/install/origincar_msg/local/lib/python3.10/dist-packages/origincar_msg/origincar_msg_s__rosidl_typesupport_fastrtps_c.cpython-310-aarch64-linux-gnu.so
[2.814s] -- Up-to-date symlink: /userdata/dev_ws/install/origincar_msg/local/lib/python3.10/dist-packages/origincar_msg/origincar_msg_s__rosidl_typesupport_introspection_c.cpython-310-aarch64-linux-gnu.so
[2.816s] -- Up-to-date symlink: /userdata/dev_ws/install/origincar_msg/local/lib/python3.10/dist-packages/origincar_msg/origincar_msg_s__rosidl_typesupport_fastrtps_c.cpython-310-aarch64-linux-gnu.so
[2.817s] -- Up-to-date symlink: /userdata/dev_ws/install/origincar_msg/local/lib/python3.10/dist-packages/origincar_msg/origincar_msg_s__rosidl_typesupport_introspection_c.cpython-310-aarch64-linux-gnu.so
[2.819s] -- Up-to-date symlink: /userdata/dev_ws/install/origincar_msg/local/lib/python3.10/dist-packages/origincar_msg/origincar_msg_s__rosidl_typesupport_c.cpython-310-aarch64-linux-gnu.so
[2.821s] -- Up-to-date symlink: /userdata/dev_ws/install/origincar_msg/share/origincar_msg/msg/Data.idl
[2.823s] -- Up-to-date symlink: /userdata/dev_ws/install/origincar_msg/share/origincar_msg/msg/Sign.idl
[2.823s] -- Up-to-date symlink: /userdata/dev_ws/install/origincar_msg/share/origincar_msg/msg/Data.msg
[2.824s] -- Up-to-date symlink: /userdata/dev_ws/install/origincar_msg/share/origincar_msg/msg/Sign.msg
[2.825s] -- Up-to-date symlink: /userdata/dev_ws/install/origincar_msg/share/ament_index/resource_index/package_run_dependencies/origincar_msg
[2.827s] -- Up-to-date symlink: /userdata/dev_ws/install/origincar_msg/share/ament_index/resource_index/parent_prefix_path/origincar_msg
[2.828s] -- Up-to-date symlink: /userdata/dev_ws/install/origincar_msg/share/origincar_msg/environment/ament_prefix_path.sh
[2.829s] -- Up-to-date symlink: /userdata/dev_ws/install/origincar_msg/share/origincar_msg/environment/ament_prefix_path.dsv
[2.830s] -- Up-to-date symlink: /userdata/dev_ws/install/origincar_msg/share/origincar_msg/environment/path.sh
[2.831s] -- Up-to-date symlink: /userdata/dev_ws/install/origincar_msg/share/origincar_msg/environment/path.dsv
[2.832s] -- Up-to-date symlink: /userdata/dev_ws/install/origincar_msg/share/origincar_msg/local_setup.bash
[2.833s] -- Up-to-date symlink: /userdata/dev_ws/install/origincar_msg/share/origincar_msg/local_setup.sh
[2.835s] -- Up-to-date symlink: /userdata/dev_ws/install/origincar_msg/share/origincar_msg/local_setup.zsh
[2.835s] -- Up-to-date symlink: /userdata/dev_ws/install/origincar_msg/share/origincar_msg/local_setup.dsv
[2.836s] -- Symlinking: /userdata/dev_ws/install/origincar_msg/share/origincar_msg/package.dsv
[2.878s] -- Up-to-date symlink: /userdata/dev_ws/install/origincar_msg/share/ament_index/resource_index/packages/origincar_msg
[2.879s] -- Up-to-date symlink: /userdata/dev_ws/install/origincar_msg/share/origincar_msg/cmake/rosidl_cmake-extras.cmake
[2.881s] -- Up-to-date symlink: /userdata/dev_ws/install/origincar_msg/share/origincar_msg/cmake/ament_cmake_export_dependencies-extras.cmake
[2.882s] -- Up-to-date symlink: /userdata/dev_ws/install/origincar_msg/share/origincar_msg/cmake/ament_cmake_export_include_directories-extras.cmake
[2.884s] -- Up-to-date symlink: /userdata/dev_ws/install/origincar_msg/share/origincar_msg/cmake/ament_cmake_export_libraries-extras.cmake
[2.886s] -- Up-to-date symlink: /userdata/dev_ws/install/origincar_msg/share/origincar_msg/cmake/ament_cmake_export_targets-extras.cmake
[2.886s] -- Up-to-date symlink: /userdata/dev_ws/install/origincar_msg/share/origincar_msg/cmake/rosidl_cmake_export_typesupport_targets-extras.cmake
[2.888s] -- Up-to-date symlink: /userdata/dev_ws/install/origincar_msg/share/origincar_msg/cmake/rosidl_cmake_export_typesupport_libraries-extras.cmake
[2.889s] -- Up-to-date symlink: /userdata/dev_ws/install/origincar_msg/share/origincar_msg/cmake/origincar_msgConfig.cmake
[2.891s] -- Up-to-date symlink: /userdata/dev_ws/install/origincar_msg/share/origincar_msg/cmake/origincar_msgConfig-version.cmake
[2.891s] -- Up-to-date symlink: /userdata/dev_ws/install/origincar_msg/share/origincar_msg/package.xml
[2.893s] -- Up-to-date: /userdata/dev_ws/install/origincar_msg/lib/liborigincar_msg__rosidl_generator_c.so
[2.896s] -- Up-to-date: /userdata/dev_ws/install/origincar_msg/lib/liborigincar_msg__rosidl_typesupport_fastrtps_c.so
[2.897s] -- Up-to-date: /userdata/dev_ws/install/origincar_msg/lib/liborigincar_msg__rosidl_typesupport_introspection_c.so
[2.899s] -- Up-to-date: /userdata/dev_ws/install/origincar_msg/lib/liborigincar_msg__rosidl_typesupport_c.so
[2.901s] -- Up-to-date: /userdata/dev_ws/install/origincar_msg/lib/liborigincar_msg__rosidl_typesupport_fastrtps_cpp.so
[2.904s] -- Up-to-date: /userdata/dev_ws/install/origincar_msg/lib/liborigincar_msg__rosidl_typesupport_introspection_cpp.so
[2.906s] -- Up-to-date: /userdata/dev_ws/install/origincar_msg/lib/liborigincar_msg__rosidl_typesupport_cpp.so
[3.113s] Listing '/userdata/dev_ws/install/origincar_msg/local/lib/python3.10/dist-packages/origincar_msg'...
[3.114s] Listing '/userdata/dev_ws/install/origincar_msg/local/lib/python3.10/dist-packages/origincar_msg/msg'...
[3.158s] -- Up-to-date: /userdata/dev_ws/install/origincar_msg/lib/liborigincar_msg__rosidl_generator_py.so
[3.162s] -- Up-to-date: /userdata/dev_ws/install/origincar_msg/share/origincar_msg/cmake/export_origincar_msg__rosidl_generator_cExport.cmake
[3.162s] -- Up-to-date: /userdata/dev_ws/install/origincar_msg/share/origincar_msg/cmake/export_origincar_msg__rosidl_generator_cExport-noconfig.cmake
[3.165s] -- Up-to-date: /userdata/dev_ws/install/origincar_msg/share/origincar_msg/cmake/export_origincar_msg__rosidl_typesupport_fastrtps_cExport.cmake
[3.168s] -- Up-to-date: /userdata/dev_ws/install/origincar_msg/share/origincar_msg/cmake/export_origincar_msg__rosidl_typesupport_fastrtps_cExport-noconfig.cmake
[3.176s] -- Up-to-date: /userdata/dev_ws/install/origincar_msg/share/origincar_msg/cmake/origincar_msg__rosidl_typesupport_introspection_cExport.cmake
[3.178s] -- Up-to-date: /userdata/dev_ws/install/origincar_msg/share/origincar_msg/cmake/origincar_msg__rosidl_typesupport_introspection_cExport-noconfig.cmake
[3.187s] -- Up-to-date: /userdata/dev_ws/install/origincar_msg/share/origincar_msg/cmake/origincar_msg__rosidl_typesupport_cExport.cmake
[3.189s] -- Up-to-date: /userdata/dev_ws/install/origincar_msg/share/origincar_msg/cmake/origincar_msg__rosidl_typesupport_cExport-noconfig.cmake
[3.196s] -- Up-to-date: /userdata/dev_ws/install/origincar_msg/share/origincar_msg/cmake/export_origincar_msg__rosidl_generator_cppExport.cmake
[3.200s] -- Up-to-date: /userdata/dev_ws/install/origincar_msg/share/origincar_msg/cmake/export_origincar_msg__rosidl_typesupport_fastrtps_cppExport.cmake
[3.202s] -- Up-to-date: /userdata/dev_ws/install/origincar_msg/share/origincar_msg/cmake/export_origincar_msg__rosidl_typesupport_fastrtps_cppExport-noconfig.cmake
[3.206s] -- Up-to-date: /userdata/dev_ws/install/origincar_msg/share/origincar_msg/cmake/origincar_msg__rosidl_typesupport_introspection_cppExport.cmake
[3.207s] -- Up-to-date: /userdata/dev_ws/install/origincar_msg/share/origincar_msg/cmake/origincar_msg__rosidl_typesupport_introspection_cppExport-noconfig.cmake
[3.222s] -- Up-to-date: /userdata/dev_ws/install/origincar_msg/share/origincar_msg/cmake/origincar_msg__rosidl_typesupport_cppExport.cmake
[3.233s] -- Up-to-date: /userdata/dev_ws/install/origincar_msg/share/origincar_msg/cmake/origincar_msg__rosidl_typesupport_cppExport-noconfig.cmake
[3.241s] -- Up-to-date: /userdata/dev_ws/install/origincar_msg/share/origincar_msg/cmake/export_origincar_msg__rosidl_generator_pyExport.cmake
[3.244s] -- Up-to-date: /userdata/dev_ws/install/origincar_msg/share/origincar_msg/cmake/export_origincar_msg__rosidl_generator_pyExport-noconfig.cmake
[3.254s] Invoked command in '/userdata/dev_ws/build/origincar_msg' returned '0': CMAKE_PREFIX_PATH=${CMAKE_PREFIX_PATH}:/opt/tros/humble:/opt/ros/humble /usr/bin/cmake --install /userdata/dev_ws/build/origincar_msg
