[0.156s] Invoking command in '/userdata/dev_ws/build/ackermann_msgs': CMAKE_PREFIX_PATH=${CMAKE_PREFIX_PATH}:/opt/tros/humble:/opt/ros/humble /usr/bin/cmake --build /userdata/dev_ws/build/ackermann_msgs -- -j8 -l8
[0.579s] [  2%] Built target ackermann_msgs__cpp
[0.606s] [  2%] Built target ament_cmake_python_symlink_ackermann_msgs
[0.640s] [ 12%] Built target ackermann_msgs__rosidl_generator_c
[0.842s] [ 23%] Built target ackermann_msgs__rosidl_typesupport_fastrtps_cpp
[0.850s] [ 33%] Built target ackermann_msgs__rosidl_typesupport_cpp
[0.861s] [ 43%] Built target ackermann_msgs__rosidl_typesupport_c
[0.882s] [ 53%] Built target ackermann_msgs__rosidl_typesupport_introspection_cpp
[0.914s] [ 64%] Built target ackermann_msgs__rosidl_typesupport_fastrtps_c
[0.920s] [ 74%] Built target ackermann_msgs__rosidl_typesupport_introspection_c
[1.040s] [ 74%] Built target ackermann_msgs
[1.174s] [ 76%] Built target ackermann_msgs__py
[1.289s] [ 84%] Built target ackermann_msgs__rosidl_generator_py
[1.405s] [ 89%] Built target ackermann_msgs__rosidl_typesupport_fastrtps_c__pyext
[1.409s] [ 94%] Built target ackermann_msgs__rosidl_typesupport_introspection_c__pyext
[1.423s] [100%] Built target ackermann_msgs__rosidl_typesupport_c__pyext
[2.333s] running egg_info
[2.337s] writing ackermann_msgs.egg-info/PKG-INFO
[2.338s] writing dependency_links to ackermann_msgs.egg-info/dependency_links.txt
[2.339s] writing top-level names to ackermann_msgs.egg-info/top_level.txt
[2.355s] reading manifest file 'ackermann_msgs.egg-info/SOURCES.txt'
[2.359s] writing manifest file 'ackermann_msgs.egg-info/SOURCES.txt'
[2.568s] [100%] Built target ament_cmake_python_build_ackermann_msgs_egg
[2.620s] Invoked command in '/userdata/dev_ws/build/ackermann_msgs' returned '0': CMAKE_PREFIX_PATH=${CMAKE_PREFIX_PATH}:/opt/tros/humble:/opt/ros/humble /usr/bin/cmake --build /userdata/dev_ws/build/ackermann_msgs -- -j8 -l8
[2.629s] Invoking command in '/userdata/dev_ws/build/ackermann_msgs': CMAKE_PREFIX_PATH=${CMAKE_PREFIX_PATH}:/opt/tros/humble:/opt/ros/humble /usr/bin/cmake --install /userdata/dev_ws/build/ackermann_msgs
[2.668s] -- Install configuration: ""
[2.671s] -- Execute custom install script
[2.673s] -- Up-to-date symlink: /userdata/dev_ws/install/ackermann_msgs/share/ament_index/resource_index/rosidl_interfaces/ackermann_msgs
[2.676s] -- Up-to-date symlink: /userdata/dev_ws/install/ackermann_msgs/include/ackermann_msgs/ackermann_msgs/msg/ackermann_drive.h
[2.677s] -- Up-to-date symlink: /userdata/dev_ws/install/ackermann_msgs/include/ackermann_msgs/ackermann_msgs/msg/ackermann_drive_stamped.h
[2.679s] -- Up-to-date symlink: /userdata/dev_ws/install/ackermann_msgs/include/ackermann_msgs/ackermann_msgs/msg/detail/ackermann_drive__functions.h
[2.680s] -- Up-to-date symlink: /userdata/dev_ws/install/ackermann_msgs/include/ackermann_msgs/ackermann_msgs/msg/detail/ackermann_drive__struct.h
[2.681s] -- Up-to-date symlink: /userdata/dev_ws/install/ackermann_msgs/include/ackermann_msgs/ackermann_msgs/msg/detail/ackermann_drive__type_support.h
[2.681s] -- Up-to-date symlink: /userdata/dev_ws/install/ackermann_msgs/include/ackermann_msgs/ackermann_msgs/msg/detail/ackermann_drive_stamped__functions.h
[2.682s] -- Up-to-date symlink: /userdata/dev_ws/install/ackermann_msgs/include/ackermann_msgs/ackermann_msgs/msg/detail/ackermann_drive_stamped__struct.h
[2.684s] -- Up-to-date symlink: /userdata/dev_ws/install/ackermann_msgs/include/ackermann_msgs/ackermann_msgs/msg/detail/ackermann_drive_stamped__type_support.h
[2.685s] -- Up-to-date symlink: /userdata/dev_ws/install/ackermann_msgs/include/ackermann_msgs/ackermann_msgs/msg/rosidl_generator_c__visibility_control.h
[2.686s] -- Up-to-date symlink: /userdata/dev_ws/install/ackermann_msgs/share/ackermann_msgs/environment/library_path.sh
[2.687s] -- Up-to-date symlink: /userdata/dev_ws/install/ackermann_msgs/share/ackermann_msgs/environment/library_path.dsv
[2.690s] -- Up-to-date symlink: /userdata/dev_ws/install/ackermann_msgs/include/ackermann_msgs/ackermann_msgs/msg/detail/ackermann_drive__rosidl_typesupport_fastrtps_c.h
[2.690s] -- Up-to-date symlink: /userdata/dev_ws/install/ackermann_msgs/include/ackermann_msgs/ackermann_msgs/msg/detail/ackermann_drive_stamped__rosidl_typesupport_fastrtps_c.h
[2.691s] -- Up-to-date symlink: /userdata/dev_ws/install/ackermann_msgs/include/ackermann_msgs/ackermann_msgs/msg/rosidl_typesupport_fastrtps_c__visibility_control.h
[2.694s] -- Up-to-date symlink: /userdata/dev_ws/install/ackermann_msgs/include/ackermann_msgs/ackermann_msgs/msg/detail/ackermann_drive__rosidl_typesupport_introspection_c.h
[2.695s] -- Up-to-date symlink: /userdata/dev_ws/install/ackermann_msgs/include/ackermann_msgs/ackermann_msgs/msg/detail/ackermann_drive_stamped__rosidl_typesupport_introspection_c.h
[2.696s] -- Up-to-date symlink: /userdata/dev_ws/install/ackermann_msgs/include/ackermann_msgs/ackermann_msgs/msg/rosidl_typesupport_introspection_c__visibility_control.h
[2.698s] -- Up-to-date symlink: /userdata/dev_ws/install/ackermann_msgs/include/ackermann_msgs/ackermann_msgs/msg/ackermann_drive.hpp
[2.699s] -- Up-to-date symlink: /userdata/dev_ws/install/ackermann_msgs/include/ackermann_msgs/ackermann_msgs/msg/ackermann_drive_stamped.hpp
[2.700s] -- Up-to-date symlink: /userdata/dev_ws/install/ackermann_msgs/include/ackermann_msgs/ackermann_msgs/msg/detail/ackermann_drive__builder.hpp
[2.701s] -- Up-to-date symlink: /userdata/dev_ws/install/ackermann_msgs/include/ackermann_msgs/ackermann_msgs/msg/detail/ackermann_drive__struct.hpp
[2.701s] -- Up-to-date symlink: /userdata/dev_ws/install/ackermann_msgs/include/ackermann_msgs/ackermann_msgs/msg/detail/ackermann_drive__traits.hpp
[2.702s] -- Up-to-date symlink: /userdata/dev_ws/install/ackermann_msgs/include/ackermann_msgs/ackermann_msgs/msg/detail/ackermann_drive__type_support.hpp
[2.704s] -- Up-to-date symlink: /userdata/dev_ws/install/ackermann_msgs/include/ackermann_msgs/ackermann_msgs/msg/detail/ackermann_drive_stamped__builder.hpp
[2.705s] -- Up-to-date symlink: /userdata/dev_ws/install/ackermann_msgs/include/ackermann_msgs/ackermann_msgs/msg/detail/ackermann_drive_stamped__struct.hpp
[2.706s] -- Up-to-date symlink: /userdata/dev_ws/install/ackermann_msgs/include/ackermann_msgs/ackermann_msgs/msg/detail/ackermann_drive_stamped__traits.hpp
[2.707s] -- Up-to-date symlink: /userdata/dev_ws/install/ackermann_msgs/include/ackermann_msgs/ackermann_msgs/msg/detail/ackermann_drive_stamped__type_support.hpp
[2.708s] -- Up-to-date symlink: /userdata/dev_ws/install/ackermann_msgs/include/ackermann_msgs/ackermann_msgs/msg/rosidl_generator_cpp__visibility_control.hpp
[2.710s] -- Up-to-date symlink: /userdata/dev_ws/install/ackermann_msgs/include/ackermann_msgs/ackermann_msgs/msg/detail/ackermann_drive__rosidl_typesupport_fastrtps_cpp.hpp
[2.711s] -- Up-to-date symlink: /userdata/dev_ws/install/ackermann_msgs/include/ackermann_msgs/ackermann_msgs/msg/detail/ackermann_drive_stamped__rosidl_typesupport_fastrtps_cpp.hpp
[2.712s] -- Up-to-date symlink: /userdata/dev_ws/install/ackermann_msgs/include/ackermann_msgs/ackermann_msgs/msg/rosidl_typesupport_fastrtps_cpp__visibility_control.h
[2.714s] -- Up-to-date symlink: /userdata/dev_ws/install/ackermann_msgs/include/ackermann_msgs/ackermann_msgs/msg/detail/ackermann_drive__rosidl_typesupport_introspection_cpp.hpp
[2.715s] -- Up-to-date symlink: /userdata/dev_ws/install/ackermann_msgs/include/ackermann_msgs/ackermann_msgs/msg/detail/ackermann_drive_stamped__rosidl_typesupport_introspection_cpp.hpp
[2.716s] -- Up-to-date symlink: /userdata/dev_ws/install/ackermann_msgs/share/ackermann_msgs/environment/pythonpath.sh
[2.717s] -- Up-to-date symlink: /userdata/dev_ws/install/ackermann_msgs/share/ackermann_msgs/environment/pythonpath.dsv
[2.719s] -- Up-to-date symlink: /userdata/dev_ws/install/ackermann_msgs/local/lib/python3.10/dist-packages/ackermann_msgs-2.0.2-py3.10.egg-info/PKG-INFO
[2.720s] -- Up-to-date symlink: /userdata/dev_ws/install/ackermann_msgs/local/lib/python3.10/dist-packages/ackermann_msgs-2.0.2-py3.10.egg-info/SOURCES.txt
[2.721s] -- Up-to-date symlink: /userdata/dev_ws/install/ackermann_msgs/local/lib/python3.10/dist-packages/ackermann_msgs-2.0.2-py3.10.egg-info/dependency_links.txt
[2.722s] -- Up-to-date symlink: /userdata/dev_ws/install/ackermann_msgs/local/lib/python3.10/dist-packages/ackermann_msgs-2.0.2-py3.10.egg-info/top_level.txt
[2.725s] -- Up-to-date symlink: /userdata/dev_ws/install/ackermann_msgs/local/lib/python3.10/dist-packages/ackermann_msgs/__init__.py
[2.726s] -- Up-to-date symlink: /userdata/dev_ws/install/ackermann_msgs/local/lib/python3.10/dist-packages/ackermann_msgs/_ackermann_msgs_s.ep.rosidl_typesupport_c.c
[2.727s] -- Up-to-date symlink: /userdata/dev_ws/install/ackermann_msgs/local/lib/python3.10/dist-packages/ackermann_msgs/_ackermann_msgs_s.ep.rosidl_typesupport_fastrtps_c.c
[2.728s] -- Up-to-date symlink: /userdata/dev_ws/install/ackermann_msgs/local/lib/python3.10/dist-packages/ackermann_msgs/_ackermann_msgs_s.ep.rosidl_typesupport_introspection_c.c
[2.729s] -- Up-to-date symlink: /userdata/dev_ws/install/ackermann_msgs/local/lib/python3.10/dist-packages/ackermann_msgs/ackermann_msgs_s__rosidl_typesupport_c.cpython-310-aarch64-linux-gnu.so
[2.730s] -- Up-to-date symlink: /userdata/dev_ws/install/ackermann_msgs/local/lib/python3.10/dist-packages/ackermann_msgs/ackermann_msgs_s__rosidl_typesupport_fastrtps_c.cpython-310-aarch64-linux-gnu.so
[2.731s] -- Up-to-date symlink: /userdata/dev_ws/install/ackermann_msgs/local/lib/python3.10/dist-packages/ackermann_msgs/ackermann_msgs_s__rosidl_typesupport_introspection_c.cpython-310-aarch64-linux-gnu.so
[2.732s] -- Up-to-date symlink: /userdata/dev_ws/install/ackermann_msgs/local/lib/python3.10/dist-packages/ackermann_msgs/libackermann_msgs__rosidl_generator_py.so
[2.733s] -- Up-to-date symlink: /userdata/dev_ws/install/ackermann_msgs/local/lib/python3.10/dist-packages/ackermann_msgs/msg/__init__.py
[2.734s] -- Up-to-date symlink: /userdata/dev_ws/install/ackermann_msgs/local/lib/python3.10/dist-packages/ackermann_msgs/msg/_ackermann_drive.py
[2.735s] -- Up-to-date symlink: /userdata/dev_ws/install/ackermann_msgs/local/lib/python3.10/dist-packages/ackermann_msgs/msg/_ackermann_drive_s.c
[2.736s] -- Up-to-date symlink: /userdata/dev_ws/install/ackermann_msgs/local/lib/python3.10/dist-packages/ackermann_msgs/msg/_ackermann_drive_stamped.py
[2.737s] -- Up-to-date symlink: /userdata/dev_ws/install/ackermann_msgs/local/lib/python3.10/dist-packages/ackermann_msgs/msg/_ackermann_drive_stamped_s.c
[2.739s] -- Up-to-date symlink: /userdata/dev_ws/install/ackermann_msgs/local/lib/python3.10/dist-packages/ackermann_msgs/ackermann_msgs_s__rosidl_typesupport_fastrtps_c.cpython-310-aarch64-linux-gnu.so
[2.741s] -- Up-to-date symlink: /userdata/dev_ws/install/ackermann_msgs/local/lib/python3.10/dist-packages/ackermann_msgs/ackermann_msgs_s__rosidl_typesupport_introspection_c.cpython-310-aarch64-linux-gnu.so
[2.742s] -- Up-to-date symlink: /userdata/dev_ws/install/ackermann_msgs/local/lib/python3.10/dist-packages/ackermann_msgs/ackermann_msgs_s__rosidl_typesupport_c.cpython-310-aarch64-linux-gnu.so
[2.744s] -- Up-to-date symlink: /userdata/dev_ws/install/ackermann_msgs/share/ackermann_msgs/msg/AckermannDrive.idl
[2.745s] -- Up-to-date symlink: /userdata/dev_ws/install/ackermann_msgs/share/ackermann_msgs/msg/AckermannDriveStamped.idl
[2.746s] -- Up-to-date symlink: /userdata/dev_ws/install/ackermann_msgs/share/ackermann_msgs/msg/AckermannDrive.msg
[2.747s] -- Up-to-date symlink: /userdata/dev_ws/install/ackermann_msgs/share/ackermann_msgs/msg/AckermannDriveStamped.msg
[2.748s] -- Up-to-date symlink: /userdata/dev_ws/install/ackermann_msgs/share/ament_index/resource_index/package_run_dependencies/ackermann_msgs
[2.750s] -- Up-to-date symlink: /userdata/dev_ws/install/ackermann_msgs/share/ament_index/resource_index/parent_prefix_path/ackermann_msgs
[2.751s] -- Up-to-date symlink: /userdata/dev_ws/install/ackermann_msgs/share/ackermann_msgs/environment/ament_prefix_path.sh
[2.752s] -- Up-to-date symlink: /userdata/dev_ws/install/ackermann_msgs/share/ackermann_msgs/environment/ament_prefix_path.dsv
[2.753s] -- Up-to-date symlink: /userdata/dev_ws/install/ackermann_msgs/share/ackermann_msgs/environment/path.sh
[2.754s] -- Up-to-date symlink: /userdata/dev_ws/install/ackermann_msgs/share/ackermann_msgs/environment/path.dsv
[2.756s] -- Up-to-date symlink: /userdata/dev_ws/install/ackermann_msgs/share/ackermann_msgs/local_setup.bash
[2.757s] -- Up-to-date symlink: /userdata/dev_ws/install/ackermann_msgs/share/ackermann_msgs/local_setup.sh
[2.758s] -- Up-to-date symlink: /userdata/dev_ws/install/ackermann_msgs/share/ackermann_msgs/local_setup.zsh
[2.759s] -- Up-to-date symlink: /userdata/dev_ws/install/ackermann_msgs/share/ackermann_msgs/local_setup.dsv
[2.760s] -- Symlinking: /userdata/dev_ws/install/ackermann_msgs/share/ackermann_msgs/package.dsv
[2.800s] -- Up-to-date symlink: /userdata/dev_ws/install/ackermann_msgs/share/ament_index/resource_index/packages/ackermann_msgs
[2.801s] -- Up-to-date symlink: /userdata/dev_ws/install/ackermann_msgs/share/ackermann_msgs/cmake/rosidl_cmake-extras.cmake
[2.802s] -- Up-to-date symlink: /userdata/dev_ws/install/ackermann_msgs/share/ackermann_msgs/cmake/ament_cmake_export_dependencies-extras.cmake
[2.804s] -- Up-to-date symlink: /userdata/dev_ws/install/ackermann_msgs/share/ackermann_msgs/cmake/ament_cmake_export_include_directories-extras.cmake
[2.805s] -- Up-to-date symlink: /userdata/dev_ws/install/ackermann_msgs/share/ackermann_msgs/cmake/ament_cmake_export_libraries-extras.cmake
[2.806s] -- Up-to-date symlink: /userdata/dev_ws/install/ackermann_msgs/share/ackermann_msgs/cmake/ament_cmake_export_targets-extras.cmake
[2.808s] -- Up-to-date symlink: /userdata/dev_ws/install/ackermann_msgs/share/ackermann_msgs/cmake/rosidl_cmake_export_typesupport_targets-extras.cmake
[2.809s] -- Up-to-date symlink: /userdata/dev_ws/install/ackermann_msgs/share/ackermann_msgs/cmake/rosidl_cmake_export_typesupport_libraries-extras.cmake
[2.811s] -- Up-to-date symlink: /userdata/dev_ws/install/ackermann_msgs/share/ackermann_msgs/cmake/ackermann_msgsConfig.cmake
[2.812s] -- Up-to-date symlink: /userdata/dev_ws/install/ackermann_msgs/share/ackermann_msgs/cmake/ackermann_msgsConfig-version.cmake
[2.813s] -- Up-to-date symlink: /userdata/dev_ws/install/ackermann_msgs/share/ackermann_msgs/package.xml
[2.816s] -- Up-to-date: /userdata/dev_ws/install/ackermann_msgs/lib/libackermann_msgs__rosidl_generator_c.so
[2.818s] -- Up-to-date: /userdata/dev_ws/install/ackermann_msgs/lib/libackermann_msgs__rosidl_typesupport_fastrtps_c.so
[2.820s] -- Up-to-date: /userdata/dev_ws/install/ackermann_msgs/lib/libackermann_msgs__rosidl_typesupport_introspection_c.so
[2.822s] -- Up-to-date: /userdata/dev_ws/install/ackermann_msgs/lib/libackermann_msgs__rosidl_typesupport_c.so
[2.825s] -- Up-to-date: /userdata/dev_ws/install/ackermann_msgs/lib/libackermann_msgs__rosidl_typesupport_fastrtps_cpp.so
[2.827s] -- Up-to-date: /userdata/dev_ws/install/ackermann_msgs/lib/libackermann_msgs__rosidl_typesupport_introspection_cpp.so
[2.829s] -- Up-to-date: /userdata/dev_ws/install/ackermann_msgs/lib/libackermann_msgs__rosidl_typesupport_cpp.so
[3.047s] Listing '/userdata/dev_ws/install/ackermann_msgs/local/lib/python3.10/dist-packages/ackermann_msgs'...
[3.048s] Listing '/userdata/dev_ws/install/ackermann_msgs/local/lib/python3.10/dist-packages/ackermann_msgs/msg'...
[3.092s] -- Up-to-date: /userdata/dev_ws/install/ackermann_msgs/lib/libackermann_msgs__rosidl_generator_py.so
[3.099s] -- Up-to-date: /userdata/dev_ws/install/ackermann_msgs/share/ackermann_msgs/cmake/export_ackermann_msgs__rosidl_generator_cExport.cmake
[3.104s] -- Up-to-date: /userdata/dev_ws/install/ackermann_msgs/share/ackermann_msgs/cmake/export_ackermann_msgs__rosidl_generator_cExport-noconfig.cmake
[3.109s] -- Up-to-date: /userdata/dev_ws/install/ackermann_msgs/share/ackermann_msgs/cmake/export_ackermann_msgs__rosidl_typesupport_fastrtps_cExport.cmake
[3.114s] -- Up-to-date: /userdata/dev_ws/install/ackermann_msgs/share/ackermann_msgs/cmake/export_ackermann_msgs__rosidl_typesupport_fastrtps_cExport-noconfig.cmake
[3.120s] -- Up-to-date: /userdata/dev_ws/install/ackermann_msgs/share/ackermann_msgs/cmake/ackermann_msgs__rosidl_typesupport_introspection_cExport.cmake
[3.125s] -- Up-to-date: /userdata/dev_ws/install/ackermann_msgs/share/ackermann_msgs/cmake/ackermann_msgs__rosidl_typesupport_introspection_cExport-noconfig.cmake
[3.129s] -- Up-to-date: /userdata/dev_ws/install/ackermann_msgs/share/ackermann_msgs/cmake/ackermann_msgs__rosidl_typesupport_cExport.cmake
[3.134s] -- Up-to-date: /userdata/dev_ws/install/ackermann_msgs/share/ackermann_msgs/cmake/ackermann_msgs__rosidl_typesupport_cExport-noconfig.cmake
[3.138s] -- Up-to-date: /userdata/dev_ws/install/ackermann_msgs/share/ackermann_msgs/cmake/export_ackermann_msgs__rosidl_generator_cppExport.cmake
[3.142s] -- Up-to-date: /userdata/dev_ws/install/ackermann_msgs/share/ackermann_msgs/cmake/export_ackermann_msgs__rosidl_typesupport_fastrtps_cppExport.cmake
[3.146s] -- Up-to-date: /userdata/dev_ws/install/ackermann_msgs/share/ackermann_msgs/cmake/export_ackermann_msgs__rosidl_typesupport_fastrtps_cppExport-noconfig.cmake
[3.149s] -- Up-to-date: /userdata/dev_ws/install/ackermann_msgs/share/ackermann_msgs/cmake/ackermann_msgs__rosidl_typesupport_introspection_cppExport.cmake
[3.153s] -- Up-to-date: /userdata/dev_ws/install/ackermann_msgs/share/ackermann_msgs/cmake/ackermann_msgs__rosidl_typesupport_introspection_cppExport-noconfig.cmake
[3.158s] -- Up-to-date: /userdata/dev_ws/install/ackermann_msgs/share/ackermann_msgs/cmake/ackermann_msgs__rosidl_typesupport_cppExport.cmake
[3.174s] -- Up-to-date: /userdata/dev_ws/install/ackermann_msgs/share/ackermann_msgs/cmake/ackermann_msgs__rosidl_typesupport_cppExport-noconfig.cmake
[3.180s] -- Up-to-date: /userdata/dev_ws/install/ackermann_msgs/share/ackermann_msgs/cmake/export_ackermann_msgs__rosidl_generator_pyExport.cmake
[3.187s] -- Up-to-date: /userdata/dev_ws/install/ackermann_msgs/share/ackermann_msgs/cmake/export_ackermann_msgs__rosidl_generator_pyExport-noconfig.cmake
[3.193s] Invoked command in '/userdata/dev_ws/build/ackermann_msgs' returned '0': CMAKE_PREFIX_PATH=${CMAKE_PREFIX_PATH}:/opt/tros/humble:/opt/ros/humble /usr/bin/cmake --install /userdata/dev_ws/build/ackermann_msgs
