[0.141s] Invoking command in '/userdata/dev_ws/build/serial': CMAKE_PREFIX_PATH=${CMAKE_PREFIX_PATH}:/opt/tros/humble:/opt/ros/humble /usr/bin/cmake /userdata/dev_ws/src/origincar/3rdparty/serial_ros2 -DCMAKE_INSTALL_PREFIX=/userdata/dev_ws/install/serial
[0.272s] -- Found rosidl_default_generators: 1.2.0 (/opt/ros/humble/share/rosidl_default_generators/cmake)
[0.276s] -- Found ament_cmake_core: 1.3.11 (/opt/ros/humble/share/ament_cmake_core/cmake)
[1.295s] -- Override CMake install command with custom implementation using symlinks instead of copying resources
[1.328s] -- Using all available rosidl_typesupport_c: rosidl_typesupport_fastrtps_c;rosidl_typesupport_introspection_c
[1.351s] -- Found rosidl_adapter: 3.1.6 (/opt/ros/humble/share/rosidl_adapter/cmake)
[1.584s] -- Using all available rosidl_typesupport_cpp: rosidl_typesupport_fastrtps_cpp;rosidl_typesupport_introspection_cpp
[2.298s] -- Configuring done
[2.341s] -- Generating done
[2.359s] -- Build files have been written to: /userdata/dev_ws/build/serial
[2.509s] Invoked command in '/userdata/dev_ws/build/serial' returned '0': CMAKE_PREFIX_PATH=${CMAKE_PREFIX_PATH}:/opt/tros/humble:/opt/ros/humble /usr/bin/cmake /userdata/dev_ws/src/origincar/3rdparty/serial_ros2 -DCMAKE_INSTALL_PREFIX=/userdata/dev_ws/install/serial
[2.515s] Invoking command in '/userdata/dev_ws/build/serial': CMAKE_PREFIX_PATH=${CMAKE_PREFIX_PATH}:/opt/tros/humble:/opt/ros/humble /usr/bin/cmake --build /userdata/dev_ws/build/serial -- -j8 -l8
[2.708s] [35m[1mConsolidate compiler generated dependencies of target serial[0m
[2.777s] [ 25%] [32mBuilding CXX object CMakeFiles/serial.dir/src/serial.cc.o[0m
[2.779s] [ 50%] [32mBuilding CXX object CMakeFiles/serial.dir/src/impl/unix.cc.o[0m
[2.780s] [ 75%] [32mBuilding CXX object CMakeFiles/serial.dir/src/impl/list_ports/list_ports_linux.cc.o[0m
[4.523s] [01m[K/userdata/dev_ws/src/origincar/3rdparty/serial_ros2/src/impl/list_ports/list_ports_linux.cc:[m[K In function ‘[01m[Kstd::vector<std::__cxx11::basic_string<char> > glob(const std::vector<std::__cxx11::basic_string<char> >&)[m[K’:
[4.523s] [01m[K/userdata/dev_ws/src/origincar/3rdparty/serial_ros2/src/impl/list_ports/list_ports_linux.cc:66:40:[m[K [01;35m[Kwarning: [m[Kcomparison of integer expressions of different signedness: ‘[01m[Kint[m[K’ and ‘[01m[Ksize_t[m[K’ {aka ‘[01m[Klong unsigned int[m[K’} [[01;35m[K-Wsign-compare[m[K]
[4.524s]    66 |     for(int path_index = 0; [01;35m[Kpath_index < glob_results.gl_pathc[m[K; path_index++)
[4.525s]       |                             [01;35m[K~~~~~~~~~~~^~~~~~~~~~~~~~~~~~~~~~~[m[K
[4.525s] [01m[K/userdata/dev_ws/src/origincar/3rdparty/serial_ros2/src/impl/list_ports/list_ports_linux.cc:57:9:[m[K [01;35m[Kwarning: [m[Kvariable ‘[01m[Kglob_retval[m[K’ set but not used [[01;35m[K-Wunused-but-set-variable[m[K]
[4.526s]    57 |     int [01;35m[Kglob_retval[m[K = glob(patterns[0].c_str(), 0, NULL, &glob_results);
[4.527s]       |         [01;35m[K^~~~~~~~~~~[m[K
[4.543s] [01m[K/userdata/dev_ws/src/origincar/3rdparty/serial_ros2/src/impl/list_ports/list_ports_linux.cc:[m[K In function ‘[01m[Kstd::string format(const char*, ...)[m[K’:
[4.544s] [01m[K/userdata/dev_ws/src/origincar/3rdparty/serial_ros2/src/impl/list_ports/list_ports_linux.cc:246:31:[m[K [01;35m[Kwarning: [m[Kcomparison of integer expressions of different signedness: ‘[01m[Kint[m[K’ and ‘[01m[Ksize_t[m[K’ {aka ‘[01m[Klong unsigned int[m[K’} [[01;35m[K-Wsign-compare[m[K]
[4.545s]   246 |         else if( [01;35m[Kreturn_value >= buffer_size_bytes[m[K )
[4.545s]       |                  [01;35m[K~~~~~~~~~~~~~^~~~~~~~~~~~~~~~~~~~[m[K
[5.694s] [100%] [32m[1mLinking CXX static library libserial.a[0m
[5.870s] [100%] Built target serial
[5.921s] Invoked command in '/userdata/dev_ws/build/serial' returned '0': CMAKE_PREFIX_PATH=${CMAKE_PREFIX_PATH}:/opt/tros/humble:/opt/ros/humble /usr/bin/cmake --build /userdata/dev_ws/build/serial -- -j8 -l8
[5.928s] Invoking command in '/userdata/dev_ws/build/serial': CMAKE_PREFIX_PATH=${CMAKE_PREFIX_PATH}:/opt/tros/humble:/opt/ros/humble /usr/bin/cmake --install /userdata/dev_ws/build/serial
[5.961s] -- Install configuration: ""
[5.964s] -- Execute custom install script
[5.965s] -- Up-to-date symlink: /userdata/dev_ws/install/serial/lib/libserial.a
[5.968s] -- Up-to-date symlink: /userdata/dev_ws/install/serial/share/serial/environment/library_path.sh
[5.968s] -- Up-to-date symlink: /userdata/dev_ws/install/serial/share/serial/environment/library_path.dsv
[5.972s] -- Up-to-date symlink: /userdata/dev_ws/install/serial/include/serial/impl/unix.h
[5.974s] -- Up-to-date symlink: /userdata/dev_ws/install/serial/include/serial/impl/win.h
[5.975s] -- Up-to-date symlink: /userdata/dev_ws/install/serial/include/serial/serial.h
[5.976s] -- Up-to-date symlink: /userdata/dev_ws/install/serial/include/serial/v8stdint.h
[5.977s] -- Up-to-date symlink: /userdata/dev_ws/install/serial/share/ament_index/resource_index/package_run_dependencies/serial
[5.980s] -- Up-to-date symlink: /userdata/dev_ws/install/serial/share/ament_index/resource_index/parent_prefix_path/serial
[5.982s] -- Up-to-date symlink: /userdata/dev_ws/install/serial/share/serial/environment/ament_prefix_path.sh
[5.983s] -- Up-to-date symlink: /userdata/dev_ws/install/serial/share/serial/environment/ament_prefix_path.dsv
[5.984s] -- Up-to-date symlink: /userdata/dev_ws/install/serial/share/serial/environment/path.sh
[5.985s] -- Up-to-date symlink: /userdata/dev_ws/install/serial/share/serial/environment/path.dsv
[5.987s] -- Up-to-date symlink: /userdata/dev_ws/install/serial/share/serial/local_setup.bash
[5.988s] -- Up-to-date symlink: /userdata/dev_ws/install/serial/share/serial/local_setup.sh
[5.990s] -- Up-to-date symlink: /userdata/dev_ws/install/serial/share/serial/local_setup.zsh
[5.991s] -- Up-to-date symlink: /userdata/dev_ws/install/serial/share/serial/local_setup.dsv
[5.992s] -- Symlinking: /userdata/dev_ws/install/serial/share/serial/package.dsv
[6.034s] -- Up-to-date symlink: /userdata/dev_ws/install/serial/share/ament_index/resource_index/packages/serial
[6.036s] -- Up-to-date symlink: /userdata/dev_ws/install/serial/share/serial/cmake/ament_cmake_export_include_directories-extras.cmake
[6.038s] -- Up-to-date symlink: /userdata/dev_ws/install/serial/share/serial/cmake/ament_cmake_export_libraries-extras.cmake
[6.040s] -- Up-to-date symlink: /userdata/dev_ws/install/serial/share/serial/cmake/ament_cmake_export_dependencies-extras.cmake
[6.041s] -- Up-to-date symlink: /userdata/dev_ws/install/serial/share/serial/cmake/serialConfig.cmake
[6.042s] -- Up-to-date symlink: /userdata/dev_ws/install/serial/share/serial/cmake/serialConfig-version.cmake
[6.044s] -- Up-to-date symlink: /userdata/dev_ws/install/serial/share/serial/package.xml
[6.056s] Invoked command in '/userdata/dev_ws/build/serial' returned '0': CMAKE_PREFIX_PATH=${CMAKE_PREFIX_PATH}:/opt/tros/humble:/opt/ros/humble /usr/bin/cmake --install /userdata/dev_ws/build/serial
