[0.150s] Invoking command in '/userdata/dev_ws/build/ackermann_msgs': CMAKE_PREFIX_PATH=${CMAKE_PREFIX_PATH}:/opt/tros/humble:/opt/ros/humble /usr/bin/cmake --build /userdata/dev_ws/build/ackermann_msgs -- -j8 -l8
[0.514s] [35m[1mConsolidate compiler generated dependencies of target ackermann_msgs__rosidl_generator_c[0m
[0.567s] [  2%] Built target ackermann_msgs__cpp
[0.608s] [  2%] Built target ament_cmake_python_symlink_ackermann_msgs
[0.684s] [35m[1mConsolidate compiler generated dependencies of target ackermann_msgs__rosidl_typesupport_introspection_cpp[0m
[0.691s] [ 12%] Built target ackermann_msgs__rosidl_generator_c
[0.702s] [35m[1mConsolidate compiler generated dependencies of target ackermann_msgs__rosidl_typesupport_fastrtps_cpp[0m
[0.724s] [35m[1mConsolidate compiler generated dependencies of target ackermann_msgs__rosidl_typesupport_cpp[0m
[0.803s] [35m[1mConsolidate compiler generated dependencies of target ackermann_msgs__rosidl_typesupport_fastrtps_c[0m
[0.806s] [ 23%] Built target ackermann_msgs__rosidl_typesupport_introspection_cpp
[0.832s] [35m[1mConsolidate compiler generated dependencies of target ackermann_msgs__rosidl_typesupport_introspection_c[0m
[0.833s] [ 33%] Built target ackermann_msgs__rosidl_typesupport_fastrtps_cpp
[0.850s] [35m[1mConsolidate compiler generated dependencies of target ackermann_msgs__rosidl_typesupport_c[0m
[0.905s] [ 43%] Built target ackermann_msgs__rosidl_typesupport_fastrtps_c
[0.913s] [ 53%] Built target ackermann_msgs__rosidl_typesupport_introspection_c
[0.916s] [ 64%] Built target ackermann_msgs__rosidl_typesupport_cpp
[0.935s] [ 74%] Built target ackermann_msgs__rosidl_typesupport_c
[1.037s] [ 74%] Built target ackermann_msgs
[1.159s] [ 76%] Built target ackermann_msgs__py
[1.200s] [35m[1mConsolidate compiler generated dependencies of target ackermann_msgs__rosidl_generator_py[0m
[1.280s] [ 84%] Built target ackermann_msgs__rosidl_generator_py
[1.343s] [35m[1mConsolidate compiler generated dependencies of target ackermann_msgs__rosidl_typesupport_c__pyext[0m
[1.344s] [35m[1mConsolidate compiler generated dependencies of target ackermann_msgs__rosidl_typesupport_introspection_c__pyext[0m
[1.378s] [35m[1mConsolidate compiler generated dependencies of target ackermann_msgs__rosidl_typesupport_fastrtps_c__pyext[0m
[1.405s] [ 89%] Built target ackermann_msgs__rosidl_typesupport_c__pyext
[1.409s] [ 94%] Built target ackermann_msgs__rosidl_typesupport_introspection_c__pyext
[1.442s] [100%] Built target ackermann_msgs__rosidl_typesupport_fastrtps_c__pyext
[2.313s] running egg_info
[2.318s] writing ackermann_msgs.egg-info/PKG-INFO
[2.318s] writing dependency_links to ackermann_msgs.egg-info/dependency_links.txt
[2.320s] writing top-level names to ackermann_msgs.egg-info/top_level.txt
[2.335s] reading manifest file 'ackermann_msgs.egg-info/SOURCES.txt'
[2.338s] writing manifest file 'ackermann_msgs.egg-info/SOURCES.txt'
[2.554s] [100%] Built target ament_cmake_python_build_ackermann_msgs_egg
[2.633s] Invoked command in '/userdata/dev_ws/build/ackermann_msgs' returned '0': CMAKE_PREFIX_PATH=${CMAKE_PREFIX_PATH}:/opt/tros/humble:/opt/ros/humble /usr/bin/cmake --build /userdata/dev_ws/build/ackermann_msgs -- -j8 -l8
[2.651s] Invoking command in '/userdata/dev_ws/build/ackermann_msgs': CMAKE_PREFIX_PATH=${CMAKE_PREFIX_PATH}:/opt/tros/humble:/opt/ros/humble /usr/bin/cmake --install /userdata/dev_ws/build/ackermann_msgs
[2.691s] -- Install configuration: ""
[2.694s] -- Execute custom install script
[2.697s] -- Up-to-date symlink: /userdata/dev_ws/install/ackermann_msgs/share/ament_index/resource_index/rosidl_interfaces/ackermann_msgs
[2.700s] -- Up-to-date symlink: /userdata/dev_ws/install/ackermann_msgs/include/ackermann_msgs/ackermann_msgs/msg/ackermann_drive.h
[2.701s] -- Up-to-date symlink: /userdata/dev_ws/install/ackermann_msgs/include/ackermann_msgs/ackermann_msgs/msg/ackermann_drive_stamped.h
[2.702s] -- Up-to-date symlink: /userdata/dev_ws/install/ackermann_msgs/include/ackermann_msgs/ackermann_msgs/msg/detail/ackermann_drive__functions.h
[2.703s] -- Up-to-date symlink: /userdata/dev_ws/install/ackermann_msgs/include/ackermann_msgs/ackermann_msgs/msg/detail/ackermann_drive__struct.h
[2.704s] -- Up-to-date symlink: /userdata/dev_ws/install/ackermann_msgs/include/ackermann_msgs/ackermann_msgs/msg/detail/ackermann_drive__type_support.h
[2.705s] -- Up-to-date symlink: /userdata/dev_ws/install/ackermann_msgs/include/ackermann_msgs/ackermann_msgs/msg/detail/ackermann_drive_stamped__functions.h
[2.707s] -- Up-to-date symlink: /userdata/dev_ws/install/ackermann_msgs/include/ackermann_msgs/ackermann_msgs/msg/detail/ackermann_drive_stamped__struct.h
[2.707s] -- Up-to-date symlink: /userdata/dev_ws/install/ackermann_msgs/include/ackermann_msgs/ackermann_msgs/msg/detail/ackermann_drive_stamped__type_support.h
[2.708s] -- Up-to-date symlink: /userdata/dev_ws/install/ackermann_msgs/include/ackermann_msgs/ackermann_msgs/msg/rosidl_generator_c__visibility_control.h
[2.709s] -- Up-to-date symlink: /userdata/dev_ws/install/ackermann_msgs/share/ackermann_msgs/environment/library_path.sh
[2.710s] -- Up-to-date symlink: /userdata/dev_ws/install/ackermann_msgs/share/ackermann_msgs/environment/library_path.dsv
[2.713s] -- Up-to-date symlink: /userdata/dev_ws/install/ackermann_msgs/include/ackermann_msgs/ackermann_msgs/msg/detail/ackermann_drive__rosidl_typesupport_fastrtps_c.h
[2.714s] -- Up-to-date symlink: /userdata/dev_ws/install/ackermann_msgs/include/ackermann_msgs/ackermann_msgs/msg/detail/ackermann_drive_stamped__rosidl_typesupport_fastrtps_c.h
[2.715s] -- Up-to-date symlink: /userdata/dev_ws/install/ackermann_msgs/include/ackermann_msgs/ackermann_msgs/msg/rosidl_typesupport_fastrtps_c__visibility_control.h
[2.717s] -- Up-to-date symlink: /userdata/dev_ws/install/ackermann_msgs/include/ackermann_msgs/ackermann_msgs/msg/detail/ackermann_drive__rosidl_typesupport_introspection_c.h
[2.718s] -- Up-to-date symlink: /userdata/dev_ws/install/ackermann_msgs/include/ackermann_msgs/ackermann_msgs/msg/detail/ackermann_drive_stamped__rosidl_typesupport_introspection_c.h
[2.719s] -- Up-to-date symlink: /userdata/dev_ws/install/ackermann_msgs/include/ackermann_msgs/ackermann_msgs/msg/rosidl_typesupport_introspection_c__visibility_control.h
[2.721s] -- Up-to-date symlink: /userdata/dev_ws/install/ackermann_msgs/include/ackermann_msgs/ackermann_msgs/msg/ackermann_drive.hpp
[2.722s] -- Up-to-date symlink: /userdata/dev_ws/install/ackermann_msgs/include/ackermann_msgs/ackermann_msgs/msg/ackermann_drive_stamped.hpp
[2.723s] -- Up-to-date symlink: /userdata/dev_ws/install/ackermann_msgs/include/ackermann_msgs/ackermann_msgs/msg/detail/ackermann_drive__builder.hpp
[2.724s] -- Up-to-date symlink: /userdata/dev_ws/install/ackermann_msgs/include/ackermann_msgs/ackermann_msgs/msg/detail/ackermann_drive__struct.hpp
[2.725s] -- Up-to-date symlink: /userdata/dev_ws/install/ackermann_msgs/include/ackermann_msgs/ackermann_msgs/msg/detail/ackermann_drive__traits.hpp
[2.726s] -- Up-to-date symlink: /userdata/dev_ws/install/ackermann_msgs/include/ackermann_msgs/ackermann_msgs/msg/detail/ackermann_drive__type_support.hpp
[2.727s] -- Up-to-date symlink: /userdata/dev_ws/install/ackermann_msgs/include/ackermann_msgs/ackermann_msgs/msg/detail/ackermann_drive_stamped__builder.hpp
[2.727s] -- Up-to-date symlink: /userdata/dev_ws/install/ackermann_msgs/include/ackermann_msgs/ackermann_msgs/msg/detail/ackermann_drive_stamped__struct.hpp
[2.728s] -- Up-to-date symlink: /userdata/dev_ws/install/ackermann_msgs/include/ackermann_msgs/ackermann_msgs/msg/detail/ackermann_drive_stamped__traits.hpp
[2.729s] -- Up-to-date symlink: /userdata/dev_ws/install/ackermann_msgs/include/ackermann_msgs/ackermann_msgs/msg/detail/ackermann_drive_stamped__type_support.hpp
[2.730s] -- Up-to-date symlink: /userdata/dev_ws/install/ackermann_msgs/include/ackermann_msgs/ackermann_msgs/msg/rosidl_generator_cpp__visibility_control.hpp
[2.732s] -- Up-to-date symlink: /userdata/dev_ws/install/ackermann_msgs/include/ackermann_msgs/ackermann_msgs/msg/detail/ackermann_drive__rosidl_typesupport_fastrtps_cpp.hpp
[2.733s] -- Up-to-date symlink: /userdata/dev_ws/install/ackermann_msgs/include/ackermann_msgs/ackermann_msgs/msg/detail/ackermann_drive_stamped__rosidl_typesupport_fastrtps_cpp.hpp
[2.734s] -- Up-to-date symlink: /userdata/dev_ws/install/ackermann_msgs/include/ackermann_msgs/ackermann_msgs/msg/rosidl_typesupport_fastrtps_cpp__visibility_control.h
[2.737s] -- Up-to-date symlink: /userdata/dev_ws/install/ackermann_msgs/include/ackermann_msgs/ackermann_msgs/msg/detail/ackermann_drive__rosidl_typesupport_introspection_cpp.hpp
[2.738s] -- Up-to-date symlink: /userdata/dev_ws/install/ackermann_msgs/include/ackermann_msgs/ackermann_msgs/msg/detail/ackermann_drive_stamped__rosidl_typesupport_introspection_cpp.hpp
[2.739s] -- Up-to-date symlink: /userdata/dev_ws/install/ackermann_msgs/share/ackermann_msgs/environment/pythonpath.sh
[2.740s] -- Up-to-date symlink: /userdata/dev_ws/install/ackermann_msgs/share/ackermann_msgs/environment/pythonpath.dsv
[2.742s] -- Up-to-date symlink: /userdata/dev_ws/install/ackermann_msgs/local/lib/python3.10/dist-packages/ackermann_msgs-2.0.2-py3.10.egg-info/PKG-INFO
[2.743s] -- Up-to-date symlink: /userdata/dev_ws/install/ackermann_msgs/local/lib/python3.10/dist-packages/ackermann_msgs-2.0.2-py3.10.egg-info/SOURCES.txt
[2.743s] -- Up-to-date symlink: /userdata/dev_ws/install/ackermann_msgs/local/lib/python3.10/dist-packages/ackermann_msgs-2.0.2-py3.10.egg-info/dependency_links.txt
[2.744s] -- Up-to-date symlink: /userdata/dev_ws/install/ackermann_msgs/local/lib/python3.10/dist-packages/ackermann_msgs-2.0.2-py3.10.egg-info/top_level.txt
[2.747s] -- Up-to-date symlink: /userdata/dev_ws/install/ackermann_msgs/local/lib/python3.10/dist-packages/ackermann_msgs/__init__.py
[2.748s] -- Up-to-date symlink: /userdata/dev_ws/install/ackermann_msgs/local/lib/python3.10/dist-packages/ackermann_msgs/_ackermann_msgs_s.ep.rosidl_typesupport_c.c
[2.749s] -- Up-to-date symlink: /userdata/dev_ws/install/ackermann_msgs/local/lib/python3.10/dist-packages/ackermann_msgs/_ackermann_msgs_s.ep.rosidl_typesupport_fastrtps_c.c
[2.751s] -- Up-to-date symlink: /userdata/dev_ws/install/ackermann_msgs/local/lib/python3.10/dist-packages/ackermann_msgs/_ackermann_msgs_s.ep.rosidl_typesupport_introspection_c.c
[2.752s] -- Up-to-date symlink: /userdata/dev_ws/install/ackermann_msgs/local/lib/python3.10/dist-packages/ackermann_msgs/ackermann_msgs_s__rosidl_typesupport_c.cpython-310-aarch64-linux-gnu.so
[2.753s] -- Up-to-date symlink: /userdata/dev_ws/install/ackermann_msgs/local/lib/python3.10/dist-packages/ackermann_msgs/ackermann_msgs_s__rosidl_typesupport_fastrtps_c.cpython-310-aarch64-linux-gnu.so
[2.754s] -- Up-to-date symlink: /userdata/dev_ws/install/ackermann_msgs/local/lib/python3.10/dist-packages/ackermann_msgs/ackermann_msgs_s__rosidl_typesupport_introspection_c.cpython-310-aarch64-linux-gnu.so
[2.754s] -- Up-to-date symlink: /userdata/dev_ws/install/ackermann_msgs/local/lib/python3.10/dist-packages/ackermann_msgs/libackermann_msgs__rosidl_generator_py.so
[2.756s] -- Up-to-date symlink: /userdata/dev_ws/install/ackermann_msgs/local/lib/python3.10/dist-packages/ackermann_msgs/msg/__init__.py
[2.757s] -- Up-to-date symlink: /userdata/dev_ws/install/ackermann_msgs/local/lib/python3.10/dist-packages/ackermann_msgs/msg/_ackermann_drive.py
[2.758s] -- Up-to-date symlink: /userdata/dev_ws/install/ackermann_msgs/local/lib/python3.10/dist-packages/ackermann_msgs/msg/_ackermann_drive_s.c
[2.759s] -- Up-to-date symlink: /userdata/dev_ws/install/ackermann_msgs/local/lib/python3.10/dist-packages/ackermann_msgs/msg/_ackermann_drive_stamped.py
[2.760s] -- Up-to-date symlink: /userdata/dev_ws/install/ackermann_msgs/local/lib/python3.10/dist-packages/ackermann_msgs/msg/_ackermann_drive_stamped_s.c
[2.762s] -- Up-to-date symlink: /userdata/dev_ws/install/ackermann_msgs/local/lib/python3.10/dist-packages/ackermann_msgs/ackermann_msgs_s__rosidl_typesupport_fastrtps_c.cpython-310-aarch64-linux-gnu.so
[2.763s] -- Up-to-date symlink: /userdata/dev_ws/install/ackermann_msgs/local/lib/python3.10/dist-packages/ackermann_msgs/ackermann_msgs_s__rosidl_typesupport_introspection_c.cpython-310-aarch64-linux-gnu.so
[2.765s] -- Up-to-date symlink: /userdata/dev_ws/install/ackermann_msgs/local/lib/python3.10/dist-packages/ackermann_msgs/ackermann_msgs_s__rosidl_typesupport_c.cpython-310-aarch64-linux-gnu.so
[2.767s] -- Up-to-date symlink: /userdata/dev_ws/install/ackermann_msgs/share/ackermann_msgs/msg/AckermannDrive.idl
[2.768s] -- Up-to-date symlink: /userdata/dev_ws/install/ackermann_msgs/share/ackermann_msgs/msg/AckermannDriveStamped.idl
[2.769s] -- Up-to-date symlink: /userdata/dev_ws/install/ackermann_msgs/share/ackermann_msgs/msg/AckermannDrive.msg
[2.770s] -- Up-to-date symlink: /userdata/dev_ws/install/ackermann_msgs/share/ackermann_msgs/msg/AckermannDriveStamped.msg
[2.772s] -- Up-to-date symlink: /userdata/dev_ws/install/ackermann_msgs/share/ament_index/resource_index/package_run_dependencies/ackermann_msgs
[2.774s] -- Up-to-date symlink: /userdata/dev_ws/install/ackermann_msgs/share/ament_index/resource_index/parent_prefix_path/ackermann_msgs
[2.775s] -- Up-to-date symlink: /userdata/dev_ws/install/ackermann_msgs/share/ackermann_msgs/environment/ament_prefix_path.sh
[2.775s] -- Up-to-date symlink: /userdata/dev_ws/install/ackermann_msgs/share/ackermann_msgs/environment/ament_prefix_path.dsv
[2.776s] -- Up-to-date symlink: /userdata/dev_ws/install/ackermann_msgs/share/ackermann_msgs/environment/path.sh
[2.777s] -- Up-to-date symlink: /userdata/dev_ws/install/ackermann_msgs/share/ackermann_msgs/environment/path.dsv
[2.778s] -- Up-to-date symlink: /userdata/dev_ws/install/ackermann_msgs/share/ackermann_msgs/local_setup.bash
[2.779s] -- Up-to-date symlink: /userdata/dev_ws/install/ackermann_msgs/share/ackermann_msgs/local_setup.sh
[2.781s] -- Up-to-date symlink: /userdata/dev_ws/install/ackermann_msgs/share/ackermann_msgs/local_setup.zsh
[2.782s] -- Up-to-date symlink: /userdata/dev_ws/install/ackermann_msgs/share/ackermann_msgs/local_setup.dsv
[2.782s] -- Symlinking: /userdata/dev_ws/install/ackermann_msgs/share/ackermann_msgs/package.dsv
[2.822s] -- Up-to-date symlink: /userdata/dev_ws/install/ackermann_msgs/share/ament_index/resource_index/packages/ackermann_msgs
[2.824s] -- Up-to-date symlink: /userdata/dev_ws/install/ackermann_msgs/share/ackermann_msgs/cmake/rosidl_cmake-extras.cmake
[2.825s] -- Up-to-date symlink: /userdata/dev_ws/install/ackermann_msgs/share/ackermann_msgs/cmake/ament_cmake_export_dependencies-extras.cmake
[2.827s] -- Up-to-date symlink: /userdata/dev_ws/install/ackermann_msgs/share/ackermann_msgs/cmake/ament_cmake_export_include_directories-extras.cmake
[2.828s] -- Up-to-date symlink: /userdata/dev_ws/install/ackermann_msgs/share/ackermann_msgs/cmake/ament_cmake_export_libraries-extras.cmake
[2.829s] -- Up-to-date symlink: /userdata/dev_ws/install/ackermann_msgs/share/ackermann_msgs/cmake/ament_cmake_export_targets-extras.cmake
[2.831s] -- Up-to-date symlink: /userdata/dev_ws/install/ackermann_msgs/share/ackermann_msgs/cmake/rosidl_cmake_export_typesupport_targets-extras.cmake
[2.832s] -- Up-to-date symlink: /userdata/dev_ws/install/ackermann_msgs/share/ackermann_msgs/cmake/rosidl_cmake_export_typesupport_libraries-extras.cmake
[2.833s] -- Up-to-date symlink: /userdata/dev_ws/install/ackermann_msgs/share/ackermann_msgs/cmake/ackermann_msgsConfig.cmake
[2.834s] -- Up-to-date symlink: /userdata/dev_ws/install/ackermann_msgs/share/ackermann_msgs/cmake/ackermann_msgsConfig-version.cmake
[2.835s] -- Up-to-date symlink: /userdata/dev_ws/install/ackermann_msgs/share/ackermann_msgs/package.xml
[2.839s] -- Up-to-date: /userdata/dev_ws/install/ackermann_msgs/lib/libackermann_msgs__rosidl_generator_c.so
[2.841s] -- Up-to-date: /userdata/dev_ws/install/ackermann_msgs/lib/libackermann_msgs__rosidl_typesupport_fastrtps_c.so
[2.843s] -- Up-to-date: /userdata/dev_ws/install/ackermann_msgs/lib/libackermann_msgs__rosidl_typesupport_introspection_c.so
[2.845s] -- Up-to-date: /userdata/dev_ws/install/ackermann_msgs/lib/libackermann_msgs__rosidl_typesupport_c.so
[2.847s] -- Up-to-date: /userdata/dev_ws/install/ackermann_msgs/lib/libackermann_msgs__rosidl_typesupport_fastrtps_cpp.so
[2.850s] -- Up-to-date: /userdata/dev_ws/install/ackermann_msgs/lib/libackermann_msgs__rosidl_typesupport_introspection_cpp.so
[2.852s] -- Up-to-date: /userdata/dev_ws/install/ackermann_msgs/lib/libackermann_msgs__rosidl_typesupport_cpp.so
[3.075s] Listing '/userdata/dev_ws/install/ackermann_msgs/local/lib/python3.10/dist-packages/ackermann_msgs'...
[3.075s] Listing '/userdata/dev_ws/install/ackermann_msgs/local/lib/python3.10/dist-packages/ackermann_msgs/msg'...
[3.119s] -- Up-to-date: /userdata/dev_ws/install/ackermann_msgs/lib/libackermann_msgs__rosidl_generator_py.so
[3.123s] -- Up-to-date: /userdata/dev_ws/install/ackermann_msgs/share/ackermann_msgs/cmake/export_ackermann_msgs__rosidl_generator_cExport.cmake
[3.124s] -- Up-to-date: /userdata/dev_ws/install/ackermann_msgs/share/ackermann_msgs/cmake/export_ackermann_msgs__rosidl_generator_cExport-noconfig.cmake
[3.130s] -- Up-to-date: /userdata/dev_ws/install/ackermann_msgs/share/ackermann_msgs/cmake/export_ackermann_msgs__rosidl_typesupport_fastrtps_cExport.cmake
[3.133s] -- Up-to-date: /userdata/dev_ws/install/ackermann_msgs/share/ackermann_msgs/cmake/export_ackermann_msgs__rosidl_typesupport_fastrtps_cExport-noconfig.cmake
[3.141s] -- Up-to-date: /userdata/dev_ws/install/ackermann_msgs/share/ackermann_msgs/cmake/ackermann_msgs__rosidl_typesupport_introspection_cExport.cmake
[3.144s] -- Up-to-date: /userdata/dev_ws/install/ackermann_msgs/share/ackermann_msgs/cmake/ackermann_msgs__rosidl_typesupport_introspection_cExport-noconfig.cmake
[3.151s] -- Up-to-date: /userdata/dev_ws/install/ackermann_msgs/share/ackermann_msgs/cmake/ackermann_msgs__rosidl_typesupport_cExport.cmake
[3.153s] -- Up-to-date: /userdata/dev_ws/install/ackermann_msgs/share/ackermann_msgs/cmake/ackermann_msgs__rosidl_typesupport_cExport-noconfig.cmake
[3.158s] -- Up-to-date: /userdata/dev_ws/install/ackermann_msgs/share/ackermann_msgs/cmake/export_ackermann_msgs__rosidl_generator_cppExport.cmake
[3.163s] -- Up-to-date: /userdata/dev_ws/install/ackermann_msgs/share/ackermann_msgs/cmake/export_ackermann_msgs__rosidl_typesupport_fastrtps_cppExport.cmake
[3.165s] -- Up-to-date: /userdata/dev_ws/install/ackermann_msgs/share/ackermann_msgs/cmake/export_ackermann_msgs__rosidl_typesupport_fastrtps_cppExport-noconfig.cmake
[3.168s] -- Up-to-date: /userdata/dev_ws/install/ackermann_msgs/share/ackermann_msgs/cmake/ackermann_msgs__rosidl_typesupport_introspection_cppExport.cmake
[3.171s] -- Up-to-date: /userdata/dev_ws/install/ackermann_msgs/share/ackermann_msgs/cmake/ackermann_msgs__rosidl_typesupport_introspection_cppExport-noconfig.cmake
[3.195s] -- Up-to-date: /userdata/dev_ws/install/ackermann_msgs/share/ackermann_msgs/cmake/ackermann_msgs__rosidl_typesupport_cppExport.cmake
[3.198s] -- Up-to-date: /userdata/dev_ws/install/ackermann_msgs/share/ackermann_msgs/cmake/ackermann_msgs__rosidl_typesupport_cppExport-noconfig.cmake
[3.208s] -- Up-to-date: /userdata/dev_ws/install/ackermann_msgs/share/ackermann_msgs/cmake/export_ackermann_msgs__rosidl_generator_pyExport.cmake
[3.211s] -- Up-to-date: /userdata/dev_ws/install/ackermann_msgs/share/ackermann_msgs/cmake/export_ackermann_msgs__rosidl_generator_pyExport-noconfig.cmake
[3.375s] Invoked command in '/userdata/dev_ws/build/ackermann_msgs' returned '0': CMAKE_PREFIX_PATH=${CMAKE_PREFIX_PATH}:/opt/tros/humble:/opt/ros/humble /usr/bin/cmake --install /userdata/dev_ws/build/ackermann_msgs
