[0.112s] Invoking command in '/userdata/dev_ws/build/origincar_competition': CMAKE_PREFIX_PATH=/userdata/dev_ws/install/serial:/userdata/dev_ws/install/origincar_msg:/userdata/dev_ws/install/ackermann_msgs:/userdata/dev_ws/install/utils:/userdata/dev_ws/install/origincar_base:/userdata/dev_ws/install/qr_decoder:/userdata/dev_ws/install/origincar_description:/userdata/dev_ws/install/origincar_bringup:/opt/tros/humble:/opt/ros/humble LD_LIBRARY_PATH=/userdata/dev_ws/install/origincar_msg/lib:/userdata/dev_ws/install/ackermann_msgs/lib:/userdata/dev_ws/install/origincar_base/lib:/userdata/dev_ws/install/serial/lib:/opt/tros/humble/lib/aarch64-linux-gnu:/opt/tros/humble/lib:/opt/ros/humble/lib/aarch64-linux-gnu:/opt/ros/humble/lib:/usr/hobot/lib:/app/lib:/app/pub/lib:/middleware/lib:/middleware/pub/lib:/usr/hobot/lib/sensor:/system/lib:/system/usr/lib:/lib /usr/bin/cmake --build /userdata/dev_ws/build/origincar_competition -- -j8 -l8
[0.205s] -- Found ament_cmake: 1.3.11 (/opt/ros/humble/share/ament_cmake/cmake)
[1.213s] -- Found hbm_img_msgs: 2.0.0 (/opt/tros/humble/share/hbm_img_msgs/cmake)
[1.364s] -- Found rosidl_generator_c: 3.1.6 (/opt/ros/humble/share/rosidl_generator_c/cmake)
[1.384s] -- Found rosidl_adapter: 3.1.6 (/opt/ros/humble/share/rosidl_adapter/cmake)
[1.426s] -- Found rosidl_generator_cpp: 3.1.6 (/opt/ros/humble/share/rosidl_generator_cpp/cmake)
[1.497s] -- Using all available rosidl_typesupport_c: rosidl_typesupport_fastrtps_c;rosidl_typesupport_introspection_c
[1.584s] -- Using all available rosidl_typesupport_cpp: rosidl_typesupport_fastrtps_cpp;rosidl_typesupport_introspection_cpp
[1.742s] -- Found rclcpp: 16.0.12 (/opt/ros/humble/share/rclcpp/cmake)
[1.930s] -- Found rmw_implementation_cmake: 6.1.2 (/opt/ros/humble/share/rmw_implementation_cmake/cmake)
[1.943s] -- Found rmw_fastrtps_cpp: 6.2.7 (/opt/ros/humble/share/rmw_fastrtps_cpp/cmake)
[2.461s] -- Using RMW implementation 'rmw_fastrtps_cpp' as default
[2.809s] -- Found sensor_msgs: 4.8.0 (/opt/ros/humble/share/sensor_msgs/cmake)
[3.040s] -- Found cv_bridge: 3.2.1 (/opt/ros/humble/share/cv_bridge/cmake)
[3.054s] -- Found ai_msgs: 2.0.1 (/opt/tros/humble/share/ai_msgs/cmake)
[3.168s] -- Found origincar_msg: 0.0.0 (/userdata/dev_ws/install/origincar_msg/share/origincar_msg/cmake)
[3.269s] -- Found ament_lint_auto: 0.12.12 (/opt/ros/humble/share/ament_lint_auto/cmake)
[3.711s] -- Added test 'copyright' to check source files copyright and LICENSE
[3.716s] -- Added test 'cppcheck' to perform static code analysis on C / C++ code
[3.717s] -- Configured cppcheck include dirs: $<BUILD_INTERFACE:/userdata/dev_ws/src/origincar/origincar_competition/include>
[3.717s] -- Configured cppcheck exclude dirs and/or files: 
[3.721s] -- Added test 'cpplint' to check C / C++ code against the Google style
[3.722s] -- Configured cpplint exclude dirs and/or files: 
[3.723s] -- Added test 'flake8' to check Python code syntax and style conventions
[3.725s] -- Added test 'lint_cmake' to check CMake code style
[3.727s] -- Added test 'pep257' to check Python code against some of the docstring style conventions in PEP 257
[3.731s] -- Added test 'uncrustify' to check C / C++ code style
[3.732s] -- Configured uncrustify additional arguments: 
[3.733s] -- Added test 'xmllint' to check XML markup files
[3.739s] -- Configuring done
[3.834s] -- Generating done
[3.861s] -- Build files have been written to: /userdata/dev_ws/build/origincar_competition
[3.991s] [35m[1mConsolidate compiler generated dependencies of target origincar_competition[0m
[4.072s] [ 50%] [32m[1mLinking CXX executable origincar_competition[0m
[4.511s] /usr/bin/ld: cannot find -lion: No such file or directory
[8.158s] collect2: error: ld returned 1 exit status
[8.170s] gmake[2]: *** [CMakeFiles/origincar_competition.dir/build.make:254: origincar_competition] Error 1
[8.170s] gmake[1]: *** [CMakeFiles/Makefile2:137: CMakeFiles/origincar_competition.dir/all] Error 2
[8.171s] gmake: *** [Makefile:146: all] Error 2
[8.186s] Invoked command in '/userdata/dev_ws/build/origincar_competition' returned '2': CMAKE_PREFIX_PATH=/userdata/dev_ws/install/serial:/userdata/dev_ws/install/origincar_msg:/userdata/dev_ws/install/ackermann_msgs:/userdata/dev_ws/install/utils:/userdata/dev_ws/install/origincar_base:/userdata/dev_ws/install/qr_decoder:/userdata/dev_ws/install/origincar_description:/userdata/dev_ws/install/origincar_bringup:/opt/tros/humble:/opt/ros/humble LD_LIBRARY_PATH=/userdata/dev_ws/install/origincar_msg/lib:/userdata/dev_ws/install/ackermann_msgs/lib:/userdata/dev_ws/install/origincar_base/lib:/userdata/dev_ws/install/serial/lib:/opt/tros/humble/lib/aarch64-linux-gnu:/opt/tros/humble/lib:/opt/ros/humble/lib/aarch64-linux-gnu:/opt/ros/humble/lib:/usr/hobot/lib:/app/lib:/app/pub/lib:/middleware/lib:/middleware/pub/lib:/usr/hobot/lib/sensor:/system/lib:/system/usr/lib:/lib /usr/bin/cmake --build /userdata/dev_ws/build/origincar_competition -- -j8 -l8
