[0.147s] Invoking command in '/userdata/dev_ws/build/serial': CMAKE_PREFIX_PATH=${CMAKE_PREFIX_PATH}:/opt/tros/humble:/opt/ros/humble /usr/bin/cmake --build /userdata/dev_ws/build/serial -- -j8 -l8
[0.635s] [100%] Built target serial
[0.727s] Invoked command in '/userdata/dev_ws/build/serial' returned '0': CMAKE_PREFIX_PATH=${CMAKE_PREFIX_PATH}:/opt/tros/humble:/opt/ros/humble /usr/bin/cmake --build /userdata/dev_ws/build/serial -- -j8 -l8
[0.750s] Invoking command in '/userdata/dev_ws/build/serial': CMAKE_PREFIX_PATH=${CMAKE_PREFIX_PATH}:/opt/tros/humble:/opt/ros/humble /usr/bin/cmake --install /userdata/dev_ws/build/serial
[0.833s] -- Install configuration: ""
[0.838s] -- Execute custom install script
[0.844s] -- Up-to-date symlink: /userdata/dev_ws/install/serial/lib/libserial.a
[0.861s] -- Up-to-date symlink: /userdata/dev_ws/install/serial/share/serial/environment/library_path.sh
[0.862s] -- Up-to-date symlink: /userdata/dev_ws/install/serial/share/serial/environment/library_path.dsv
[0.863s] -- Up-to-date symlink: /userdata/dev_ws/install/serial/include/serial/impl/unix.h
[0.866s] -- Up-to-date symlink: /userdata/dev_ws/install/serial/include/serial/impl/win.h
[0.867s] -- Up-to-date symlink: /userdata/dev_ws/install/serial/include/serial/serial.h
[0.867s] -- Up-to-date symlink: /userdata/dev_ws/install/serial/include/serial/v8stdint.h
[0.868s] -- Up-to-date symlink: /userdata/dev_ws/install/serial/share/ament_index/resource_index/package_run_dependencies/serial
[0.882s] -- Up-to-date symlink: /userdata/dev_ws/install/serial/share/ament_index/resource_index/parent_prefix_path/serial
[0.883s] -- Up-to-date symlink: /userdata/dev_ws/install/serial/share/serial/environment/ament_prefix_path.sh
[0.886s] -- Up-to-date symlink: /userdata/dev_ws/install/serial/share/serial/environment/ament_prefix_path.dsv
[0.888s] -- Up-to-date symlink: /userdata/dev_ws/install/serial/share/serial/environment/path.sh
[0.891s] -- Up-to-date symlink: /userdata/dev_ws/install/serial/share/serial/environment/path.dsv
[0.894s] -- Up-to-date symlink: /userdata/dev_ws/install/serial/share/serial/local_setup.bash
[0.897s] -- Up-to-date symlink: /userdata/dev_ws/install/serial/share/serial/local_setup.sh
[0.901s] -- Up-to-date symlink: /userdata/dev_ws/install/serial/share/serial/local_setup.zsh
[0.902s] -- Up-to-date symlink: /userdata/dev_ws/install/serial/share/serial/local_setup.dsv
[0.903s] -- Symlinking: /userdata/dev_ws/install/serial/share/serial/package.dsv
[0.937s] -- Up-to-date symlink: /userdata/dev_ws/install/serial/share/ament_index/resource_index/packages/serial
[0.942s] -- Up-to-date symlink: /userdata/dev_ws/install/serial/share/serial/cmake/ament_cmake_export_include_directories-extras.cmake
[0.943s] -- Up-to-date symlink: /userdata/dev_ws/install/serial/share/serial/cmake/ament_cmake_export_libraries-extras.cmake
[0.945s] -- Up-to-date symlink: /userdata/dev_ws/install/serial/share/serial/cmake/ament_cmake_export_dependencies-extras.cmake
[0.946s] -- Up-to-date symlink: /userdata/dev_ws/install/serial/share/serial/cmake/serialConfig.cmake
[0.947s] -- Up-to-date symlink: /userdata/dev_ws/install/serial/share/serial/cmake/serialConfig-version.cmake
[0.948s] -- Up-to-date symlink: /userdata/dev_ws/install/serial/share/serial/package.xml
[1.115s] Invoked command in '/userdata/dev_ws/build/serial' returned '0': CMAKE_PREFIX_PATH=${CMAKE_PREFIX_PATH}:/opt/tros/humble:/opt/ros/humble /usr/bin/cmake --install /userdata/dev_ws/build/serial
