[0.170s] Invoking command in '/userdata/dev_ws/build/origincar_msg': CMAKE_PREFIX_PATH=${CMAKE_PREFIX_PATH}:/opt/tros/humble:/opt/ros/humble /usr/bin/cmake --build /userdata/dev_ws/build/origincar_msg -- -j8 -l8
[0.446s] [ 10%] Built target origincar_msg__rosidl_generator_c
[0.471s] [ 12%] Built target origincar_msg__cpp
[0.487s] [ 12%] Built target ament_cmake_python_symlink_origincar_msg
[0.725s] [ 23%] Built target origincar_msg__rosidl_typesupport_introspection_c
[0.730s] [ 33%] Built target origincar_msg__rosidl_typesupport_c
[0.761s] [ 43%] Built target origincar_msg__rosidl_typesupport_introspection_cpp
[0.797s] [ 53%] Built target origincar_msg__rosidl_typesupport_fastrtps_c
[0.798s] [ 64%] Built target origincar_msg__rosidl_typesupport_fastrtps_cpp
[0.806s] [ 74%] Built target origincar_msg__rosidl_typesupport_cpp
[0.907s] [ 74%] Built target origincar_msg
[1.004s] [ 76%] Built target origincar_msg__py
[1.116s] [ 84%] Built target origincar_msg__rosidl_generator_py
[1.254s] [ 89%] Built target origincar_msg__rosidl_typesupport_fastrtps_c__pyext
[1.273s] [ 94%] Built target origincar_msg__rosidl_typesupport_introspection_c__pyext
[1.306s] [100%] Built target origincar_msg__rosidl_typesupport_c__pyext
[2.353s] running egg_info
[2.357s] writing origincar_msg.egg-info/PKG-INFO
[2.358s] writing dependency_links to origincar_msg.egg-info/dependency_links.txt
[2.360s] writing top-level names to origincar_msg.egg-info/top_level.txt
[2.374s] reading manifest file 'origincar_msg.egg-info/SOURCES.txt'
[2.378s] writing manifest file 'origincar_msg.egg-info/SOURCES.txt'
[2.599s] [100%] Built target ament_cmake_python_build_origincar_msg_egg
[2.655s] Invoked command in '/userdata/dev_ws/build/origincar_msg' returned '0': CMAKE_PREFIX_PATH=${CMAKE_PREFIX_PATH}:/opt/tros/humble:/opt/ros/humble /usr/bin/cmake --build /userdata/dev_ws/build/origincar_msg -- -j8 -l8
[2.666s] Invoking command in '/userdata/dev_ws/build/origincar_msg': CMAKE_PREFIX_PATH=${CMAKE_PREFIX_PATH}:/opt/tros/humble:/opt/ros/humble /usr/bin/cmake --install /userdata/dev_ws/build/origincar_msg
[2.697s] -- Install configuration: ""
[2.700s] -- Execute custom install script
[2.701s] -- Up-to-date symlink: /userdata/dev_ws/install/origincar_msg/share/ament_index/resource_index/rosidl_interfaces/origincar_msg
[2.704s] -- Up-to-date symlink: /userdata/dev_ws/install/origincar_msg/include/origincar_msg/origincar_msg/msg/data.h
[2.705s] -- Up-to-date symlink: /userdata/dev_ws/install/origincar_msg/include/origincar_msg/origincar_msg/msg/detail/data__functions.h
[2.706s] -- Up-to-date symlink: /userdata/dev_ws/install/origincar_msg/include/origincar_msg/origincar_msg/msg/detail/data__struct.h
[2.707s] -- Up-to-date symlink: /userdata/dev_ws/install/origincar_msg/include/origincar_msg/origincar_msg/msg/detail/data__type_support.h
[2.708s] -- Up-to-date symlink: /userdata/dev_ws/install/origincar_msg/include/origincar_msg/origincar_msg/msg/detail/sign__functions.h
[2.709s] -- Up-to-date symlink: /userdata/dev_ws/install/origincar_msg/include/origincar_msg/origincar_msg/msg/detail/sign__struct.h
[2.709s] -- Up-to-date symlink: /userdata/dev_ws/install/origincar_msg/include/origincar_msg/origincar_msg/msg/detail/sign__type_support.h
[2.711s] -- Up-to-date symlink: /userdata/dev_ws/install/origincar_msg/include/origincar_msg/origincar_msg/msg/rosidl_generator_c__visibility_control.h
[2.711s] -- Up-to-date symlink: /userdata/dev_ws/install/origincar_msg/include/origincar_msg/origincar_msg/msg/sign.h
[2.712s] -- Up-to-date symlink: /userdata/dev_ws/install/origincar_msg/share/origincar_msg/environment/library_path.sh
[2.713s] -- Up-to-date symlink: /userdata/dev_ws/install/origincar_msg/share/origincar_msg/environment/library_path.dsv
[2.715s] -- Up-to-date symlink: /userdata/dev_ws/install/origincar_msg/include/origincar_msg/origincar_msg/msg/detail/data__rosidl_typesupport_fastrtps_c.h
[2.716s] -- Up-to-date symlink: /userdata/dev_ws/install/origincar_msg/include/origincar_msg/origincar_msg/msg/detail/sign__rosidl_typesupport_fastrtps_c.h
[2.716s] -- Up-to-date symlink: /userdata/dev_ws/install/origincar_msg/include/origincar_msg/origincar_msg/msg/rosidl_typesupport_fastrtps_c__visibility_control.h
[2.717s] -- Up-to-date symlink: /userdata/dev_ws/install/origincar_msg/include/origincar_msg/origincar_msg/msg/detail/data__rosidl_typesupport_introspection_c.h
[2.718s] -- Up-to-date symlink: /userdata/dev_ws/install/origincar_msg/include/origincar_msg/origincar_msg/msg/detail/sign__rosidl_typesupport_introspection_c.h
[2.718s] -- Up-to-date symlink: /userdata/dev_ws/install/origincar_msg/include/origincar_msg/origincar_msg/msg/rosidl_typesupport_introspection_c__visibility_control.h
[2.719s] -- Up-to-date symlink: /userdata/dev_ws/install/origincar_msg/include/origincar_msg/origincar_msg/msg/data.hpp
[2.719s] -- Up-to-date symlink: /userdata/dev_ws/install/origincar_msg/include/origincar_msg/origincar_msg/msg/detail/data__builder.hpp
[2.720s] -- Up-to-date symlink: /userdata/dev_ws/install/origincar_msg/include/origincar_msg/origincar_msg/msg/detail/data__struct.hpp
[2.720s] -- Up-to-date symlink: /userdata/dev_ws/install/origincar_msg/include/origincar_msg/origincar_msg/msg/detail/data__traits.hpp
[2.721s] -- Up-to-date symlink: /userdata/dev_ws/install/origincar_msg/include/origincar_msg/origincar_msg/msg/detail/data__type_support.hpp
[2.722s] -- Up-to-date symlink: /userdata/dev_ws/install/origincar_msg/include/origincar_msg/origincar_msg/msg/detail/sign__builder.hpp
[2.722s] -- Up-to-date symlink: /userdata/dev_ws/install/origincar_msg/include/origincar_msg/origincar_msg/msg/detail/sign__struct.hpp
[2.723s] -- Up-to-date symlink: /userdata/dev_ws/install/origincar_msg/include/origincar_msg/origincar_msg/msg/detail/sign__traits.hpp
[2.723s] -- Up-to-date symlink: /userdata/dev_ws/install/origincar_msg/include/origincar_msg/origincar_msg/msg/detail/sign__type_support.hpp
[2.724s] -- Up-to-date symlink: /userdata/dev_ws/install/origincar_msg/include/origincar_msg/origincar_msg/msg/rosidl_generator_cpp__visibility_control.hpp
[2.724s] -- Up-to-date symlink: /userdata/dev_ws/install/origincar_msg/include/origincar_msg/origincar_msg/msg/sign.hpp
[2.726s] -- Up-to-date symlink: /userdata/dev_ws/install/origincar_msg/include/origincar_msg/origincar_msg/msg/detail/data__rosidl_typesupport_fastrtps_cpp.hpp
[2.726s] -- Up-to-date symlink: /userdata/dev_ws/install/origincar_msg/include/origincar_msg/origincar_msg/msg/detail/sign__rosidl_typesupport_fastrtps_cpp.hpp
[2.727s] -- Up-to-date symlink: /userdata/dev_ws/install/origincar_msg/include/origincar_msg/origincar_msg/msg/rosidl_typesupport_fastrtps_cpp__visibility_control.h
[2.729s] -- Up-to-date symlink: /userdata/dev_ws/install/origincar_msg/include/origincar_msg/origincar_msg/msg/detail/data__rosidl_typesupport_introspection_cpp.hpp
[2.729s] -- Up-to-date symlink: /userdata/dev_ws/install/origincar_msg/include/origincar_msg/origincar_msg/msg/detail/sign__rosidl_typesupport_introspection_cpp.hpp
[2.730s] -- Up-to-date symlink: /userdata/dev_ws/install/origincar_msg/share/origincar_msg/environment/pythonpath.sh
[2.731s] -- Up-to-date symlink: /userdata/dev_ws/install/origincar_msg/share/origincar_msg/environment/pythonpath.dsv
[2.732s] -- Up-to-date symlink: /userdata/dev_ws/install/origincar_msg/local/lib/python3.10/dist-packages/origincar_msg-0.0.0-py3.10.egg-info/PKG-INFO
[2.733s] -- Up-to-date symlink: /userdata/dev_ws/install/origincar_msg/local/lib/python3.10/dist-packages/origincar_msg-0.0.0-py3.10.egg-info/SOURCES.txt
[2.734s] -- Up-to-date symlink: /userdata/dev_ws/install/origincar_msg/local/lib/python3.10/dist-packages/origincar_msg-0.0.0-py3.10.egg-info/dependency_links.txt
[2.734s] -- Up-to-date symlink: /userdata/dev_ws/install/origincar_msg/local/lib/python3.10/dist-packages/origincar_msg-0.0.0-py3.10.egg-info/top_level.txt
[2.737s] -- Up-to-date symlink: /userdata/dev_ws/install/origincar_msg/local/lib/python3.10/dist-packages/origincar_msg/__init__.py
[2.737s] -- Up-to-date symlink: /userdata/dev_ws/install/origincar_msg/local/lib/python3.10/dist-packages/origincar_msg/_origincar_msg_s.ep.rosidl_typesupport_c.c
[2.738s] -- Up-to-date symlink: /userdata/dev_ws/install/origincar_msg/local/lib/python3.10/dist-packages/origincar_msg/_origincar_msg_s.ep.rosidl_typesupport_fastrtps_c.c
[2.739s] -- Up-to-date symlink: /userdata/dev_ws/install/origincar_msg/local/lib/python3.10/dist-packages/origincar_msg/_origincar_msg_s.ep.rosidl_typesupport_introspection_c.c
[2.739s] -- Up-to-date symlink: /userdata/dev_ws/install/origincar_msg/local/lib/python3.10/dist-packages/origincar_msg/liborigincar_msg__rosidl_generator_py.so
[2.741s] -- Up-to-date symlink: /userdata/dev_ws/install/origincar_msg/local/lib/python3.10/dist-packages/origincar_msg/msg/__init__.py
[2.741s] -- Up-to-date symlink: /userdata/dev_ws/install/origincar_msg/local/lib/python3.10/dist-packages/origincar_msg/msg/_data.py
[2.742s] -- Up-to-date symlink: /userdata/dev_ws/install/origincar_msg/local/lib/python3.10/dist-packages/origincar_msg/msg/_data_s.c
[2.743s] -- Up-to-date symlink: /userdata/dev_ws/install/origincar_msg/local/lib/python3.10/dist-packages/origincar_msg/msg/_sign.py
[2.743s] -- Up-to-date symlink: /userdata/dev_ws/install/origincar_msg/local/lib/python3.10/dist-packages/origincar_msg/msg/_sign_s.c
[2.744s] -- Up-to-date symlink: /userdata/dev_ws/install/origincar_msg/local/lib/python3.10/dist-packages/origincar_msg/origincar_msg_s__rosidl_typesupport_c.cpython-310-aarch64-linux-gnu.so
[2.744s] -- Up-to-date symlink: /userdata/dev_ws/install/origincar_msg/local/lib/python3.10/dist-packages/origincar_msg/origincar_msg_s__rosidl_typesupport_fastrtps_c.cpython-310-aarch64-linux-gnu.so
[2.745s] -- Up-to-date symlink: /userdata/dev_ws/install/origincar_msg/local/lib/python3.10/dist-packages/origincar_msg/origincar_msg_s__rosidl_typesupport_introspection_c.cpython-310-aarch64-linux-gnu.so
[2.745s] -- Up-to-date symlink: /userdata/dev_ws/install/origincar_msg/local/lib/python3.10/dist-packages/origincar_msg/origincar_msg_s__rosidl_typesupport_fastrtps_c.cpython-310-aarch64-linux-gnu.so
[2.746s] -- Up-to-date symlink: /userdata/dev_ws/install/origincar_msg/local/lib/python3.10/dist-packages/origincar_msg/origincar_msg_s__rosidl_typesupport_introspection_c.cpython-310-aarch64-linux-gnu.so
[2.747s] -- Up-to-date symlink: /userdata/dev_ws/install/origincar_msg/local/lib/python3.10/dist-packages/origincar_msg/origincar_msg_s__rosidl_typesupport_c.cpython-310-aarch64-linux-gnu.so
[2.748s] -- Up-to-date symlink: /userdata/dev_ws/install/origincar_msg/share/origincar_msg/msg/Data.idl
[2.748s] -- Up-to-date symlink: /userdata/dev_ws/install/origincar_msg/share/origincar_msg/msg/Sign.idl
[2.749s] -- Up-to-date symlink: /userdata/dev_ws/install/origincar_msg/share/origincar_msg/msg/Data.msg
[2.750s] -- Up-to-date symlink: /userdata/dev_ws/install/origincar_msg/share/origincar_msg/msg/Sign.msg
[2.751s] -- Up-to-date symlink: /userdata/dev_ws/install/origincar_msg/share/ament_index/resource_index/package_run_dependencies/origincar_msg
[2.752s] -- Up-to-date symlink: /userdata/dev_ws/install/origincar_msg/share/ament_index/resource_index/parent_prefix_path/origincar_msg
[2.753s] -- Up-to-date symlink: /userdata/dev_ws/install/origincar_msg/share/origincar_msg/environment/ament_prefix_path.sh
[2.753s] -- Up-to-date symlink: /userdata/dev_ws/install/origincar_msg/share/origincar_msg/environment/ament_prefix_path.dsv
[2.754s] -- Up-to-date symlink: /userdata/dev_ws/install/origincar_msg/share/origincar_msg/environment/path.sh
[2.755s] -- Up-to-date symlink: /userdata/dev_ws/install/origincar_msg/share/origincar_msg/environment/path.dsv
[2.756s] -- Up-to-date symlink: /userdata/dev_ws/install/origincar_msg/share/origincar_msg/local_setup.bash
[2.757s] -- Up-to-date symlink: /userdata/dev_ws/install/origincar_msg/share/origincar_msg/local_setup.sh
[2.757s] -- Up-to-date symlink: /userdata/dev_ws/install/origincar_msg/share/origincar_msg/local_setup.zsh
[2.758s] -- Up-to-date symlink: /userdata/dev_ws/install/origincar_msg/share/origincar_msg/local_setup.dsv
[2.759s] -- Symlinking: /userdata/dev_ws/install/origincar_msg/share/origincar_msg/package.dsv
[2.799s] -- Up-to-date symlink: /userdata/dev_ws/install/origincar_msg/share/ament_index/resource_index/packages/origincar_msg
[2.800s] -- Up-to-date symlink: /userdata/dev_ws/install/origincar_msg/share/origincar_msg/cmake/rosidl_cmake-extras.cmake
[2.800s] -- Up-to-date symlink: /userdata/dev_ws/install/origincar_msg/share/origincar_msg/cmake/ament_cmake_export_dependencies-extras.cmake
[2.801s] -- Up-to-date symlink: /userdata/dev_ws/install/origincar_msg/share/origincar_msg/cmake/ament_cmake_export_include_directories-extras.cmake
[2.802s] -- Up-to-date symlink: /userdata/dev_ws/install/origincar_msg/share/origincar_msg/cmake/ament_cmake_export_libraries-extras.cmake
[2.803s] -- Up-to-date symlink: /userdata/dev_ws/install/origincar_msg/share/origincar_msg/cmake/ament_cmake_export_targets-extras.cmake
[2.803s] -- Up-to-date symlink: /userdata/dev_ws/install/origincar_msg/share/origincar_msg/cmake/rosidl_cmake_export_typesupport_targets-extras.cmake
[2.804s] -- Up-to-date symlink: /userdata/dev_ws/install/origincar_msg/share/origincar_msg/cmake/rosidl_cmake_export_typesupport_libraries-extras.cmake
[2.805s] -- Up-to-date symlink: /userdata/dev_ws/install/origincar_msg/share/origincar_msg/cmake/origincar_msgConfig.cmake
[2.806s] -- Up-to-date symlink: /userdata/dev_ws/install/origincar_msg/share/origincar_msg/cmake/origincar_msgConfig-version.cmake
[2.806s] -- Up-to-date symlink: /userdata/dev_ws/install/origincar_msg/share/origincar_msg/package.xml
[2.807s] -- Up-to-date: /userdata/dev_ws/install/origincar_msg/lib/liborigincar_msg__rosidl_generator_c.so
[2.809s] -- Up-to-date: /userdata/dev_ws/install/origincar_msg/lib/liborigincar_msg__rosidl_typesupport_fastrtps_c.so
[2.810s] -- Up-to-date: /userdata/dev_ws/install/origincar_msg/lib/liborigincar_msg__rosidl_typesupport_introspection_c.so
[2.811s] -- Up-to-date: /userdata/dev_ws/install/origincar_msg/lib/liborigincar_msg__rosidl_typesupport_c.so
[2.812s] -- Up-to-date: /userdata/dev_ws/install/origincar_msg/lib/liborigincar_msg__rosidl_typesupport_fastrtps_cpp.so
[2.813s] -- Up-to-date: /userdata/dev_ws/install/origincar_msg/lib/liborigincar_msg__rosidl_typesupport_introspection_cpp.so
[2.814s] -- Up-to-date: /userdata/dev_ws/install/origincar_msg/lib/liborigincar_msg__rosidl_typesupport_cpp.so
[3.021s] Listing '/userdata/dev_ws/install/origincar_msg/local/lib/python3.10/dist-packages/origincar_msg'...
[3.024s] Listing '/userdata/dev_ws/install/origincar_msg/local/lib/python3.10/dist-packages/origincar_msg/msg'...
[3.066s] -- Up-to-date: /userdata/dev_ws/install/origincar_msg/lib/liborigincar_msg__rosidl_generator_py.so
[3.067s] -- Up-to-date: /userdata/dev_ws/install/origincar_msg/share/origincar_msg/cmake/export_origincar_msg__rosidl_generator_cExport.cmake
[3.070s] -- Up-to-date: /userdata/dev_ws/install/origincar_msg/share/origincar_msg/cmake/export_origincar_msg__rosidl_generator_cExport-noconfig.cmake
[3.071s] -- Up-to-date: /userdata/dev_ws/install/origincar_msg/share/origincar_msg/cmake/export_origincar_msg__rosidl_typesupport_fastrtps_cExport.cmake
[3.073s] -- Up-to-date: /userdata/dev_ws/install/origincar_msg/share/origincar_msg/cmake/export_origincar_msg__rosidl_typesupport_fastrtps_cExport-noconfig.cmake
[3.073s] -- Up-to-date: /userdata/dev_ws/install/origincar_msg/share/origincar_msg/cmake/origincar_msg__rosidl_typesupport_introspection_cExport.cmake
[3.075s] -- Up-to-date: /userdata/dev_ws/install/origincar_msg/share/origincar_msg/cmake/origincar_msg__rosidl_typesupport_introspection_cExport-noconfig.cmake
[3.076s] -- Up-to-date: /userdata/dev_ws/install/origincar_msg/share/origincar_msg/cmake/origincar_msg__rosidl_typesupport_cExport.cmake
[3.078s] -- Up-to-date: /userdata/dev_ws/install/origincar_msg/share/origincar_msg/cmake/origincar_msg__rosidl_typesupport_cExport-noconfig.cmake
[3.081s] -- Up-to-date: /userdata/dev_ws/install/origincar_msg/share/origincar_msg/cmake/export_origincar_msg__rosidl_generator_cppExport.cmake
[3.085s] -- Up-to-date: /userdata/dev_ws/install/origincar_msg/share/origincar_msg/cmake/export_origincar_msg__rosidl_typesupport_fastrtps_cppExport.cmake
[3.087s] -- Up-to-date: /userdata/dev_ws/install/origincar_msg/share/origincar_msg/cmake/export_origincar_msg__rosidl_typesupport_fastrtps_cppExport-noconfig.cmake
[3.088s] -- Up-to-date: /userdata/dev_ws/install/origincar_msg/share/origincar_msg/cmake/origincar_msg__rosidl_typesupport_introspection_cppExport.cmake
[3.090s] -- Up-to-date: /userdata/dev_ws/install/origincar_msg/share/origincar_msg/cmake/origincar_msg__rosidl_typesupport_introspection_cppExport-noconfig.cmake
[3.092s] -- Up-to-date: /userdata/dev_ws/install/origincar_msg/share/origincar_msg/cmake/origincar_msg__rosidl_typesupport_cppExport.cmake
[3.093s] -- Up-to-date: /userdata/dev_ws/install/origincar_msg/share/origincar_msg/cmake/origincar_msg__rosidl_typesupport_cppExport-noconfig.cmake
[3.094s] -- Up-to-date: /userdata/dev_ws/install/origincar_msg/share/origincar_msg/cmake/export_origincar_msg__rosidl_generator_pyExport.cmake
[3.095s] -- Up-to-date: /userdata/dev_ws/install/origincar_msg/share/origincar_msg/cmake/export_origincar_msg__rosidl_generator_pyExport-noconfig.cmake
[3.112s] Invoked command in '/userdata/dev_ws/build/origincar_msg' returned '0': CMAKE_PREFIX_PATH=${CMAKE_PREFIX_PATH}:/opt/tros/humble:/opt/ros/humble /usr/bin/cmake --install /userdata/dev_ws/build/origincar_msg
