[0.121s] Invoking command in '/userdata/dev_ws/build/utils': CMAKE_PREFIX_PATH=${CMAKE_PREFIX_PATH}:/opt/tros/humble:/opt/ros/humble /usr/bin/cmake --build /userdata/dev_ws/build/utils -- -j8 -l8
[0.568s] [100%] Built target image_transport_node
[0.891s] Invoked command in '/userdata/dev_ws/build/utils' returned '0': CMAKE_PREFIX_PATH=${CMAKE_PREFIX_PATH}:/opt/tros/humble:/opt/ros/humble /usr/bin/cmake --build /userdata/dev_ws/build/utils -- -j8 -l8
[0.895s] Invoking command in '/userdata/dev_ws/build/utils': CMAKE_PREFIX_PATH=${CMAKE_PREFIX_PATH}:/opt/tros/humble:/opt/ros/humble /usr/bin/cmake --install /userdata/dev_ws/build/utils
[1.021s] -- Install configuration: ""
[1.022s] -- Execute custom install script
[1.023s] -- Up-to-date symlink: /userdata/dev_ws/install/utils/lib/utils/image_transport_node
[1.024s] -- Up-to-date symlink: /userdata/dev_ws/install/utils/share/ament_index/resource_index/package_run_dependencies/utils
[1.024s] -- Up-to-date symlink: /userdata/dev_ws/install/utils/share/ament_index/resource_index/parent_prefix_path/utils
[1.025s] -- Up-to-date symlink: /userdata/dev_ws/install/utils/share/utils/environment/ament_prefix_path.sh
[1.026s] -- Up-to-date symlink: /userdata/dev_ws/install/utils/share/utils/environment/ament_prefix_path.dsv
[1.027s] -- Up-to-date symlink: /userdata/dev_ws/install/utils/share/utils/environment/path.sh
[1.027s] -- Up-to-date symlink: /userdata/dev_ws/install/utils/share/utils/environment/path.dsv
[1.028s] -- Up-to-date symlink: /userdata/dev_ws/install/utils/share/utils/local_setup.bash
[1.029s] -- Up-to-date symlink: /userdata/dev_ws/install/utils/share/utils/local_setup.sh
[1.030s] -- Up-to-date symlink: /userdata/dev_ws/install/utils/share/utils/local_setup.zsh
[1.032s] -- Up-to-date symlink: /userdata/dev_ws/install/utils/share/utils/local_setup.dsv
[1.033s] -- Symlinking: /userdata/dev_ws/install/utils/share/utils/package.dsv
[1.034s] -- Up-to-date symlink: /userdata/dev_ws/install/utils/share/ament_index/resource_index/packages/utils
[1.035s] -- Up-to-date symlink: /userdata/dev_ws/install/utils/share/utils/cmake/utilsConfig.cmake
[1.035s] -- Up-to-date symlink: /userdata/dev_ws/install/utils/share/utils/cmake/utilsConfig-version.cmake
[1.036s] -- Up-to-date symlink: /userdata/dev_ws/install/utils/share/utils/package.xml
[1.052s] Invoked command in '/userdata/dev_ws/build/utils' returned '0': CMAKE_PREFIX_PATH=${CMAKE_PREFIX_PATH}:/opt/tros/humble:/opt/ros/humble /usr/bin/cmake --install /userdata/dev_ws/build/utils
