running egg_info
creating ../../build/image_upload_analyzer/image_upload_analyzer.egg-info
writing ../../build/image_upload_analyzer/image_upload_analyzer.egg-info/PKG-INFO
writing dependency_links to ../../build/image_upload_analyzer/image_upload_analyzer.egg-info/dependency_links.txt
writing entry points to ../../build/image_upload_analyzer/image_upload_analyzer.egg-info/entry_points.txt
writing requirements to ../../build/image_upload_analyzer/image_upload_analyzer.egg-info/requires.txt
writing top-level names to ../../build/image_upload_analyzer/image_upload_analyzer.egg-info/top_level.txt
writing manifest file '../../build/image_upload_analyzer/image_upload_analyzer.egg-info/SOURCES.txt'
reading manifest file '../../build/image_upload_analyzer/image_upload_analyzer.egg-info/SOURCES.txt'
writing manifest file '../../build/image_upload_analyzer/image_upload_analyzer.egg-info/SOURCES.txt'
running build
running build_py
creating /userdata/dev_ws/build/image_upload_analyzer/build
creating /userdata/dev_ws/build/image_upload_analyzer/build/lib
creating /userdata/dev_ws/build/image_upload_analyzer/build/lib/image_upload_analyzer
copying image_upload_analyzer/__init__.py -> /userdata/dev_ws/build/image_upload_analyzer/build/lib/image_upload_analyzer
copying image_upload_analyzer/image_upload_analyzer_node.py -> /userdata/dev_ws/build/image_upload_analyzer/build/lib/image_upload_analyzer
running install
running install_lib
creating /userdata/dev_ws/install/image_upload_analyzer/lib/python3.10/site-packages/image_upload_analyzer
copying /userdata/dev_ws/build/image_upload_analyzer/build/lib/image_upload_analyzer/__init__.py -> /userdata/dev_ws/install/image_upload_analyzer/lib/python3.10/site-packages/image_upload_analyzer
copying /userdata/dev_ws/build/image_upload_analyzer/build/lib/image_upload_analyzer/image_upload_analyzer_node.py -> /userdata/dev_ws/install/image_upload_analyzer/lib/python3.10/site-packages/image_upload_analyzer
byte-compiling /userdata/dev_ws/install/image_upload_analyzer/lib/python3.10/site-packages/image_upload_analyzer/__init__.py to __init__.cpython-310.pyc
byte-compiling /userdata/dev_ws/install/image_upload_analyzer/lib/python3.10/site-packages/image_upload_analyzer/image_upload_analyzer_node.py to image_upload_analyzer_node.cpython-310.pyc
running install_data
creating /userdata/dev_ws/install/image_upload_analyzer/share/ament_index
creating /userdata/dev_ws/install/image_upload_analyzer/share/ament_index/resource_index
creating /userdata/dev_ws/install/image_upload_analyzer/share/ament_index/resource_index/packages
copying resource/image_upload_analyzer -> /userdata/dev_ws/install/image_upload_analyzer/share/ament_index/resource_index/packages
copying package.xml -> /userdata/dev_ws/install/image_upload_analyzer/share/image_upload_analyzer
running install_egg_info
Copying ../../build/image_upload_analyzer/image_upload_analyzer.egg-info to /userdata/dev_ws/install/image_upload_analyzer/lib/python3.10/site-packages/image_upload_analyzer-0.0.0-py3.10.egg-info
running install_scripts
Installing image_upload_analyzer script to /userdata/dev_ws/install/image_upload_analyzer/lib/image_upload_analyzer
writing list of installed files to '/userdata/dev_ws/build/image_upload_analyzer/install.log'
