[4.728s] Invoking command in '/userdata/dev_ws/src/image_upload_analyzer': PYTHONPATH=/userdata/dev_ws/build/image_upload_analyzer/prefix_override:/usr/lib/python3/dist-packages/colcon_core/task/python/colcon_distutils_commands:/userdata/dev_ws/install/image_upload_analyzer/lib/python3.10/site-packages:${PYTHONPATH} /usr/bin/python3 -W ignore:setup.py install is deprecated -W ignore:easy_install command is deprecated setup.py egg_info --egg-base ../../build/image_upload_analyzer build --build-base /userdata/dev_ws/build/image_upload_analyzer/build install --record /userdata/dev_ws/build/image_upload_analyzer/install.log --single-version-externally-managed install_data
[6.232s] running egg_info
[6.236s] creating ../../build/image_upload_analyzer/image_upload_analyzer.egg-info
[6.237s] writing ../../build/image_upload_analyzer/image_upload_analyzer.egg-info/PKG-INFO
[6.238s] writing dependency_links to ../../build/image_upload_analyzer/image_upload_analyzer.egg-info/dependency_links.txt
[6.239s] writing entry points to ../../build/image_upload_analyzer/image_upload_analyzer.egg-info/entry_points.txt
[6.239s] writing requirements to ../../build/image_upload_analyzer/image_upload_analyzer.egg-info/requires.txt
[6.240s] writing top-level names to ../../build/image_upload_analyzer/image_upload_analyzer.egg-info/top_level.txt
[6.240s] writing manifest file '../../build/image_upload_analyzer/image_upload_analyzer.egg-info/SOURCES.txt'
[6.249s] reading manifest file '../../build/image_upload_analyzer/image_upload_analyzer.egg-info/SOURCES.txt'
[6.254s] writing manifest file '../../build/image_upload_analyzer/image_upload_analyzer.egg-info/SOURCES.txt'
[6.255s] running build
[6.255s] running build_py
[6.256s] creating /userdata/dev_ws/build/image_upload_analyzer/build
[6.256s] creating /userdata/dev_ws/build/image_upload_analyzer/build/lib
[6.257s] creating /userdata/dev_ws/build/image_upload_analyzer/build/lib/image_upload_analyzer
[6.257s] copying image_upload_analyzer/__init__.py -> /userdata/dev_ws/build/image_upload_analyzer/build/lib/image_upload_analyzer
[6.258s] copying image_upload_analyzer/image_upload_analyzer_node.py -> /userdata/dev_ws/build/image_upload_analyzer/build/lib/image_upload_analyzer
[6.258s] running install
[6.259s] running install_lib
[6.264s] creating /userdata/dev_ws/install/image_upload_analyzer/lib/python3.10/site-packages/image_upload_analyzer
[6.265s] copying /userdata/dev_ws/build/image_upload_analyzer/build/lib/image_upload_analyzer/__init__.py -> /userdata/dev_ws/install/image_upload_analyzer/lib/python3.10/site-packages/image_upload_analyzer
[6.265s] copying /userdata/dev_ws/build/image_upload_analyzer/build/lib/image_upload_analyzer/image_upload_analyzer_node.py -> /userdata/dev_ws/install/image_upload_analyzer/lib/python3.10/site-packages/image_upload_analyzer
[6.268s] byte-compiling /userdata/dev_ws/install/image_upload_analyzer/lib/python3.10/site-packages/image_upload_analyzer/__init__.py to __init__.cpython-310.pyc
[6.269s] byte-compiling /userdata/dev_ws/install/image_upload_analyzer/lib/python3.10/site-packages/image_upload_analyzer/image_upload_analyzer_node.py to image_upload_analyzer_node.cpython-310.pyc
[6.276s] running install_data
[6.276s] creating /userdata/dev_ws/install/image_upload_analyzer/share/ament_index
[6.277s] creating /userdata/dev_ws/install/image_upload_analyzer/share/ament_index/resource_index
[6.278s] creating /userdata/dev_ws/install/image_upload_analyzer/share/ament_index/resource_index/packages
[6.278s] copying resource/image_upload_analyzer -> /userdata/dev_ws/install/image_upload_analyzer/share/ament_index/resource_index/packages
[6.279s] copying package.xml -> /userdata/dev_ws/install/image_upload_analyzer/share/image_upload_analyzer
[6.279s] running install_egg_info
[6.288s] Copying ../../build/image_upload_analyzer/image_upload_analyzer.egg-info to /userdata/dev_ws/install/image_upload_analyzer/lib/python3.10/site-packages/image_upload_analyzer-0.0.0-py3.10.egg-info
[6.292s] running install_scripts
[6.413s] Installing image_upload_analyzer script to /userdata/dev_ws/install/image_upload_analyzer/lib/image_upload_analyzer
[6.415s] writing list of installed files to '/userdata/dev_ws/build/image_upload_analyzer/install.log'
[6.615s] Invoked command in '/userdata/dev_ws/src/image_upload_analyzer' returned '0': PYTHONPATH=/userdata/dev_ws/build/image_upload_analyzer/prefix_override:/usr/lib/python3/dist-packages/colcon_core/task/python/colcon_distutils_commands:/userdata/dev_ws/install/image_upload_analyzer/lib/python3.10/site-packages:${PYTHONPATH} /usr/bin/python3 -W ignore:setup.py install is deprecated -W ignore:easy_install command is deprecated setup.py egg_info --egg-base ../../build/image_upload_analyzer build --build-base /userdata/dev_ws/build/image_upload_analyzer/build install --record /userdata/dev_ws/build/image_upload_analyzer/install.log --single-version-externally-managed install_data
