[100%] Built target origincar_competition
-- Install configuration: ""
-- Up-to-date: /userdata/dev_ws/install/origincar_competition/share/origincar_competition/launch
-- Up-to-date: /userdata/dev_ws/install/origincar_competition/share/origincar_competition/launch/start.launch.py
-- Up-to-date: /userdata/dev_ws/install/origincar_competition/lib/origincar_competition/origincar_competition
-- Up-to-date: /userdata/dev_ws/install/origincar_competition/share/ament_index/resource_index/package_run_dependencies/origincar_competition
-- Up-to-date: /userdata/dev_ws/install/origincar_competition/share/ament_index/resource_index/parent_prefix_path/origincar_competition
-- Up-to-date: /userdata/dev_ws/install/origincar_competition/share/origincar_competition/environment/ament_prefix_path.sh
-- Up-to-date: /userdata/dev_ws/install/origincar_competition/share/origincar_competition/environment/ament_prefix_path.dsv
-- Up-to-date: /userdata/dev_ws/install/origincar_competition/share/origincar_competition/environment/path.sh
-- Up-to-date: /userdata/dev_ws/install/origincar_competition/share/origincar_competition/environment/path.dsv
-- Up-to-date: /userdata/dev_ws/install/origincar_competition/share/origincar_competition/local_setup.bash
-- Up-to-date: /userdata/dev_ws/install/origincar_competition/share/origincar_competition/local_setup.sh
-- Up-to-date: /userdata/dev_ws/install/origincar_competition/share/origincar_competition/local_setup.zsh
-- Up-to-date: /userdata/dev_ws/install/origincar_competition/share/origincar_competition/local_setup.dsv
-- Installing: /userdata/dev_ws/install/origincar_competition/share/origincar_competition/package.dsv
-- Up-to-date: /userdata/dev_ws/install/origincar_competition/share/ament_index/resource_index/packages/origincar_competition
-- Up-to-date: /userdata/dev_ws/install/origincar_competition/share/origincar_competition/cmake/origincar_competitionConfig.cmake
-- Up-to-date: /userdata/dev_ws/install/origincar_competition/share/origincar_competition/cmake/origincar_competitionConfig-version.cmake
-- Up-to-date: /userdata/dev_ws/install/origincar_competition/share/origincar_competition/package.xml
