[0.070s] Invoking command in '/userdata/dev_ws/build/origincar_competition': CMAKE_PREFIX_PATH=/userdata/dev_ws/install/serial:/userdata/dev_ws/install/origincar_msg:/userdata/dev_ws/install/ackermann_msgs:/userdata/dev_ws/install/utils:/userdata/dev_ws/install/origincar_base:/userdata/dev_ws/install/qr_decoder:/userdata/dev_ws/install/origincar_description:/userdata/dev_ws/install/origincar_bringup:/opt/tros/humble:/opt/ros/humble LD_LIBRARY_PATH=/userdata/dev_ws/install/origincar_msg/lib:/userdata/dev_ws/install/ackermann_msgs/lib:/userdata/dev_ws/install/origincar_base/lib:/userdata/dev_ws/install/serial/lib:/opt/tros/humble/lib/aarch64-linux-gnu:/opt/tros/humble/lib:/opt/ros/humble/lib/aarch64-linux-gnu:/opt/ros/humble/lib:/usr/hobot/lib:/app/lib:/app/pub/lib:/middleware/lib:/middleware/pub/lib:/usr/hobot/lib/sensor:/system/lib:/system/usr/lib:/lib /usr/bin/cmake --build /userdata/dev_ws/build/origincar_competition -- -j8 -l8
[0.324s] [100%] Built target origincar_competition
[0.386s] Invoked command in '/userdata/dev_ws/build/origincar_competition' returned '0': CMAKE_PREFIX_PATH=/userdata/dev_ws/install/serial:/userdata/dev_ws/install/origincar_msg:/userdata/dev_ws/install/ackermann_msgs:/userdata/dev_ws/install/utils:/userdata/dev_ws/install/origincar_base:/userdata/dev_ws/install/qr_decoder:/userdata/dev_ws/install/origincar_description:/userdata/dev_ws/install/origincar_bringup:/opt/tros/humble:/opt/ros/humble LD_LIBRARY_PATH=/userdata/dev_ws/install/origincar_msg/lib:/userdata/dev_ws/install/ackermann_msgs/lib:/userdata/dev_ws/install/origincar_base/lib:/userdata/dev_ws/install/serial/lib:/opt/tros/humble/lib/aarch64-linux-gnu:/opt/tros/humble/lib:/opt/ros/humble/lib/aarch64-linux-gnu:/opt/ros/humble/lib:/usr/hobot/lib:/app/lib:/app/pub/lib:/middleware/lib:/middleware/pub/lib:/usr/hobot/lib/sensor:/system/lib:/system/usr/lib:/lib /usr/bin/cmake --build /userdata/dev_ws/build/origincar_competition -- -j8 -l8
[0.389s] Invoking command in '/userdata/dev_ws/build/origincar_competition': CMAKE_PREFIX_PATH=/userdata/dev_ws/install/serial:/userdata/dev_ws/install/origincar_msg:/userdata/dev_ws/install/ackermann_msgs:/userdata/dev_ws/install/utils:/userdata/dev_ws/install/origincar_base:/userdata/dev_ws/install/qr_decoder:/userdata/dev_ws/install/origincar_description:/userdata/dev_ws/install/origincar_bringup:/opt/tros/humble:/opt/ros/humble LD_LIBRARY_PATH=/userdata/dev_ws/install/origincar_msg/lib:/userdata/dev_ws/install/ackermann_msgs/lib:/userdata/dev_ws/install/origincar_base/lib:/userdata/dev_ws/install/serial/lib:/opt/tros/humble/lib/aarch64-linux-gnu:/opt/tros/humble/lib:/opt/ros/humble/lib/aarch64-linux-gnu:/opt/ros/humble/lib:/usr/hobot/lib:/app/lib:/app/pub/lib:/middleware/lib:/middleware/pub/lib:/usr/hobot/lib/sensor:/system/lib:/system/usr/lib:/lib /usr/bin/cmake --install /userdata/dev_ws/build/origincar_competition
[0.433s] -- Install configuration: ""
[0.434s] -- Up-to-date: /userdata/dev_ws/install/origincar_competition/share/origincar_competition/launch
[0.435s] -- Up-to-date: /userdata/dev_ws/install/origincar_competition/share/origincar_competition/launch/start.launch.py
[0.436s] -- Up-to-date: /userdata/dev_ws/install/origincar_competition/lib/origincar_competition/origincar_competition
[0.437s] -- Up-to-date: /userdata/dev_ws/install/origincar_competition/share/ament_index/resource_index/package_run_dependencies/origincar_competition
[0.438s] -- Up-to-date: /userdata/dev_ws/install/origincar_competition/share/ament_index/resource_index/parent_prefix_path/origincar_competition
[0.438s] -- Up-to-date: /userdata/dev_ws/install/origincar_competition/share/origincar_competition/environment/ament_prefix_path.sh
[0.439s] -- Up-to-date: /userdata/dev_ws/install/origincar_competition/share/origincar_competition/environment/ament_prefix_path.dsv
[0.440s] -- Up-to-date: /userdata/dev_ws/install/origincar_competition/share/origincar_competition/environment/path.sh
[0.440s] -- Up-to-date: /userdata/dev_ws/install/origincar_competition/share/origincar_competition/environment/path.dsv
[0.441s] -- Up-to-date: /userdata/dev_ws/install/origincar_competition/share/origincar_competition/local_setup.bash
[0.443s] -- Up-to-date: /userdata/dev_ws/install/origincar_competition/share/origincar_competition/local_setup.sh
[0.444s] -- Up-to-date: /userdata/dev_ws/install/origincar_competition/share/origincar_competition/local_setup.zsh
[0.447s] -- Up-to-date: /userdata/dev_ws/install/origincar_competition/share/origincar_competition/local_setup.dsv
[0.448s] -- Installing: /userdata/dev_ws/install/origincar_competition/share/origincar_competition/package.dsv
[0.450s] -- Up-to-date: /userdata/dev_ws/install/origincar_competition/share/ament_index/resource_index/packages/origincar_competition
[0.451s] -- Up-to-date: /userdata/dev_ws/install/origincar_competition/share/origincar_competition/cmake/origincar_competitionConfig.cmake
[0.453s] -- Up-to-date: /userdata/dev_ws/install/origincar_competition/share/origincar_competition/cmake/origincar_competitionConfig-version.cmake
[0.455s] -- Up-to-date: /userdata/dev_ws/install/origincar_competition/share/origincar_competition/package.xml
[0.528s] Invoked command in '/userdata/dev_ws/build/origincar_competition' returned '0': CMAKE_PREFIX_PATH=/userdata/dev_ws/install/serial:/userdata/dev_ws/install/origincar_msg:/userdata/dev_ws/install/ackermann_msgs:/userdata/dev_ws/install/utils:/userdata/dev_ws/install/origincar_base:/userdata/dev_ws/install/qr_decoder:/userdata/dev_ws/install/origincar_description:/userdata/dev_ws/install/origincar_bringup:/opt/tros/humble:/opt/ros/humble LD_LIBRARY_PATH=/userdata/dev_ws/install/origincar_msg/lib:/userdata/dev_ws/install/ackermann_msgs/lib:/userdata/dev_ws/install/origincar_base/lib:/userdata/dev_ws/install/serial/lib:/opt/tros/humble/lib/aarch64-linux-gnu:/opt/tros/humble/lib:/opt/ros/humble/lib/aarch64-linux-gnu:/opt/ros/humble/lib:/usr/hobot/lib:/app/lib:/app/pub/lib:/middleware/lib:/middleware/pub/lib:/usr/hobot/lib/sensor:/system/lib:/system/usr/lib:/lib /usr/bin/cmake --install /userdata/dev_ws/build/origincar_competition
