[0.147s] Invoking command in '/userdata/dev_ws/build/origincar_msg': CMAKE_PREFIX_PATH=${CMAKE_PREFIX_PATH}:/opt/tros/humble:/opt/ros/humble /usr/bin/cmake /userdata/dev_ws/src/origincar/origincar_msg -DCMAKE_INSTALL_PREFIX=/userdata/dev_ws/install/origincar_msg
[0.294s] -- Found ament_cmake: 1.3.11 (/opt/ros/humble/share/ament_cmake/cmake)
[1.314s] -- Override CMake install command with custom implementation using symlinks instead of copying resources
[1.392s] -- Found rosidl_default_generators: 1.2.0 (/opt/ros/humble/share/rosidl_default_generators/cmake)
[1.406s] -- Using all available rosidl_typesupport_c: rosidl_typesupport_fastrtps_c;rosidl_typesupport_introspection_c
[1.424s] -- Found rosidl_adapter: 3.1.6 (/opt/ros/humble/share/rosidl_adapter/cmake)
[1.606s] -- Using all available rosidl_typesupport_cpp: rosidl_typesupport_fastrtps_cpp;rosidl_typesupport_introspection_cpp
[1.783s] -- Found std_msgs: 4.8.0 (/opt/ros/humble/share/std_msgs/cmake)
[3.972s] -- Found ament_cmake_cppcheck: 0.12.12 (/opt/ros/humble/share/ament_cmake_cppcheck/cmake)
[3.976s] -- Found ament_cmake_cpplint: 0.12.12 (/opt/ros/humble/share/ament_cmake_cpplint/cmake)
[3.980s] -- Found ament_cmake_uncrustify: 0.12.12 (/opt/ros/humble/share/ament_cmake_uncrustify/cmake)
[3.990s] -- Found ament_cmake_ros: 0.10.0 (/opt/ros/humble/share/ament_cmake_ros/cmake)
[5.615s] -- Using all available rosidl_typesupport_c: rosidl_typesupport_fastrtps_c;rosidl_typesupport_introspection_c
[7.582s] -- Using all available rosidl_typesupport_cpp: rosidl_typesupport_fastrtps_cpp;rosidl_typesupport_introspection_cpp
[7.738s] -- Found python_cmake_module: 0.10.0 (/opt/ros/humble/share/python_cmake_module/cmake)
[7.892s] -- Using PYTHON_EXECUTABLE: /usr/bin/python3
[7.892s] -- Using PYTHON_INCLUDE_DIRS: /usr/include/python3.10
[7.893s] -- Using PYTHON_LIBRARIES: /usr/lib/aarch64-linux-gnu/libpython3.10.so
[8.092s] -- Found ament_cmake_flake8: 0.12.12 (/opt/ros/humble/share/ament_cmake_flake8/cmake)
[8.096s] -- Found ament_cmake_pep257: 0.12.12 (/opt/ros/humble/share/ament_cmake_pep257/cmake)
[8.159s] -- Configuring done
[8.474s] -- Generating done
[8.545s] -- Build files have been written to: /userdata/dev_ws/build/origincar_msg
[8.604s] Invoked command in '/userdata/dev_ws/build/origincar_msg' returned '0': CMAKE_PREFIX_PATH=${CMAKE_PREFIX_PATH}:/opt/tros/humble:/opt/ros/humble /usr/bin/cmake /userdata/dev_ws/src/origincar/origincar_msg -DCMAKE_INSTALL_PREFIX=/userdata/dev_ws/install/origincar_msg
[8.611s] Invoking command in '/userdata/dev_ws/build/origincar_msg': CMAKE_PREFIX_PATH=${CMAKE_PREFIX_PATH}:/opt/tros/humble:/opt/ros/humble /usr/bin/cmake --build /userdata/dev_ws/build/origincar_msg -- -j8 -l8
[8.789s] [  2%] [34m[1mGenerating C code for ROS interfaces[0m
[8.837s] [  5%] [34m[1mGenerating C++ code for ROS interfaces[0m
[8.874s] [  5%] Built target ament_cmake_python_symlink_origincar_msg
[10.566s] running egg_info
[10.571s] writing origincar_msg.egg-info/PKG-INFO
[10.572s] writing dependency_links to origincar_msg.egg-info/dependency_links.txt
[10.573s] writing top-level names to origincar_msg.egg-info/top_level.txt
[10.589s] reading manifest file 'origincar_msg.egg-info/SOURCES.txt'
[10.593s] writing manifest file 'origincar_msg.egg-info/SOURCES.txt'
[10.824s] [  5%] Built target ament_cmake_python_build_origincar_msg_egg
[11.007s] [  5%] Built target origincar_msg__cpp
[11.078s] [  7%] [34m[1mGenerating C++ introspection for ROS interfaces[0m
[11.094s] [ 10%] [34m[1mGenerating C++ type support for eProsima Fast-RTPS[0m
[11.097s] [ 12%] [34m[1mGenerating C++ type support dispatch for ROS interfaces[0m
[11.120s] [35m[1mConsolidate compiler generated dependencies of target origincar_msg__rosidl_generator_c[0m
[11.180s] [ 17%] [32mBuilding C object CMakeFiles/origincar_msg__rosidl_generator_c.dir/rosidl_generator_c/origincar_msg/msg/detail/sign__functions.c.o[0m
[11.187s] [ 17%] [32mBuilding C object CMakeFiles/origincar_msg__rosidl_generator_c.dir/rosidl_generator_c/origincar_msg/msg/detail/data__functions.c.o[0m
[11.530s] [ 20%] [32m[1mLinking C shared library liborigincar_msg__rosidl_generator_c.so[0m
[11.843s] [ 20%] Built target origincar_msg__rosidl_generator_c
[11.906s] [ 23%] [34m[1mGenerating C type support dispatch for ROS interfaces[0m
[11.945s] [ 25%] [34m[1mGenerating C introspection for ROS interfaces[0m
[11.964s] [ 28%] [34m[1mGenerating C type support for eProsima Fast-RTPS[0m
[13.431s] [35m[1mConsolidate compiler generated dependencies of target origincar_msg__rosidl_typesupport_introspection_cpp[0m
[13.562s] [ 30%] [32mBuilding CXX object CMakeFiles/origincar_msg__rosidl_typesupport_introspection_cpp.dir/rosidl_typesupport_introspection_cpp/origincar_msg/msg/detail/data__type_support.cpp.o[0m
[13.566s] [35m[1mConsolidate compiler generated dependencies of target origincar_msg__rosidl_typesupport_cpp[0m
[13.585s] [ 33%] [32mBuilding CXX object CMakeFiles/origincar_msg__rosidl_typesupport_introspection_cpp.dir/rosidl_typesupport_introspection_cpp/origincar_msg/msg/detail/sign__type_support.cpp.o[0m
[13.743s] [ 35%] [32mBuilding CXX object CMakeFiles/origincar_msg__rosidl_typesupport_cpp.dir/rosidl_typesupport_cpp/origincar_msg/msg/data__type_support.cpp.o[0m
[13.756s] [ 38%] [32mBuilding CXX object CMakeFiles/origincar_msg__rosidl_typesupport_cpp.dir/rosidl_typesupport_cpp/origincar_msg/msg/sign__type_support.cpp.o[0m
[14.048s] [35m[1mConsolidate compiler generated dependencies of target origincar_msg__rosidl_typesupport_c[0m
[14.152s] [ 41%] [32mBuilding CXX object CMakeFiles/origincar_msg__rosidl_typesupport_c.dir/rosidl_typesupport_c/origincar_msg/msg/data__type_support.cpp.o[0m
[14.208s] [35m[1mConsolidate compiler generated dependencies of target origincar_msg__rosidl_typesupport_fastrtps_cpp[0m
[14.323s] [ 43%] [32mBuilding CXX object CMakeFiles/origincar_msg__rosidl_typesupport_fastrtps_cpp.dir/rosidl_typesupport_fastrtps_cpp/origincar_msg/msg/detail/dds_fastrtps/data__type_support.cpp.o[0m
[14.340s] [ 46%] [32mBuilding CXX object CMakeFiles/origincar_msg__rosidl_typesupport_c.dir/rosidl_typesupport_c/origincar_msg/msg/sign__type_support.cpp.o[0m
[14.410s] [35m[1mConsolidate compiler generated dependencies of target origincar_msg__rosidl_typesupport_introspection_c[0m
[14.545s] [ 48%] [32mBuilding C object CMakeFiles/origincar_msg__rosidl_typesupport_introspection_c.dir/rosidl_typesupport_introspection_c/origincar_msg/msg/detail/data__type_support.c.o[0m
[14.592s] [ 51%] [32m[1mLinking CXX shared library liborigincar_msg__rosidl_typesupport_c.so[0m
[14.993s] [35m[1mConsolidate compiler generated dependencies of target origincar_msg__rosidl_typesupport_fastrtps_c[0m
[15.087s] [ 51%] Built target origincar_msg__rosidl_typesupport_c
[15.106s] [ 53%] [32mBuilding C object CMakeFiles/origincar_msg__rosidl_typesupport_introspection_c.dir/rosidl_typesupport_introspection_c/origincar_msg/msg/detail/sign__type_support.c.o[0m
[15.163s] [ 56%] [32mBuilding CXX object CMakeFiles/origincar_msg__rosidl_typesupport_fastrtps_c.dir/rosidl_typesupport_fastrtps_c/origincar_msg/msg/detail/data__type_support_c.cpp.o[0m
[15.248s] [ 58%] [32mBuilding CXX object CMakeFiles/origincar_msg__rosidl_typesupport_fastrtps_c.dir/rosidl_typesupport_fastrtps_c/origincar_msg/msg/detail/sign__type_support_c.cpp.o[0m
[15.560s] [ 61%] [32m[1mLinking C shared library liborigincar_msg__rosidl_typesupport_introspection_c.so[0m
[15.902s] [ 61%] Built target origincar_msg__rosidl_typesupport_introspection_c
[16.071s] [ 64%] [32mBuilding CXX object CMakeFiles/origincar_msg__rosidl_typesupport_fastrtps_cpp.dir/rosidl_typesupport_fastrtps_cpp/origincar_msg/msg/detail/dds_fastrtps/sign__type_support.cpp.o[0m
[17.996s] [ 66%] [32m[1mLinking CXX shared library liborigincar_msg__rosidl_typesupport_cpp.so[0m
[18.519s] [ 66%] Built target origincar_msg__rosidl_typesupport_cpp
[19.181s] [ 69%] [32m[1mLinking CXX shared library liborigincar_msg__rosidl_typesupport_introspection_cpp.so[0m
[19.680s] [ 69%] Built target origincar_msg__rosidl_typesupport_introspection_cpp
[20.241s] [ 71%] [32m[1mLinking CXX shared library liborigincar_msg__rosidl_typesupport_fastrtps_c.so[0m
[20.889s] [ 71%] Built target origincar_msg__rosidl_typesupport_fastrtps_c
[21.365s] [ 74%] [32m[1mLinking CXX shared library liborigincar_msg__rosidl_typesupport_fastrtps_cpp.so[0m
[21.926s] [ 74%] Built target origincar_msg__rosidl_typesupport_fastrtps_cpp
[22.021s] [ 74%] Built target origincar_msg
[22.118s] [ 76%] [34m[1mGenerating Python code for ROS interfaces[0m
[24.764s] [ 76%] Built target origincar_msg__py
[24.812s] [35m[1mConsolidate compiler generated dependencies of target origincar_msg__rosidl_generator_py[0m
[24.881s] [ 82%] [32mBuilding C object CMakeFiles/origincar_msg__rosidl_generator_py.dir/rosidl_generator_py/origincar_msg/msg/_data_s.c.o[0m
[24.882s] [ 82%] [32mBuilding C object CMakeFiles/origincar_msg__rosidl_generator_py.dir/rosidl_generator_py/origincar_msg/msg/_sign_s.c.o[0m
[25.535s] [ 84%] [32m[1mLinking C shared library rosidl_generator_py/origincar_msg/liborigincar_msg__rosidl_generator_py.so[0m
[25.776s] [ 84%] Built target origincar_msg__rosidl_generator_py
[25.826s] [35m[1mConsolidate compiler generated dependencies of target origincar_msg__rosidl_typesupport_introspection_c__pyext[0m
[25.826s] [35m[1mConsolidate compiler generated dependencies of target origincar_msg__rosidl_typesupport_c__pyext[0m
[25.827s] [35m[1mConsolidate compiler generated dependencies of target origincar_msg__rosidl_typesupport_fastrtps_c__pyext[0m
[25.885s] [ 92%] [32mBuilding C object CMakeFiles/origincar_msg__rosidl_typesupport_introspection_c__pyext.dir/rosidl_generator_py/origincar_msg/_origincar_msg_s.ep.rosidl_typesupport_introspection_c.c.o[0m
[25.886s] [ 92%] [32mBuilding C object CMakeFiles/origincar_msg__rosidl_typesupport_fastrtps_c__pyext.dir/rosidl_generator_py/origincar_msg/_origincar_msg_s.ep.rosidl_typesupport_fastrtps_c.c.o[0m
[25.887s] [ 92%] [32mBuilding C object CMakeFiles/origincar_msg__rosidl_typesupport_c__pyext.dir/rosidl_generator_py/origincar_msg/_origincar_msg_s.ep.rosidl_typesupport_c.c.o[0m
[26.465s] [100%] [32m[1mLinking C shared library rosidl_generator_py/origincar_msg/origincar_msg_s__rosidl_typesupport_c.cpython-310-aarch64-linux-gnu.so[0m
[26.466s] [100%] [32m[1mLinking C shared library rosidl_generator_py/origincar_msg/origincar_msg_s__rosidl_typesupport_fastrtps_c.cpython-310-aarch64-linux-gnu.so[0m
[26.466s] [100%] [32m[1mLinking C shared library rosidl_generator_py/origincar_msg/origincar_msg_s__rosidl_typesupport_introspection_c.cpython-310-aarch64-linux-gnu.so[0m
[26.710s] [100%] Built target origincar_msg__rosidl_typesupport_fastrtps_c__pyext
[26.711s] [100%] Built target origincar_msg__rosidl_typesupport_introspection_c__pyext
[26.712s] [100%] Built target origincar_msg__rosidl_typesupport_c__pyext
[26.765s] Invoked command in '/userdata/dev_ws/build/origincar_msg' returned '0': CMAKE_PREFIX_PATH=${CMAKE_PREFIX_PATH}:/opt/tros/humble:/opt/ros/humble /usr/bin/cmake --build /userdata/dev_ws/build/origincar_msg -- -j8 -l8
[26.771s] Invoking command in '/userdata/dev_ws/build/origincar_msg': CMAKE_PREFIX_PATH=${CMAKE_PREFIX_PATH}:/opt/tros/humble:/opt/ros/humble /usr/bin/cmake --install /userdata/dev_ws/build/origincar_msg
[26.807s] -- Install configuration: ""
[26.810s] -- Execute custom install script
[26.812s] -- Up-to-date symlink: /userdata/dev_ws/install/origincar_msg/share/ament_index/resource_index/rosidl_interfaces/origincar_msg
[26.816s] -- Up-to-date symlink: /userdata/dev_ws/install/origincar_msg/include/origincar_msg/origincar_msg/msg/data.h
[26.817s] -- Up-to-date symlink: /userdata/dev_ws/install/origincar_msg/include/origincar_msg/origincar_msg/msg/detail/data__functions.h
[26.818s] -- Up-to-date symlink: /userdata/dev_ws/install/origincar_msg/include/origincar_msg/origincar_msg/msg/detail/data__struct.h
[26.819s] -- Up-to-date symlink: /userdata/dev_ws/install/origincar_msg/include/origincar_msg/origincar_msg/msg/detail/data__type_support.h
[26.820s] -- Up-to-date symlink: /userdata/dev_ws/install/origincar_msg/include/origincar_msg/origincar_msg/msg/detail/sign__functions.h
[26.821s] -- Up-to-date symlink: /userdata/dev_ws/install/origincar_msg/include/origincar_msg/origincar_msg/msg/detail/sign__struct.h
[26.822s] -- Up-to-date symlink: /userdata/dev_ws/install/origincar_msg/include/origincar_msg/origincar_msg/msg/detail/sign__type_support.h
[26.823s] -- Up-to-date symlink: /userdata/dev_ws/install/origincar_msg/include/origincar_msg/origincar_msg/msg/rosidl_generator_c__visibility_control.h
[26.824s] -- Up-to-date symlink: /userdata/dev_ws/install/origincar_msg/include/origincar_msg/origincar_msg/msg/sign.h
[26.826s] -- Up-to-date symlink: /userdata/dev_ws/install/origincar_msg/share/origincar_msg/environment/library_path.sh
[26.827s] -- Up-to-date symlink: /userdata/dev_ws/install/origincar_msg/share/origincar_msg/environment/library_path.dsv
[26.830s] -- Up-to-date symlink: /userdata/dev_ws/install/origincar_msg/include/origincar_msg/origincar_msg/msg/detail/data__rosidl_typesupport_fastrtps_c.h
[26.831s] -- Up-to-date symlink: /userdata/dev_ws/install/origincar_msg/include/origincar_msg/origincar_msg/msg/detail/sign__rosidl_typesupport_fastrtps_c.h
[26.832s] -- Up-to-date symlink: /userdata/dev_ws/install/origincar_msg/include/origincar_msg/origincar_msg/msg/rosidl_typesupport_fastrtps_c__visibility_control.h
[26.834s] -- Up-to-date symlink: /userdata/dev_ws/install/origincar_msg/include/origincar_msg/origincar_msg/msg/detail/data__rosidl_typesupport_introspection_c.h
[26.835s] -- Up-to-date symlink: /userdata/dev_ws/install/origincar_msg/include/origincar_msg/origincar_msg/msg/detail/sign__rosidl_typesupport_introspection_c.h
[26.836s] -- Up-to-date symlink: /userdata/dev_ws/install/origincar_msg/include/origincar_msg/origincar_msg/msg/rosidl_typesupport_introspection_c__visibility_control.h
[26.839s] -- Up-to-date symlink: /userdata/dev_ws/install/origincar_msg/include/origincar_msg/origincar_msg/msg/data.hpp
[26.840s] -- Up-to-date symlink: /userdata/dev_ws/install/origincar_msg/include/origincar_msg/origincar_msg/msg/detail/data__builder.hpp
[26.841s] -- Up-to-date symlink: /userdata/dev_ws/install/origincar_msg/include/origincar_msg/origincar_msg/msg/detail/data__struct.hpp
[26.842s] -- Up-to-date symlink: /userdata/dev_ws/install/origincar_msg/include/origincar_msg/origincar_msg/msg/detail/data__traits.hpp
[26.843s] -- Symlinking: /userdata/dev_ws/install/origincar_msg/include/origincar_msg/origincar_msg/msg/detail/data__type_support.hpp
[26.882s] -- Up-to-date symlink: /userdata/dev_ws/install/origincar_msg/include/origincar_msg/origincar_msg/msg/detail/sign__builder.hpp
[26.883s] -- Up-to-date symlink: /userdata/dev_ws/install/origincar_msg/include/origincar_msg/origincar_msg/msg/detail/sign__struct.hpp
[26.885s] -- Up-to-date symlink: /userdata/dev_ws/install/origincar_msg/include/origincar_msg/origincar_msg/msg/detail/sign__traits.hpp
[26.886s] -- Symlinking: /userdata/dev_ws/install/origincar_msg/include/origincar_msg/origincar_msg/msg/detail/sign__type_support.hpp
[26.924s] -- Symlinking: /userdata/dev_ws/install/origincar_msg/include/origincar_msg/origincar_msg/msg/rosidl_generator_cpp__visibility_control.hpp
[26.963s] -- Up-to-date symlink: /userdata/dev_ws/install/origincar_msg/include/origincar_msg/origincar_msg/msg/sign.hpp
[26.966s] -- Up-to-date symlink: /userdata/dev_ws/install/origincar_msg/include/origincar_msg/origincar_msg/msg/detail/data__rosidl_typesupport_fastrtps_cpp.hpp
[26.967s] -- Up-to-date symlink: /userdata/dev_ws/install/origincar_msg/include/origincar_msg/origincar_msg/msg/detail/sign__rosidl_typesupport_fastrtps_cpp.hpp
[26.968s] -- Up-to-date symlink: /userdata/dev_ws/install/origincar_msg/include/origincar_msg/origincar_msg/msg/rosidl_typesupport_fastrtps_cpp__visibility_control.h
[26.971s] -- Up-to-date symlink: /userdata/dev_ws/install/origincar_msg/include/origincar_msg/origincar_msg/msg/detail/data__rosidl_typesupport_introspection_cpp.hpp
[26.972s] -- Up-to-date symlink: /userdata/dev_ws/install/origincar_msg/include/origincar_msg/origincar_msg/msg/detail/sign__rosidl_typesupport_introspection_cpp.hpp
[26.973s] -- Up-to-date symlink: /userdata/dev_ws/install/origincar_msg/share/origincar_msg/environment/pythonpath.sh
[26.974s] -- Up-to-date symlink: /userdata/dev_ws/install/origincar_msg/share/origincar_msg/environment/pythonpath.dsv
[26.976s] -- Up-to-date symlink: /userdata/dev_ws/install/origincar_msg/local/lib/python3.10/dist-packages/origincar_msg-0.0.0-py3.10.egg-info/PKG-INFO
[26.977s] -- Up-to-date symlink: /userdata/dev_ws/install/origincar_msg/local/lib/python3.10/dist-packages/origincar_msg-0.0.0-py3.10.egg-info/SOURCES.txt
[26.978s] -- Up-to-date symlink: /userdata/dev_ws/install/origincar_msg/local/lib/python3.10/dist-packages/origincar_msg-0.0.0-py3.10.egg-info/dependency_links.txt
[26.979s] -- Up-to-date symlink: /userdata/dev_ws/install/origincar_msg/local/lib/python3.10/dist-packages/origincar_msg-0.0.0-py3.10.egg-info/top_level.txt
[26.983s] -- Up-to-date symlink: /userdata/dev_ws/install/origincar_msg/local/lib/python3.10/dist-packages/origincar_msg/__init__.py
[26.984s] -- Up-to-date symlink: /userdata/dev_ws/install/origincar_msg/local/lib/python3.10/dist-packages/origincar_msg/_origincar_msg_s.ep.rosidl_typesupport_c.c
[26.986s] -- Up-to-date symlink: /userdata/dev_ws/install/origincar_msg/local/lib/python3.10/dist-packages/origincar_msg/_origincar_msg_s.ep.rosidl_typesupport_fastrtps_c.c
[26.986s] -- Up-to-date symlink: /userdata/dev_ws/install/origincar_msg/local/lib/python3.10/dist-packages/origincar_msg/_origincar_msg_s.ep.rosidl_typesupport_introspection_c.c
[26.988s] -- Up-to-date symlink: /userdata/dev_ws/install/origincar_msg/local/lib/python3.10/dist-packages/origincar_msg/liborigincar_msg__rosidl_generator_py.so
[26.989s] -- Up-to-date symlink: /userdata/dev_ws/install/origincar_msg/local/lib/python3.10/dist-packages/origincar_msg/msg/__init__.py
[26.990s] -- Up-to-date symlink: /userdata/dev_ws/install/origincar_msg/local/lib/python3.10/dist-packages/origincar_msg/msg/_data.py
[26.991s] -- Up-to-date symlink: /userdata/dev_ws/install/origincar_msg/local/lib/python3.10/dist-packages/origincar_msg/msg/_data_s.c
[26.992s] -- Up-to-date symlink: /userdata/dev_ws/install/origincar_msg/local/lib/python3.10/dist-packages/origincar_msg/msg/_sign.py
[26.994s] -- Up-to-date symlink: /userdata/dev_ws/install/origincar_msg/local/lib/python3.10/dist-packages/origincar_msg/msg/_sign_s.c
[26.995s] -- Up-to-date symlink: /userdata/dev_ws/install/origincar_msg/local/lib/python3.10/dist-packages/origincar_msg/origincar_msg_s__rosidl_typesupport_c.cpython-310-aarch64-linux-gnu.so
[26.996s] -- Up-to-date symlink: /userdata/dev_ws/install/origincar_msg/local/lib/python3.10/dist-packages/origincar_msg/origincar_msg_s__rosidl_typesupport_fastrtps_c.cpython-310-aarch64-linux-gnu.so
[26.997s] -- Up-to-date symlink: /userdata/dev_ws/install/origincar_msg/local/lib/python3.10/dist-packages/origincar_msg/origincar_msg_s__rosidl_typesupport_introspection_c.cpython-310-aarch64-linux-gnu.so
[26.998s] -- Up-to-date symlink: /userdata/dev_ws/install/origincar_msg/local/lib/python3.10/dist-packages/origincar_msg/origincar_msg_s__rosidl_typesupport_fastrtps_c.cpython-310-aarch64-linux-gnu.so
[27.000s] -- Up-to-date symlink: /userdata/dev_ws/install/origincar_msg/local/lib/python3.10/dist-packages/origincar_msg/origincar_msg_s__rosidl_typesupport_introspection_c.cpython-310-aarch64-linux-gnu.so
[27.001s] -- Up-to-date symlink: /userdata/dev_ws/install/origincar_msg/local/lib/python3.10/dist-packages/origincar_msg/origincar_msg_s__rosidl_typesupport_c.cpython-310-aarch64-linux-gnu.so
[27.003s] -- Up-to-date symlink: /userdata/dev_ws/install/origincar_msg/share/origincar_msg/msg/Data.idl
[27.004s] -- Up-to-date symlink: /userdata/dev_ws/install/origincar_msg/share/origincar_msg/msg/Sign.idl
[27.005s] -- Up-to-date symlink: /userdata/dev_ws/install/origincar_msg/share/origincar_msg/msg/Data.msg
[27.006s] -- Up-to-date symlink: /userdata/dev_ws/install/origincar_msg/share/origincar_msg/msg/Sign.msg
[27.006s] -- Up-to-date symlink: /userdata/dev_ws/install/origincar_msg/share/ament_index/resource_index/package_run_dependencies/origincar_msg
[27.008s] -- Up-to-date symlink: /userdata/dev_ws/install/origincar_msg/share/ament_index/resource_index/parent_prefix_path/origincar_msg
[27.010s] -- Up-to-date symlink: /userdata/dev_ws/install/origincar_msg/share/origincar_msg/environment/ament_prefix_path.sh
[27.011s] -- Up-to-date symlink: /userdata/dev_ws/install/origincar_msg/share/origincar_msg/environment/ament_prefix_path.dsv
[27.012s] -- Up-to-date symlink: /userdata/dev_ws/install/origincar_msg/share/origincar_msg/environment/path.sh
[27.013s] -- Up-to-date symlink: /userdata/dev_ws/install/origincar_msg/share/origincar_msg/environment/path.dsv
[27.014s] -- Up-to-date symlink: /userdata/dev_ws/install/origincar_msg/share/origincar_msg/local_setup.bash
[27.016s] -- Up-to-date symlink: /userdata/dev_ws/install/origincar_msg/share/origincar_msg/local_setup.sh
[27.017s] -- Up-to-date symlink: /userdata/dev_ws/install/origincar_msg/share/origincar_msg/local_setup.zsh
[27.018s] -- Up-to-date symlink: /userdata/dev_ws/install/origincar_msg/share/origincar_msg/local_setup.dsv
[27.019s] -- Symlinking: /userdata/dev_ws/install/origincar_msg/share/origincar_msg/package.dsv
[27.059s] -- Up-to-date symlink: /userdata/dev_ws/install/origincar_msg/share/ament_index/resource_index/packages/origincar_msg
[27.061s] -- Up-to-date symlink: /userdata/dev_ws/install/origincar_msg/share/origincar_msg/cmake/rosidl_cmake-extras.cmake
[27.062s] -- Up-to-date symlink: /userdata/dev_ws/install/origincar_msg/share/origincar_msg/cmake/ament_cmake_export_dependencies-extras.cmake
[27.064s] -- Up-to-date symlink: /userdata/dev_ws/install/origincar_msg/share/origincar_msg/cmake/ament_cmake_export_include_directories-extras.cmake
[27.065s] -- Up-to-date symlink: /userdata/dev_ws/install/origincar_msg/share/origincar_msg/cmake/ament_cmake_export_libraries-extras.cmake
[27.066s] -- Up-to-date symlink: /userdata/dev_ws/install/origincar_msg/share/origincar_msg/cmake/ament_cmake_export_targets-extras.cmake
[27.068s] -- Up-to-date symlink: /userdata/dev_ws/install/origincar_msg/share/origincar_msg/cmake/rosidl_cmake_export_typesupport_targets-extras.cmake
[27.069s] -- Up-to-date symlink: /userdata/dev_ws/install/origincar_msg/share/origincar_msg/cmake/rosidl_cmake_export_typesupport_libraries-extras.cmake
[27.070s] -- Up-to-date symlink: /userdata/dev_ws/install/origincar_msg/share/origincar_msg/cmake/origincar_msgConfig.cmake
[27.071s] -- Up-to-date symlink: /userdata/dev_ws/install/origincar_msg/share/origincar_msg/cmake/origincar_msgConfig-version.cmake
[27.072s] -- Up-to-date symlink: /userdata/dev_ws/install/origincar_msg/share/origincar_msg/package.xml
[27.074s] -- Installing: /userdata/dev_ws/install/origincar_msg/lib/liborigincar_msg__rosidl_generator_c.so
[27.076s] -- Set runtime path of "/userdata/dev_ws/install/origincar_msg/lib/liborigincar_msg__rosidl_generator_c.so" to ""
[27.078s] -- Installing: /userdata/dev_ws/install/origincar_msg/lib/liborigincar_msg__rosidl_typesupport_fastrtps_c.so
[27.079s] -- Set runtime path of "/userdata/dev_ws/install/origincar_msg/lib/liborigincar_msg__rosidl_typesupport_fastrtps_c.so" to ""
[27.081s] -- Installing: /userdata/dev_ws/install/origincar_msg/lib/liborigincar_msg__rosidl_typesupport_introspection_c.so
[27.082s] -- Set runtime path of "/userdata/dev_ws/install/origincar_msg/lib/liborigincar_msg__rosidl_typesupport_introspection_c.so" to ""
[27.083s] -- Installing: /userdata/dev_ws/install/origincar_msg/lib/liborigincar_msg__rosidl_typesupport_c.so
[27.085s] -- Set runtime path of "/userdata/dev_ws/install/origincar_msg/lib/liborigincar_msg__rosidl_typesupport_c.so" to ""
[27.087s] -- Installing: /userdata/dev_ws/install/origincar_msg/lib/liborigincar_msg__rosidl_typesupport_fastrtps_cpp.so
[27.088s] -- Set runtime path of "/userdata/dev_ws/install/origincar_msg/lib/liborigincar_msg__rosidl_typesupport_fastrtps_cpp.so" to ""
[27.090s] -- Installing: /userdata/dev_ws/install/origincar_msg/lib/liborigincar_msg__rosidl_typesupport_introspection_cpp.so
[27.092s] -- Set runtime path of "/userdata/dev_ws/install/origincar_msg/lib/liborigincar_msg__rosidl_typesupport_introspection_cpp.so" to ""
[27.093s] -- Installing: /userdata/dev_ws/install/origincar_msg/lib/liborigincar_msg__rosidl_typesupport_cpp.so
[27.095s] -- Set runtime path of "/userdata/dev_ws/install/origincar_msg/lib/liborigincar_msg__rosidl_typesupport_cpp.so" to ""
[27.329s] Listing '/userdata/dev_ws/install/origincar_msg/local/lib/python3.10/dist-packages/origincar_msg'...
[27.329s] Compiling '/userdata/dev_ws/install/origincar_msg/local/lib/python3.10/dist-packages/origincar_msg/__init__.py'...
[27.330s] Listing '/userdata/dev_ws/install/origincar_msg/local/lib/python3.10/dist-packages/origincar_msg/msg'...
[27.331s] Compiling '/userdata/dev_ws/install/origincar_msg/local/lib/python3.10/dist-packages/origincar_msg/msg/__init__.py'...
[27.331s] Compiling '/userdata/dev_ws/install/origincar_msg/local/lib/python3.10/dist-packages/origincar_msg/msg/_data.py'...
[27.332s] Compiling '/userdata/dev_ws/install/origincar_msg/local/lib/python3.10/dist-packages/origincar_msg/msg/_sign.py'...
[27.391s] -- Installing: /userdata/dev_ws/install/origincar_msg/lib/liborigincar_msg__rosidl_generator_py.so
[27.392s] -- Set runtime path of "/userdata/dev_ws/install/origincar_msg/lib/liborigincar_msg__rosidl_generator_py.so" to ""
[27.393s] -- Up-to-date: /userdata/dev_ws/install/origincar_msg/share/origincar_msg/cmake/export_origincar_msg__rosidl_generator_cExport.cmake
[27.394s] -- Up-to-date: /userdata/dev_ws/install/origincar_msg/share/origincar_msg/cmake/export_origincar_msg__rosidl_generator_cExport-noconfig.cmake
[27.395s] -- Up-to-date: /userdata/dev_ws/install/origincar_msg/share/origincar_msg/cmake/export_origincar_msg__rosidl_typesupport_fastrtps_cExport.cmake
[27.395s] -- Up-to-date: /userdata/dev_ws/install/origincar_msg/share/origincar_msg/cmake/export_origincar_msg__rosidl_typesupport_fastrtps_cExport-noconfig.cmake
[27.397s] -- Up-to-date: /userdata/dev_ws/install/origincar_msg/share/origincar_msg/cmake/origincar_msg__rosidl_typesupport_introspection_cExport.cmake
[27.397s] -- Up-to-date: /userdata/dev_ws/install/origincar_msg/share/origincar_msg/cmake/origincar_msg__rosidl_typesupport_introspection_cExport-noconfig.cmake
[27.398s] -- Up-to-date: /userdata/dev_ws/install/origincar_msg/share/origincar_msg/cmake/origincar_msg__rosidl_typesupport_cExport.cmake
[27.399s] -- Up-to-date: /userdata/dev_ws/install/origincar_msg/share/origincar_msg/cmake/origincar_msg__rosidl_typesupport_cExport-noconfig.cmake
[27.400s] -- Up-to-date: /userdata/dev_ws/install/origincar_msg/share/origincar_msg/cmake/export_origincar_msg__rosidl_generator_cppExport.cmake
[27.401s] -- Up-to-date: /userdata/dev_ws/install/origincar_msg/share/origincar_msg/cmake/export_origincar_msg__rosidl_typesupport_fastrtps_cppExport.cmake
[27.402s] -- Up-to-date: /userdata/dev_ws/install/origincar_msg/share/origincar_msg/cmake/export_origincar_msg__rosidl_typesupport_fastrtps_cppExport-noconfig.cmake
[27.403s] -- Up-to-date: /userdata/dev_ws/install/origincar_msg/share/origincar_msg/cmake/origincar_msg__rosidl_typesupport_introspection_cppExport.cmake
[27.404s] -- Up-to-date: /userdata/dev_ws/install/origincar_msg/share/origincar_msg/cmake/origincar_msg__rosidl_typesupport_introspection_cppExport-noconfig.cmake
[27.405s] -- Up-to-date: /userdata/dev_ws/install/origincar_msg/share/origincar_msg/cmake/origincar_msg__rosidl_typesupport_cppExport.cmake
[27.406s] -- Up-to-date: /userdata/dev_ws/install/origincar_msg/share/origincar_msg/cmake/origincar_msg__rosidl_typesupport_cppExport-noconfig.cmake
[27.407s] -- Up-to-date: /userdata/dev_ws/install/origincar_msg/share/origincar_msg/cmake/export_origincar_msg__rosidl_generator_pyExport.cmake
[27.409s] -- Up-to-date: /userdata/dev_ws/install/origincar_msg/share/origincar_msg/cmake/export_origincar_msg__rosidl_generator_pyExport-noconfig.cmake
[27.427s] Invoked command in '/userdata/dev_ws/build/origincar_msg' returned '0': CMAKE_PREFIX_PATH=${CMAKE_PREFIX_PATH}:/opt/tros/humble:/opt/ros/humble /usr/bin/cmake --install /userdata/dev_ws/build/origincar_msg
