[0.127s] Invoking command in '/userdata/dev_ws/build/origincar_bringup': CMAKE_PREFIX_PATH=${CMAKE_PREFIX_PATH}:/opt/tros/humble:/opt/ros/humble /usr/bin/cmake --build /userdata/dev_ws/build/origincar_bringup -- -j8 -l8
[0.391s] Invoked command in '/userdata/dev_ws/build/origincar_bringup' returned '0': CMAKE_PREFIX_PATH=${CMAKE_PREFIX_PATH}:/opt/tros/humble:/opt/ros/humble /usr/bin/cmake --build /userdata/dev_ws/build/origincar_bringup -- -j8 -l8
[0.393s] Invoking command in '/userdata/dev_ws/build/origincar_bringup': CMAKE_PREFIX_PATH=${CMAKE_PREFIX_PATH}:/opt/tros/humble:/opt/ros/humble /usr/bin/cmake --install /userdata/dev_ws/build/origincar_bringup
[0.508s] -- Install configuration: ""
[0.509s] -- Up-to-date: /userdata/dev_ws/install/origincar_bringup/share/origincar_bringup/launch
[0.509s] -- Up-to-date: /userdata/dev_ws/install/origincar_bringup/share/origincar_bringup/launch/usb_websocket_display.launch.py
[0.510s] -- Execute custom install script
[0.511s] -- Up-to-date symlink: /userdata/dev_ws/install/origincar_bringup/share/ament_index/resource_index/package_run_dependencies/origincar_bringup
[0.511s] -- Up-to-date symlink: /userdata/dev_ws/install/origincar_bringup/share/ament_index/resource_index/parent_prefix_path/origincar_bringup
[0.512s] -- Up-to-date symlink: /userdata/dev_ws/install/origincar_bringup/share/origincar_bringup/environment/ament_prefix_path.sh
[0.513s] -- Up-to-date symlink: /userdata/dev_ws/install/origincar_bringup/share/origincar_bringup/environment/ament_prefix_path.dsv
[0.513s] -- Up-to-date symlink: /userdata/dev_ws/install/origincar_bringup/share/origincar_bringup/environment/path.sh
[0.514s] -- Up-to-date symlink: /userdata/dev_ws/install/origincar_bringup/share/origincar_bringup/environment/path.dsv
[0.519s] -- Up-to-date symlink: /userdata/dev_ws/install/origincar_bringup/share/origincar_bringup/local_setup.bash
[0.520s] -- Up-to-date symlink: /userdata/dev_ws/install/origincar_bringup/share/origincar_bringup/local_setup.sh
[0.520s] -- Up-to-date symlink: /userdata/dev_ws/install/origincar_bringup/share/origincar_bringup/local_setup.zsh
[0.521s] -- Up-to-date symlink: /userdata/dev_ws/install/origincar_bringup/share/origincar_bringup/local_setup.dsv
[0.522s] -- Symlinking: /userdata/dev_ws/install/origincar_bringup/share/origincar_bringup/package.dsv
[0.564s] -- Up-to-date symlink: /userdata/dev_ws/install/origincar_bringup/share/ament_index/resource_index/packages/origincar_bringup
[0.566s] -- Up-to-date symlink: /userdata/dev_ws/install/origincar_bringup/share/origincar_bringup/cmake/origincar_bringupConfig.cmake
[0.568s] -- Up-to-date symlink: /userdata/dev_ws/install/origincar_bringup/share/origincar_bringup/cmake/origincar_bringupConfig-version.cmake
[0.570s] -- Up-to-date symlink: /userdata/dev_ws/install/origincar_bringup/share/origincar_bringup/package.xml
[0.744s] Invoked command in '/userdata/dev_ws/build/origincar_bringup' returned '0': CMAKE_PREFIX_PATH=${CMAKE_PREFIX_PATH}:/opt/tros/humble:/opt/ros/humble /usr/bin/cmake --install /userdata/dev_ws/build/origincar_bringup
