[0.075s] Invoking command in '/userdata/dev_ws/build/qr_decoder': CMAKE_PREFIX_PATH=/userdata/dev_ws/install/origincar_msg:/userdata/dev_ws/install/utils:/userdata/dev_ws/install/origincar_base:/userdata/dev_ws/install/serial:/userdata/dev_ws/install/qr_decoder:/userdata/dev_ws/install/origincar_description:/userdata/dev_ws/install/origincar_bringup:/userdata/dev_ws/install/ackermann_msgs:/opt/tros/humble:/opt/ros/humble LD_LIBRARY_PATH=/userdata/dev_ws/install/origincar_msg/lib:/userdata/dev_ws/install/origincar_base/lib:/userdata/dev_ws/install/serial/lib:/userdata/dev_ws/install/ackermann_msgs/lib:/opt/tros/humble/lib/aarch64-linux-gnu:/opt/tros/humble/lib:/opt/ros/humble/lib/aarch64-linux-gnu:/opt/ros/humble/lib:/usr/hobot/lib:/app/lib:/app/pub/lib:/middleware/lib:/middleware/pub/lib:/usr/hobot/lib/sensor:/system/lib:/system/usr/lib:/lib /usr/bin/cmake --build /userdata/dev_ws/build/qr_decoder -- -j8 -l8
[0.395s] [100%] Built target qr_decoder
[0.445s] Invoked command in '/userdata/dev_ws/build/qr_decoder' returned '0': CMAKE_PREFIX_PATH=/userdata/dev_ws/install/origincar_msg:/userdata/dev_ws/install/utils:/userdata/dev_ws/install/origincar_base:/userdata/dev_ws/install/serial:/userdata/dev_ws/install/qr_decoder:/userdata/dev_ws/install/origincar_description:/userdata/dev_ws/install/origincar_bringup:/userdata/dev_ws/install/ackermann_msgs:/opt/tros/humble:/opt/ros/humble LD_LIBRARY_PATH=/userdata/dev_ws/install/origincar_msg/lib:/userdata/dev_ws/install/origincar_base/lib:/userdata/dev_ws/install/serial/lib:/userdata/dev_ws/install/ackermann_msgs/lib:/opt/tros/humble/lib/aarch64-linux-gnu:/opt/tros/humble/lib:/opt/ros/humble/lib/aarch64-linux-gnu:/opt/ros/humble/lib:/usr/hobot/lib:/app/lib:/app/pub/lib:/middleware/lib:/middleware/pub/lib:/usr/hobot/lib/sensor:/system/lib:/system/usr/lib:/lib /usr/bin/cmake --build /userdata/dev_ws/build/qr_decoder -- -j8 -l8
[0.448s] Invoking command in '/userdata/dev_ws/build/qr_decoder': CMAKE_PREFIX_PATH=/userdata/dev_ws/install/origincar_msg:/userdata/dev_ws/install/utils:/userdata/dev_ws/install/origincar_base:/userdata/dev_ws/install/serial:/userdata/dev_ws/install/qr_decoder:/userdata/dev_ws/install/origincar_description:/userdata/dev_ws/install/origincar_bringup:/userdata/dev_ws/install/ackermann_msgs:/opt/tros/humble:/opt/ros/humble LD_LIBRARY_PATH=/userdata/dev_ws/install/origincar_msg/lib:/userdata/dev_ws/install/origincar_base/lib:/userdata/dev_ws/install/serial/lib:/userdata/dev_ws/install/ackermann_msgs/lib:/opt/tros/humble/lib/aarch64-linux-gnu:/opt/tros/humble/lib:/opt/ros/humble/lib/aarch64-linux-gnu:/opt/ros/humble/lib:/usr/hobot/lib:/app/lib:/app/pub/lib:/middleware/lib:/middleware/pub/lib:/usr/hobot/lib/sensor:/system/lib:/system/usr/lib:/lib /usr/bin/cmake --install /userdata/dev_ws/build/qr_decoder
[0.491s] -- Install configuration: ""
[0.494s] -- Up-to-date: /userdata/dev_ws/install/qr_decoder/lib/qr_decoder/qr_decoder
[0.495s] -- Up-to-date: /userdata/dev_ws/install/qr_decoder/share/ament_index/resource_index/package_run_dependencies/qr_decoder
[0.498s] -- Up-to-date: /userdata/dev_ws/install/qr_decoder/share/ament_index/resource_index/parent_prefix_path/qr_decoder
[0.499s] -- Up-to-date: /userdata/dev_ws/install/qr_decoder/share/qr_decoder/environment/ament_prefix_path.sh
[0.499s] -- Up-to-date: /userdata/dev_ws/install/qr_decoder/share/qr_decoder/environment/ament_prefix_path.dsv
[0.500s] -- Up-to-date: /userdata/dev_ws/install/qr_decoder/share/qr_decoder/environment/path.sh
[0.500s] -- Up-to-date: /userdata/dev_ws/install/qr_decoder/share/qr_decoder/environment/path.dsv
[0.501s] -- Up-to-date: /userdata/dev_ws/install/qr_decoder/share/qr_decoder/local_setup.bash
[0.512s] -- Up-to-date: /userdata/dev_ws/install/qr_decoder/share/qr_decoder/local_setup.sh
[0.514s] -- Up-to-date: /userdata/dev_ws/install/qr_decoder/share/qr_decoder/local_setup.zsh
[0.516s] -- Up-to-date: /userdata/dev_ws/install/qr_decoder/share/qr_decoder/local_setup.dsv
[0.517s] -- Installing: /userdata/dev_ws/install/qr_decoder/share/qr_decoder/package.dsv
[0.520s] -- Up-to-date: /userdata/dev_ws/install/qr_decoder/share/ament_index/resource_index/packages/qr_decoder
[0.521s] -- Up-to-date: /userdata/dev_ws/install/qr_decoder/share/qr_decoder/cmake/qr_decoderConfig.cmake
[0.522s] -- Up-to-date: /userdata/dev_ws/install/qr_decoder/share/qr_decoder/cmake/qr_decoderConfig-version.cmake
[0.524s] -- Up-to-date: /userdata/dev_ws/install/qr_decoder/share/qr_decoder/package.xml
[0.585s] Invoked command in '/userdata/dev_ws/build/qr_decoder' returned '0': CMAKE_PREFIX_PATH=/userdata/dev_ws/install/origincar_msg:/userdata/dev_ws/install/utils:/userdata/dev_ws/install/origincar_base:/userdata/dev_ws/install/serial:/userdata/dev_ws/install/qr_decoder:/userdata/dev_ws/install/origincar_description:/userdata/dev_ws/install/origincar_bringup:/userdata/dev_ws/install/ackermann_msgs:/opt/tros/humble:/opt/ros/humble LD_LIBRARY_PATH=/userdata/dev_ws/install/origincar_msg/lib:/userdata/dev_ws/install/origincar_base/lib:/userdata/dev_ws/install/serial/lib:/userdata/dev_ws/install/ackermann_msgs/lib:/opt/tros/humble/lib/aarch64-linux-gnu:/opt/tros/humble/lib:/opt/ros/humble/lib/aarch64-linux-gnu:/opt/ros/humble/lib:/usr/hobot/lib:/app/lib:/app/pub/lib:/middleware/lib:/middleware/pub/lib:/usr/hobot/lib/sensor:/system/lib:/system/usr/lib:/lib /usr/bin/cmake --install /userdata/dev_ws/build/qr_decoder
