[0.089s] Invoking command in '/userdata/dev_ws/build/origincar_base': CMAKE_PREFIX_PATH=/userdata/dev_ws/install/serial:/userdata/dev_ws/install/origincar_msg:/userdata/dev_ws/install/origincar_description:/userdata/dev_ws/install/ackermann_msgs:/userdata/dev_ws/install/utils:/userdata/dev_ws/install/origincar_base:/userdata/dev_ws/install/qr_decoder:/userdata/dev_ws/install/origincar_bringup:/opt/tros/humble:/opt/ros/humble LD_LIBRARY_PATH=/userdata/dev_ws/install/origincar_msg/lib:/userdata/dev_ws/install/ackermann_msgs/lib:/userdata/dev_ws/install/origincar_base/lib:/userdata/dev_ws/install/serial/lib:/opt/tros/humble/lib/aarch64-linux-gnu:/opt/tros/humble/lib:/opt/ros/humble/lib/aarch64-linux-gnu:/opt/ros/humble/lib:/usr/hobot/lib:/app/lib:/app/pub/lib:/middleware/lib:/middleware/pub/lib:/usr/hobot/lib/sensor:/system/lib:/system/usr/lib:/lib /usr/bin/cmake --build /userdata/dev_ws/build/origincar_base -- -j8 -l8
[0.367s] [  2%] Built target origincar_base__cpp
[0.378s] [ 11%] Built target origincar_base__rosidl_generator_c
[0.403s] [ 11%] Built target ament_cmake_python_symlink_origincar_base
[0.471s] [ 20%] Built target origincar_base_node
[0.497s] [ 32%] Built target origincar_base__rosidl_typesupport_cpp
[0.498s] [ 38%] Built target origincar_base__rosidl_typesupport_c
[0.502s] [ 47%] Built target origincar_base__rosidl_typesupport_fastrtps_cpp
[0.522s] [ 55%] Built target origincar_base__rosidl_typesupport_introspection_cpp
[0.525s] [ 64%] Built target origincar_base__rosidl_typesupport_fastrtps_c
[0.527s] [ 73%] Built target origincar_base__rosidl_typesupport_introspection_c
[0.638s] [ 73%] Built target origincar_base
[0.752s] [ 76%] Built target origincar_base__py
[0.851s] [ 82%] Built target origincar_base__rosidl_generator_py
[0.958s] [100%] Built target origincar_base__rosidl_typesupport_introspection_c__pyext
[0.959s] [100%] Built target origincar_base__rosidl_typesupport_fastrtps_c__pyext
[0.959s] [100%] Built target origincar_base__rosidl_typesupport_c__pyext
[2.089s] running egg_info
[2.094s] writing origincar_base.egg-info/PKG-INFO
[2.095s] writing dependency_links to origincar_base.egg-info/dependency_links.txt
[2.097s] writing top-level names to origincar_base.egg-info/top_level.txt
[2.112s] reading manifest file 'origincar_base.egg-info/SOURCES.txt'
[2.116s] writing manifest file 'origincar_base.egg-info/SOURCES.txt'
[2.348s] [100%] Built target ament_cmake_python_build_origincar_base_egg
[2.400s] Invoked command in '/userdata/dev_ws/build/origincar_base' returned '0': CMAKE_PREFIX_PATH=/userdata/dev_ws/install/serial:/userdata/dev_ws/install/origincar_msg:/userdata/dev_ws/install/origincar_description:/userdata/dev_ws/install/ackermann_msgs:/userdata/dev_ws/install/utils:/userdata/dev_ws/install/origincar_base:/userdata/dev_ws/install/qr_decoder:/userdata/dev_ws/install/origincar_bringup:/opt/tros/humble:/opt/ros/humble LD_LIBRARY_PATH=/userdata/dev_ws/install/origincar_msg/lib:/userdata/dev_ws/install/ackermann_msgs/lib:/userdata/dev_ws/install/origincar_base/lib:/userdata/dev_ws/install/serial/lib:/opt/tros/humble/lib/aarch64-linux-gnu:/opt/tros/humble/lib:/opt/ros/humble/lib/aarch64-linux-gnu:/opt/ros/humble/lib:/usr/hobot/lib:/app/lib:/app/pub/lib:/middleware/lib:/middleware/pub/lib:/usr/hobot/lib/sensor:/system/lib:/system/usr/lib:/lib /usr/bin/cmake --build /userdata/dev_ws/build/origincar_base -- -j8 -l8
[2.409s] Invoking command in '/userdata/dev_ws/build/origincar_base': CMAKE_PREFIX_PATH=/userdata/dev_ws/install/serial:/userdata/dev_ws/install/origincar_msg:/userdata/dev_ws/install/origincar_description:/userdata/dev_ws/install/ackermann_msgs:/userdata/dev_ws/install/utils:/userdata/dev_ws/install/origincar_base:/userdata/dev_ws/install/qr_decoder:/userdata/dev_ws/install/origincar_bringup:/opt/tros/humble:/opt/ros/humble LD_LIBRARY_PATH=/userdata/dev_ws/install/origincar_msg/lib:/userdata/dev_ws/install/ackermann_msgs/lib:/userdata/dev_ws/install/origincar_base/lib:/userdata/dev_ws/install/serial/lib:/opt/tros/humble/lib/aarch64-linux-gnu:/opt/tros/humble/lib:/opt/ros/humble/lib/aarch64-linux-gnu:/opt/ros/humble/lib:/usr/hobot/lib:/app/lib:/app/pub/lib:/middleware/lib:/middleware/pub/lib:/usr/hobot/lib/sensor:/system/lib:/system/usr/lib:/lib /usr/bin/cmake --install /userdata/dev_ws/build/origincar_base
[2.445s] -- Install configuration: ""
[2.448s] -- Execute custom install script
[2.450s] -- Up-to-date symlink: /userdata/dev_ws/install/origincar_base/share/ament_index/resource_index/rosidl_interfaces/origincar_base
[2.454s] -- Up-to-date symlink: /userdata/dev_ws/install/origincar_base/include/origincar_base/origincar_base/msg/detail/position__functions.h
[2.455s] -- Up-to-date symlink: /userdata/dev_ws/install/origincar_base/include/origincar_base/origincar_base/msg/detail/position__struct.h
[2.456s] -- Up-to-date symlink: /userdata/dev_ws/install/origincar_base/include/origincar_base/origincar_base/msg/detail/position__type_support.h
[2.458s] -- Up-to-date symlink: /userdata/dev_ws/install/origincar_base/include/origincar_base/origincar_base/msg/position.h
[2.459s] -- Up-to-date symlink: /userdata/dev_ws/install/origincar_base/include/origincar_base/origincar_base/msg/rosidl_generator_c__visibility_control.h
[2.460s] -- Up-to-date symlink: /userdata/dev_ws/install/origincar_base/share/origincar_base/environment/library_path.sh
[2.461s] -- Up-to-date symlink: /userdata/dev_ws/install/origincar_base/share/origincar_base/environment/library_path.dsv
[2.464s] -- Up-to-date symlink: /userdata/dev_ws/install/origincar_base/include/origincar_base/origincar_base/msg/detail/position__rosidl_typesupport_fastrtps_c.h
[2.465s] -- Up-to-date symlink: /userdata/dev_ws/install/origincar_base/include/origincar_base/origincar_base/msg/rosidl_typesupport_fastrtps_c__visibility_control.h
[2.467s] -- Up-to-date symlink: /userdata/dev_ws/install/origincar_base/include/origincar_base/origincar_base/msg/detail/position__builder.hpp
[2.468s] -- Up-to-date symlink: /userdata/dev_ws/install/origincar_base/include/origincar_base/origincar_base/msg/detail/position__struct.hpp
[2.469s] -- Up-to-date symlink: /userdata/dev_ws/install/origincar_base/include/origincar_base/origincar_base/msg/detail/position__traits.hpp
[2.470s] -- Up-to-date symlink: /userdata/dev_ws/install/origincar_base/include/origincar_base/origincar_base/msg/detail/position__type_support.hpp
[2.471s] -- Up-to-date symlink: /userdata/dev_ws/install/origincar_base/include/origincar_base/origincar_base/msg/position.hpp
[2.472s] -- Up-to-date symlink: /userdata/dev_ws/install/origincar_base/include/origincar_base/origincar_base/msg/rosidl_generator_cpp__visibility_control.hpp
[2.475s] -- Up-to-date symlink: /userdata/dev_ws/install/origincar_base/include/origincar_base/origincar_base/msg/detail/position__rosidl_typesupport_fastrtps_cpp.hpp
[2.476s] -- Up-to-date symlink: /userdata/dev_ws/install/origincar_base/include/origincar_base/origincar_base/msg/rosidl_typesupport_fastrtps_cpp__visibility_control.h
[2.478s] -- Up-to-date symlink: /userdata/dev_ws/install/origincar_base/include/origincar_base/origincar_base/msg/detail/position__rosidl_typesupport_introspection_c.h
[2.479s] -- Up-to-date symlink: /userdata/dev_ws/install/origincar_base/include/origincar_base/origincar_base/msg/rosidl_typesupport_introspection_c__visibility_control.h
[2.482s] -- Up-to-date symlink: /userdata/dev_ws/install/origincar_base/include/origincar_base/origincar_base/msg/detail/position__rosidl_typesupport_introspection_cpp.hpp
[2.483s] -- Up-to-date symlink: /userdata/dev_ws/install/origincar_base/share/origincar_base/environment/pythonpath.sh
[2.484s] -- Up-to-date symlink: /userdata/dev_ws/install/origincar_base/share/origincar_base/environment/pythonpath.dsv
[2.486s] -- Up-to-date symlink: /userdata/dev_ws/install/origincar_base/local/lib/python3.10/dist-packages/origincar_base-0.0.0-py3.10.egg-info/PKG-INFO
[2.487s] -- Up-to-date symlink: /userdata/dev_ws/install/origincar_base/local/lib/python3.10/dist-packages/origincar_base-0.0.0-py3.10.egg-info/SOURCES.txt
[2.488s] -- Up-to-date symlink: /userdata/dev_ws/install/origincar_base/local/lib/python3.10/dist-packages/origincar_base-0.0.0-py3.10.egg-info/dependency_links.txt
[2.490s] -- Up-to-date symlink: /userdata/dev_ws/install/origincar_base/local/lib/python3.10/dist-packages/origincar_base-0.0.0-py3.10.egg-info/top_level.txt
[2.493s] -- Up-to-date symlink: /userdata/dev_ws/install/origincar_base/local/lib/python3.10/dist-packages/origincar_base/__init__.py
[2.494s] -- Up-to-date symlink: /userdata/dev_ws/install/origincar_base/local/lib/python3.10/dist-packages/origincar_base/_origincar_base_s.ep.rosidl_typesupport_c.c
[2.495s] -- Up-to-date symlink: /userdata/dev_ws/install/origincar_base/local/lib/python3.10/dist-packages/origincar_base/_origincar_base_s.ep.rosidl_typesupport_fastrtps_c.c
[2.496s] -- Up-to-date symlink: /userdata/dev_ws/install/origincar_base/local/lib/python3.10/dist-packages/origincar_base/_origincar_base_s.ep.rosidl_typesupport_introspection_c.c
[2.497s] -- Up-to-date symlink: /userdata/dev_ws/install/origincar_base/local/lib/python3.10/dist-packages/origincar_base/liborigincar_base__rosidl_generator_py.so
[2.499s] -- Up-to-date symlink: /userdata/dev_ws/install/origincar_base/local/lib/python3.10/dist-packages/origincar_base/msg/__init__.py
[2.500s] -- Up-to-date symlink: /userdata/dev_ws/install/origincar_base/local/lib/python3.10/dist-packages/origincar_base/msg/_position.py
[2.501s] -- Up-to-date symlink: /userdata/dev_ws/install/origincar_base/local/lib/python3.10/dist-packages/origincar_base/msg/_position_s.c
[2.502s] -- Up-to-date symlink: /userdata/dev_ws/install/origincar_base/local/lib/python3.10/dist-packages/origincar_base/origincar_base_s__rosidl_typesupport_c.cpython-310-aarch64-linux-gnu.so
[2.503s] -- Up-to-date symlink: /userdata/dev_ws/install/origincar_base/local/lib/python3.10/dist-packages/origincar_base/origincar_base_s__rosidl_typesupport_fastrtps_c.cpython-310-aarch64-linux-gnu.so
[2.504s] -- Up-to-date symlink: /userdata/dev_ws/install/origincar_base/local/lib/python3.10/dist-packages/origincar_base/origincar_base_s__rosidl_typesupport_introspection_c.cpython-310-aarch64-linux-gnu.so
[2.506s] -- Up-to-date symlink: /userdata/dev_ws/install/origincar_base/local/lib/python3.10/dist-packages/origincar_base/origincar_base_s__rosidl_typesupport_fastrtps_c.cpython-310-aarch64-linux-gnu.so
[2.508s] -- Up-to-date symlink: /userdata/dev_ws/install/origincar_base/local/lib/python3.10/dist-packages/origincar_base/origincar_base_s__rosidl_typesupport_introspection_c.cpython-310-aarch64-linux-gnu.so
[2.510s] -- Up-to-date symlink: /userdata/dev_ws/install/origincar_base/local/lib/python3.10/dist-packages/origincar_base/origincar_base_s__rosidl_typesupport_c.cpython-310-aarch64-linux-gnu.so
[2.512s] -- Up-to-date symlink: /userdata/dev_ws/install/origincar_base/share/origincar_base/msg/Position.idl
[2.514s] -- Up-to-date symlink: /userdata/dev_ws/install/origincar_base/share/origincar_base/msg/Position.msg
[2.516s] -- Up-to-date symlink: /userdata/dev_ws/install/origincar_base/lib/origincar_base/cmd_vel_to_ackermann_drive.py
[2.518s] -- Up-to-date symlink: /userdata/dev_ws/install/origincar_base/lib/origincar_base/origincar_base_node
[2.522s] -- Up-to-date symlink: /userdata/dev_ws/install/origincar_base/share/origincar_base/launch/__pycache__/testtwo.launch.cpython-38.pyc
[2.523s] -- Up-to-date symlink: /userdata/dev_ws/install/origincar_base/share/origincar_base/launch/base_serial.launch.py
[2.524s] -- Up-to-date symlink: /userdata/dev_ws/install/origincar_base/share/origincar_base/launch/ekf.launch.py
[2.525s] -- Up-to-date symlink: /userdata/dev_ws/install/origincar_base/share/origincar_base/launch/origincar_bringup.launch.py
[2.526s] -- Up-to-date symlink: /userdata/dev_ws/install/origincar_base/share/origincar_base/launch/robot_mode_description.launch.py
[2.529s] -- Up-to-date symlink: /userdata/dev_ws/install/origincar_base/share/origincar_base/config/ekf.yaml
[2.530s] -- Up-to-date symlink: /userdata/dev_ws/install/origincar_base/share/origincar_base/config/imu.yaml
[2.531s] -- Up-to-date symlink: /userdata/dev_ws/install/origincar_base/share/ament_index/resource_index/package_run_dependencies/origincar_base
[2.533s] -- Up-to-date symlink: /userdata/dev_ws/install/origincar_base/share/ament_index/resource_index/parent_prefix_path/origincar_base
[2.534s] -- Up-to-date symlink: /userdata/dev_ws/install/origincar_base/share/origincar_base/environment/ament_prefix_path.sh
[2.535s] -- Up-to-date symlink: /userdata/dev_ws/install/origincar_base/share/origincar_base/environment/ament_prefix_path.dsv
[2.537s] -- Up-to-date symlink: /userdata/dev_ws/install/origincar_base/share/origincar_base/environment/path.sh
[2.538s] -- Up-to-date symlink: /userdata/dev_ws/install/origincar_base/share/origincar_base/environment/path.dsv
[2.539s] -- Up-to-date symlink: /userdata/dev_ws/install/origincar_base/share/origincar_base/local_setup.bash
[2.542s] -- Up-to-date symlink: /userdata/dev_ws/install/origincar_base/share/origincar_base/local_setup.sh
[2.543s] -- Up-to-date symlink: /userdata/dev_ws/install/origincar_base/share/origincar_base/local_setup.zsh
[2.544s] -- Up-to-date symlink: /userdata/dev_ws/install/origincar_base/share/origincar_base/local_setup.dsv
[2.544s] -- Symlinking: /userdata/dev_ws/install/origincar_base/share/origincar_base/package.dsv
[2.586s] -- Up-to-date symlink: /userdata/dev_ws/install/origincar_base/share/ament_index/resource_index/packages/origincar_base
[2.588s] -- Up-to-date symlink: /userdata/dev_ws/install/origincar_base/share/origincar_base/cmake/rosidl_cmake-extras.cmake
[2.589s] -- Up-to-date symlink: /userdata/dev_ws/install/origincar_base/share/origincar_base/cmake/ament_cmake_export_include_directories-extras.cmake
[2.592s] -- Up-to-date symlink: /userdata/dev_ws/install/origincar_base/share/origincar_base/cmake/ament_cmake_export_libraries-extras.cmake
[2.593s] -- Up-to-date symlink: /userdata/dev_ws/install/origincar_base/share/origincar_base/cmake/ament_cmake_export_targets-extras.cmake
[2.594s] -- Up-to-date symlink: /userdata/dev_ws/install/origincar_base/share/origincar_base/cmake/rosidl_cmake_export_typesupport_targets-extras.cmake
[2.596s] -- Up-to-date symlink: /userdata/dev_ws/install/origincar_base/share/origincar_base/cmake/ament_cmake_export_dependencies-extras.cmake
[2.597s] -- Up-to-date symlink: /userdata/dev_ws/install/origincar_base/share/origincar_base/cmake/rosidl_cmake_export_typesupport_libraries-extras.cmake
[2.598s] -- Up-to-date symlink: /userdata/dev_ws/install/origincar_base/share/origincar_base/cmake/origincar_baseConfig.cmake
[2.599s] -- Up-to-date symlink: /userdata/dev_ws/install/origincar_base/share/origincar_base/cmake/origincar_baseConfig-version.cmake
[2.600s] -- Up-to-date symlink: /userdata/dev_ws/install/origincar_base/share/origincar_base/package.xml
[2.603s] -- Up-to-date: /userdata/dev_ws/install/origincar_base/lib/liborigincar_base__rosidl_generator_c.so
[2.605s] -- Up-to-date: /userdata/dev_ws/install/origincar_base/lib/liborigincar_base__rosidl_typesupport_fastrtps_c.so
[2.607s] -- Up-to-date: /userdata/dev_ws/install/origincar_base/lib/liborigincar_base__rosidl_typesupport_fastrtps_cpp.so
[2.608s] -- Up-to-date: /userdata/dev_ws/install/origincar_base/lib/liborigincar_base__rosidl_typesupport_introspection_c.so
[2.610s] -- Up-to-date: /userdata/dev_ws/install/origincar_base/lib/liborigincar_base__rosidl_typesupport_c.so
[2.612s] -- Up-to-date: /userdata/dev_ws/install/origincar_base/lib/liborigincar_base__rosidl_typesupport_introspection_cpp.so
[2.614s] -- Up-to-date: /userdata/dev_ws/install/origincar_base/lib/liborigincar_base__rosidl_typesupport_cpp.so
[2.837s] Listing '/userdata/dev_ws/install/origincar_base/local/lib/python3.10/dist-packages/origincar_base'...
[2.838s] Listing '/userdata/dev_ws/install/origincar_base/local/lib/python3.10/dist-packages/origincar_base/msg'...
[2.883s] -- Up-to-date: /userdata/dev_ws/install/origincar_base/lib/liborigincar_base__rosidl_generator_py.so
[2.887s] -- Up-to-date: /userdata/dev_ws/install/origincar_base/share/origincar_base/cmake/export_origincar_base__rosidl_generator_cExport.cmake
[2.888s] -- Up-to-date: /userdata/dev_ws/install/origincar_base/share/origincar_base/cmake/export_origincar_base__rosidl_generator_cExport-noconfig.cmake
[2.889s] -- Up-to-date: /userdata/dev_ws/install/origincar_base/share/origincar_base/cmake/export_origincar_base__rosidl_typesupport_fastrtps_cExport.cmake
[2.889s] -- Up-to-date: /userdata/dev_ws/install/origincar_base/share/origincar_base/cmake/export_origincar_base__rosidl_typesupport_fastrtps_cExport-noconfig.cmake
[2.891s] -- Up-to-date: /userdata/dev_ws/install/origincar_base/share/origincar_base/cmake/export_origincar_base__rosidl_generator_cppExport.cmake
[2.892s] -- Up-to-date: /userdata/dev_ws/install/origincar_base/share/origincar_base/cmake/export_origincar_base__rosidl_typesupport_fastrtps_cppExport.cmake
[2.893s] -- Up-to-date: /userdata/dev_ws/install/origincar_base/share/origincar_base/cmake/export_origincar_base__rosidl_typesupport_fastrtps_cppExport-noconfig.cmake
[2.894s] -- Up-to-date: /userdata/dev_ws/install/origincar_base/share/origincar_base/cmake/origincar_base__rosidl_typesupport_introspection_cExport.cmake
[2.895s] -- Up-to-date: /userdata/dev_ws/install/origincar_base/share/origincar_base/cmake/origincar_base__rosidl_typesupport_introspection_cExport-noconfig.cmake
[2.896s] -- Up-to-date: /userdata/dev_ws/install/origincar_base/share/origincar_base/cmake/origincar_base__rosidl_typesupport_cExport.cmake
[2.897s] -- Up-to-date: /userdata/dev_ws/install/origincar_base/share/origincar_base/cmake/origincar_base__rosidl_typesupport_cExport-noconfig.cmake
[2.898s] -- Up-to-date: /userdata/dev_ws/install/origincar_base/share/origincar_base/cmake/origincar_base__rosidl_typesupport_introspection_cppExport.cmake
[2.898s] -- Up-to-date: /userdata/dev_ws/install/origincar_base/share/origincar_base/cmake/origincar_base__rosidl_typesupport_introspection_cppExport-noconfig.cmake
[2.899s] -- Up-to-date: /userdata/dev_ws/install/origincar_base/share/origincar_base/cmake/origincar_base__rosidl_typesupport_cppExport.cmake
[2.900s] -- Up-to-date: /userdata/dev_ws/install/origincar_base/share/origincar_base/cmake/origincar_base__rosidl_typesupport_cppExport-noconfig.cmake
[2.901s] -- Up-to-date: /userdata/dev_ws/install/origincar_base/share/origincar_base/cmake/export_origincar_base__rosidl_generator_pyExport.cmake
[2.902s] -- Up-to-date: /userdata/dev_ws/install/origincar_base/share/origincar_base/cmake/export_origincar_base__rosidl_generator_pyExport-noconfig.cmake
[2.914s] Invoked command in '/userdata/dev_ws/build/origincar_base' returned '0': CMAKE_PREFIX_PATH=/userdata/dev_ws/install/serial:/userdata/dev_ws/install/origincar_msg:/userdata/dev_ws/install/origincar_description:/userdata/dev_ws/install/ackermann_msgs:/userdata/dev_ws/install/utils:/userdata/dev_ws/install/origincar_base:/userdata/dev_ws/install/qr_decoder:/userdata/dev_ws/install/origincar_bringup:/opt/tros/humble:/opt/ros/humble LD_LIBRARY_PATH=/userdata/dev_ws/install/origincar_msg/lib:/userdata/dev_ws/install/ackermann_msgs/lib:/userdata/dev_ws/install/origincar_base/lib:/userdata/dev_ws/install/serial/lib:/opt/tros/humble/lib/aarch64-linux-gnu:/opt/tros/humble/lib:/opt/ros/humble/lib/aarch64-linux-gnu:/opt/ros/humble/lib:/usr/hobot/lib:/app/lib:/app/pub/lib:/middleware/lib:/middleware/pub/lib:/usr/hobot/lib/sensor:/system/lib:/system/usr/lib:/lib /usr/bin/cmake --install /userdata/dev_ws/build/origincar_base
