[0.177s] Invoking command in '/userdata/dev_ws/build/serial': CMAKE_PREFIX_PATH=${CMAKE_PREFIX_PATH}:/opt/tros/humble:/opt/ros/humble /usr/bin/cmake --build /userdata/dev_ws/build/serial -- -j8 -l8
[2.120s] [100%] Built target serial
[2.158s] Invoked command in '/userdata/dev_ws/build/serial' returned '0': CMAKE_PREFIX_PATH=${CMAKE_PREFIX_PATH}:/opt/tros/humble:/opt/ros/humble /usr/bin/cmake --build /userdata/dev_ws/build/serial -- -j8 -l8
[2.171s] Invoking command in '/userdata/dev_ws/build/serial': CMAKE_PREFIX_PATH=${CMAKE_PREFIX_PATH}:/opt/tros/humble:/opt/ros/humble /usr/bin/cmake --install /userdata/dev_ws/build/serial
[2.202s] -- Install configuration: ""
[2.209s] -- Execute custom install script
[2.210s] -- Up-to-date symlink: /userdata/dev_ws/install/serial/lib/libserial.a
[2.215s] -- Up-to-date symlink: /userdata/dev_ws/install/serial/share/serial/environment/library_path.sh
[2.222s] -- Up-to-date symlink: /userdata/dev_ws/install/serial/share/serial/environment/library_path.dsv
[2.223s] -- Up-to-date symlink: /userdata/dev_ws/install/serial/include/serial/impl/unix.h
[2.227s] -- Up-to-date symlink: /userdata/dev_ws/install/serial/include/serial/impl/win.h
[2.228s] -- Up-to-date symlink: /userdata/dev_ws/install/serial/include/serial/serial.h
[2.229s] -- Up-to-date symlink: /userdata/dev_ws/install/serial/include/serial/v8stdint.h
[2.230s] -- Up-to-date symlink: /userdata/dev_ws/install/serial/share/ament_index/resource_index/package_run_dependencies/serial
[2.231s] -- Up-to-date symlink: /userdata/dev_ws/install/serial/share/ament_index/resource_index/parent_prefix_path/serial
[2.233s] -- Up-to-date symlink: /userdata/dev_ws/install/serial/share/serial/environment/ament_prefix_path.sh
[2.234s] -- Up-to-date symlink: /userdata/dev_ws/install/serial/share/serial/environment/ament_prefix_path.dsv
[2.234s] -- Up-to-date symlink: /userdata/dev_ws/install/serial/share/serial/environment/path.sh
[2.236s] -- Up-to-date symlink: /userdata/dev_ws/install/serial/share/serial/environment/path.dsv
[2.237s] -- Up-to-date symlink: /userdata/dev_ws/install/serial/share/serial/local_setup.bash
[2.238s] -- Up-to-date symlink: /userdata/dev_ws/install/serial/share/serial/local_setup.sh
[2.241s] -- Up-to-date symlink: /userdata/dev_ws/install/serial/share/serial/local_setup.zsh
[2.243s] -- Up-to-date symlink: /userdata/dev_ws/install/serial/share/serial/local_setup.dsv
[2.250s] -- Symlinking: /userdata/dev_ws/install/serial/share/serial/package.dsv
[2.278s] -- Up-to-date symlink: /userdata/dev_ws/install/serial/share/ament_index/resource_index/packages/serial
[2.279s] -- Up-to-date symlink: /userdata/dev_ws/install/serial/share/serial/cmake/ament_cmake_export_include_directories-extras.cmake
[2.280s] -- Up-to-date symlink: /userdata/dev_ws/install/serial/share/serial/cmake/ament_cmake_export_libraries-extras.cmake
[2.281s] -- Up-to-date symlink: /userdata/dev_ws/install/serial/share/serial/cmake/ament_cmake_export_dependencies-extras.cmake
[2.283s] -- Up-to-date symlink: /userdata/dev_ws/install/serial/share/serial/cmake/serialConfig.cmake
[2.284s] -- Up-to-date symlink: /userdata/dev_ws/install/serial/share/serial/cmake/serialConfig-version.cmake
[2.285s] -- Up-to-date symlink: /userdata/dev_ws/install/serial/share/serial/package.xml
[2.306s] Invoked command in '/userdata/dev_ws/build/serial' returned '0': CMAKE_PREFIX_PATH=${CMAKE_PREFIX_PATH}:/opt/tros/humble:/opt/ros/humble /usr/bin/cmake --install /userdata/dev_ws/build/serial
