[0.121s] Invoking command in '/userdata/dev_ws/build/utils': CMAKE_PREFIX_PATH=${CMAKE_PREFIX_PATH}:/opt/tros/humble:/opt/ros/humble /usr/bin/cmake --build /userdata/dev_ws/build/utils -- -j8 -l8
[0.523s] [100%] Built target image_transport_node
[0.816s] Invoked command in '/userdata/dev_ws/build/utils' returned '0': CMAKE_PREFIX_PATH=${CMAKE_PREFIX_PATH}:/opt/tros/humble:/opt/ros/humble /usr/bin/cmake --build /userdata/dev_ws/build/utils -- -j8 -l8
[0.818s] Invoking command in '/userdata/dev_ws/build/utils': CMAKE_PREFIX_PATH=${CMAKE_PREFIX_PATH}:/opt/tros/humble:/opt/ros/humble /usr/bin/cmake --install /userdata/dev_ws/build/utils
[0.858s] -- Install configuration: ""
[0.859s] -- Execute custom install script
[0.861s] -- Up-to-date symlink: /userdata/dev_ws/install/utils/lib/utils/image_transport_node
[0.864s] -- Up-to-date symlink: /userdata/dev_ws/install/utils/share/ament_index/resource_index/package_run_dependencies/utils
[0.864s] -- Up-to-date symlink: /userdata/dev_ws/install/utils/share/ament_index/resource_index/parent_prefix_path/utils
[0.866s] -- Up-to-date symlink: /userdata/dev_ws/install/utils/share/utils/environment/ament_prefix_path.sh
[0.869s] -- Up-to-date symlink: /userdata/dev_ws/install/utils/share/utils/environment/ament_prefix_path.dsv
[0.870s] -- Up-to-date symlink: /userdata/dev_ws/install/utils/share/utils/environment/path.sh
[0.872s] -- Up-to-date symlink: /userdata/dev_ws/install/utils/share/utils/environment/path.dsv
[0.874s] -- Up-to-date symlink: /userdata/dev_ws/install/utils/share/utils/local_setup.bash
[0.875s] -- Up-to-date symlink: /userdata/dev_ws/install/utils/share/utils/local_setup.sh
[0.877s] -- Up-to-date symlink: /userdata/dev_ws/install/utils/share/utils/local_setup.zsh
[0.878s] -- Up-to-date symlink: /userdata/dev_ws/install/utils/share/utils/local_setup.dsv
[0.880s] -- Symlinking: /userdata/dev_ws/install/utils/share/utils/package.dsv
[0.916s] -- Up-to-date symlink: /userdata/dev_ws/install/utils/share/ament_index/resource_index/packages/utils
[0.923s] -- Up-to-date symlink: /userdata/dev_ws/install/utils/share/utils/cmake/utilsConfig.cmake
[0.925s] -- Up-to-date symlink: /userdata/dev_ws/install/utils/share/utils/cmake/utilsConfig-version.cmake
[0.927s] -- Up-to-date symlink: /userdata/dev_ws/install/utils/share/utils/package.xml
[0.946s] Invoked command in '/userdata/dev_ws/build/utils' returned '0': CMAKE_PREFIX_PATH=${CMAKE_PREFIX_PATH}:/opt/tros/humble:/opt/ros/humble /usr/bin/cmake --install /userdata/dev_ws/build/utils
