-- The C compiler identification is GNU 11.4.0
-- The CXX compiler identification is GNU 11.4.0
-- Detecting C compiler ABI info
-- Detecting C compiler ABI info - done
-- Check for working C compiler: /usr/bin/cc - skipped
-- Detecting C compile features
-- Detecting C compile features - done
-- Detecting CXX compiler ABI info
-- Detecting CXX compiler ABI info - done
-- Check for working CXX compiler: /usr/bin/c++ - skipped
-- Detecting CXX compile features
-- Detecting CXX compile features - done
-- Found ament_cmake: 1.3.11 (/opt/ros/humble/share/ament_cmake/cmake)
-- Found Python3: /usr/bin/python3 (found version "3.10.12") found components: Interpreter 
-- Found rclcpp: 16.0.12 (/opt/ros/humble/share/rclcpp/cmake)
-- Found rosidl_generator_c: 3.1.6 (/opt/ros/humble/share/rosidl_generator_c/cmake)
-- Found rosidl_adapter: 3.1.6 (/opt/ros/humble/share/rosidl_adapter/cmake)
-- Found rosidl_generator_cpp: 3.1.6 (/opt/ros/humble/share/rosidl_generator_cpp/cmake)
-- Using all available rosidl_typesupport_c: rosidl_typesupport_fastrtps_c;rosidl_typesupport_introspection_c
-- Using all available rosidl_typesupport_cpp: rosidl_typesupport_fastrtps_cpp;rosidl_typesupport_introspection_cpp
-- Found rmw_implementation_cmake: 6.1.2 (/opt/ros/humble/share/rmw_implementation_cmake/cmake)
-- Found rmw_fastrtps_cpp: 6.2.7 (/opt/ros/humble/share/rmw_fastrtps_cpp/cmake)
-- Found OpenSSL: /usr/lib/aarch64-linux-gnu/libcrypto.so (found version "3.0.2")  
-- Found FastRTPS: /opt/ros/humble/include  
-- Using RMW implementation 'rmw_fastrtps_cpp' as default
-- Looking for pthread.h
-- Looking for pthread.h - found
-- Performing Test CMAKE_HAVE_LIBC_PTHREAD
-- Performing Test CMAKE_HAVE_LIBC_PTHREAD - Success
-- Found Threads: TRUE  
-- Found sensor_msgs: 4.8.0 (/opt/ros/humble/share/sensor_msgs/cmake)
-- Found cv_bridge: 3.2.1 (/opt/ros/humble/share/cv_bridge/cmake)
-- Found OpenCV: /usr (found version "4.5.4") 
-- Found image_transport: 3.1.11 (/opt/ros/humble/share/image_transport/cmake)
-- Found origincar_msg: 0.0.0 (/userdata/dev_ws/install/origincar_msg/share/origincar_msg/cmake)
-- Found PkgConfig: /usr/bin/pkg-config (found version "0.29.2") 
-- Checking for one of the modules 'zbar'
-- Found ament_lint_auto: 0.12.12 (/opt/ros/humble/share/ament_lint_auto/cmake)
-- Added test 'copyright' to check source files copyright and LICENSE
-- Added test 'cppcheck' to perform static code analysis on C / C++ code
-- Configured cppcheck include dirs: 
-- Configured cppcheck exclude dirs and/or files: 
-- Added test 'cpplint' to check C / C++ code against the Google style
-- Configured cpplint exclude dirs and/or files: 
-- Added test 'lint_cmake' to check CMake code style
-- Added test 'uncrustify' to check C / C++ code style
-- Configured uncrustify additional arguments: 
-- Added test 'xmllint' to check XML markup files
-- Configuring done
-- Generating done
-- Build files have been written to: /userdata/dev_ws/build/qr_decoder
[ 50%] [32mBuilding CXX object CMakeFiles/qr_decoder.dir/src/qr_decoder.cpp.o[0m
[100%] [32m[1mLinking CXX executable qr_decoder[0m
[100%] Built target qr_decoder
-- Install configuration: ""
-- Installing: /userdata/dev_ws/install/qr_decoder/lib/qr_decoder/qr_decoder
-- Set runtime path of "/userdata/dev_ws/install/qr_decoder/lib/qr_decoder/qr_decoder" to ""
-- Installing: /userdata/dev_ws/install/qr_decoder/share/ament_index/resource_index/package_run_dependencies/qr_decoder
-- Installing: /userdata/dev_ws/install/qr_decoder/share/ament_index/resource_index/parent_prefix_path/qr_decoder
-- Installing: /userdata/dev_ws/install/qr_decoder/share/qr_decoder/environment/ament_prefix_path.sh
-- Installing: /userdata/dev_ws/install/qr_decoder/share/qr_decoder/environment/ament_prefix_path.dsv
-- Installing: /userdata/dev_ws/install/qr_decoder/share/qr_decoder/environment/path.sh
-- Installing: /userdata/dev_ws/install/qr_decoder/share/qr_decoder/environment/path.dsv
-- Installing: /userdata/dev_ws/install/qr_decoder/share/qr_decoder/local_setup.bash
-- Installing: /userdata/dev_ws/install/qr_decoder/share/qr_decoder/local_setup.sh
-- Installing: /userdata/dev_ws/install/qr_decoder/share/qr_decoder/local_setup.zsh
-- Installing: /userdata/dev_ws/install/qr_decoder/share/qr_decoder/local_setup.dsv
-- Installing: /userdata/dev_ws/install/qr_decoder/share/qr_decoder/package.dsv
-- Installing: /userdata/dev_ws/install/qr_decoder/share/ament_index/resource_index/packages/qr_decoder
-- Installing: /userdata/dev_ws/install/qr_decoder/share/qr_decoder/cmake/qr_decoderConfig.cmake
-- Installing: /userdata/dev_ws/install/qr_decoder/share/qr_decoder/cmake/qr_decoderConfig-version.cmake
-- Installing: /userdata/dev_ws/install/qr_decoder/share/qr_decoder/package.xml
