[0.176s] Invoking command in '/userdata/dev_ws/build/qr_decoder': CMAKE_PREFIX_PATH=/userdata/dev_ws/install/origincar_msg:/userdata/dev_ws/install/utils:/userdata/dev_ws/install/origincar_base:/userdata/dev_ws/install/serial:/userdata/dev_ws/install/origincar_description:/userdata/dev_ws/install/origincar_bringup:/userdata/dev_ws/install/ackermann_msgs:/opt/tros/humble:/opt/ros/humble LD_LIBRARY_PATH=/userdata/dev_ws/install/origincar_msg/lib:/userdata/dev_ws/install/origincar_base/lib:/userdata/dev_ws/install/serial/lib:/userdata/dev_ws/install/ackermann_msgs/lib:/opt/tros/humble/lib/aarch64-linux-gnu:/opt/tros/humble/lib:/opt/ros/humble/lib/aarch64-linux-gnu:/opt/ros/humble/lib:/usr/hobot/lib:/app/lib:/app/pub/lib:/middleware/lib:/middleware/pub/lib:/usr/hobot/lib/sensor:/system/lib:/system/usr/lib:/lib /usr/bin/cmake /userdata/dev_ws/src/origincar/qr_decoder -DCMAKE_INSTALL_PREFIX=/userdata/dev_ws/install/qr_decoder
[0.747s] -- The C compiler identification is GNU 11.4.0
[1.316s] -- The CXX compiler identification is GNU 11.4.0
[1.357s] -- Detecting C compiler ABI info
[1.712s] -- Detecting C compiler ABI info - done
[1.759s] -- Check for working C compiler: /usr/bin/cc - skipped
[1.762s] -- Detecting C compile features
[1.764s] -- Detecting C compile features - done
[1.780s] -- Detecting CXX compiler ABI info
[2.187s] -- Detecting CXX compiler ABI info - done
[2.235s] -- Check for working CXX compiler: /usr/bin/c++ - skipped
[2.237s] -- Detecting CXX compile features
[2.239s] -- Detecting CXX compile features - done
[2.253s] -- Found ament_cmake: 1.3.11 (/opt/ros/humble/share/ament_cmake/cmake)
[3.280s] -- Found Python3: /usr/bin/python3 (found version "3.10.12") found components: Interpreter 
[3.952s] -- Found rclcpp: 16.0.12 (/opt/ros/humble/share/rclcpp/cmake)
[4.176s] -- Found rosidl_generator_c: 3.1.6 (/opt/ros/humble/share/rosidl_generator_c/cmake)
[4.205s] -- Found rosidl_adapter: 3.1.6 (/opt/ros/humble/share/rosidl_adapter/cmake)
[4.252s] -- Found rosidl_generator_cpp: 3.1.6 (/opt/ros/humble/share/rosidl_generator_cpp/cmake)
[4.331s] -- Using all available rosidl_typesupport_c: rosidl_typesupport_fastrtps_c;rosidl_typesupport_introspection_c
[4.438s] -- Using all available rosidl_typesupport_cpp: rosidl_typesupport_fastrtps_cpp;rosidl_typesupport_introspection_cpp
[4.828s] -- Found rmw_implementation_cmake: 6.1.2 (/opt/ros/humble/share/rmw_implementation_cmake/cmake)
[4.847s] -- Found rmw_fastrtps_cpp: 6.2.7 (/opt/ros/humble/share/rmw_fastrtps_cpp/cmake)
[5.298s] -- Found OpenSSL: /usr/lib/aarch64-linux-gnu/libcrypto.so (found version "3.0.2")  
[5.431s] -- Found FastRTPS: /opt/ros/humble/include  
[5.616s] -- Using RMW implementation 'rmw_fastrtps_cpp' as default
[5.669s] -- Looking for pthread.h
[6.058s] -- Looking for pthread.h - found
[6.060s] -- Performing Test CMAKE_HAVE_LIBC_PTHREAD
[6.459s] -- Performing Test CMAKE_HAVE_LIBC_PTHREAD - Success
[6.479s] -- Found Threads: TRUE  
[6.861s] -- Found sensor_msgs: 4.8.0 (/opt/ros/humble/share/sensor_msgs/cmake)
[7.067s] -- Found cv_bridge: 3.2.1 (/opt/ros/humble/share/cv_bridge/cmake)
[7.156s] -- Found OpenCV: /usr (found version "4.5.4") 
[7.167s] -- Found image_transport: 3.1.11 (/opt/ros/humble/share/image_transport/cmake)
[7.343s] -- Found origincar_msg: 0.0.0 (/userdata/dev_ws/install/origincar_msg/share/origincar_msg/cmake)
[7.444s] -- Found PkgConfig: /usr/bin/pkg-config (found version "0.29.2") 
[7.447s] -- Checking for one of the modules 'zbar'
[7.650s] -- Found ament_lint_auto: 0.12.12 (/opt/ros/humble/share/ament_lint_auto/cmake)
[8.156s] -- Added test 'copyright' to check source files copyright and LICENSE
[8.161s] -- Added test 'cppcheck' to perform static code analysis on C / C++ code
[8.162s] -- Configured cppcheck include dirs: 
[8.162s] -- Configured cppcheck exclude dirs and/or files: 
[8.165s] -- Added test 'cpplint' to check C / C++ code against the Google style
[8.166s] -- Configured cpplint exclude dirs and/or files: 
[8.169s] -- Added test 'lint_cmake' to check CMake code style
[8.173s] -- Added test 'uncrustify' to check C / C++ code style
[8.174s] -- Configured uncrustify additional arguments: 
[8.176s] -- Added test 'xmllint' to check XML markup files
[8.182s] -- Configuring done
[8.261s] -- Generating done
[8.287s] -- Build files have been written to: /userdata/dev_ws/build/qr_decoder
[8.362s] Invoked command in '/userdata/dev_ws/build/qr_decoder' returned '0': CMAKE_PREFIX_PATH=/userdata/dev_ws/install/origincar_msg:/userdata/dev_ws/install/utils:/userdata/dev_ws/install/origincar_base:/userdata/dev_ws/install/serial:/userdata/dev_ws/install/origincar_description:/userdata/dev_ws/install/origincar_bringup:/userdata/dev_ws/install/ackermann_msgs:/opt/tros/humble:/opt/ros/humble LD_LIBRARY_PATH=/userdata/dev_ws/install/origincar_msg/lib:/userdata/dev_ws/install/origincar_base/lib:/userdata/dev_ws/install/serial/lib:/userdata/dev_ws/install/ackermann_msgs/lib:/opt/tros/humble/lib/aarch64-linux-gnu:/opt/tros/humble/lib:/opt/ros/humble/lib/aarch64-linux-gnu:/opt/ros/humble/lib:/usr/hobot/lib:/app/lib:/app/pub/lib:/middleware/lib:/middleware/pub/lib:/usr/hobot/lib/sensor:/system/lib:/system/usr/lib:/lib /usr/bin/cmake /userdata/dev_ws/src/origincar/qr_decoder -DCMAKE_INSTALL_PREFIX=/userdata/dev_ws/install/qr_decoder
[8.369s] Invoking command in '/userdata/dev_ws/build/qr_decoder': CMAKE_PREFIX_PATH=/userdata/dev_ws/install/origincar_msg:/userdata/dev_ws/install/utils:/userdata/dev_ws/install/origincar_base:/userdata/dev_ws/install/serial:/userdata/dev_ws/install/origincar_description:/userdata/dev_ws/install/origincar_bringup:/userdata/dev_ws/install/ackermann_msgs:/opt/tros/humble:/opt/ros/humble LD_LIBRARY_PATH=/userdata/dev_ws/install/origincar_msg/lib:/userdata/dev_ws/install/origincar_base/lib:/userdata/dev_ws/install/serial/lib:/userdata/dev_ws/install/ackermann_msgs/lib:/opt/tros/humble/lib/aarch64-linux-gnu:/opt/tros/humble/lib:/opt/ros/humble/lib/aarch64-linux-gnu:/opt/ros/humble/lib:/usr/hobot/lib:/app/lib:/app/pub/lib:/middleware/lib:/middleware/pub/lib:/usr/hobot/lib/sensor:/system/lib:/system/usr/lib:/lib /usr/bin/cmake --build /userdata/dev_ws/build/qr_decoder -- -j8 -l8
[8.585s] [ 50%] [32mBuilding CXX object CMakeFiles/qr_decoder.dir/src/qr_decoder.cpp.o[0m
[67.552s] [100%] [32m[1mLinking CXX executable qr_decoder[0m
[73.488s] [100%] Built target qr_decoder
[73.537s] Invoked command in '/userdata/dev_ws/build/qr_decoder' returned '0': CMAKE_PREFIX_PATH=/userdata/dev_ws/install/origincar_msg:/userdata/dev_ws/install/utils:/userdata/dev_ws/install/origincar_base:/userdata/dev_ws/install/serial:/userdata/dev_ws/install/origincar_description:/userdata/dev_ws/install/origincar_bringup:/userdata/dev_ws/install/ackermann_msgs:/opt/tros/humble:/opt/ros/humble LD_LIBRARY_PATH=/userdata/dev_ws/install/origincar_msg/lib:/userdata/dev_ws/install/origincar_base/lib:/userdata/dev_ws/install/serial/lib:/userdata/dev_ws/install/ackermann_msgs/lib:/opt/tros/humble/lib/aarch64-linux-gnu:/opt/tros/humble/lib:/opt/ros/humble/lib/aarch64-linux-gnu:/opt/ros/humble/lib:/usr/hobot/lib:/app/lib:/app/pub/lib:/middleware/lib:/middleware/pub/lib:/usr/hobot/lib/sensor:/system/lib:/system/usr/lib:/lib /usr/bin/cmake --build /userdata/dev_ws/build/qr_decoder -- -j8 -l8
[73.542s] Invoking command in '/userdata/dev_ws/build/qr_decoder': CMAKE_PREFIX_PATH=/userdata/dev_ws/install/origincar_msg:/userdata/dev_ws/install/utils:/userdata/dev_ws/install/origincar_base:/userdata/dev_ws/install/serial:/userdata/dev_ws/install/origincar_description:/userdata/dev_ws/install/origincar_bringup:/userdata/dev_ws/install/ackermann_msgs:/opt/tros/humble:/opt/ros/humble LD_LIBRARY_PATH=/userdata/dev_ws/install/origincar_msg/lib:/userdata/dev_ws/install/origincar_base/lib:/userdata/dev_ws/install/serial/lib:/userdata/dev_ws/install/ackermann_msgs/lib:/opt/tros/humble/lib/aarch64-linux-gnu:/opt/tros/humble/lib:/opt/ros/humble/lib/aarch64-linux-gnu:/opt/ros/humble/lib:/usr/hobot/lib:/app/lib:/app/pub/lib:/middleware/lib:/middleware/pub/lib:/usr/hobot/lib/sensor:/system/lib:/system/usr/lib:/lib /usr/bin/cmake --install /userdata/dev_ws/build/qr_decoder
[73.576s] -- Install configuration: ""
[73.576s] -- Installing: /userdata/dev_ws/install/qr_decoder/lib/qr_decoder/qr_decoder
[73.599s] -- Set runtime path of "/userdata/dev_ws/install/qr_decoder/lib/qr_decoder/qr_decoder" to ""
[73.599s] -- Installing: /userdata/dev_ws/install/qr_decoder/share/ament_index/resource_index/package_run_dependencies/qr_decoder
[73.600s] -- Installing: /userdata/dev_ws/install/qr_decoder/share/ament_index/resource_index/parent_prefix_path/qr_decoder
[73.601s] -- Installing: /userdata/dev_ws/install/qr_decoder/share/qr_decoder/environment/ament_prefix_path.sh
[73.602s] -- Installing: /userdata/dev_ws/install/qr_decoder/share/qr_decoder/environment/ament_prefix_path.dsv
[73.602s] -- Installing: /userdata/dev_ws/install/qr_decoder/share/qr_decoder/environment/path.sh
[73.603s] -- Installing: /userdata/dev_ws/install/qr_decoder/share/qr_decoder/environment/path.dsv
[73.603s] -- Installing: /userdata/dev_ws/install/qr_decoder/share/qr_decoder/local_setup.bash
[73.604s] -- Installing: /userdata/dev_ws/install/qr_decoder/share/qr_decoder/local_setup.sh
[73.604s] -- Installing: /userdata/dev_ws/install/qr_decoder/share/qr_decoder/local_setup.zsh
[73.605s] -- Installing: /userdata/dev_ws/install/qr_decoder/share/qr_decoder/local_setup.dsv
[73.606s] -- Installing: /userdata/dev_ws/install/qr_decoder/share/qr_decoder/package.dsv
[73.606s] -- Installing: /userdata/dev_ws/install/qr_decoder/share/ament_index/resource_index/packages/qr_decoder
[73.607s] -- Installing: /userdata/dev_ws/install/qr_decoder/share/qr_decoder/cmake/qr_decoderConfig.cmake
[73.607s] -- Installing: /userdata/dev_ws/install/qr_decoder/share/qr_decoder/cmake/qr_decoderConfig-version.cmake
[73.608s] -- Installing: /userdata/dev_ws/install/qr_decoder/share/qr_decoder/package.xml
[73.618s] Invoked command in '/userdata/dev_ws/build/qr_decoder' returned '0': CMAKE_PREFIX_PATH=/userdata/dev_ws/install/origincar_msg:/userdata/dev_ws/install/utils:/userdata/dev_ws/install/origincar_base:/userdata/dev_ws/install/serial:/userdata/dev_ws/install/origincar_description:/userdata/dev_ws/install/origincar_bringup:/userdata/dev_ws/install/ackermann_msgs:/opt/tros/humble:/opt/ros/humble LD_LIBRARY_PATH=/userdata/dev_ws/install/origincar_msg/lib:/userdata/dev_ws/install/origincar_base/lib:/userdata/dev_ws/install/serial/lib:/userdata/dev_ws/install/ackermann_msgs/lib:/opt/tros/humble/lib/aarch64-linux-gnu:/opt/tros/humble/lib:/opt/ros/humble/lib/aarch64-linux-gnu:/opt/ros/humble/lib:/usr/hobot/lib:/app/lib:/app/pub/lib:/middleware/lib:/middleware/pub/lib:/usr/hobot/lib/sensor:/system/lib:/system/usr/lib:/lib /usr/bin/cmake --install /userdata/dev_ws/build/qr_decoder
