[0.141s] Invoking command in '/userdata/dev_ws/build/utils': CMAKE_PREFIX_PATH=${CMAKE_PREFIX_PATH}:/opt/tros/humble:/opt/ros/humble /usr/bin/cmake /userdata/dev_ws/src/origincar/utils -DCMAKE_INSTALL_PREFIX=/userdata/dev_ws/install/utils
[0.232s] -- Found ament_cmake: 1.3.11 (/opt/ros/humble/share/ament_cmake/cmake)
[1.247s] -- Override CMake install command with custom implementation using symlinks instead of copying resources
[1.331s] -- Found rclcpp: 16.0.12 (/opt/ros/humble/share/rclcpp/cmake)
[1.504s] -- Found rosidl_generator_c: 3.1.6 (/opt/ros/humble/share/rosidl_generator_c/cmake)
[1.520s] -- Found rosidl_adapter: 3.1.6 (/opt/ros/humble/share/rosidl_adapter/cmake)
[1.554s] -- Found rosidl_generator_cpp: 3.1.6 (/opt/ros/humble/share/rosidl_generator_cpp/cmake)
[1.617s] -- Using all available rosidl_typesupport_c: rosidl_typesupport_fastrtps_c;rosidl_typesupport_introspection_c
[1.692s] -- Using all available rosidl_typesupport_cpp: rosidl_typesupport_fastrtps_cpp;rosidl_typesupport_introspection_cpp
[1.939s] -- Found rmw_implementation_cmake: 6.1.2 (/opt/ros/humble/share/rmw_implementation_cmake/cmake)
[1.953s] -- Found rmw_fastrtps_cpp: 6.2.7 (/opt/ros/humble/share/rmw_fastrtps_cpp/cmake)
[2.521s] -- Using RMW implementation 'rmw_fastrtps_cpp' as default
[2.912s] -- Found cv_bridge: 3.2.1 (/opt/ros/humble/share/cv_bridge/cmake)
[3.207s] -- Found hbm_img_msgs: 2.0.0 (/opt/tros/humble/share/hbm_img_msgs/cmake)
[3.843s] -- Configuring done
[3.918s] -- Generating done
[3.944s] -- Build files have been written to: /userdata/dev_ws/build/utils
[4.014s] Invoked command in '/userdata/dev_ws/build/utils' returned '0': CMAKE_PREFIX_PATH=${CMAKE_PREFIX_PATH}:/opt/tros/humble:/opt/ros/humble /usr/bin/cmake /userdata/dev_ws/src/origincar/utils -DCMAKE_INSTALL_PREFIX=/userdata/dev_ws/install/utils
[4.018s] Invoking command in '/userdata/dev_ws/build/utils': CMAKE_PREFIX_PATH=${CMAKE_PREFIX_PATH}:/opt/tros/humble:/opt/ros/humble /usr/bin/cmake --build /userdata/dev_ws/build/utils -- -j8 -l8
[4.210s] [35m[1mConsolidate compiler generated dependencies of target image_transport_node[0m
[4.303s] [ 50%] [32mBuilding CXX object CMakeFiles/image_transport_node.dir/src/image_transport_node.cpp.o[0m
[69.303s] [100%] [32m[1mLinking CXX executable image_transport_node[0m
[74.591s] [100%] Built target image_transport_node
[74.641s] Invoked command in '/userdata/dev_ws/build/utils' returned '0': CMAKE_PREFIX_PATH=${CMAKE_PREFIX_PATH}:/opt/tros/humble:/opt/ros/humble /usr/bin/cmake --build /userdata/dev_ws/build/utils -- -j8 -l8
[74.648s] Invoking command in '/userdata/dev_ws/build/utils': CMAKE_PREFIX_PATH=${CMAKE_PREFIX_PATH}:/opt/tros/humble:/opt/ros/humble /usr/bin/cmake --install /userdata/dev_ws/build/utils
[74.680s] -- Install configuration: ""
[74.682s] -- Execute custom install script
[74.684s] -- Up-to-date symlink: /userdata/dev_ws/install/utils/lib/utils/image_transport_node
[74.685s] -- Up-to-date symlink: /userdata/dev_ws/install/utils/share/ament_index/resource_index/package_run_dependencies/utils
[74.687s] -- Up-to-date symlink: /userdata/dev_ws/install/utils/share/ament_index/resource_index/parent_prefix_path/utils
[74.689s] -- Up-to-date symlink: /userdata/dev_ws/install/utils/share/utils/environment/ament_prefix_path.sh
[74.690s] -- Up-to-date symlink: /userdata/dev_ws/install/utils/share/utils/environment/ament_prefix_path.dsv
[74.691s] -- Up-to-date symlink: /userdata/dev_ws/install/utils/share/utils/environment/path.sh
[74.692s] -- Up-to-date symlink: /userdata/dev_ws/install/utils/share/utils/environment/path.dsv
[74.695s] -- Up-to-date symlink: /userdata/dev_ws/install/utils/share/utils/local_setup.bash
[74.696s] -- Up-to-date symlink: /userdata/dev_ws/install/utils/share/utils/local_setup.sh
[74.696s] -- Up-to-date symlink: /userdata/dev_ws/install/utils/share/utils/local_setup.zsh
[74.697s] -- Up-to-date symlink: /userdata/dev_ws/install/utils/share/utils/local_setup.dsv
[74.697s] -- Symlinking: /userdata/dev_ws/install/utils/share/utils/package.dsv
[74.737s] -- Up-to-date symlink: /userdata/dev_ws/install/utils/share/ament_index/resource_index/packages/utils
[74.739s] -- Up-to-date symlink: /userdata/dev_ws/install/utils/share/utils/cmake/utilsConfig.cmake
[74.740s] -- Up-to-date symlink: /userdata/dev_ws/install/utils/share/utils/cmake/utilsConfig-version.cmake
[74.741s] -- Up-to-date symlink: /userdata/dev_ws/install/utils/share/utils/package.xml
[74.752s] Invoked command in '/userdata/dev_ws/build/utils' returned '0': CMAKE_PREFIX_PATH=${CMAKE_PREFIX_PATH}:/opt/tros/humble:/opt/ros/humble /usr/bin/cmake --install /userdata/dev_ws/build/utils
