[0.153s] Invoking command in '/userdata/dev_ws/build/ackermann_msgs': CMAKE_PREFIX_PATH=${CMAKE_PREFIX_PATH}:/opt/tros/humble:/opt/ros/humble /usr/bin/cmake --build /userdata/dev_ws/build/ackermann_msgs -- -j8 -l8
[0.413s] [ 10%] Built target ackermann_msgs__rosidl_generator_c
[0.434s] [ 12%] Built target ackermann_msgs__cpp
[0.509s] [ 12%] Built target ament_cmake_python_symlink_ackermann_msgs
[0.661s] [ 23%] Built target ackermann_msgs__rosidl_typesupport_fastrtps_c
[0.692s] [ 33%] Built target ackermann_msgs__rosidl_typesupport_fastrtps_cpp
[0.693s] [ 43%] Built target ackermann_msgs__rosidl_typesupport_c
[0.714s] [ 53%] Built target ackermann_msgs__rosidl_typesupport_introspection_c
[0.762s] [ 64%] Built target ackermann_msgs__rosidl_typesupport_cpp
[0.769s] [ 74%] Built target ackermann_msgs__rosidl_typesupport_introspection_cpp
[0.863s] [ 74%] Built target ackermann_msgs
[0.958s] [ 76%] Built target ackermann_msgs__py
[1.070s] [ 84%] Built target ackermann_msgs__rosidl_generator_py
[1.226s] [ 89%] Built target ackermann_msgs__rosidl_typesupport_c__pyext
[1.231s] [ 94%] Built target ackermann_msgs__rosidl_typesupport_fastrtps_c__pyext
[1.244s] [100%] Built target ackermann_msgs__rosidl_typesupport_introspection_c__pyext
[2.221s] running egg_info
[2.225s] writing ackermann_msgs.egg-info/PKG-INFO
[2.226s] writing dependency_links to ackermann_msgs.egg-info/dependency_links.txt
[2.227s] writing top-level names to ackermann_msgs.egg-info/top_level.txt
[2.240s] reading manifest file 'ackermann_msgs.egg-info/SOURCES.txt'
[2.244s] writing manifest file 'ackermann_msgs.egg-info/SOURCES.txt'
[2.463s] [100%] Built target ament_cmake_python_build_ackermann_msgs_egg
[2.516s] Invoked command in '/userdata/dev_ws/build/ackermann_msgs' returned '0': CMAKE_PREFIX_PATH=${CMAKE_PREFIX_PATH}:/opt/tros/humble:/opt/ros/humble /usr/bin/cmake --build /userdata/dev_ws/build/ackermann_msgs -- -j8 -l8
[2.523s] Invoking command in '/userdata/dev_ws/build/ackermann_msgs': CMAKE_PREFIX_PATH=${CMAKE_PREFIX_PATH}:/opt/tros/humble:/opt/ros/humble /usr/bin/cmake --install /userdata/dev_ws/build/ackermann_msgs
[2.558s] -- Install configuration: ""
[2.560s] -- Execute custom install script
[2.561s] -- Up-to-date symlink: /userdata/dev_ws/install/ackermann_msgs/share/ament_index/resource_index/rosidl_interfaces/ackermann_msgs
[2.564s] -- Up-to-date symlink: /userdata/dev_ws/install/ackermann_msgs/include/ackermann_msgs/ackermann_msgs/msg/ackermann_drive.h
[2.564s] -- Up-to-date symlink: /userdata/dev_ws/install/ackermann_msgs/include/ackermann_msgs/ackermann_msgs/msg/ackermann_drive_stamped.h
[2.566s] -- Up-to-date symlink: /userdata/dev_ws/install/ackermann_msgs/include/ackermann_msgs/ackermann_msgs/msg/detail/ackermann_drive__functions.h
[2.566s] -- Up-to-date symlink: /userdata/dev_ws/install/ackermann_msgs/include/ackermann_msgs/ackermann_msgs/msg/detail/ackermann_drive__struct.h
[2.567s] -- Up-to-date symlink: /userdata/dev_ws/install/ackermann_msgs/include/ackermann_msgs/ackermann_msgs/msg/detail/ackermann_drive__type_support.h
[2.567s] -- Up-to-date symlink: /userdata/dev_ws/install/ackermann_msgs/include/ackermann_msgs/ackermann_msgs/msg/detail/ackermann_drive_stamped__functions.h
[2.568s] -- Up-to-date symlink: /userdata/dev_ws/install/ackermann_msgs/include/ackermann_msgs/ackermann_msgs/msg/detail/ackermann_drive_stamped__struct.h
[2.569s] -- Up-to-date symlink: /userdata/dev_ws/install/ackermann_msgs/include/ackermann_msgs/ackermann_msgs/msg/detail/ackermann_drive_stamped__type_support.h
[2.569s] -- Up-to-date symlink: /userdata/dev_ws/install/ackermann_msgs/include/ackermann_msgs/ackermann_msgs/msg/rosidl_generator_c__visibility_control.h
[2.570s] -- Up-to-date symlink: /userdata/dev_ws/install/ackermann_msgs/share/ackermann_msgs/environment/library_path.sh
[2.570s] -- Up-to-date symlink: /userdata/dev_ws/install/ackermann_msgs/share/ackermann_msgs/environment/library_path.dsv
[2.571s] -- Up-to-date symlink: /userdata/dev_ws/install/ackermann_msgs/include/ackermann_msgs/ackermann_msgs/msg/detail/ackermann_drive__rosidl_typesupport_fastrtps_c.h
[2.572s] -- Up-to-date symlink: /userdata/dev_ws/install/ackermann_msgs/include/ackermann_msgs/ackermann_msgs/msg/detail/ackermann_drive_stamped__rosidl_typesupport_fastrtps_c.h
[2.573s] -- Up-to-date symlink: /userdata/dev_ws/install/ackermann_msgs/include/ackermann_msgs/ackermann_msgs/msg/rosidl_typesupport_fastrtps_c__visibility_control.h
[2.575s] -- Up-to-date symlink: /userdata/dev_ws/install/ackermann_msgs/include/ackermann_msgs/ackermann_msgs/msg/detail/ackermann_drive__rosidl_typesupport_introspection_c.h
[2.575s] -- Up-to-date symlink: /userdata/dev_ws/install/ackermann_msgs/include/ackermann_msgs/ackermann_msgs/msg/detail/ackermann_drive_stamped__rosidl_typesupport_introspection_c.h
[2.576s] -- Up-to-date symlink: /userdata/dev_ws/install/ackermann_msgs/include/ackermann_msgs/ackermann_msgs/msg/rosidl_typesupport_introspection_c__visibility_control.h
[2.578s] -- Up-to-date symlink: /userdata/dev_ws/install/ackermann_msgs/include/ackermann_msgs/ackermann_msgs/msg/ackermann_drive.hpp
[2.578s] -- Up-to-date symlink: /userdata/dev_ws/install/ackermann_msgs/include/ackermann_msgs/ackermann_msgs/msg/ackermann_drive_stamped.hpp
[2.579s] -- Up-to-date symlink: /userdata/dev_ws/install/ackermann_msgs/include/ackermann_msgs/ackermann_msgs/msg/detail/ackermann_drive__builder.hpp
[2.580s] -- Up-to-date symlink: /userdata/dev_ws/install/ackermann_msgs/include/ackermann_msgs/ackermann_msgs/msg/detail/ackermann_drive__struct.hpp
[2.580s] -- Up-to-date symlink: /userdata/dev_ws/install/ackermann_msgs/include/ackermann_msgs/ackermann_msgs/msg/detail/ackermann_drive__traits.hpp
[2.581s] -- Up-to-date symlink: /userdata/dev_ws/install/ackermann_msgs/include/ackermann_msgs/ackermann_msgs/msg/detail/ackermann_drive__type_support.hpp
[2.582s] -- Up-to-date symlink: /userdata/dev_ws/install/ackermann_msgs/include/ackermann_msgs/ackermann_msgs/msg/detail/ackermann_drive_stamped__builder.hpp
[2.582s] -- Up-to-date symlink: /userdata/dev_ws/install/ackermann_msgs/include/ackermann_msgs/ackermann_msgs/msg/detail/ackermann_drive_stamped__struct.hpp
[2.583s] -- Up-to-date symlink: /userdata/dev_ws/install/ackermann_msgs/include/ackermann_msgs/ackermann_msgs/msg/detail/ackermann_drive_stamped__traits.hpp
[2.583s] -- Up-to-date symlink: /userdata/dev_ws/install/ackermann_msgs/include/ackermann_msgs/ackermann_msgs/msg/detail/ackermann_drive_stamped__type_support.hpp
[2.584s] -- Up-to-date symlink: /userdata/dev_ws/install/ackermann_msgs/include/ackermann_msgs/ackermann_msgs/msg/rosidl_generator_cpp__visibility_control.hpp
[2.585s] -- Up-to-date symlink: /userdata/dev_ws/install/ackermann_msgs/include/ackermann_msgs/ackermann_msgs/msg/detail/ackermann_drive__rosidl_typesupport_fastrtps_cpp.hpp
[2.586s] -- Up-to-date symlink: /userdata/dev_ws/install/ackermann_msgs/include/ackermann_msgs/ackermann_msgs/msg/detail/ackermann_drive_stamped__rosidl_typesupport_fastrtps_cpp.hpp
[2.587s] -- Up-to-date symlink: /userdata/dev_ws/install/ackermann_msgs/include/ackermann_msgs/ackermann_msgs/msg/rosidl_typesupport_fastrtps_cpp__visibility_control.h
[2.588s] -- Up-to-date symlink: /userdata/dev_ws/install/ackermann_msgs/include/ackermann_msgs/ackermann_msgs/msg/detail/ackermann_drive__rosidl_typesupport_introspection_cpp.hpp
[2.589s] -- Up-to-date symlink: /userdata/dev_ws/install/ackermann_msgs/include/ackermann_msgs/ackermann_msgs/msg/detail/ackermann_drive_stamped__rosidl_typesupport_introspection_cpp.hpp
[2.589s] -- Up-to-date symlink: /userdata/dev_ws/install/ackermann_msgs/share/ackermann_msgs/environment/pythonpath.sh
[2.590s] -- Up-to-date symlink: /userdata/dev_ws/install/ackermann_msgs/share/ackermann_msgs/environment/pythonpath.dsv
[2.592s] -- Up-to-date symlink: /userdata/dev_ws/install/ackermann_msgs/local/lib/python3.10/dist-packages/ackermann_msgs-2.0.2-py3.10.egg-info/PKG-INFO
[2.593s] -- Up-to-date symlink: /userdata/dev_ws/install/ackermann_msgs/local/lib/python3.10/dist-packages/ackermann_msgs-2.0.2-py3.10.egg-info/SOURCES.txt
[2.593s] -- Up-to-date symlink: /userdata/dev_ws/install/ackermann_msgs/local/lib/python3.10/dist-packages/ackermann_msgs-2.0.2-py3.10.egg-info/dependency_links.txt
[2.594s] -- Up-to-date symlink: /userdata/dev_ws/install/ackermann_msgs/local/lib/python3.10/dist-packages/ackermann_msgs-2.0.2-py3.10.egg-info/top_level.txt
[2.596s] -- Up-to-date symlink: /userdata/dev_ws/install/ackermann_msgs/local/lib/python3.10/dist-packages/ackermann_msgs/__init__.py
[2.597s] -- Up-to-date symlink: /userdata/dev_ws/install/ackermann_msgs/local/lib/python3.10/dist-packages/ackermann_msgs/_ackermann_msgs_s.ep.rosidl_typesupport_c.c
[2.598s] -- Up-to-date symlink: /userdata/dev_ws/install/ackermann_msgs/local/lib/python3.10/dist-packages/ackermann_msgs/_ackermann_msgs_s.ep.rosidl_typesupport_fastrtps_c.c
[2.599s] -- Up-to-date symlink: /userdata/dev_ws/install/ackermann_msgs/local/lib/python3.10/dist-packages/ackermann_msgs/_ackermann_msgs_s.ep.rosidl_typesupport_introspection_c.c
[2.599s] -- Up-to-date symlink: /userdata/dev_ws/install/ackermann_msgs/local/lib/python3.10/dist-packages/ackermann_msgs/ackermann_msgs_s__rosidl_typesupport_c.cpython-310-aarch64-linux-gnu.so
[2.600s] -- Up-to-date symlink: /userdata/dev_ws/install/ackermann_msgs/local/lib/python3.10/dist-packages/ackermann_msgs/ackermann_msgs_s__rosidl_typesupport_fastrtps_c.cpython-310-aarch64-linux-gnu.so
[2.600s] -- Up-to-date symlink: /userdata/dev_ws/install/ackermann_msgs/local/lib/python3.10/dist-packages/ackermann_msgs/ackermann_msgs_s__rosidl_typesupport_introspection_c.cpython-310-aarch64-linux-gnu.so
[2.601s] -- Up-to-date symlink: /userdata/dev_ws/install/ackermann_msgs/local/lib/python3.10/dist-packages/ackermann_msgs/libackermann_msgs__rosidl_generator_py.so
[2.602s] -- Up-to-date symlink: /userdata/dev_ws/install/ackermann_msgs/local/lib/python3.10/dist-packages/ackermann_msgs/msg/__init__.py
[2.602s] -- Up-to-date symlink: /userdata/dev_ws/install/ackermann_msgs/local/lib/python3.10/dist-packages/ackermann_msgs/msg/_ackermann_drive.py
[2.603s] -- Up-to-date symlink: /userdata/dev_ws/install/ackermann_msgs/local/lib/python3.10/dist-packages/ackermann_msgs/msg/_ackermann_drive_s.c
[2.603s] -- Up-to-date symlink: /userdata/dev_ws/install/ackermann_msgs/local/lib/python3.10/dist-packages/ackermann_msgs/msg/_ackermann_drive_stamped.py
[2.604s] -- Up-to-date symlink: /userdata/dev_ws/install/ackermann_msgs/local/lib/python3.10/dist-packages/ackermann_msgs/msg/_ackermann_drive_stamped_s.c
[2.605s] -- Up-to-date symlink: /userdata/dev_ws/install/ackermann_msgs/local/lib/python3.10/dist-packages/ackermann_msgs/ackermann_msgs_s__rosidl_typesupport_fastrtps_c.cpython-310-aarch64-linux-gnu.so
[2.607s] -- Up-to-date symlink: /userdata/dev_ws/install/ackermann_msgs/local/lib/python3.10/dist-packages/ackermann_msgs/ackermann_msgs_s__rosidl_typesupport_introspection_c.cpython-310-aarch64-linux-gnu.so
[2.608s] -- Up-to-date symlink: /userdata/dev_ws/install/ackermann_msgs/local/lib/python3.10/dist-packages/ackermann_msgs/ackermann_msgs_s__rosidl_typesupport_c.cpython-310-aarch64-linux-gnu.so
[2.609s] -- Up-to-date symlink: /userdata/dev_ws/install/ackermann_msgs/share/ackermann_msgs/msg/AckermannDrive.idl
[2.610s] -- Up-to-date symlink: /userdata/dev_ws/install/ackermann_msgs/share/ackermann_msgs/msg/AckermannDriveStamped.idl
[2.611s] -- Up-to-date symlink: /userdata/dev_ws/install/ackermann_msgs/share/ackermann_msgs/msg/AckermannDrive.msg
[2.611s] -- Up-to-date symlink: /userdata/dev_ws/install/ackermann_msgs/share/ackermann_msgs/msg/AckermannDriveStamped.msg
[2.612s] -- Up-to-date symlink: /userdata/dev_ws/install/ackermann_msgs/share/ament_index/resource_index/package_run_dependencies/ackermann_msgs
[2.613s] -- Up-to-date symlink: /userdata/dev_ws/install/ackermann_msgs/share/ament_index/resource_index/parent_prefix_path/ackermann_msgs
[2.614s] -- Up-to-date symlink: /userdata/dev_ws/install/ackermann_msgs/share/ackermann_msgs/environment/ament_prefix_path.sh
[2.615s] -- Up-to-date symlink: /userdata/dev_ws/install/ackermann_msgs/share/ackermann_msgs/environment/ament_prefix_path.dsv
[2.617s] -- Up-to-date symlink: /userdata/dev_ws/install/ackermann_msgs/share/ackermann_msgs/environment/path.sh
[2.619s] -- Up-to-date symlink: /userdata/dev_ws/install/ackermann_msgs/share/ackermann_msgs/environment/path.dsv
[2.620s] -- Up-to-date symlink: /userdata/dev_ws/install/ackermann_msgs/share/ackermann_msgs/local_setup.bash
[2.624s] -- Up-to-date symlink: /userdata/dev_ws/install/ackermann_msgs/share/ackermann_msgs/local_setup.sh
[2.624s] -- Up-to-date symlink: /userdata/dev_ws/install/ackermann_msgs/share/ackermann_msgs/local_setup.zsh
[2.628s] -- Up-to-date symlink: /userdata/dev_ws/install/ackermann_msgs/share/ackermann_msgs/local_setup.dsv
[2.630s] -- Symlinking: /userdata/dev_ws/install/ackermann_msgs/share/ackermann_msgs/package.dsv
[2.661s] -- Up-to-date symlink: /userdata/dev_ws/install/ackermann_msgs/share/ament_index/resource_index/packages/ackermann_msgs
[2.662s] -- Up-to-date symlink: /userdata/dev_ws/install/ackermann_msgs/share/ackermann_msgs/cmake/rosidl_cmake-extras.cmake
[2.664s] -- Up-to-date symlink: /userdata/dev_ws/install/ackermann_msgs/share/ackermann_msgs/cmake/ament_cmake_export_dependencies-extras.cmake
[2.664s] -- Up-to-date symlink: /userdata/dev_ws/install/ackermann_msgs/share/ackermann_msgs/cmake/ament_cmake_export_include_directories-extras.cmake
[2.665s] -- Up-to-date symlink: /userdata/dev_ws/install/ackermann_msgs/share/ackermann_msgs/cmake/ament_cmake_export_libraries-extras.cmake
[2.666s] -- Up-to-date symlink: /userdata/dev_ws/install/ackermann_msgs/share/ackermann_msgs/cmake/ament_cmake_export_targets-extras.cmake
[2.667s] -- Up-to-date symlink: /userdata/dev_ws/install/ackermann_msgs/share/ackermann_msgs/cmake/rosidl_cmake_export_typesupport_targets-extras.cmake
[2.668s] -- Up-to-date symlink: /userdata/dev_ws/install/ackermann_msgs/share/ackermann_msgs/cmake/rosidl_cmake_export_typesupport_libraries-extras.cmake
[2.669s] -- Up-to-date symlink: /userdata/dev_ws/install/ackermann_msgs/share/ackermann_msgs/cmake/ackermann_msgsConfig.cmake
[2.669s] -- Up-to-date symlink: /userdata/dev_ws/install/ackermann_msgs/share/ackermann_msgs/cmake/ackermann_msgsConfig-version.cmake
[2.671s] -- Up-to-date symlink: /userdata/dev_ws/install/ackermann_msgs/share/ackermann_msgs/package.xml
[2.673s] -- Up-to-date: /userdata/dev_ws/install/ackermann_msgs/lib/libackermann_msgs__rosidl_generator_c.so
[2.674s] -- Up-to-date: /userdata/dev_ws/install/ackermann_msgs/lib/libackermann_msgs__rosidl_typesupport_fastrtps_c.so
[2.676s] -- Up-to-date: /userdata/dev_ws/install/ackermann_msgs/lib/libackermann_msgs__rosidl_typesupport_introspection_c.so
[2.678s] -- Up-to-date: /userdata/dev_ws/install/ackermann_msgs/lib/libackermann_msgs__rosidl_typesupport_c.so
[2.679s] -- Up-to-date: /userdata/dev_ws/install/ackermann_msgs/lib/libackermann_msgs__rosidl_typesupport_fastrtps_cpp.so
[2.680s] -- Up-to-date: /userdata/dev_ws/install/ackermann_msgs/lib/libackermann_msgs__rosidl_typesupport_introspection_cpp.so
[2.681s] -- Up-to-date: /userdata/dev_ws/install/ackermann_msgs/lib/libackermann_msgs__rosidl_typesupport_cpp.so
[2.891s] Listing '/userdata/dev_ws/install/ackermann_msgs/local/lib/python3.10/dist-packages/ackermann_msgs'...
[2.892s] Listing '/userdata/dev_ws/install/ackermann_msgs/local/lib/python3.10/dist-packages/ackermann_msgs/msg'...
[2.937s] -- Up-to-date: /userdata/dev_ws/install/ackermann_msgs/lib/libackermann_msgs__rosidl_generator_py.so
[2.938s] -- Up-to-date: /userdata/dev_ws/install/ackermann_msgs/share/ackermann_msgs/cmake/export_ackermann_msgs__rosidl_generator_cExport.cmake
[2.938s] -- Up-to-date: /userdata/dev_ws/install/ackermann_msgs/share/ackermann_msgs/cmake/export_ackermann_msgs__rosidl_generator_cExport-noconfig.cmake
[2.939s] -- Up-to-date: /userdata/dev_ws/install/ackermann_msgs/share/ackermann_msgs/cmake/export_ackermann_msgs__rosidl_typesupport_fastrtps_cExport.cmake
[2.940s] -- Up-to-date: /userdata/dev_ws/install/ackermann_msgs/share/ackermann_msgs/cmake/export_ackermann_msgs__rosidl_typesupport_fastrtps_cExport-noconfig.cmake
[2.940s] -- Up-to-date: /userdata/dev_ws/install/ackermann_msgs/share/ackermann_msgs/cmake/ackermann_msgs__rosidl_typesupport_introspection_cExport.cmake
[2.941s] -- Up-to-date: /userdata/dev_ws/install/ackermann_msgs/share/ackermann_msgs/cmake/ackermann_msgs__rosidl_typesupport_introspection_cExport-noconfig.cmake
[2.942s] -- Up-to-date: /userdata/dev_ws/install/ackermann_msgs/share/ackermann_msgs/cmake/ackermann_msgs__rosidl_typesupport_cExport.cmake
[2.942s] -- Up-to-date: /userdata/dev_ws/install/ackermann_msgs/share/ackermann_msgs/cmake/ackermann_msgs__rosidl_typesupport_cExport-noconfig.cmake
[2.943s] -- Up-to-date: /userdata/dev_ws/install/ackermann_msgs/share/ackermann_msgs/cmake/export_ackermann_msgs__rosidl_generator_cppExport.cmake
[2.943s] -- Up-to-date: /userdata/dev_ws/install/ackermann_msgs/share/ackermann_msgs/cmake/export_ackermann_msgs__rosidl_typesupport_fastrtps_cppExport.cmake
[2.944s] -- Up-to-date: /userdata/dev_ws/install/ackermann_msgs/share/ackermann_msgs/cmake/export_ackermann_msgs__rosidl_typesupport_fastrtps_cppExport-noconfig.cmake
[2.944s] -- Up-to-date: /userdata/dev_ws/install/ackermann_msgs/share/ackermann_msgs/cmake/ackermann_msgs__rosidl_typesupport_introspection_cppExport.cmake
[2.945s] -- Up-to-date: /userdata/dev_ws/install/ackermann_msgs/share/ackermann_msgs/cmake/ackermann_msgs__rosidl_typesupport_introspection_cppExport-noconfig.cmake
[2.945s] -- Up-to-date: /userdata/dev_ws/install/ackermann_msgs/share/ackermann_msgs/cmake/ackermann_msgs__rosidl_typesupport_cppExport.cmake
[2.946s] -- Up-to-date: /userdata/dev_ws/install/ackermann_msgs/share/ackermann_msgs/cmake/ackermann_msgs__rosidl_typesupport_cppExport-noconfig.cmake
[2.946s] -- Up-to-date: /userdata/dev_ws/install/ackermann_msgs/share/ackermann_msgs/cmake/export_ackermann_msgs__rosidl_generator_pyExport.cmake
[2.947s] -- Up-to-date: /userdata/dev_ws/install/ackermann_msgs/share/ackermann_msgs/cmake/export_ackermann_msgs__rosidl_generator_pyExport-noconfig.cmake
[2.955s] Invoked command in '/userdata/dev_ws/build/ackermann_msgs' returned '0': CMAKE_PREFIX_PATH=${CMAKE_PREFIX_PATH}:/opt/tros/humble:/opt/ros/humble /usr/bin/cmake --install /userdata/dev_ws/build/ackermann_msgs
