[1.978s] Invoking command in '/userdata/dev_ws/build/utils': CMAKE_PREFIX_PATH=${CMAKE_PREFIX_PATH}:/opt/tros/humble:/opt/ros/humble /usr/bin/cmake --build /userdata/dev_ws/build/utils -- -j8 -l8
[2.257s] [100%] Built target image_transport_node
[2.527s] Invoked command in '/userdata/dev_ws/build/utils' returned '0': CMAKE_PREFIX_PATH=${CMAKE_PREFIX_PATH}:/opt/tros/humble:/opt/ros/humble /usr/bin/cmake --build /userdata/dev_ws/build/utils -- -j8 -l8
[2.532s] Invoking command in '/userdata/dev_ws/build/utils': CMAKE_PREFIX_PATH=${CMAKE_PREFIX_PATH}:/opt/tros/humble:/opt/ros/humble /usr/bin/cmake --install /userdata/dev_ws/build/utils
[2.565s] -- Install configuration: ""
[2.567s] -- Execute custom install script
[2.569s] -- Up-to-date symlink: /userdata/dev_ws/install/utils/lib/utils/image_transport_node
[2.570s] -- Up-to-date symlink: /userdata/dev_ws/install/utils/share/ament_index/resource_index/package_run_dependencies/utils
[2.570s] -- Up-to-date symlink: /userdata/dev_ws/install/utils/share/ament_index/resource_index/parent_prefix_path/utils
[2.571s] -- Up-to-date symlink: /userdata/dev_ws/install/utils/share/utils/environment/ament_prefix_path.sh
[2.572s] -- Up-to-date symlink: /userdata/dev_ws/install/utils/share/utils/environment/ament_prefix_path.dsv
[2.573s] -- Up-to-date symlink: /userdata/dev_ws/install/utils/share/utils/environment/path.sh
[2.574s] -- Up-to-date symlink: /userdata/dev_ws/install/utils/share/utils/environment/path.dsv
[2.575s] -- Up-to-date symlink: /userdata/dev_ws/install/utils/share/utils/local_setup.bash
[2.576s] -- Up-to-date symlink: /userdata/dev_ws/install/utils/share/utils/local_setup.sh
[2.577s] -- Up-to-date symlink: /userdata/dev_ws/install/utils/share/utils/local_setup.zsh
[2.578s] -- Up-to-date symlink: /userdata/dev_ws/install/utils/share/utils/local_setup.dsv
[2.578s] -- Symlinking: /userdata/dev_ws/install/utils/share/utils/package.dsv
[2.651s] -- Up-to-date symlink: /userdata/dev_ws/install/utils/share/ament_index/resource_index/packages/utils
[2.661s] -- Up-to-date symlink: /userdata/dev_ws/install/utils/share/utils/cmake/utilsConfig.cmake
[2.664s] -- Up-to-date symlink: /userdata/dev_ws/install/utils/share/utils/cmake/utilsConfig-version.cmake
[2.669s] -- Up-to-date symlink: /userdata/dev_ws/install/utils/share/utils/package.xml
[2.713s] Invoked command in '/userdata/dev_ws/build/utils' returned '0': CMAKE_PREFIX_PATH=${CMAKE_PREFIX_PATH}:/opt/tros/humble:/opt/ros/humble /usr/bin/cmake --install /userdata/dev_ws/build/utils
