[0.069s] Invoking command in '/userdata/dev_ws/build/origincar_base': CMAKE_PREFIX_PATH=/userdata/dev_ws/install/serial:/userdata/dev_ws/install/origincar_msg:/userdata/dev_ws/install/origincar_description:/userdata/dev_ws/install/ackermann_msgs:/userdata/dev_ws/install/utils:/userdata/dev_ws/install/origincar_base:/userdata/dev_ws/install/origincar_bringup:/opt/tros/humble:/opt/ros/humble LD_LIBRARY_PATH=/userdata/dev_ws/install/origincar_msg/lib:/userdata/dev_ws/install/ackermann_msgs/lib:/userdata/dev_ws/install/origincar_base/lib:/userdata/dev_ws/install/serial/lib:/opt/tros/humble/lib/aarch64-linux-gnu:/opt/tros/humble/lib:/opt/ros/humble/lib/aarch64-linux-gnu:/opt/ros/humble/lib:/usr/hobot/lib:/app/lib:/app/pub/lib:/middleware/lib:/middleware/pub/lib:/usr/hobot/lib/sensor:/system/lib:/system/usr/lib:/lib /usr/bin/cmake /userdata/dev_ws/src/origincar/origincar_base -DCMAKE_INSTALL_PREFIX=/userdata/dev_ws/install/origincar_base
[0.126s] -- Found ament_cmake: 1.3.11 (/opt/ros/humble/share/ament_cmake/cmake)
[0.940s] -- Override CMake install command with custom implementation using symlinks instead of copying resources
[0.973s] -- Found geometry_msgs: 4.8.0 (/opt/ros/humble/share/geometry_msgs/cmake)
[1.087s] -- Found rosidl_generator_c: 3.1.6 (/opt/ros/humble/share/rosidl_generator_c/cmake)
[1.102s] -- Found rosidl_adapter: 3.1.6 (/opt/ros/humble/share/rosidl_adapter/cmake)
[1.134s] -- Found rosidl_generator_cpp: 3.1.6 (/opt/ros/humble/share/rosidl_generator_cpp/cmake)
[1.191s] -- Using all available rosidl_typesupport_c: rosidl_typesupport_fastrtps_c;rosidl_typesupport_introspection_c
[1.263s] -- Using all available rosidl_typesupport_cpp: rosidl_typesupport_fastrtps_cpp;rosidl_typesupport_introspection_cpp
[1.475s] -- Found tf2_geometry_msgs: 0.25.12 (/opt/ros/humble/share/tf2_geometry_msgs/cmake)
[1.500s] -- Found eigen3_cmake_module: 0.1.1 (/opt/ros/humble/share/eigen3_cmake_module/cmake)
[1.506s] -- Ensuring Eigen3 include directory is part of orocos-kdl CMake target
[1.830s] -- Found rmw_implementation_cmake: 6.1.2 (/opt/ros/humble/share/rmw_implementation_cmake/cmake)
[1.837s] -- Found rmw_fastrtps_cpp: 6.2.7 (/opt/ros/humble/share/rmw_fastrtps_cpp/cmake)
[2.300s] -- Using RMW implementation 'rmw_fastrtps_cpp' as default
[2.955s] -- Found nav2_msgs: 1.1.18 (/opt/ros/humble/share/nav2_msgs/cmake)
[3.240s] -- Found rclpy: 3.3.16 (/opt/ros/humble/share/rclpy/cmake)
[3.241s] -- Found sensor_msgs: 4.8.0 (/opt/ros/humble/share/sensor_msgs/cmake)
[3.346s] -- Found std_srvs: 4.8.0 (/opt/ros/humble/share/std_srvs/cmake)
[3.405s] -- Found ackermann_msgs: 2.0.2 (/userdata/dev_ws/install/ackermann_msgs/share/ackermann_msgs/cmake)
[3.480s] -- Found origincar_msg: 0.0.0 (/userdata/dev_ws/install/origincar_msg/share/origincar_msg/cmake)
[3.554s] -- Found serial: 1.2.1 (/userdata/dev_ws/install/serial/share/serial/cmake)
[3.564s] -- Found rosidl_default_generators: 1.2.0 (/opt/ros/humble/share/rosidl_default_generators/cmake)
[3.605s] -- Found origincar_description: 0.0.0 (/userdata/dev_ws/install/origincar_description/share/origincar_description/cmake)
[3.607s] -- Found robot_localization: 3.5.3 (/opt/ros/humble/share/robot_localization/cmake)
[5.457s] -- Found ament_cmake_ros: 0.10.0 (/opt/ros/humble/share/ament_cmake_ros/cmake)
[7.299s] -- Using all available rosidl_typesupport_c: rosidl_typesupport_fastrtps_c;rosidl_typesupport_introspection_c
[8.018s] -- Using all available rosidl_typesupport_cpp: rosidl_typesupport_fastrtps_cpp;rosidl_typesupport_introspection_cpp
[8.157s] -- Found python_cmake_module: 0.10.0 (/opt/ros/humble/share/python_cmake_module/cmake)
[8.297s] -- Using PYTHON_EXECUTABLE: /usr/bin/python3
[8.297s] -- Using PYTHON_INCLUDE_DIRS: /usr/include/python3.10
[8.298s] -- Using PYTHON_LIBRARIES: /usr/lib/aarch64-linux-gnu/libpython3.10.so
[8.383s] -- Found ament_lint_auto: 0.12.12 (/opt/ros/humble/share/ament_lint_auto/cmake)
[8.554s] -- Added test 'copyright' to check source files copyright and LICENSE
[8.564s] -- Added test 'cppcheck' to perform static code analysis on C / C++ code
[8.571s] -- Configured cppcheck include dirs: /userdata/dev_ws/src/origincar/origincar_base/include
[8.571s] -- Configured cppcheck exclude dirs and/or files: 
[8.577s] -- Added test 'cpplint' to check C / C++ code against the Google style
[8.578s] -- Configured cpplint exclude dirs and/or files: 
[8.579s] -- Added test 'flake8' to check Python code syntax and style conventions
[8.582s] -- Added test 'lint_cmake' to check CMake code style
[8.584s] -- Added test 'pep257' to check Python code against some of the docstring style conventions in PEP 257
[8.590s] -- Added test 'uncrustify' to check C / C++ code style
[8.591s] -- Configured uncrustify additional arguments: 
[8.592s] -- Added test 'xmllint' to check XML markup files
[8.612s] -- Configuring done
[8.941s] -- Generating done
[9.025s] -- Build files have been written to: /userdata/dev_ws/build/origincar_base
[9.113s] Invoked command in '/userdata/dev_ws/build/origincar_base' returned '0': CMAKE_PREFIX_PATH=/userdata/dev_ws/install/serial:/userdata/dev_ws/install/origincar_msg:/userdata/dev_ws/install/origincar_description:/userdata/dev_ws/install/ackermann_msgs:/userdata/dev_ws/install/utils:/userdata/dev_ws/install/origincar_base:/userdata/dev_ws/install/origincar_bringup:/opt/tros/humble:/opt/ros/humble LD_LIBRARY_PATH=/userdata/dev_ws/install/origincar_msg/lib:/userdata/dev_ws/install/ackermann_msgs/lib:/userdata/dev_ws/install/origincar_base/lib:/userdata/dev_ws/install/serial/lib:/opt/tros/humble/lib/aarch64-linux-gnu:/opt/tros/humble/lib:/opt/ros/humble/lib/aarch64-linux-gnu:/opt/ros/humble/lib:/usr/hobot/lib:/app/lib:/app/pub/lib:/middleware/lib:/middleware/pub/lib:/usr/hobot/lib/sensor:/system/lib:/system/usr/lib:/lib /usr/bin/cmake /userdata/dev_ws/src/origincar/origincar_base -DCMAKE_INSTALL_PREFIX=/userdata/dev_ws/install/origincar_base
[9.119s] Invoking command in '/userdata/dev_ws/build/origincar_base': CMAKE_PREFIX_PATH=/userdata/dev_ws/install/serial:/userdata/dev_ws/install/origincar_msg:/userdata/dev_ws/install/origincar_description:/userdata/dev_ws/install/ackermann_msgs:/userdata/dev_ws/install/utils:/userdata/dev_ws/install/origincar_base:/userdata/dev_ws/install/origincar_bringup:/opt/tros/humble:/opt/ros/humble LD_LIBRARY_PATH=/userdata/dev_ws/install/origincar_msg/lib:/userdata/dev_ws/install/ackermann_msgs/lib:/userdata/dev_ws/install/origincar_base/lib:/userdata/dev_ws/install/serial/lib:/opt/tros/humble/lib/aarch64-linux-gnu:/opt/tros/humble/lib:/opt/ros/humble/lib/aarch64-linux-gnu:/opt/ros/humble/lib:/usr/hobot/lib:/app/lib:/app/pub/lib:/middleware/lib:/middleware/pub/lib:/usr/hobot/lib/sensor:/system/lib:/system/usr/lib:/lib /usr/bin/cmake --build /userdata/dev_ws/build/origincar_base -- -j8 -l8
[9.303s] [35m[1mConsolidate compiler generated dependencies of target origincar_base__rosidl_generator_c[0m
[9.313s] [35m[1mConsolidate compiler generated dependencies of target origincar_base_node[0m
[9.344s] [  2%] [34m[1mGenerating C++ code for ROS interfaces[0m
[9.352s] [  5%] [32mBuilding C object CMakeFiles/origincar_base__rosidl_generator_c.dir/rosidl_generator_c/origincar_base/msg/detail/position__functions.c.o[0m
[9.381s] [  5%] Built target ament_cmake_python_symlink_origincar_base
[9.422s] [  8%] [32mBuilding CXX object CMakeFiles/origincar_base_node.dir/src/origincar_base.cpp.o[0m
[9.425s] [ 11%] [32mBuilding CXX object CMakeFiles/origincar_base_node.dir/src/Quaternion_Solution.cpp.o[0m
[9.615s] [ 14%] [32m[1mLinking C shared library liborigincar_base__rosidl_generator_c.so[0m
[9.824s] [ 17%] Built target origincar_base__rosidl_generator_c
[9.879s] [35m[1mConsolidate compiler generated dependencies of target origincar_base__rosidl_typesupport_introspection_c[0m
[9.880s] [35m[1mConsolidate compiler generated dependencies of target origincar_base__rosidl_typesupport_fastrtps_c[0m
[9.882s] [35m[1mConsolidate compiler generated dependencies of target origincar_base__rosidl_typesupport_c[0m
[9.935s] [ 20%] [32mBuilding C object CMakeFiles/origincar_base__rosidl_typesupport_introspection_c.dir/rosidl_typesupport_introspection_c/origincar_base/msg/detail/position__type_support.c.o[0m
[9.949s] [ 23%] [32mBuilding CXX object CMakeFiles/origincar_base__rosidl_typesupport_c.dir/rosidl_typesupport_c/origincar_base/msg/position__type_support.cpp.o[0m
[9.961s] [ 26%] [32mBuilding CXX object CMakeFiles/origincar_base__rosidl_typesupport_fastrtps_c.dir/rosidl_typesupport_fastrtps_c/origincar_base/msg/detail/position__type_support_c.cpp.o[0m
[10.128s] [ 29%] [32m[1mLinking CXX shared library liborigincar_base__rosidl_typesupport_c.so[0m
[10.138s] [ 32%] [32m[1mLinking C shared library liborigincar_base__rosidl_typesupport_introspection_c.so[0m
[10.301s] [ 35%] Built target origincar_base__rosidl_typesupport_introspection_c
[10.328s] [ 38%] Built target origincar_base__rosidl_typesupport_c
[11.136s] running egg_info
[11.141s] writing origincar_base.egg-info/PKG-INFO
[11.142s] writing dependency_links to origincar_base.egg-info/dependency_links.txt
[11.144s] writing top-level names to origincar_base.egg-info/top_level.txt
[11.157s] [ 38%] Built target origincar_base__cpp
[11.159s] reading manifest file 'origincar_base.egg-info/SOURCES.txt'
[11.164s] writing manifest file 'origincar_base.egg-info/SOURCES.txt'
[11.208s] [35m[1mConsolidate compiler generated dependencies of target origincar_base__rosidl_typesupport_fastrtps_cpp[0m
[11.209s] [35m[1mConsolidate compiler generated dependencies of target origincar_base__rosidl_typesupport_cpp[0m
[11.213s] [35m[1mConsolidate compiler generated dependencies of target origincar_base__rosidl_typesupport_introspection_cpp[0m
[11.269s] [ 44%] [32mBuilding CXX object CMakeFiles/origincar_base__rosidl_typesupport_cpp.dir/rosidl_typesupport_cpp/origincar_base/msg/position__type_support.cpp.o[0m
[11.270s] [ 44%] [32mBuilding CXX object CMakeFiles/origincar_base__rosidl_typesupport_fastrtps_cpp.dir/rosidl_typesupport_fastrtps_cpp/origincar_base/msg/detail/dds_fastrtps/position__type_support.cpp.o[0m
[11.283s] [ 47%] [32mBuilding CXX object CMakeFiles/origincar_base__rosidl_typesupport_introspection_cpp.dir/rosidl_typesupport_introspection_cpp/origincar_base/msg/detail/position__type_support.cpp.o[0m
[11.404s] [ 47%] Built target ament_cmake_python_build_origincar_base_egg
[12.319s] [ 50%] [32m[1mLinking CXX shared library liborigincar_base__rosidl_typesupport_fastrtps_c.so[0m
[12.842s] [ 52%] Built target origincar_base__rosidl_typesupport_fastrtps_c
[13.067s] [ 55%] [32m[1mLinking CXX shared library liborigincar_base__rosidl_typesupport_cpp.so[0m
[13.260s] [ 58%] Built target origincar_base__rosidl_typesupport_cpp
[13.775s] [ 61%] [32m[1mLinking CXX shared library liborigincar_base__rosidl_typesupport_introspection_cpp.so[0m
[13.936s] [ 64%] [32m[1mLinking CXX shared library liborigincar_base__rosidl_typesupport_fastrtps_cpp.so[0m
[13.958s] [ 67%] Built target origincar_base__rosidl_typesupport_introspection_cpp
[14.421s] [ 70%] Built target origincar_base__rosidl_typesupport_fastrtps_cpp
[14.511s] [ 70%] Built target origincar_base
[14.602s] [ 73%] Built target origincar_base__py
[14.650s] [35m[1mConsolidate compiler generated dependencies of target origincar_base__rosidl_generator_py[0m
[14.710s] [ 76%] [32mBuilding C object CMakeFiles/origincar_base__rosidl_generator_py.dir/rosidl_generator_py/origincar_base/msg/_position_s.c.o[0m
[15.344s] [ 79%] [32m[1mLinking C shared library rosidl_generator_py/origincar_base/liborigincar_base__rosidl_generator_py.so[0m
[15.585s] [ 79%] Built target origincar_base__rosidl_generator_py
[15.631s] [35m[1mConsolidate compiler generated dependencies of target origincar_base__rosidl_typesupport_introspection_c__pyext[0m
[15.633s] [35m[1mConsolidate compiler generated dependencies of target origincar_base__rosidl_typesupport_fastrtps_c__pyext[0m
[15.634s] [35m[1mConsolidate compiler generated dependencies of target origincar_base__rosidl_typesupport_c__pyext[0m
[15.692s] [ 85%] [32mBuilding C object CMakeFiles/origincar_base__rosidl_typesupport_introspection_c__pyext.dir/rosidl_generator_py/origincar_base/_origincar_base_s.ep.rosidl_typesupport_introspection_c.c.o[0m
[15.692s] [ 85%] [32mBuilding C object CMakeFiles/origincar_base__rosidl_typesupport_fastrtps_c__pyext.dir/rosidl_generator_py/origincar_base/_origincar_base_s.ep.rosidl_typesupport_fastrtps_c.c.o[0m
[15.701s] [ 88%] [32mBuilding C object CMakeFiles/origincar_base__rosidl_typesupport_c__pyext.dir/rosidl_generator_py/origincar_base/_origincar_base_s.ep.rosidl_typesupport_c.c.o[0m
[16.254s] [ 91%] [32m[1mLinking C shared library rosidl_generator_py/origincar_base/origincar_base_s__rosidl_typesupport_introspection_c.cpython-310-aarch64-linux-gnu.so[0m
[16.260s] [ 94%] [32m[1mLinking C shared library rosidl_generator_py/origincar_base/origincar_base_s__rosidl_typesupport_fastrtps_c.cpython-310-aarch64-linux-gnu.so[0m
[16.263s] [ 97%] [32m[1mLinking C shared library rosidl_generator_py/origincar_base/origincar_base_s__rosidl_typesupport_c.cpython-310-aarch64-linux-gnu.so[0m
[16.448s] [ 97%] Built target origincar_base__rosidl_typesupport_introspection_c__pyext
[16.459s] [ 97%] Built target origincar_base__rosidl_typesupport_c__pyext
[16.459s] [ 97%] Built target origincar_base__rosidl_typesupport_fastrtps_c__pyext
[85.176s] [100%] [32m[1mLinking CXX executable origincar_base_node[0m
[91.399s] [100%] Built target origincar_base_node
[91.460s] Invoked command in '/userdata/dev_ws/build/origincar_base' returned '0': CMAKE_PREFIX_PATH=/userdata/dev_ws/install/serial:/userdata/dev_ws/install/origincar_msg:/userdata/dev_ws/install/origincar_description:/userdata/dev_ws/install/ackermann_msgs:/userdata/dev_ws/install/utils:/userdata/dev_ws/install/origincar_base:/userdata/dev_ws/install/origincar_bringup:/opt/tros/humble:/opt/ros/humble LD_LIBRARY_PATH=/userdata/dev_ws/install/origincar_msg/lib:/userdata/dev_ws/install/ackermann_msgs/lib:/userdata/dev_ws/install/origincar_base/lib:/userdata/dev_ws/install/serial/lib:/opt/tros/humble/lib/aarch64-linux-gnu:/opt/tros/humble/lib:/opt/ros/humble/lib/aarch64-linux-gnu:/opt/ros/humble/lib:/usr/hobot/lib:/app/lib:/app/pub/lib:/middleware/lib:/middleware/pub/lib:/usr/hobot/lib/sensor:/system/lib:/system/usr/lib:/lib /usr/bin/cmake --build /userdata/dev_ws/build/origincar_base -- -j8 -l8
[91.467s] Invoking command in '/userdata/dev_ws/build/origincar_base': CMAKE_PREFIX_PATH=/userdata/dev_ws/install/serial:/userdata/dev_ws/install/origincar_msg:/userdata/dev_ws/install/origincar_description:/userdata/dev_ws/install/ackermann_msgs:/userdata/dev_ws/install/utils:/userdata/dev_ws/install/origincar_base:/userdata/dev_ws/install/origincar_bringup:/opt/tros/humble:/opt/ros/humble LD_LIBRARY_PATH=/userdata/dev_ws/install/origincar_msg/lib:/userdata/dev_ws/install/ackermann_msgs/lib:/userdata/dev_ws/install/origincar_base/lib:/userdata/dev_ws/install/serial/lib:/opt/tros/humble/lib/aarch64-linux-gnu:/opt/tros/humble/lib:/opt/ros/humble/lib/aarch64-linux-gnu:/opt/ros/humble/lib:/usr/hobot/lib:/app/lib:/app/pub/lib:/middleware/lib:/middleware/pub/lib:/usr/hobot/lib/sensor:/system/lib:/system/usr/lib:/lib /usr/bin/cmake --install /userdata/dev_ws/build/origincar_base
[91.504s] -- Install configuration: ""
[91.506s] -- Execute custom install script
[91.508s] -- Up-to-date symlink: /userdata/dev_ws/install/origincar_base/share/ament_index/resource_index/rosidl_interfaces/origincar_base
[91.512s] -- Up-to-date symlink: /userdata/dev_ws/install/origincar_base/include/origincar_base/origincar_base/msg/detail/position__functions.h
[91.513s] -- Up-to-date symlink: /userdata/dev_ws/install/origincar_base/include/origincar_base/origincar_base/msg/detail/position__struct.h
[91.514s] -- Up-to-date symlink: /userdata/dev_ws/install/origincar_base/include/origincar_base/origincar_base/msg/detail/position__type_support.h
[91.515s] -- Up-to-date symlink: /userdata/dev_ws/install/origincar_base/include/origincar_base/origincar_base/msg/position.h
[91.516s] -- Up-to-date symlink: /userdata/dev_ws/install/origincar_base/include/origincar_base/origincar_base/msg/rosidl_generator_c__visibility_control.h
[91.519s] -- Up-to-date symlink: /userdata/dev_ws/install/origincar_base/share/origincar_base/environment/library_path.sh
[91.519s] -- Up-to-date symlink: /userdata/dev_ws/install/origincar_base/share/origincar_base/environment/library_path.dsv
[91.522s] -- Up-to-date symlink: /userdata/dev_ws/install/origincar_base/include/origincar_base/origincar_base/msg/detail/position__rosidl_typesupport_fastrtps_c.h
[91.522s] -- Up-to-date symlink: /userdata/dev_ws/install/origincar_base/include/origincar_base/origincar_base/msg/rosidl_typesupport_fastrtps_c__visibility_control.h
[91.525s] -- Up-to-date symlink: /userdata/dev_ws/install/origincar_base/include/origincar_base/origincar_base/msg/detail/position__builder.hpp
[91.525s] -- Up-to-date symlink: /userdata/dev_ws/install/origincar_base/include/origincar_base/origincar_base/msg/detail/position__struct.hpp
[91.526s] -- Up-to-date symlink: /userdata/dev_ws/install/origincar_base/include/origincar_base/origincar_base/msg/detail/position__traits.hpp
[91.527s] -- Symlinking: /userdata/dev_ws/install/origincar_base/include/origincar_base/origincar_base/msg/detail/position__type_support.hpp
[91.566s] -- Up-to-date symlink: /userdata/dev_ws/install/origincar_base/include/origincar_base/origincar_base/msg/position.hpp
[91.566s] -- Symlinking: /userdata/dev_ws/install/origincar_base/include/origincar_base/origincar_base/msg/rosidl_generator_cpp__visibility_control.hpp
[91.602s] -- Up-to-date symlink: /userdata/dev_ws/install/origincar_base/include/origincar_base/origincar_base/msg/detail/position__rosidl_typesupport_fastrtps_cpp.hpp
[91.603s] -- Up-to-date symlink: /userdata/dev_ws/install/origincar_base/include/origincar_base/origincar_base/msg/rosidl_typesupport_fastrtps_cpp__visibility_control.h
[91.604s] -- Up-to-date symlink: /userdata/dev_ws/install/origincar_base/include/origincar_base/origincar_base/msg/detail/position__rosidl_typesupport_introspection_c.h
[91.605s] -- Up-to-date symlink: /userdata/dev_ws/install/origincar_base/include/origincar_base/origincar_base/msg/rosidl_typesupport_introspection_c__visibility_control.h
[91.607s] -- Up-to-date symlink: /userdata/dev_ws/install/origincar_base/include/origincar_base/origincar_base/msg/detail/position__rosidl_typesupport_introspection_cpp.hpp
[91.608s] -- Up-to-date symlink: /userdata/dev_ws/install/origincar_base/share/origincar_base/environment/pythonpath.sh
[91.609s] -- Up-to-date symlink: /userdata/dev_ws/install/origincar_base/share/origincar_base/environment/pythonpath.dsv
[91.611s] -- Up-to-date symlink: /userdata/dev_ws/install/origincar_base/local/lib/python3.10/dist-packages/origincar_base-0.0.0-py3.10.egg-info/PKG-INFO
[91.612s] -- Up-to-date symlink: /userdata/dev_ws/install/origincar_base/local/lib/python3.10/dist-packages/origincar_base-0.0.0-py3.10.egg-info/SOURCES.txt
[91.613s] -- Up-to-date symlink: /userdata/dev_ws/install/origincar_base/local/lib/python3.10/dist-packages/origincar_base-0.0.0-py3.10.egg-info/dependency_links.txt
[91.614s] -- Up-to-date symlink: /userdata/dev_ws/install/origincar_base/local/lib/python3.10/dist-packages/origincar_base-0.0.0-py3.10.egg-info/top_level.txt
[91.618s] -- Up-to-date symlink: /userdata/dev_ws/install/origincar_base/local/lib/python3.10/dist-packages/origincar_base/__init__.py
[91.619s] -- Up-to-date symlink: /userdata/dev_ws/install/origincar_base/local/lib/python3.10/dist-packages/origincar_base/_origincar_base_s.ep.rosidl_typesupport_c.c
[91.620s] -- Up-to-date symlink: /userdata/dev_ws/install/origincar_base/local/lib/python3.10/dist-packages/origincar_base/_origincar_base_s.ep.rosidl_typesupport_fastrtps_c.c
[91.621s] -- Up-to-date symlink: /userdata/dev_ws/install/origincar_base/local/lib/python3.10/dist-packages/origincar_base/_origincar_base_s.ep.rosidl_typesupport_introspection_c.c
[91.622s] -- Up-to-date symlink: /userdata/dev_ws/install/origincar_base/local/lib/python3.10/dist-packages/origincar_base/liborigincar_base__rosidl_generator_py.so
[91.623s] -- Up-to-date symlink: /userdata/dev_ws/install/origincar_base/local/lib/python3.10/dist-packages/origincar_base/msg/__init__.py
[91.624s] -- Up-to-date symlink: /userdata/dev_ws/install/origincar_base/local/lib/python3.10/dist-packages/origincar_base/msg/_position.py
[91.625s] -- Up-to-date symlink: /userdata/dev_ws/install/origincar_base/local/lib/python3.10/dist-packages/origincar_base/msg/_position_s.c
[91.626s] -- Up-to-date symlink: /userdata/dev_ws/install/origincar_base/local/lib/python3.10/dist-packages/origincar_base/origincar_base_s__rosidl_typesupport_c.cpython-310-aarch64-linux-gnu.so
[91.627s] -- Up-to-date symlink: /userdata/dev_ws/install/origincar_base/local/lib/python3.10/dist-packages/origincar_base/origincar_base_s__rosidl_typesupport_fastrtps_c.cpython-310-aarch64-linux-gnu.so
[91.629s] -- Up-to-date symlink: /userdata/dev_ws/install/origincar_base/local/lib/python3.10/dist-packages/origincar_base/origincar_base_s__rosidl_typesupport_introspection_c.cpython-310-aarch64-linux-gnu.so
[91.630s] -- Up-to-date symlink: /userdata/dev_ws/install/origincar_base/local/lib/python3.10/dist-packages/origincar_base/origincar_base_s__rosidl_typesupport_fastrtps_c.cpython-310-aarch64-linux-gnu.so
[91.631s] -- Up-to-date symlink: /userdata/dev_ws/install/origincar_base/local/lib/python3.10/dist-packages/origincar_base/origincar_base_s__rosidl_typesupport_introspection_c.cpython-310-aarch64-linux-gnu.so
[91.633s] -- Up-to-date symlink: /userdata/dev_ws/install/origincar_base/local/lib/python3.10/dist-packages/origincar_base/origincar_base_s__rosidl_typesupport_c.cpython-310-aarch64-linux-gnu.so
[91.637s] -- Up-to-date symlink: /userdata/dev_ws/install/origincar_base/share/origincar_base/msg/Position.idl
[91.638s] -- Up-to-date symlink: /userdata/dev_ws/install/origincar_base/share/origincar_base/msg/Position.msg
[91.639s] -- Up-to-date symlink: /userdata/dev_ws/install/origincar_base/lib/origincar_base/cmd_vel_to_ackermann_drive.py
[91.640s] -- Up-to-date symlink: /userdata/dev_ws/install/origincar_base/lib/origincar_base/origincar_base_node
[91.642s] -- Up-to-date symlink: /userdata/dev_ws/install/origincar_base/share/origincar_base/launch/__pycache__/testtwo.launch.cpython-38.pyc
[91.643s] -- Up-to-date symlink: /userdata/dev_ws/install/origincar_base/share/origincar_base/launch/base_serial.launch.py
[91.644s] -- Up-to-date symlink: /userdata/dev_ws/install/origincar_base/share/origincar_base/launch/ekf.launch.py
[91.645s] -- Up-to-date symlink: /userdata/dev_ws/install/origincar_base/share/origincar_base/launch/origincar_bringup.launch.py
[91.646s] -- Up-to-date symlink: /userdata/dev_ws/install/origincar_base/share/origincar_base/launch/robot_mode_description.launch.py
[91.648s] -- Up-to-date symlink: /userdata/dev_ws/install/origincar_base/share/origincar_base/config/ekf.yaml
[91.649s] -- Up-to-date symlink: /userdata/dev_ws/install/origincar_base/share/origincar_base/config/imu.yaml
[91.650s] -- Up-to-date symlink: /userdata/dev_ws/install/origincar_base/share/ament_index/resource_index/package_run_dependencies/origincar_base
[91.652s] -- Up-to-date symlink: /userdata/dev_ws/install/origincar_base/share/ament_index/resource_index/parent_prefix_path/origincar_base
[91.653s] -- Up-to-date symlink: /userdata/dev_ws/install/origincar_base/share/origincar_base/environment/ament_prefix_path.sh
[91.654s] -- Up-to-date symlink: /userdata/dev_ws/install/origincar_base/share/origincar_base/environment/ament_prefix_path.dsv
[91.655s] -- Up-to-date symlink: /userdata/dev_ws/install/origincar_base/share/origincar_base/environment/path.sh
[91.656s] -- Up-to-date symlink: /userdata/dev_ws/install/origincar_base/share/origincar_base/environment/path.dsv
[91.658s] -- Up-to-date symlink: /userdata/dev_ws/install/origincar_base/share/origincar_base/local_setup.bash
[91.659s] -- Up-to-date symlink: /userdata/dev_ws/install/origincar_base/share/origincar_base/local_setup.sh
[91.660s] -- Up-to-date symlink: /userdata/dev_ws/install/origincar_base/share/origincar_base/local_setup.zsh
[91.661s] -- Up-to-date symlink: /userdata/dev_ws/install/origincar_base/share/origincar_base/local_setup.dsv
[91.662s] -- Symlinking: /userdata/dev_ws/install/origincar_base/share/origincar_base/package.dsv
[91.702s] -- Up-to-date symlink: /userdata/dev_ws/install/origincar_base/share/ament_index/resource_index/packages/origincar_base
[91.703s] -- Up-to-date symlink: /userdata/dev_ws/install/origincar_base/share/origincar_base/cmake/rosidl_cmake-extras.cmake
[91.704s] -- Up-to-date symlink: /userdata/dev_ws/install/origincar_base/share/origincar_base/cmake/ament_cmake_export_include_directories-extras.cmake
[91.705s] -- Up-to-date symlink: /userdata/dev_ws/install/origincar_base/share/origincar_base/cmake/ament_cmake_export_libraries-extras.cmake
[91.706s] -- Up-to-date symlink: /userdata/dev_ws/install/origincar_base/share/origincar_base/cmake/ament_cmake_export_targets-extras.cmake
[91.707s] -- Up-to-date symlink: /userdata/dev_ws/install/origincar_base/share/origincar_base/cmake/rosidl_cmake_export_typesupport_targets-extras.cmake
[91.709s] -- Up-to-date symlink: /userdata/dev_ws/install/origincar_base/share/origincar_base/cmake/ament_cmake_export_dependencies-extras.cmake
[91.710s] -- Up-to-date symlink: /userdata/dev_ws/install/origincar_base/share/origincar_base/cmake/rosidl_cmake_export_typesupport_libraries-extras.cmake
[91.711s] -- Up-to-date symlink: /userdata/dev_ws/install/origincar_base/share/origincar_base/cmake/origincar_baseConfig.cmake
[91.712s] -- Up-to-date symlink: /userdata/dev_ws/install/origincar_base/share/origincar_base/cmake/origincar_baseConfig-version.cmake
[91.713s] -- Up-to-date symlink: /userdata/dev_ws/install/origincar_base/share/origincar_base/package.xml
[91.715s] -- Installing: /userdata/dev_ws/install/origincar_base/lib/liborigincar_base__rosidl_generator_c.so
[91.717s] -- Set runtime path of "/userdata/dev_ws/install/origincar_base/lib/liborigincar_base__rosidl_generator_c.so" to ""
[91.718s] -- Installing: /userdata/dev_ws/install/origincar_base/lib/liborigincar_base__rosidl_typesupport_fastrtps_c.so
[91.720s] -- Set runtime path of "/userdata/dev_ws/install/origincar_base/lib/liborigincar_base__rosidl_typesupport_fastrtps_c.so" to ""
[91.721s] -- Installing: /userdata/dev_ws/install/origincar_base/lib/liborigincar_base__rosidl_typesupport_fastrtps_cpp.so
[91.723s] -- Set runtime path of "/userdata/dev_ws/install/origincar_base/lib/liborigincar_base__rosidl_typesupport_fastrtps_cpp.so" to ""
[91.724s] -- Installing: /userdata/dev_ws/install/origincar_base/lib/liborigincar_base__rosidl_typesupport_introspection_c.so
[91.725s] -- Set runtime path of "/userdata/dev_ws/install/origincar_base/lib/liborigincar_base__rosidl_typesupport_introspection_c.so" to ""
[91.727s] -- Installing: /userdata/dev_ws/install/origincar_base/lib/liborigincar_base__rosidl_typesupport_c.so
[91.728s] -- Set runtime path of "/userdata/dev_ws/install/origincar_base/lib/liborigincar_base__rosidl_typesupport_c.so" to ""
[91.729s] -- Installing: /userdata/dev_ws/install/origincar_base/lib/liborigincar_base__rosidl_typesupport_introspection_cpp.so
[91.731s] -- Set runtime path of "/userdata/dev_ws/install/origincar_base/lib/liborigincar_base__rosidl_typesupport_introspection_cpp.so" to ""
[91.732s] -- Installing: /userdata/dev_ws/install/origincar_base/lib/liborigincar_base__rosidl_typesupport_cpp.so
[91.734s] -- Set runtime path of "/userdata/dev_ws/install/origincar_base/lib/liborigincar_base__rosidl_typesupport_cpp.so" to ""
[91.915s] Listing '/userdata/dev_ws/install/origincar_base/local/lib/python3.10/dist-packages/origincar_base'...
[91.916s] Compiling '/userdata/dev_ws/install/origincar_base/local/lib/python3.10/dist-packages/origincar_base/__init__.py'...
[91.916s] Listing '/userdata/dev_ws/install/origincar_base/local/lib/python3.10/dist-packages/origincar_base/msg'...
[91.954s] -- Installing: /userdata/dev_ws/install/origincar_base/lib/liborigincar_base__rosidl_generator_py.so
[91.956s] -- Set runtime path of "/userdata/dev_ws/install/origincar_base/lib/liborigincar_base__rosidl_generator_py.so" to ""
[91.957s] -- Up-to-date: /userdata/dev_ws/install/origincar_base/share/origincar_base/cmake/export_origincar_base__rosidl_generator_cExport.cmake
[91.957s] -- Up-to-date: /userdata/dev_ws/install/origincar_base/share/origincar_base/cmake/export_origincar_base__rosidl_generator_cExport-noconfig.cmake
[91.958s] -- Up-to-date: /userdata/dev_ws/install/origincar_base/share/origincar_base/cmake/export_origincar_base__rosidl_typesupport_fastrtps_cExport.cmake
[91.959s] -- Up-to-date: /userdata/dev_ws/install/origincar_base/share/origincar_base/cmake/export_origincar_base__rosidl_typesupport_fastrtps_cExport-noconfig.cmake
[91.959s] -- Up-to-date: /userdata/dev_ws/install/origincar_base/share/origincar_base/cmake/export_origincar_base__rosidl_generator_cppExport.cmake
[91.960s] -- Up-to-date: /userdata/dev_ws/install/origincar_base/share/origincar_base/cmake/export_origincar_base__rosidl_typesupport_fastrtps_cppExport.cmake
[91.961s] -- Up-to-date: /userdata/dev_ws/install/origincar_base/share/origincar_base/cmake/export_origincar_base__rosidl_typesupport_fastrtps_cppExport-noconfig.cmake
[91.961s] -- Up-to-date: /userdata/dev_ws/install/origincar_base/share/origincar_base/cmake/origincar_base__rosidl_typesupport_introspection_cExport.cmake
[91.963s] -- Up-to-date: /userdata/dev_ws/install/origincar_base/share/origincar_base/cmake/origincar_base__rosidl_typesupport_introspection_cExport-noconfig.cmake
[91.965s] -- Up-to-date: /userdata/dev_ws/install/origincar_base/share/origincar_base/cmake/origincar_base__rosidl_typesupport_cExport.cmake
[91.968s] -- Up-to-date: /userdata/dev_ws/install/origincar_base/share/origincar_base/cmake/origincar_base__rosidl_typesupport_cExport-noconfig.cmake
[91.970s] -- Up-to-date: /userdata/dev_ws/install/origincar_base/share/origincar_base/cmake/origincar_base__rosidl_typesupport_introspection_cppExport.cmake
[91.972s] -- Up-to-date: /userdata/dev_ws/install/origincar_base/share/origincar_base/cmake/origincar_base__rosidl_typesupport_introspection_cppExport-noconfig.cmake
[91.973s] -- Up-to-date: /userdata/dev_ws/install/origincar_base/share/origincar_base/cmake/origincar_base__rosidl_typesupport_cppExport.cmake
[91.974s] -- Up-to-date: /userdata/dev_ws/install/origincar_base/share/origincar_base/cmake/origincar_base__rosidl_typesupport_cppExport-noconfig.cmake
[91.975s] -- Up-to-date: /userdata/dev_ws/install/origincar_base/share/origincar_base/cmake/export_origincar_base__rosidl_generator_pyExport.cmake
[91.976s] -- Up-to-date: /userdata/dev_ws/install/origincar_base/share/origincar_base/cmake/export_origincar_base__rosidl_generator_pyExport-noconfig.cmake
[91.991s] Invoked command in '/userdata/dev_ws/build/origincar_base' returned '0': CMAKE_PREFIX_PATH=/userdata/dev_ws/install/serial:/userdata/dev_ws/install/origincar_msg:/userdata/dev_ws/install/origincar_description:/userdata/dev_ws/install/ackermann_msgs:/userdata/dev_ws/install/utils:/userdata/dev_ws/install/origincar_base:/userdata/dev_ws/install/origincar_bringup:/opt/tros/humble:/opt/ros/humble LD_LIBRARY_PATH=/userdata/dev_ws/install/origincar_msg/lib:/userdata/dev_ws/install/ackermann_msgs/lib:/userdata/dev_ws/install/origincar_base/lib:/userdata/dev_ws/install/serial/lib:/opt/tros/humble/lib/aarch64-linux-gnu:/opt/tros/humble/lib:/opt/ros/humble/lib/aarch64-linux-gnu:/opt/ros/humble/lib:/usr/hobot/lib:/app/lib:/app/pub/lib:/middleware/lib:/middleware/pub/lib:/usr/hobot/lib/sensor:/system/lib:/system/usr/lib:/lib /usr/bin/cmake --install /userdata/dev_ws/build/origincar_base
