[0.129s] Invoking command in '/userdata/dev_ws/build/origincar_bringup': CMAKE_PREFIX_PATH=${CMAKE_PREFIX_PATH}:/opt/tros/humble:/opt/ros/humble /usr/bin/cmake --build /userdata/dev_ws/build/origincar_bringup -- -j8 -l8
[0.432s] Invoked command in '/userdata/dev_ws/build/origincar_bringup' returned '0': CMAKE_PREFIX_PATH=${CMAKE_PREFIX_PATH}:/opt/tros/humble:/opt/ros/humble /usr/bin/cmake --build /userdata/dev_ws/build/origincar_bringup -- -j8 -l8
[0.435s] Invoking command in '/userdata/dev_ws/build/origincar_bringup': CMAKE_PREFIX_PATH=${CMAKE_PREFIX_PATH}:/opt/tros/humble:/opt/ros/humble /usr/bin/cmake --install /userdata/dev_ws/build/origincar_bringup
[0.550s] -- Install configuration: ""
[0.551s] -- Up-to-date: /userdata/dev_ws/install/origincar_bringup/share/origincar_bringup/launch
[0.551s] -- Up-to-date: /userdata/dev_ws/install/origincar_bringup/share/origincar_bringup/launch/usb_websocket_display.launch.py
[0.552s] -- Execute custom install script
[0.553s] -- Up-to-date symlink: /userdata/dev_ws/install/origincar_bringup/share/ament_index/resource_index/package_run_dependencies/origincar_bringup
[0.554s] -- Up-to-date symlink: /userdata/dev_ws/install/origincar_bringup/share/ament_index/resource_index/parent_prefix_path/origincar_bringup
[0.554s] -- Up-to-date symlink: /userdata/dev_ws/install/origincar_bringup/share/origincar_bringup/environment/ament_prefix_path.sh
[0.555s] -- Up-to-date symlink: /userdata/dev_ws/install/origincar_bringup/share/origincar_bringup/environment/ament_prefix_path.dsv
[0.581s] -- Up-to-date symlink: /userdata/dev_ws/install/origincar_bringup/share/origincar_bringup/environment/path.sh
[0.586s] -- Up-to-date symlink: /userdata/dev_ws/install/origincar_bringup/share/origincar_bringup/environment/path.dsv
[0.589s] -- Up-to-date symlink: /userdata/dev_ws/install/origincar_bringup/share/origincar_bringup/local_setup.bash
[0.591s] -- Up-to-date symlink: /userdata/dev_ws/install/origincar_bringup/share/origincar_bringup/local_setup.sh
[0.592s] -- Up-to-date symlink: /userdata/dev_ws/install/origincar_bringup/share/origincar_bringup/local_setup.zsh
[0.596s] -- Up-to-date symlink: /userdata/dev_ws/install/origincar_bringup/share/origincar_bringup/local_setup.dsv
[0.598s] -- Symlinking: /userdata/dev_ws/install/origincar_bringup/share/origincar_bringup/package.dsv
[0.682s] -- Up-to-date symlink: /userdata/dev_ws/install/origincar_bringup/share/ament_index/resource_index/packages/origincar_bringup
[0.683s] -- Up-to-date symlink: /userdata/dev_ws/install/origincar_bringup/share/origincar_bringup/cmake/origincar_bringupConfig.cmake
[0.697s] -- Up-to-date symlink: /userdata/dev_ws/install/origincar_bringup/share/origincar_bringup/cmake/origincar_bringupConfig-version.cmake
[0.698s] -- Up-to-date symlink: /userdata/dev_ws/install/origincar_bringup/share/origincar_bringup/package.xml
[0.775s] Invoked command in '/userdata/dev_ws/build/origincar_bringup' returned '0': CMAKE_PREFIX_PATH=${CMAKE_PREFIX_PATH}:/opt/tros/humble:/opt/ros/humble /usr/bin/cmake --install /userdata/dev_ws/build/origincar_bringup
