[ 50%] [32m[1mLinking CXX executable origincar_competition[0m
[100%] Built target origincar_competition
-- Install configuration: ""
-- Installing: /userdata/dev_ws/install/origincar_competition/share/origincar_competition/launch
-- Installing: /userdata/dev_ws/install/origincar_competition/share/origincar_competition/launch/start.launch.py
-- Installing: /userdata/dev_ws/install/origincar_competition/lib/origincar_competition/origincar_competition
-- Set runtime path of "/userdata/dev_ws/install/origincar_competition/lib/origincar_competition/origincar_competition" to ""
-- Installing: /userdata/dev_ws/install/origincar_competition/share/ament_index/resource_index/package_run_dependencies/origincar_competition
-- Installing: /userdata/dev_ws/install/origincar_competition/share/ament_index/resource_index/parent_prefix_path/origincar_competition
-- Installing: /userdata/dev_ws/install/origincar_competition/share/origincar_competition/environment/ament_prefix_path.sh
-- Installing: /userdata/dev_ws/install/origincar_competition/share/origincar_competition/environment/ament_prefix_path.dsv
-- Installing: /userdata/dev_ws/install/origincar_competition/share/origincar_competition/environment/path.sh
-- Installing: /userdata/dev_ws/install/origincar_competition/share/origincar_competition/environment/path.dsv
-- Installing: /userdata/dev_ws/install/origincar_competition/share/origincar_competition/local_setup.bash
-- Installing: /userdata/dev_ws/install/origincar_competition/share/origincar_competition/local_setup.sh
-- Installing: /userdata/dev_ws/install/origincar_competition/share/origincar_competition/local_setup.zsh
-- Installing: /userdata/dev_ws/install/origincar_competition/share/origincar_competition/local_setup.dsv
-- Installing: /userdata/dev_ws/install/origincar_competition/share/origincar_competition/package.dsv
-- Installing: /userdata/dev_ws/install/origincar_competition/share/ament_index/resource_index/packages/origincar_competition
-- Installing: /userdata/dev_ws/install/origincar_competition/share/origincar_competition/cmake/origincar_competitionConfig.cmake
-- Installing: /userdata/dev_ws/install/origincar_competition/share/origincar_competition/cmake/origincar_competitionConfig-version.cmake
-- Installing: /userdata/dev_ws/install/origincar_competition/share/origincar_competition/package.xml
