[0.083s] Invoking command in '/userdata/dev_ws/build/origincar_competition': CMAKE_PREFIX_PATH=/userdata/dev_ws/install/serial:/userdata/dev_ws/install/origincar_msg:/userdata/dev_ws/install/ackermann_msgs:/userdata/dev_ws/install/utils:/userdata/dev_ws/install/origincar_base:/userdata/dev_ws/install/qr_decoder:/userdata/dev_ws/install/origincar_description:/userdata/dev_ws/install/origincar_bringup:/opt/tros/humble:/opt/ros/humble LD_LIBRARY_PATH=/userdata/dev_ws/install/origincar_msg/lib:/userdata/dev_ws/install/ackermann_msgs/lib:/userdata/dev_ws/install/origincar_base/lib:/userdata/dev_ws/install/serial/lib:/opt/tros/humble/lib/aarch64-linux-gnu:/opt/tros/humble/lib:/opt/ros/humble/lib/aarch64-linux-gnu:/opt/ros/humble/lib:/usr/hobot/lib:/app/lib:/app/pub/lib:/middleware/lib:/middleware/pub/lib:/usr/hobot/lib/sensor:/system/lib:/system/usr/lib:/lib /usr/bin/cmake --build /userdata/dev_ws/build/origincar_competition -- -j8 -l8
[0.361s] [ 50%] [32m[1mLinking CXX executable origincar_competition[0m
[8.508s] [100%] Built target origincar_competition
[8.571s] Invoked command in '/userdata/dev_ws/build/origincar_competition' returned '0': CMAKE_PREFIX_PATH=/userdata/dev_ws/install/serial:/userdata/dev_ws/install/origincar_msg:/userdata/dev_ws/install/ackermann_msgs:/userdata/dev_ws/install/utils:/userdata/dev_ws/install/origincar_base:/userdata/dev_ws/install/qr_decoder:/userdata/dev_ws/install/origincar_description:/userdata/dev_ws/install/origincar_bringup:/opt/tros/humble:/opt/ros/humble LD_LIBRARY_PATH=/userdata/dev_ws/install/origincar_msg/lib:/userdata/dev_ws/install/ackermann_msgs/lib:/userdata/dev_ws/install/origincar_base/lib:/userdata/dev_ws/install/serial/lib:/opt/tros/humble/lib/aarch64-linux-gnu:/opt/tros/humble/lib:/opt/ros/humble/lib/aarch64-linux-gnu:/opt/ros/humble/lib:/usr/hobot/lib:/app/lib:/app/pub/lib:/middleware/lib:/middleware/pub/lib:/usr/hobot/lib/sensor:/system/lib:/system/usr/lib:/lib /usr/bin/cmake --build /userdata/dev_ws/build/origincar_competition -- -j8 -l8
[8.578s] Invoking command in '/userdata/dev_ws/build/origincar_competition': CMAKE_PREFIX_PATH=/userdata/dev_ws/install/serial:/userdata/dev_ws/install/origincar_msg:/userdata/dev_ws/install/ackermann_msgs:/userdata/dev_ws/install/utils:/userdata/dev_ws/install/origincar_base:/userdata/dev_ws/install/qr_decoder:/userdata/dev_ws/install/origincar_description:/userdata/dev_ws/install/origincar_bringup:/opt/tros/humble:/opt/ros/humble LD_LIBRARY_PATH=/userdata/dev_ws/install/origincar_msg/lib:/userdata/dev_ws/install/ackermann_msgs/lib:/userdata/dev_ws/install/origincar_base/lib:/userdata/dev_ws/install/serial/lib:/opt/tros/humble/lib/aarch64-linux-gnu:/opt/tros/humble/lib:/opt/ros/humble/lib/aarch64-linux-gnu:/opt/ros/humble/lib:/usr/hobot/lib:/app/lib:/app/pub/lib:/middleware/lib:/middleware/pub/lib:/usr/hobot/lib/sensor:/system/lib:/system/usr/lib:/lib /usr/bin/cmake --install /userdata/dev_ws/build/origincar_competition
[8.614s] -- Install configuration: ""
[8.615s] -- Installing: /userdata/dev_ws/install/origincar_competition/share/origincar_competition/launch
[8.615s] -- Installing: /userdata/dev_ws/install/origincar_competition/share/origincar_competition/launch/start.launch.py
[8.617s] -- Installing: /userdata/dev_ws/install/origincar_competition/lib/origincar_competition/origincar_competition
[8.662s] -- Set runtime path of "/userdata/dev_ws/install/origincar_competition/lib/origincar_competition/origincar_competition" to ""
[8.662s] -- Installing: /userdata/dev_ws/install/origincar_competition/share/ament_index/resource_index/package_run_dependencies/origincar_competition
[8.664s] -- Installing: /userdata/dev_ws/install/origincar_competition/share/ament_index/resource_index/parent_prefix_path/origincar_competition
[8.665s] -- Installing: /userdata/dev_ws/install/origincar_competition/share/origincar_competition/environment/ament_prefix_path.sh
[8.665s] -- Installing: /userdata/dev_ws/install/origincar_competition/share/origincar_competition/environment/ament_prefix_path.dsv
[8.666s] -- Installing: /userdata/dev_ws/install/origincar_competition/share/origincar_competition/environment/path.sh
[8.667s] -- Installing: /userdata/dev_ws/install/origincar_competition/share/origincar_competition/environment/path.dsv
[8.667s] -- Installing: /userdata/dev_ws/install/origincar_competition/share/origincar_competition/local_setup.bash
[8.668s] -- Installing: /userdata/dev_ws/install/origincar_competition/share/origincar_competition/local_setup.sh
[8.669s] -- Installing: /userdata/dev_ws/install/origincar_competition/share/origincar_competition/local_setup.zsh
[8.670s] -- Installing: /userdata/dev_ws/install/origincar_competition/share/origincar_competition/local_setup.dsv
[8.671s] -- Installing: /userdata/dev_ws/install/origincar_competition/share/origincar_competition/package.dsv
[8.672s] -- Installing: /userdata/dev_ws/install/origincar_competition/share/ament_index/resource_index/packages/origincar_competition
[8.673s] -- Installing: /userdata/dev_ws/install/origincar_competition/share/origincar_competition/cmake/origincar_competitionConfig.cmake
[8.674s] -- Installing: /userdata/dev_ws/install/origincar_competition/share/origincar_competition/cmake/origincar_competitionConfig-version.cmake
[8.675s] -- Installing: /userdata/dev_ws/install/origincar_competition/share/origincar_competition/package.xml
[8.692s] Invoked command in '/userdata/dev_ws/build/origincar_competition' returned '0': CMAKE_PREFIX_PATH=/userdata/dev_ws/install/serial:/userdata/dev_ws/install/origincar_msg:/userdata/dev_ws/install/ackermann_msgs:/userdata/dev_ws/install/utils:/userdata/dev_ws/install/origincar_base:/userdata/dev_ws/install/qr_decoder:/userdata/dev_ws/install/origincar_description:/userdata/dev_ws/install/origincar_bringup:/opt/tros/humble:/opt/ros/humble LD_LIBRARY_PATH=/userdata/dev_ws/install/origincar_msg/lib:/userdata/dev_ws/install/ackermann_msgs/lib:/userdata/dev_ws/install/origincar_base/lib:/userdata/dev_ws/install/serial/lib:/opt/tros/humble/lib/aarch64-linux-gnu:/opt/tros/humble/lib:/opt/ros/humble/lib/aarch64-linux-gnu:/opt/ros/humble/lib:/usr/hobot/lib:/app/lib:/app/pub/lib:/middleware/lib:/middleware/pub/lib:/usr/hobot/lib/sensor:/system/lib:/system/usr/lib:/lib /usr/bin/cmake --install /userdata/dev_ws/build/origincar_competition
