[0.164s] Invoking command in '/userdata/dev_ws/build/origincar_msg': CMAKE_PREFIX_PATH=${CMAKE_PREFIX_PATH}:/opt/tros/humble:/opt/ros/humble /usr/bin/cmake --build /userdata/dev_ws/build/origincar_msg -- -j8 -l8
[0.416s] [  2%] Built target origincar_msg__cpp
[0.455s] [ 12%] Built target origincar_msg__rosidl_generator_c
[0.470s] [ 12%] Built target ament_cmake_python_symlink_origincar_msg
[0.607s] [ 23%] Built target origincar_msg__rosidl_typesupport_fastrtps_cpp
[0.642s] [ 33%] Built target origincar_msg__rosidl_typesupport_c
[0.643s] [ 43%] Built target origincar_msg__rosidl_typesupport_introspection_cpp
[0.721s] [ 53%] Built target origincar_msg__rosidl_typesupport_cpp
[0.724s] [ 64%] Built target origincar_msg__rosidl_typesupport_introspection_c
[0.726s] [ 74%] Built target origincar_msg__rosidl_typesupport_fastrtps_c
[0.822s] [ 74%] Built target origincar_msg
[0.917s] [ 76%] Built target origincar_msg__py
[1.034s] [ 84%] Built target origincar_msg__rosidl_generator_py
[1.142s] [ 89%] Built target origincar_msg__rosidl_typesupport_fastrtps_c__pyext
[1.149s] [ 94%] Built target origincar_msg__rosidl_typesupport_c__pyext
[1.166s] [100%] Built target origincar_msg__rosidl_typesupport_introspection_c__pyext
[2.173s] running egg_info
[2.177s] writing origincar_msg.egg-info/PKG-INFO
[2.178s] writing dependency_links to origincar_msg.egg-info/dependency_links.txt
[2.179s] writing top-level names to origincar_msg.egg-info/top_level.txt
[2.192s] reading manifest file 'origincar_msg.egg-info/SOURCES.txt'
[2.196s] writing manifest file 'origincar_msg.egg-info/SOURCES.txt'
[2.415s] [100%] Built target ament_cmake_python_build_origincar_msg_egg
[2.483s] Invoked command in '/userdata/dev_ws/build/origincar_msg' returned '0': CMAKE_PREFIX_PATH=${CMAKE_PREFIX_PATH}:/opt/tros/humble:/opt/ros/humble /usr/bin/cmake --build /userdata/dev_ws/build/origincar_msg -- -j8 -l8
[2.490s] Invoking command in '/userdata/dev_ws/build/origincar_msg': CMAKE_PREFIX_PATH=${CMAKE_PREFIX_PATH}:/opt/tros/humble:/opt/ros/humble /usr/bin/cmake --install /userdata/dev_ws/build/origincar_msg
[2.528s] -- Install configuration: ""
[2.531s] -- Execute custom install script
[2.532s] -- Up-to-date symlink: /userdata/dev_ws/install/origincar_msg/share/ament_index/resource_index/rosidl_interfaces/origincar_msg
[2.533s] -- Up-to-date symlink: /userdata/dev_ws/install/origincar_msg/include/origincar_msg/origincar_msg/msg/data.h
[2.534s] -- Up-to-date symlink: /userdata/dev_ws/install/origincar_msg/include/origincar_msg/origincar_msg/msg/detail/data__functions.h
[2.535s] -- Up-to-date symlink: /userdata/dev_ws/install/origincar_msg/include/origincar_msg/origincar_msg/msg/detail/data__struct.h
[2.537s] -- Up-to-date symlink: /userdata/dev_ws/install/origincar_msg/include/origincar_msg/origincar_msg/msg/detail/data__type_support.h
[2.537s] -- Up-to-date symlink: /userdata/dev_ws/install/origincar_msg/include/origincar_msg/origincar_msg/msg/detail/sign__functions.h
[2.538s] -- Up-to-date symlink: /userdata/dev_ws/install/origincar_msg/include/origincar_msg/origincar_msg/msg/detail/sign__struct.h
[2.539s] -- Up-to-date symlink: /userdata/dev_ws/install/origincar_msg/include/origincar_msg/origincar_msg/msg/detail/sign__type_support.h
[2.540s] -- Up-to-date symlink: /userdata/dev_ws/install/origincar_msg/include/origincar_msg/origincar_msg/msg/rosidl_generator_c__visibility_control.h
[2.541s] -- Up-to-date symlink: /userdata/dev_ws/install/origincar_msg/include/origincar_msg/origincar_msg/msg/sign.h
[2.541s] -- Up-to-date symlink: /userdata/dev_ws/install/origincar_msg/share/origincar_msg/environment/library_path.sh
[2.542s] -- Up-to-date symlink: /userdata/dev_ws/install/origincar_msg/share/origincar_msg/environment/library_path.dsv
[2.545s] -- Up-to-date symlink: /userdata/dev_ws/install/origincar_msg/include/origincar_msg/origincar_msg/msg/detail/data__rosidl_typesupport_fastrtps_c.h
[2.546s] -- Up-to-date symlink: /userdata/dev_ws/install/origincar_msg/include/origincar_msg/origincar_msg/msg/detail/sign__rosidl_typesupport_fastrtps_c.h
[2.547s] -- Up-to-date symlink: /userdata/dev_ws/install/origincar_msg/include/origincar_msg/origincar_msg/msg/rosidl_typesupport_fastrtps_c__visibility_control.h
[2.549s] -- Up-to-date symlink: /userdata/dev_ws/install/origincar_msg/include/origincar_msg/origincar_msg/msg/detail/data__rosidl_typesupport_introspection_c.h
[2.551s] -- Up-to-date symlink: /userdata/dev_ws/install/origincar_msg/include/origincar_msg/origincar_msg/msg/detail/sign__rosidl_typesupport_introspection_c.h
[2.551s] -- Up-to-date symlink: /userdata/dev_ws/install/origincar_msg/include/origincar_msg/origincar_msg/msg/rosidl_typesupport_introspection_c__visibility_control.h
[2.552s] -- Up-to-date symlink: /userdata/dev_ws/install/origincar_msg/include/origincar_msg/origincar_msg/msg/data.hpp
[2.553s] -- Up-to-date symlink: /userdata/dev_ws/install/origincar_msg/include/origincar_msg/origincar_msg/msg/detail/data__builder.hpp
[2.554s] -- Up-to-date symlink: /userdata/dev_ws/install/origincar_msg/include/origincar_msg/origincar_msg/msg/detail/data__struct.hpp
[2.555s] -- Up-to-date symlink: /userdata/dev_ws/install/origincar_msg/include/origincar_msg/origincar_msg/msg/detail/data__traits.hpp
[2.555s] -- Up-to-date symlink: /userdata/dev_ws/install/origincar_msg/include/origincar_msg/origincar_msg/msg/detail/data__type_support.hpp
[2.556s] -- Up-to-date symlink: /userdata/dev_ws/install/origincar_msg/include/origincar_msg/origincar_msg/msg/detail/sign__builder.hpp
[2.557s] -- Up-to-date symlink: /userdata/dev_ws/install/origincar_msg/include/origincar_msg/origincar_msg/msg/detail/sign__struct.hpp
[2.558s] -- Up-to-date symlink: /userdata/dev_ws/install/origincar_msg/include/origincar_msg/origincar_msg/msg/detail/sign__traits.hpp
[2.559s] -- Up-to-date symlink: /userdata/dev_ws/install/origincar_msg/include/origincar_msg/origincar_msg/msg/detail/sign__type_support.hpp
[2.560s] -- Up-to-date symlink: /userdata/dev_ws/install/origincar_msg/include/origincar_msg/origincar_msg/msg/rosidl_generator_cpp__visibility_control.hpp
[2.561s] -- Up-to-date symlink: /userdata/dev_ws/install/origincar_msg/include/origincar_msg/origincar_msg/msg/sign.hpp
[2.562s] -- Up-to-date symlink: /userdata/dev_ws/install/origincar_msg/include/origincar_msg/origincar_msg/msg/detail/data__rosidl_typesupport_fastrtps_cpp.hpp
[2.563s] -- Up-to-date symlink: /userdata/dev_ws/install/origincar_msg/include/origincar_msg/origincar_msg/msg/detail/sign__rosidl_typesupport_fastrtps_cpp.hpp
[2.564s] -- Up-to-date symlink: /userdata/dev_ws/install/origincar_msg/include/origincar_msg/origincar_msg/msg/rosidl_typesupport_fastrtps_cpp__visibility_control.h
[2.565s] -- Up-to-date symlink: /userdata/dev_ws/install/origincar_msg/include/origincar_msg/origincar_msg/msg/detail/data__rosidl_typesupport_introspection_cpp.hpp
[2.566s] -- Up-to-date symlink: /userdata/dev_ws/install/origincar_msg/include/origincar_msg/origincar_msg/msg/detail/sign__rosidl_typesupport_introspection_cpp.hpp
[2.567s] -- Up-to-date symlink: /userdata/dev_ws/install/origincar_msg/share/origincar_msg/environment/pythonpath.sh
[2.569s] -- Up-to-date symlink: /userdata/dev_ws/install/origincar_msg/share/origincar_msg/environment/pythonpath.dsv
[2.570s] -- Up-to-date symlink: /userdata/dev_ws/install/origincar_msg/local/lib/python3.10/dist-packages/origincar_msg-0.0.0-py3.10.egg-info/PKG-INFO
[2.572s] -- Up-to-date symlink: /userdata/dev_ws/install/origincar_msg/local/lib/python3.10/dist-packages/origincar_msg-0.0.0-py3.10.egg-info/SOURCES.txt
[2.573s] -- Up-to-date symlink: /userdata/dev_ws/install/origincar_msg/local/lib/python3.10/dist-packages/origincar_msg-0.0.0-py3.10.egg-info/dependency_links.txt
[2.573s] -- Up-to-date symlink: /userdata/dev_ws/install/origincar_msg/local/lib/python3.10/dist-packages/origincar_msg-0.0.0-py3.10.egg-info/top_level.txt
[2.576s] -- Up-to-date symlink: /userdata/dev_ws/install/origincar_msg/local/lib/python3.10/dist-packages/origincar_msg/__init__.py
[2.577s] -- Up-to-date symlink: /userdata/dev_ws/install/origincar_msg/local/lib/python3.10/dist-packages/origincar_msg/_origincar_msg_s.ep.rosidl_typesupport_c.c
[2.578s] -- Up-to-date symlink: /userdata/dev_ws/install/origincar_msg/local/lib/python3.10/dist-packages/origincar_msg/_origincar_msg_s.ep.rosidl_typesupport_fastrtps_c.c
[2.578s] -- Up-to-date symlink: /userdata/dev_ws/install/origincar_msg/local/lib/python3.10/dist-packages/origincar_msg/_origincar_msg_s.ep.rosidl_typesupport_introspection_c.c
[2.579s] -- Up-to-date symlink: /userdata/dev_ws/install/origincar_msg/local/lib/python3.10/dist-packages/origincar_msg/liborigincar_msg__rosidl_generator_py.so
[2.580s] -- Up-to-date symlink: /userdata/dev_ws/install/origincar_msg/local/lib/python3.10/dist-packages/origincar_msg/msg/__init__.py
[2.580s] -- Up-to-date symlink: /userdata/dev_ws/install/origincar_msg/local/lib/python3.10/dist-packages/origincar_msg/msg/_data.py
[2.581s] -- Up-to-date symlink: /userdata/dev_ws/install/origincar_msg/local/lib/python3.10/dist-packages/origincar_msg/msg/_data_s.c
[2.581s] -- Up-to-date symlink: /userdata/dev_ws/install/origincar_msg/local/lib/python3.10/dist-packages/origincar_msg/msg/_sign.py
[2.582s] -- Up-to-date symlink: /userdata/dev_ws/install/origincar_msg/local/lib/python3.10/dist-packages/origincar_msg/msg/_sign_s.c
[2.583s] -- Up-to-date symlink: /userdata/dev_ws/install/origincar_msg/local/lib/python3.10/dist-packages/origincar_msg/origincar_msg_s__rosidl_typesupport_c.cpython-310-aarch64-linux-gnu.so
[2.584s] -- Up-to-date symlink: /userdata/dev_ws/install/origincar_msg/local/lib/python3.10/dist-packages/origincar_msg/origincar_msg_s__rosidl_typesupport_fastrtps_c.cpython-310-aarch64-linux-gnu.so
[2.585s] -- Up-to-date symlink: /userdata/dev_ws/install/origincar_msg/local/lib/python3.10/dist-packages/origincar_msg/origincar_msg_s__rosidl_typesupport_introspection_c.cpython-310-aarch64-linux-gnu.so
[2.587s] -- Up-to-date symlink: /userdata/dev_ws/install/origincar_msg/local/lib/python3.10/dist-packages/origincar_msg/origincar_msg_s__rosidl_typesupport_fastrtps_c.cpython-310-aarch64-linux-gnu.so
[2.588s] -- Up-to-date symlink: /userdata/dev_ws/install/origincar_msg/local/lib/python3.10/dist-packages/origincar_msg/origincar_msg_s__rosidl_typesupport_introspection_c.cpython-310-aarch64-linux-gnu.so
[2.589s] -- Up-to-date symlink: /userdata/dev_ws/install/origincar_msg/local/lib/python3.10/dist-packages/origincar_msg/origincar_msg_s__rosidl_typesupport_c.cpython-310-aarch64-linux-gnu.so
[2.590s] -- Up-to-date symlink: /userdata/dev_ws/install/origincar_msg/share/origincar_msg/msg/Data.idl
[2.591s] -- Up-to-date symlink: /userdata/dev_ws/install/origincar_msg/share/origincar_msg/msg/Sign.idl
[2.591s] -- Up-to-date symlink: /userdata/dev_ws/install/origincar_msg/share/origincar_msg/msg/Data.msg
[2.592s] -- Up-to-date symlink: /userdata/dev_ws/install/origincar_msg/share/origincar_msg/msg/Sign.msg
[2.594s] -- Up-to-date symlink: /userdata/dev_ws/install/origincar_msg/share/ament_index/resource_index/package_run_dependencies/origincar_msg
[2.594s] -- Up-to-date symlink: /userdata/dev_ws/install/origincar_msg/share/ament_index/resource_index/parent_prefix_path/origincar_msg
[2.595s] -- Up-to-date symlink: /userdata/dev_ws/install/origincar_msg/share/origincar_msg/environment/ament_prefix_path.sh
[2.596s] -- Up-to-date symlink: /userdata/dev_ws/install/origincar_msg/share/origincar_msg/environment/ament_prefix_path.dsv
[2.596s] -- Up-to-date symlink: /userdata/dev_ws/install/origincar_msg/share/origincar_msg/environment/path.sh
[2.597s] -- Up-to-date symlink: /userdata/dev_ws/install/origincar_msg/share/origincar_msg/environment/path.dsv
[2.597s] -- Up-to-date symlink: /userdata/dev_ws/install/origincar_msg/share/origincar_msg/local_setup.bash
[2.597s] -- Up-to-date symlink: /userdata/dev_ws/install/origincar_msg/share/origincar_msg/local_setup.sh
[2.598s] -- Up-to-date symlink: /userdata/dev_ws/install/origincar_msg/share/origincar_msg/local_setup.zsh
[2.598s] -- Up-to-date symlink: /userdata/dev_ws/install/origincar_msg/share/origincar_msg/local_setup.dsv
[2.599s] -- Symlinking: /userdata/dev_ws/install/origincar_msg/share/origincar_msg/package.dsv
[2.626s] -- Up-to-date symlink: /userdata/dev_ws/install/origincar_msg/share/ament_index/resource_index/packages/origincar_msg
[2.628s] -- Up-to-date symlink: /userdata/dev_ws/install/origincar_msg/share/origincar_msg/cmake/rosidl_cmake-extras.cmake
[2.629s] -- Up-to-date symlink: /userdata/dev_ws/install/origincar_msg/share/origincar_msg/cmake/ament_cmake_export_dependencies-extras.cmake
[2.629s] -- Up-to-date symlink: /userdata/dev_ws/install/origincar_msg/share/origincar_msg/cmake/ament_cmake_export_include_directories-extras.cmake
[2.630s] -- Up-to-date symlink: /userdata/dev_ws/install/origincar_msg/share/origincar_msg/cmake/ament_cmake_export_libraries-extras.cmake
[2.631s] -- Up-to-date symlink: /userdata/dev_ws/install/origincar_msg/share/origincar_msg/cmake/ament_cmake_export_targets-extras.cmake
[2.632s] -- Up-to-date symlink: /userdata/dev_ws/install/origincar_msg/share/origincar_msg/cmake/rosidl_cmake_export_typesupport_targets-extras.cmake
[2.633s] -- Up-to-date symlink: /userdata/dev_ws/install/origincar_msg/share/origincar_msg/cmake/rosidl_cmake_export_typesupport_libraries-extras.cmake
[2.634s] -- Up-to-date symlink: /userdata/dev_ws/install/origincar_msg/share/origincar_msg/cmake/origincar_msgConfig.cmake
[2.634s] -- Up-to-date symlink: /userdata/dev_ws/install/origincar_msg/share/origincar_msg/cmake/origincar_msgConfig-version.cmake
[2.635s] -- Up-to-date symlink: /userdata/dev_ws/install/origincar_msg/share/origincar_msg/package.xml
[2.636s] -- Up-to-date: /userdata/dev_ws/install/origincar_msg/lib/liborigincar_msg__rosidl_generator_c.so
[2.637s] -- Up-to-date: /userdata/dev_ws/install/origincar_msg/lib/liborigincar_msg__rosidl_typesupport_fastrtps_c.so
[2.637s] -- Up-to-date: /userdata/dev_ws/install/origincar_msg/lib/liborigincar_msg__rosidl_typesupport_introspection_c.so
[2.638s] -- Up-to-date: /userdata/dev_ws/install/origincar_msg/lib/liborigincar_msg__rosidl_typesupport_c.so
[2.638s] -- Up-to-date: /userdata/dev_ws/install/origincar_msg/lib/liborigincar_msg__rosidl_typesupport_fastrtps_cpp.so
[2.639s] -- Up-to-date: /userdata/dev_ws/install/origincar_msg/lib/liborigincar_msg__rosidl_typesupport_introspection_cpp.so
[2.640s] -- Up-to-date: /userdata/dev_ws/install/origincar_msg/lib/liborigincar_msg__rosidl_typesupport_cpp.so
[2.845s] Listing '/userdata/dev_ws/install/origincar_msg/local/lib/python3.10/dist-packages/origincar_msg'...
[2.846s] Listing '/userdata/dev_ws/install/origincar_msg/local/lib/python3.10/dist-packages/origincar_msg/msg'...
[2.889s] -- Up-to-date: /userdata/dev_ws/install/origincar_msg/lib/liborigincar_msg__rosidl_generator_py.so
[2.890s] -- Up-to-date: /userdata/dev_ws/install/origincar_msg/share/origincar_msg/cmake/export_origincar_msg__rosidl_generator_cExport.cmake
[2.891s] -- Up-to-date: /userdata/dev_ws/install/origincar_msg/share/origincar_msg/cmake/export_origincar_msg__rosidl_generator_cExport-noconfig.cmake
[2.893s] -- Up-to-date: /userdata/dev_ws/install/origincar_msg/share/origincar_msg/cmake/export_origincar_msg__rosidl_typesupport_fastrtps_cExport.cmake
[2.893s] -- Up-to-date: /userdata/dev_ws/install/origincar_msg/share/origincar_msg/cmake/export_origincar_msg__rosidl_typesupport_fastrtps_cExport-noconfig.cmake
[2.895s] -- Up-to-date: /userdata/dev_ws/install/origincar_msg/share/origincar_msg/cmake/origincar_msg__rosidl_typesupport_introspection_cExport.cmake
[2.896s] -- Up-to-date: /userdata/dev_ws/install/origincar_msg/share/origincar_msg/cmake/origincar_msg__rosidl_typesupport_introspection_cExport-noconfig.cmake
[2.897s] -- Up-to-date: /userdata/dev_ws/install/origincar_msg/share/origincar_msg/cmake/origincar_msg__rosidl_typesupport_cExport.cmake
[2.898s] -- Up-to-date: /userdata/dev_ws/install/origincar_msg/share/origincar_msg/cmake/origincar_msg__rosidl_typesupport_cExport-noconfig.cmake
[2.902s] -- Up-to-date: /userdata/dev_ws/install/origincar_msg/share/origincar_msg/cmake/export_origincar_msg__rosidl_generator_cppExport.cmake
[2.903s] -- Up-to-date: /userdata/dev_ws/install/origincar_msg/share/origincar_msg/cmake/export_origincar_msg__rosidl_typesupport_fastrtps_cppExport.cmake
[2.904s] -- Up-to-date: /userdata/dev_ws/install/origincar_msg/share/origincar_msg/cmake/export_origincar_msg__rosidl_typesupport_fastrtps_cppExport-noconfig.cmake
[2.905s] -- Up-to-date: /userdata/dev_ws/install/origincar_msg/share/origincar_msg/cmake/origincar_msg__rosidl_typesupport_introspection_cppExport.cmake
[2.906s] -- Up-to-date: /userdata/dev_ws/install/origincar_msg/share/origincar_msg/cmake/origincar_msg__rosidl_typesupport_introspection_cppExport-noconfig.cmake
[2.907s] -- Up-to-date: /userdata/dev_ws/install/origincar_msg/share/origincar_msg/cmake/origincar_msg__rosidl_typesupport_cppExport.cmake
[2.909s] -- Up-to-date: /userdata/dev_ws/install/origincar_msg/share/origincar_msg/cmake/origincar_msg__rosidl_typesupport_cppExport-noconfig.cmake
[2.914s] -- Up-to-date: /userdata/dev_ws/install/origincar_msg/share/origincar_msg/cmake/export_origincar_msg__rosidl_generator_pyExport.cmake
[2.916s] -- Up-to-date: /userdata/dev_ws/install/origincar_msg/share/origincar_msg/cmake/export_origincar_msg__rosidl_generator_pyExport-noconfig.cmake
[3.036s] Invoked command in '/userdata/dev_ws/build/origincar_msg' returned '0': CMAKE_PREFIX_PATH=${CMAKE_PREFIX_PATH}:/opt/tros/humble:/opt/ros/humble /usr/bin/cmake --install /userdata/dev_ws/build/origincar_msg
