[0.143s] Invoking command in '/userdata/dev_ws/build/serial': CMAKE_PREFIX_PATH=${CMAKE_PREFIX_PATH}:/opt/tros/humble:/opt/ros/humble /usr/bin/cmake --build /userdata/dev_ws/build/serial -- -j8 -l8
[0.485s] [35m[1mConsolidate compiler generated dependencies of target serial[0m
[0.710s] [100%] Built target serial
[0.973s] Invoked command in '/userdata/dev_ws/build/serial' returned '0': CMAKE_PREFIX_PATH=${CMAKE_PREFIX_PATH}:/opt/tros/humble:/opt/ros/humble /usr/bin/cmake --build /userdata/dev_ws/build/serial -- -j8 -l8
[0.981s] Invoking command in '/userdata/dev_ws/build/serial': CMAKE_PREFIX_PATH=${CMAKE_PREFIX_PATH}:/opt/tros/humble:/opt/ros/humble /usr/bin/cmake --install /userdata/dev_ws/build/serial
[1.107s] -- Install configuration: ""
[1.108s] -- Execute custom install script
[1.108s] -- Up-to-date symlink: /userdata/dev_ws/install/serial/lib/libserial.a
[1.109s] -- Up-to-date symlink: /userdata/dev_ws/install/serial/share/serial/environment/library_path.sh
[1.110s] -- Up-to-date symlink: /userdata/dev_ws/install/serial/share/serial/environment/library_path.dsv
[1.111s] -- Up-to-date symlink: /userdata/dev_ws/install/serial/include/serial/impl/unix.h
[1.112s] -- Up-to-date symlink: /userdata/dev_ws/install/serial/include/serial/impl/win.h
[1.113s] -- Up-to-date symlink: /userdata/dev_ws/install/serial/include/serial/serial.h
[1.115s] -- Up-to-date symlink: /userdata/dev_ws/install/serial/include/serial/v8stdint.h
[1.118s] -- Up-to-date symlink: /userdata/dev_ws/install/serial/share/ament_index/resource_index/package_run_dependencies/serial
[1.122s] -- Up-to-date symlink: /userdata/dev_ws/install/serial/share/ament_index/resource_index/parent_prefix_path/serial
[1.123s] -- Up-to-date symlink: /userdata/dev_ws/install/serial/share/serial/environment/ament_prefix_path.sh
[1.123s] -- Up-to-date symlink: /userdata/dev_ws/install/serial/share/serial/environment/ament_prefix_path.dsv
[1.124s] -- Up-to-date symlink: /userdata/dev_ws/install/serial/share/serial/environment/path.sh
[1.125s] -- Up-to-date symlink: /userdata/dev_ws/install/serial/share/serial/environment/path.dsv
[1.126s] -- Up-to-date symlink: /userdata/dev_ws/install/serial/share/serial/local_setup.bash
[1.127s] -- Up-to-date symlink: /userdata/dev_ws/install/serial/share/serial/local_setup.sh
[1.128s] -- Up-to-date symlink: /userdata/dev_ws/install/serial/share/serial/local_setup.zsh
[1.129s] -- Up-to-date symlink: /userdata/dev_ws/install/serial/share/serial/local_setup.dsv
[1.130s] -- Symlinking: /userdata/dev_ws/install/serial/share/serial/package.dsv
[1.131s] -- Up-to-date symlink: /userdata/dev_ws/install/serial/share/ament_index/resource_index/packages/serial
[1.132s] -- Up-to-date symlink: /userdata/dev_ws/install/serial/share/serial/cmake/ament_cmake_export_include_directories-extras.cmake
[1.133s] -- Up-to-date symlink: /userdata/dev_ws/install/serial/share/serial/cmake/ament_cmake_export_libraries-extras.cmake
[1.134s] -- Up-to-date symlink: /userdata/dev_ws/install/serial/share/serial/cmake/ament_cmake_export_dependencies-extras.cmake
[1.135s] -- Up-to-date symlink: /userdata/dev_ws/install/serial/share/serial/cmake/serialConfig.cmake
[1.136s] -- Up-to-date symlink: /userdata/dev_ws/install/serial/share/serial/cmake/serialConfig-version.cmake
[1.137s] -- Up-to-date symlink: /userdata/dev_ws/install/serial/share/serial/package.xml
[1.139s] Invoked command in '/userdata/dev_ws/build/serial' returned '0': CMAKE_PREFIX_PATH=${CMAKE_PREFIX_PATH}:/opt/tros/humble:/opt/ros/humble /usr/bin/cmake --install /userdata/dev_ws/build/serial
